<?xml version="1.0" encoding="UTF-8"?>
<testsuites name="Demo 28 Juni 2022" time="198.501" tests="3" failures="0" errors="0">
   <testsuite name="Demo 28 Juni 2022" tests="3" failures="0" errors="0" time="198.501" skipped="0" timestamp="2022-06-28 08:51:35" hostname="Shelly - LAPTOP-E00FH6K0.mshome.net" id="Test Suites/Demo 28 Juni 2022">
      <properties>
         <property name="deviceName" value=""/>
         <property name="devicePlatform" value=""/>
         <property name="logFolder" value="C:\\Users\\Shelly\\git\\test_ui\\test_ui\\Reports\\20220628_085124\\Demo 28 Juni 2022\\20220628_085124"/>
         <property name="logFiles" value="C:\\Users\\Shelly\\git\\test_ui\\test_ui\\Reports\\20220628_085124\\Demo 28 Juni 2022\\20220628_085124\\execution0.log"/>
         <property name="attachments" value=""/>
         <property name="hostName" value="Shelly - LAPTOP-E00FH6K0.mshome.net"/>
         <property name="os" value="Windows 10 64bit"/>
         <property name="katalonVersion" value="8.3.5.208"/>
         <property name="browser" value="Chrome 103.0.5060.66"/>
         <property name="hostAddress" value="172.29.16.1"/>
         <property name="sessionId" value="aabc8d29ba9ae147e3d76a85a39932a4"/>
         <property name="seleniumVersion" value="3.141.59"/>
         <property name="proxyInformation" value="ProxyInformation { proxyOption=NO_PROXY, proxyServerType=HTTP, username=, password=********, proxyServerAddress=, proxyServerPort=0, executionList=&quot;&quot;, isApplyToDesiredCapabilities=true }"/>
         <property name="platform" value="Windows 10"/>
      </properties>
      <testcase name="Test Cases/Demo 28 Juni 2022/1A_Create Sales Order with 11prcnt PPN (Box Partisi1 Partisi2)" time="56.969" classname="Test Cases/Demo 28 Juni 2022/1A_Create Sales Order with 11prcnt PPN (Box Partisi1 Partisi2)" status="PASSED">
         <system-out><![CDATA[2022-06-28 08:51:36 - [TEST_CASE][PASSED] - Test Cases/Demo 28 Juni 2022/1A_Create Sales Order with 11prcnt PPN (Box Partisi1 Partisi2): Test Cases/Demo 28 Juni 2022/1A_Create Sales Order with 11prcnt PPN (Box Partisi1 Partisi2)

2022-06-28 08:51:36 - [TEST_STEP][PASSED] - openBrowser(""): Browser is opened with url: ''

2022-06-28 08:51:37 - [MESSAGE][INFO] - Starting 'Chrome' driver

2022-06-28 08:51:37 - [MESSAGE][INFO] - Action delay is set to 0 milliseconds

2022-06-28 08:51:40 - [MESSAGE][PASSED] - Browser is opened with url: ''

2022-06-28 08:51:40 - [TEST_STEP][PASSED] - navigateToUrl("http://localhost:3001/login"): Navigate to 'http://localhost:3001/login' successfully

2022-06-28 08:51:42 - [MESSAGE][PASSED] - Navigate to 'http://localhost:3001/login' successfully

2022-06-28 08:51:42 - [TEST_STEP][PASSED] - setText(findTestObject("Object Repository/Page_SKT ERP  ERP/Login/input_login_username"), "devshelly"): Text 'devshelly' is set on object 'Object Repository/Page_SKT ERP  ERP/Login/input_login_username'

2022-06-28 08:51:43 - [MESSAGE][PASSED] - Text 'devshelly' is set on object 'Object Repository/Page_SKT ERP  ERP/Login/input_login_username'

2022-06-28 08:51:43 - [TEST_STEP][PASSED] - setEncryptedText(findTestObject("Object Repository/Page_SKT ERP  ERP/Login/input_login_password"), "bD8Rq1FIAurX2vfab/lFTQ=="): Text ****** has been set on object 'Object Repository/Page_SKT ERP  ERP/Login/input_login_password'

2022-06-28 08:51:44 - [MESSAGE][PASSED] - Text ****** has been set on object 'Object Repository/Page_SKT ERP  ERP/Login/input_login_password'

2022-06-28 08:51:44 - [TEST_STEP][PASSED] - maximizeWindow(): Current window maximized

2022-06-28 08:51:44 - [MESSAGE][PASSED] - Current window maximized

2022-06-28 08:51:44 - [TEST_STEP][PASSED] - click(findTestObject("Object Repository/Page_SKT ERP  ERP/Login/button_login")): Object: 'Object Repository/Page_SKT ERP  ERP/Login/button_login' is clicked on

2022-06-28 08:51:45 - [MESSAGE][PASSED] - Object: 'Object Repository/Page_SKT ERP  ERP/Login/button_login' is clicked on

2022-06-28 08:51:45 - [TEST_STEP][PASSED] - click(findTestObject("Object Repository/Page_SKT ERP  ERP/Tab Sales/Tab Sales")): Object: 'Object Repository/Page_SKT ERP  ERP/Tab Sales/Tab Sales' is clicked on

2022-06-28 08:51:50 - [MESSAGE][PASSED] - Object: 'Object Repository/Page_SKT ERP  ERP/Tab Sales/Tab Sales' is clicked on

2022-06-28 08:51:50 - [TEST_STEP][PASSED] - click(findTestObject("Object Repository/Page_SKT ERP  ERP/Tab Sales/Sales Order/Tab Sales Order")): Object: 'Object Repository/Page_SKT ERP  ERP/Tab Sales/Sales Order/Tab Sales Order' is clicked on

2022-06-28 08:51:51 - [MESSAGE][PASSED] - Object: 'Object Repository/Page_SKT ERP  ERP/Tab Sales/Sales Order/Tab Sales Order' is clicked on

2022-06-28 08:51:51 - [TEST_STEP][PASSED] - click(findTestObject("Object Repository/Page_SKT ERP  ERP/Tab Sales/Sales Order/Add New Sales Order")): Object: 'Object Repository/Page_SKT ERP  ERP/Tab Sales/Sales Order/Add New Sales Order' is clicked on

2022-06-28 08:51:54 - [MESSAGE][PASSED] - Object: 'Object Repository/Page_SKT ERP  ERP/Tab Sales/Sales Order/Add New Sales Order' is clicked on

2022-06-28 08:51:54 - [TEST_STEP][PASSED] - no_Sales_order_box_partisi = "tspdstsbx": null

2022-06-28 08:51:54 - [TEST_STEP][PASSED] - noSalesOrderBoxPartisi = no_Sales_order_box_partisi: null

2022-06-28 08:51:54 - [TEST_STEP][PASSED] - setText(findTestObject("Page_SKT ERP  ERP/Tab Sales/Sales Order/Input No Sales Order"), no_Sales_order_box_partisi): Text 'tspdstsbx' is set on object 'Object Repository/Page_SKT ERP  ERP/Tab Sales/Sales Order/Input No Sales Order'

2022-06-28 08:51:55 - [MESSAGE][PASSED] - Text 'tspdstsbx' is set on object 'Object Repository/Page_SKT ERP  ERP/Tab Sales/Sales Order/Input No Sales Order'

2022-06-28 08:51:55 - [TEST_STEP][PASSED] - setText(findTestObject("Object Repository/Page_SKT ERP  ERP/Tab Sales/Sales Order/Input Sales Person"), "sujadi"): Text 'sujadi' is set on object 'Object Repository/Page_SKT ERP  ERP/Tab Sales/Sales Order/Input Sales Person'

2022-06-28 08:51:56 - [MESSAGE][PASSED] - Text 'sujadi' is set on object 'Object Repository/Page_SKT ERP  ERP/Tab Sales/Sales Order/Input Sales Person'

2022-06-28 08:51:56 - [TEST_STEP][PASSED] - delay(3): Delayed 3 second(s)

2022-06-28 08:51:59 - [MESSAGE][PASSED] - Delayed 3 second(s)

2022-06-28 08:51:59 - [TEST_STEP][PASSED] - click(findTestObject("Page_SKT ERP  ERP/Constant/Sales/303 - Sujadi")): Object: 'Object Repository/Page_SKT ERP  ERP/Constant/Sales/303 - Sujadi' is clicked on

2022-06-28 08:52:06 - [MESSAGE][PASSED] - Object: 'Object Repository/Page_SKT ERP  ERP/Constant/Sales/303 - Sujadi' is clicked on

2022-06-28 08:52:06 - [TEST_STEP][PASSED] - click(findTestObject("Page_SKT ERP  ERP/Tab Sales/Sales Order/Customer Field")): Object: 'Object Repository/Page_SKT ERP  ERP/Tab Sales/Sales Order/Customer Field' is clicked on

2022-06-28 08:52:07 - [MESSAGE][PASSED] - Object: 'Object Repository/Page_SKT ERP  ERP/Tab Sales/Sales Order/Customer Field' is clicked on

2022-06-28 08:52:07 - [TEST_STEP][PASSED] - setText(findTestObject("Page_SKT ERP  ERP/Tab Sales/Sales Order/Input Customer"), "jayamas"): Text 'jayamas' is set on object 'Object Repository/Page_SKT ERP  ERP/Tab Sales/Sales Order/Input Customer'

2022-06-28 08:52:08 - [MESSAGE][PASSED] - Text 'jayamas' is set on object 'Object Repository/Page_SKT ERP  ERP/Tab Sales/Sales Order/Input Customer'

2022-06-28 08:52:08 - [TEST_STEP][PASSED] - delay(3): Delayed 3 second(s)

2022-06-28 08:52:11 - [MESSAGE][PASSED] - Delayed 3 second(s)

2022-06-28 08:52:11 - [TEST_STEP][PASSED] - click(findTestObject("Page_SKT ERP  ERP/Constant/Customer/PT Jayamas Medica Industri")): Object: 'Object Repository/Page_SKT ERP  ERP/Constant/Customer/PT Jayamas Medica Industri' is clicked on

2022-06-28 08:52:11 - [MESSAGE][PASSED] - Object: 'Object Repository/Page_SKT ERP  ERP/Constant/Customer/PT Jayamas Medica Industri' is clicked on

2022-06-28 08:52:11 - [TEST_STEP][PASSED] - click(findTestObject("Page_SKT ERP  ERP/Tab Sales/Sales Order/Billing Address Field")): Object: 'Object Repository/Page_SKT ERP  ERP/Tab Sales/Sales Order/Billing Address Field' is clicked on

2022-06-28 08:52:15 - [MESSAGE][PASSED] - Object: 'Object Repository/Page_SKT ERP  ERP/Tab Sales/Sales Order/Billing Address Field' is clicked on

2022-06-28 08:52:15 - [TEST_STEP][PASSED] - click(findTestObject("Page_SKT ERP  ERP/Constant/Address/Billing Address PT Jayamas Media Industri")): Object: 'Object Repository/Page_SKT ERP  ERP/Constant/Address/Billing Address PT Jayamas Media Industri' is clicked on

2022-06-28 08:52:16 - [MESSAGE][PASSED] - Object: 'Object Repository/Page_SKT ERP  ERP/Constant/Address/Billing Address PT Jayamas Media Industri' is clicked on

2022-06-28 08:52:16 - [TEST_STEP][PASSED] - click(findTestObject("Page_SKT ERP  ERP/Tab Sales/Sales Order/Shipping Address Field")): Object: 'Object Repository/Page_SKT ERP  ERP/Tab Sales/Sales Order/Shipping Address Field' is clicked on

2022-06-28 08:52:16 - [MESSAGE][PASSED] - Object: 'Object Repository/Page_SKT ERP  ERP/Tab Sales/Sales Order/Shipping Address Field' is clicked on

2022-06-28 08:52:16 - [TEST_STEP][PASSED] - click(findTestObject("Page_SKT ERP  ERP/Constant/Address/Shipping Address PT Jayamas Medica Industri")): Object: 'Object Repository/Page_SKT ERP  ERP/Constant/Address/Shipping Address PT Jayamas Medica Industri' is clicked on

2022-06-28 08:52:17 - [MESSAGE][PASSED] - Object: 'Object Repository/Page_SKT ERP  ERP/Constant/Address/Shipping Address PT Jayamas Medica Industri' is clicked on

2022-06-28 08:52:17 - [TEST_STEP][PASSED] - click(findTestObject("Page_SKT ERP  ERP/Tab Sales/Sales Order/i_tambah item")): Object: 'Object Repository/Page_SKT ERP  ERP/Tab Sales/Sales Order/i_tambah item' is clicked on

2022-06-28 08:52:18 - [MESSAGE][PASSED] - Object: 'Object Repository/Page_SKT ERP  ERP/Tab Sales/Sales Order/i_tambah item' is clicked on

2022-06-28 08:52:18 - [TEST_STEP][PASSED] - click(findTestObject("Page_SKT ERP  ERP/Tab Sales/Sales Order/Type Field")): Object: 'Object Repository/Page_SKT ERP  ERP/Tab Sales/Sales Order/Type Field' is clicked on

2022-06-28 08:52:18 - [MESSAGE][PASSED] - Object: 'Object Repository/Page_SKT ERP  ERP/Tab Sales/Sales Order/Type Field' is clicked on

2022-06-28 08:52:18 - [TEST_STEP][PASSED] - click(findTestObject("Object Repository/Page_SKT ERP  ERP/Tab Sales/Sales Order/Tipe Box")): Object: 'Object Repository/Page_SKT ERP  ERP/Tab Sales/Sales Order/Tipe Box' is clicked on

2022-06-28 08:52:19 - [MESSAGE][PASSED] - Object: 'Object Repository/Page_SKT ERP  ERP/Tab Sales/Sales Order/Tipe Box' is clicked on

2022-06-28 08:52:19 - [TEST_STEP][PASSED] - click(findTestObject("Page_SKT ERP  ERP/Tab Sales/Sales Order/MasterCard Field")): Object: 'Object Repository/Page_SKT ERP  ERP/Tab Sales/Sales Order/MasterCard Field' is clicked on

2022-06-28 08:52:20 - [MESSAGE][PASSED] - Object: 'Object Repository/Page_SKT ERP  ERP/Tab Sales/Sales Order/MasterCard Field' is clicked on

2022-06-28 08:52:20 - [TEST_STEP][PASSED] - click(findTestObject("Page_SKT ERP  ERP/Constant/Mastercard/PT Jayamas Medica Industri (1402 - 001076 - BOX USG 250cc (K0173) - WK150 M125)")): Object: 'Object Repository/Page_SKT ERP  ERP/Constant/Mastercard/PT Jayamas Medica Industri (1402 - 001076 - BOX USG 250cc (K0173) - WK150 M125)' is clicked on

2022-06-28 08:52:20 - [MESSAGE][PASSED] - Object: 'Object Repository/Page_SKT ERP  ERP/Constant/Mastercard/PT Jayamas Medica Industri (1402 - 001076 - BOX USG 250cc (K0173) - WK150 M125)' is clicked on

2022-06-28 08:52:20 - [TEST_STEP][PASSED] - qty = "100": null

2022-06-28 08:52:20 - [TEST_STEP][PASSED] - qtySalesOrderBoxPartisi = qty: null

2022-06-28 08:52:20 - [TEST_STEP][PASSED] - setText(findTestObject("Object Repository/Page_SKT ERP  ERP/Tab Sales/Sales Order/Input Quantity"), qty): Text '100' is set on object 'Object Repository/Page_SKT ERP  ERP/Tab Sales/Sales Order/Input Quantity'

2022-06-28 08:52:22 - [MESSAGE][PASSED] - Text '100' is set on object 'Object Repository/Page_SKT ERP  ERP/Tab Sales/Sales Order/Input Quantity'

2022-06-28 08:52:22 - [TEST_STEP][PASSED] - click(findTestObject("Page_SKT ERP  ERP/Tab Sales/Sales Order/Unit Field")): Object: 'Object Repository/Page_SKT ERP  ERP/Tab Sales/Sales Order/Unit Field' is clicked on

2022-06-28 08:52:22 - [MESSAGE][PASSED] - Object: 'Object Repository/Page_SKT ERP  ERP/Tab Sales/Sales Order/Unit Field' is clicked on

2022-06-28 08:52:22 - [TEST_STEP][PASSED] - click(findTestObject("Object Repository/Page_SKT ERP  ERP/Tab Sales/Sales Order/Unit Pcs")): Object: 'Object Repository/Page_SKT ERP  ERP/Tab Sales/Sales Order/Unit Pcs' is clicked on

2022-06-28 08:52:23 - [MESSAGE][PASSED] - Object: 'Object Repository/Page_SKT ERP  ERP/Tab Sales/Sales Order/Unit Pcs' is clicked on

2022-06-28 08:52:23 - [TEST_STEP][PASSED] - price = "9880": null

2022-06-28 08:52:23 - [TEST_STEP][PASSED] - setText(findTestObject("Object Repository/Page_SKT ERP  ERP/Tab Sales/Sales Order/Input Harga"), price): Text '9880' is set on object 'Object Repository/Page_SKT ERP  ERP/Tab Sales/Sales Order/Input Harga'

2022-06-28 08:52:24 - [MESSAGE][PASSED] - Text '9880' is set on object 'Object Repository/Page_SKT ERP  ERP/Tab Sales/Sales Order/Input Harga'

2022-06-28 08:52:24 - [TEST_STEP][PASSED] - click(findTestObject("Object Repository/Page_SKT ERP  ERP/Tab Sales/Sales Order/Input Tanggal Kirim")): Object: 'Object Repository/Page_SKT ERP  ERP/Tab Sales/Sales Order/Input Tanggal Kirim' is clicked on

2022-06-28 08:52:25 - [MESSAGE][PASSED] - Object: 'Object Repository/Page_SKT ERP  ERP/Tab Sales/Sales Order/Input Tanggal Kirim' is clicked on

2022-06-28 08:52:25 - [TEST_STEP][PASSED] - click(findTestObject("Object Repository/Page_SKT ERP  ERP/Tab Sales/Sales Order/Tanggal 30")): Object: 'Object Repository/Page_SKT ERP  ERP/Tab Sales/Sales Order/Tanggal 30' is clicked on

2022-06-28 08:52:26 - [MESSAGE][PASSED] - Object: 'Object Repository/Page_SKT ERP  ERP/Tab Sales/Sales Order/Tanggal 30' is clicked on

2022-06-28 08:52:26 - [TEST_STEP][PASSED] - click(findTestObject("Object Repository/Page_SKT ERP  ERP/Tab Sales/Sales Order/Save Sales Order Line")): Object: 'Object Repository/Page_SKT ERP  ERP/Tab Sales/Sales Order/Save Sales Order Line' is clicked on

2022-06-28 08:52:26 - [MESSAGE][PASSED] - Object: 'Object Repository/Page_SKT ERP  ERP/Tab Sales/Sales Order/Save Sales Order Line' is clicked on

2022-06-28 08:52:26 - [TEST_STEP][PASSED] - click(findTestObject("Page_SKT ERP  ERP/Tab Sales/Sales Order/Edit Sales Order Line 2")): Object: 'Object Repository/Page_SKT ERP  ERP/Tab Sales/Sales Order/Edit Sales Order Line 2' is clicked on

2022-06-28 08:52:28 - [MESSAGE][PASSED] - Object: 'Object Repository/Page_SKT ERP  ERP/Tab Sales/Sales Order/Edit Sales Order Line 2' is clicked on

2022-06-28 08:52:28 - [TEST_STEP][PASSED] - price2 = "9800": null

2022-06-28 08:52:28 - [TEST_STEP][PASSED] - setText(findTestObject("Object Repository/Page_SKT ERP  ERP/Tab Sales/Sales Order/Input Harga"), price2): Text '9800' is set on object 'Object Repository/Page_SKT ERP  ERP/Tab Sales/Sales Order/Input Harga'

2022-06-28 08:52:29 - [MESSAGE][PASSED] - Text '9800' is set on object 'Object Repository/Page_SKT ERP  ERP/Tab Sales/Sales Order/Input Harga'

2022-06-28 08:52:29 - [TEST_STEP][PASSED] - click(findTestObject("Object Repository/Page_SKT ERP  ERP/Tab Sales/Sales Order/Save Sales Order Line")): Object: 'Object Repository/Page_SKT ERP  ERP/Tab Sales/Sales Order/Save Sales Order Line' is clicked on

2022-06-28 08:52:30 - [MESSAGE][PASSED] - Object: 'Object Repository/Page_SKT ERP  ERP/Tab Sales/Sales Order/Save Sales Order Line' is clicked on

2022-06-28 08:52:30 - [TEST_STEP][PASSED] - subtotal = getAttribute(findTestObject("Page_SKT ERP  ERP/Tab Sales/Sales Order/Subtotal Values"), "value"): Attribute 'value' of object 'Object Repository/Page_SKT ERP  ERP/Tab Sales/Sales Order/Subtotal Values' is: '1968000'

2022-06-28 08:52:30 - [MESSAGE][PASSED] - Attribute 'value' of object 'Object Repository/Page_SKT ERP  ERP/Tab Sales/Sales Order/Subtotal Values' is: '1968000'

2022-06-28 08:52:30 - [TEST_STEP][PASSED] - comment("actual subtotal = " + subtotal): actual subtotal = 1968000

2022-06-28 08:52:30 - [MESSAGE][INFO] - actual subtotal = 1968000

2022-06-28 08:52:30 - [TEST_STEP][PASSED] - quantity = Integer.parseInt(qty): null

2022-06-28 08:52:30 - [TEST_STEP][PASSED] - harga = Integer.parseInt(price): null

2022-06-28 08:52:30 - [TEST_STEP][PASSED] - harga2 = Integer.parseInt(price2): null

2022-06-28 08:52:30 - [TEST_STEP][PASSED] - expected_subtotal = quantity * harga + quantity * harga2: null

2022-06-28 08:52:30 - [TEST_STEP][PASSED] - expectedSubtotal = expected_subtotal: null

2022-06-28 08:52:30 - [TEST_STEP][PASSED] - comment("expected subtotal = " + expectedSubtotal): expected subtotal = 1968000

2022-06-28 08:52:30 - [MESSAGE][INFO] - expected subtotal = 1968000

2022-06-28 08:52:30 - [TEST_STEP][PASSED] - verifyMatch(subtotal, expectedSubtotal, false): Actual text '1968000' and expected text '1968000' are matched 

2022-06-28 08:52:30 - [MESSAGE][PASSED] - Actual text '1968000' and expected text '1968000' are matched 

2022-06-28 08:52:30 - [TEST_STEP][PASSED] - ppn = getAttribute(findTestObject("Page_SKT ERP  ERP/Tab Sales/Sales Order/PPN Values"), "value"): Attribute 'value' of object 'Object Repository/Page_SKT ERP  ERP/Tab Sales/Sales Order/PPN Values' is: '216480'

2022-06-28 08:52:31 - [MESSAGE][PASSED] - Attribute 'value' of object 'Object Repository/Page_SKT ERP  ERP/Tab Sales/Sales Order/PPN Values' is: '216480'

2022-06-28 08:52:31 - [TEST_STEP][PASSED] - comment("actual ppn = " + ppn): actual ppn = 216480

2022-06-28 08:52:31 - [MESSAGE][INFO] - actual ppn = 216480

2022-06-28 08:52:31 - [TEST_STEP][PASSED] - expected_ppn = expected_subtotal * 11 / 100: null

2022-06-28 08:52:31 - [TEST_STEP][PASSED] - expectedPpn = expected_ppn: null

2022-06-28 08:52:31 - [TEST_STEP][PASSED] - comment("expected ppn = " + expectedPpn): expected ppn = 216480

2022-06-28 08:52:31 - [MESSAGE][INFO] - expected ppn = 216480

2022-06-28 08:52:31 - [TEST_STEP][PASSED] - verifyMatch(ppn, expectedPpn, false): Actual text '216480' and expected text '216480' are matched 

2022-06-28 08:52:31 - [MESSAGE][PASSED] - Actual text '216480' and expected text '216480' are matched 

2022-06-28 08:52:31 - [TEST_STEP][PASSED] - JumlahTotal = getText(findTestObject("Page_SKT ERP  ERP/Tab Sales/Sales Order/Jumlah Total Values")).replace(".", ""): Text of object 'Object Repository/Page_SKT ERP  ERP/Tab Sales/Sales Order/Jumlah Total Values' is: 'Jumlah Total : 2.184.480'

2022-06-28 08:52:31 - [MESSAGE][PASSED] - Text of object 'Object Repository/Page_SKT ERP  ERP/Tab Sales/Sales Order/Jumlah Total Values' is: 'Jumlah Total : 2.184.480'

2022-06-28 08:52:31 - [TEST_STEP][PASSED] - jumlah = JumlahTotal.substring(15): null

2022-06-28 08:52:31 - [TEST_STEP][PASSED] - comment("actual jumlah total = " + jumlah): actual jumlah total = 2184480

2022-06-28 08:52:31 - [MESSAGE][INFO] - actual jumlah total = 2184480

2022-06-28 08:52:31 - [TEST_STEP][PASSED] - expected_jumlah = expected_subtotal + expected_ppn: null

2022-06-28 08:52:31 - [TEST_STEP][PASSED] - expectedJumlah = expected_jumlah: null

2022-06-28 08:52:31 - [TEST_STEP][PASSED] - comment("expected jumlah total = " + expectedJumlah): expected jumlah total = 2184480

2022-06-28 08:52:31 - [MESSAGE][INFO] - expected jumlah total = 2184480

2022-06-28 08:52:31 - [TEST_STEP][PASSED] - verifyMatch(jumlah, expectedJumlah, false): Actual text '2184480' and expected text '2184480' are matched 

2022-06-28 08:52:31 - [MESSAGE][PASSED] - Actual text '2184480' and expected text '2184480' are matched 

2022-06-28 08:52:31 - [TEST_STEP][PASSED] - click(findTestObject("Page_SKT ERP  ERP/Tab Sales/Sales Order/Save Sales Order")): Object: 'Object Repository/Page_SKT ERP  ERP/Tab Sales/Sales Order/Save Sales Order' is clicked on

2022-06-28 08:52:32 - [MESSAGE][PASSED] - Object: 'Object Repository/Page_SKT ERP  ERP/Tab Sales/Sales Order/Save Sales Order' is clicked on

2022-06-28 08:52:32 - [TEST_STEP][PASSED] - closeBrowser(): Browser is closed

2022-06-28 08:52:33 - [MESSAGE][PASSED] - Browser is closed]]></system-out>
         <system-err><![CDATA[]]></system-err>
      </testcase>
      <testcase name="Test Cases/Demo 28 Juni 2022/Release Sales Order Box Partisi (1A)" time="65.73" classname="Test Cases/Demo 28 Juni 2022/Release Sales Order Box Partisi (1A)" status="PASSED">
         <system-out><![CDATA[2022-06-28 08:52:33 - [TEST_CASE][PASSED] - Test Cases/Demo 28 Juni 2022/Release Sales Order Box Partisi (1A): Test Cases/Demo 28 Juni 2022/Release Sales Order Box Partisi (1A)

2022-06-28 08:52:33 - [TEST_STEP][PASSED] - openBrowser(""): Browser is opened with url: ''

2022-06-28 08:52:33 - [MESSAGE][INFO] - Starting 'Chrome' driver

2022-06-28 08:52:33 - [MESSAGE][INFO] - Action delay is set to 0 milliseconds

2022-06-28 08:52:35 - [MESSAGE][PASSED] - Browser is opened with url: ''

2022-06-28 08:52:35 - [TEST_STEP][PASSED] - navigateToUrl("http://localhost:3001/login"): Navigate to 'http://localhost:3001/login' successfully

2022-06-28 08:52:37 - [MESSAGE][PASSED] - Navigate to 'http://localhost:3001/login' successfully

2022-06-28 08:52:37 - [TEST_STEP][PASSED] - setText(findTestObject("Object Repository/Page_SKT ERP  ERP/Login/input_login_username"), "devshelly"): Text 'devshelly' is set on object 'Object Repository/Page_SKT ERP  ERP/Login/input_login_username'

2022-06-28 08:52:38 - [MESSAGE][PASSED] - Text 'devshelly' is set on object 'Object Repository/Page_SKT ERP  ERP/Login/input_login_username'

2022-06-28 08:52:38 - [TEST_STEP][PASSED] - setEncryptedText(findTestObject("Object Repository/Page_SKT ERP  ERP/Login/input_login_password"), "bD8Rq1FIAurX2vfab/lFTQ=="): Text ****** has been set on object 'Object Repository/Page_SKT ERP  ERP/Login/input_login_password'

2022-06-28 08:52:38 - [MESSAGE][PASSED] - Text ****** has been set on object 'Object Repository/Page_SKT ERP  ERP/Login/input_login_password'

2022-06-28 08:52:38 - [TEST_STEP][PASSED] - maximizeWindow(): Current window maximized

2022-06-28 08:52:39 - [MESSAGE][PASSED] - Current window maximized

2022-06-28 08:52:39 - [TEST_STEP][PASSED] - click(findTestObject("Object Repository/Page_SKT ERP  ERP/Login/button_login")): Object: 'Object Repository/Page_SKT ERP  ERP/Login/button_login' is clicked on

2022-06-28 08:52:39 - [MESSAGE][PASSED] - Object: 'Object Repository/Page_SKT ERP  ERP/Login/button_login' is clicked on

2022-06-28 08:52:39 - [TEST_STEP][PASSED] - click(findTestObject("Object Repository/Page_SKT ERP  ERP/Tab Sales/Tab Sales")): Object: 'Object Repository/Page_SKT ERP  ERP/Tab Sales/Tab Sales' is clicked on

2022-06-28 08:52:42 - [MESSAGE][PASSED] - Object: 'Object Repository/Page_SKT ERP  ERP/Tab Sales/Tab Sales' is clicked on

2022-06-28 08:52:42 - [TEST_STEP][PASSED] - click(findTestObject("Page_SKT ERP  ERP/Tab Sales/Release Sales Order/Tab Release Sales Order")): Object: 'Object Repository/Page_SKT ERP  ERP/Tab Sales/Release Sales Order/Tab Release Sales Order' is clicked on

2022-06-28 08:52:44 - [MESSAGE][PASSED] - Object: 'Object Repository/Page_SKT ERP  ERP/Tab Sales/Release Sales Order/Tab Release Sales Order' is clicked on

2022-06-28 08:52:44 - [TEST_STEP][PASSED] - click(findTestObject("Page_SKT ERP  ERP/Tab Sales/Release Sales Order/Button Filters")): Object: 'Object Repository/Page_SKT ERP  ERP/Tab Sales/Release Sales Order/Button Filters' is clicked on

2022-06-28 08:53:01 - [MESSAGE][PASSED] - Object: 'Object Repository/Page_SKT ERP  ERP/Tab Sales/Release Sales Order/Button Filters' is clicked on

2022-06-28 08:53:01 - [TEST_STEP][PASSED] - click(findTestObject("Page_SKT ERP  ERP/Tab Sales/Release Sales Order/Filters by No SO")): Object: 'Object Repository/Page_SKT ERP  ERP/Tab Sales/Release Sales Order/Filters by No SO' is clicked on

2022-06-28 08:53:01 - [MESSAGE][PASSED] - Object: 'Object Repository/Page_SKT ERP  ERP/Tab Sales/Release Sales Order/Filters by No SO' is clicked on

2022-06-28 08:53:01 - [TEST_STEP][PASSED] - noSalesOrder = noSalesOrderBoxPartisi: null

2022-06-28 08:53:01 - [TEST_STEP][PASSED] - setText(findTestObject("Page_SKT ERP  ERP/Tab Sales/Release Sales Order/Filters by No SO"), noSalesOrder): Text 'tspdstsbx' is set on object 'Object Repository/Page_SKT ERP  ERP/Tab Sales/Release Sales Order/Filters by No SO'

2022-06-28 08:53:02 - [MESSAGE][PASSED] - Text 'tspdstsbx' is set on object 'Object Repository/Page_SKT ERP  ERP/Tab Sales/Release Sales Order/Filters by No SO'

2022-06-28 08:53:02 - [TEST_STEP][PASSED] - click(findTestObject("Page_SKT ERP  ERP/Tab Sales/Release Sales Order/button Search in Filters")): Object: 'Object Repository/Page_SKT ERP  ERP/Tab Sales/Release Sales Order/button Search in Filters' is clicked on

2022-06-28 08:53:03 - [MESSAGE][PASSED] - Object: 'Object Repository/Page_SKT ERP  ERP/Tab Sales/Release Sales Order/button Search in Filters' is clicked on

2022-06-28 08:53:03 - [TEST_STEP][PASSED] - scrollToElement(findTestObject("Page_SKT ERP  ERP/Tab Sales/Release Sales Order/button Search in Filters"), 30): Scroll to object 'Object Repository/Page_SKT ERP  ERP/Tab Sales/Release Sales Order/button Search in Filters' successfully

2022-06-28 08:53:09 - [MESSAGE][PASSED] - Scroll to object 'Object Repository/Page_SKT ERP  ERP/Tab Sales/Release Sales Order/button Search in Filters' successfully

2022-06-28 08:53:09 - [TEST_STEP][PASSED] - delay(5): Delayed 5 second(s)

2022-06-28 08:53:14 - [MESSAGE][PASSED] - Delayed 5 second(s)

2022-06-28 08:53:14 - [TEST_STEP][PASSED] - click(findTestObject("Page_SKT ERP  ERP/Tab Sales/Release Sales Order/Release")): Object: 'Object Repository/Page_SKT ERP  ERP/Tab Sales/Release Sales Order/Release' is clicked on

2022-06-28 08:53:15 - [MESSAGE][PASSED] - Object: 'Object Repository/Page_SKT ERP  ERP/Tab Sales/Release Sales Order/Release' is clicked on

2022-06-28 08:53:15 - [TEST_STEP][PASSED] - click(findTestObject("Page_SKT ERP  ERP/Tab Sales/Release Sales Order/button Ya for Release Sales Order")): Object: 'Object Repository/Page_SKT ERP  ERP/Tab Sales/Release Sales Order/button Ya for Release Sales Order' is clicked on

2022-06-28 08:53:16 - [MESSAGE][PASSED] - Object: 'Object Repository/Page_SKT ERP  ERP/Tab Sales/Release Sales Order/button Ya for Release Sales Order' is clicked on

2022-06-28 08:53:16 - [TEST_STEP][PASSED] - scrollToElement(findTestObject("Page_SKT ERP  ERP/Tab Sales/Release Sales Order/Assign"), 30): Scroll to object 'Object Repository/Page_SKT ERP  ERP/Tab Sales/Release Sales Order/Assign' successfully

2022-06-28 08:53:18 - [MESSAGE][PASSED] - Scroll to object 'Object Repository/Page_SKT ERP  ERP/Tab Sales/Release Sales Order/Assign' successfully

2022-06-28 08:53:18 - [TEST_STEP][PASSED] - click(findTestObject("Page_SKT ERP  ERP/Tab Sales/Release Sales Order/Assign")): Object: 'Object Repository/Page_SKT ERP  ERP/Tab Sales/Release Sales Order/Assign' is clicked on

2022-06-28 08:53:18 - [MESSAGE][PASSED] - Object: 'Object Repository/Page_SKT ERP  ERP/Tab Sales/Release Sales Order/Assign' is clicked on

2022-06-28 08:53:18 - [TEST_STEP][PASSED] - click(findTestObject("Page_SKT ERP  ERP/Tab Sales/Release Sales Order/button_Ya")): Object: 'Object Repository/Page_SKT ERP  ERP/Tab Sales/Release Sales Order/button_Ya' is clicked on

2022-06-28 08:53:19 - [MESSAGE][PASSED] - Object: 'Object Repository/Page_SKT ERP  ERP/Tab Sales/Release Sales Order/button_Ya' is clicked on

2022-06-28 08:53:19 - [TEST_STEP][PASSED] - delay(5): Delayed 5 second(s)

2022-06-28 08:53:24 - [MESSAGE][PASSED] - Delayed 5 second(s)

2022-06-28 08:53:24 - [TEST_STEP][PASSED] - click(findTestObject("Page_SKT ERP  ERP/Tab Sales/Tab Sales")): Object: 'Object Repository/Page_SKT ERP  ERP/Tab Sales/Tab Sales' is clicked on

2022-06-28 08:53:24 - [MESSAGE][PASSED] - Object: 'Object Repository/Page_SKT ERP  ERP/Tab Sales/Tab Sales' is clicked on

2022-06-28 08:53:24 - [TEST_STEP][PASSED] - click(findTestObject("Page_SKT ERP  ERP/Tab Sales/Whitelist Release SPK (bypass payment delay)/Tab Whitelist Release SPK (bypass payment delay)")): Object: 'Object Repository/Page_SKT ERP  ERP/Tab Sales/Whitelist Release SPK (bypass payment delay)/Tab Whitelist Release SPK (bypass payment delay)' is clicked on

2022-06-28 08:53:25 - [MESSAGE][PASSED] - Object: 'Object Repository/Page_SKT ERP  ERP/Tab Sales/Whitelist Release SPK (bypass payment delay)/Tab Whitelist Release SPK (bypass payment delay)' is clicked on

2022-06-28 08:53:25 - [TEST_STEP][PASSED] - click(findTestObject("Page_SKT ERP  ERP/Tab Sales/Whitelist Release SPK (bypass payment delay)/Approve")): Object: 'Object Repository/Page_SKT ERP  ERP/Tab Sales/Whitelist Release SPK (bypass payment delay)/Approve' is clicked on

2022-06-28 08:53:27 - [MESSAGE][PASSED] - Object: 'Object Repository/Page_SKT ERP  ERP/Tab Sales/Whitelist Release SPK (bypass payment delay)/Approve' is clicked on

2022-06-28 08:53:27 - [TEST_STEP][PASSED] - click(findTestObject("Page_SKT ERP  ERP/Tab Sales/Whitelist Release SPK (bypass payment delay)/button Ya for Approve")): Object: 'Object Repository/Page_SKT ERP  ERP/Tab Sales/Whitelist Release SPK (bypass payment delay)/button Ya for Approve' is clicked on

2022-06-28 08:53:27 - [MESSAGE][PASSED] - Object: 'Object Repository/Page_SKT ERP  ERP/Tab Sales/Whitelist Release SPK (bypass payment delay)/button Ya for Approve' is clicked on

2022-06-28 08:53:27 - [TEST_STEP][PASSED] - delay(10): Delayed 10 second(s)

2022-06-28 08:53:37 - [MESSAGE][PASSED] - Delayed 10 second(s)

2022-06-28 08:53:37 - [TEST_STEP][PASSED] - closeBrowser(): Browser is closed

2022-06-28 08:53:38 - [MESSAGE][PASSED] - Browser is closed]]></system-out>
         <system-err><![CDATA[]]></system-err>
      </testcase>
      <testcase name="Test Cases/Demo 28 Juni 2022/2A_ Verify Calculated Values in Work Order (box partisi1 partisi2)" time="75.472" classname="Test Cases/Demo 28 Juni 2022/2A_ Verify Calculated Values in Work Order (box partisi1 partisi2)" status="PASSED">
         <system-out><![CDATA[2022-06-28 08:53:38 - [TEST_CASE][PASSED] - Test Cases/Demo 28 Juni 2022/2A_ Verify Calculated Values in Work Order (box partisi1 partisi2): Test Cases/Demo 28 Juni 2022/2A_ Verify Calculated Values in Work Order (box partisi1 partisi2)

2022-06-28 08:53:39 - [TEST_STEP][PASSED] - openBrowser(""): Browser is opened with url: ''

2022-06-28 08:53:39 - [MESSAGE][INFO] - Starting 'Chrome' driver

2022-06-28 08:53:39 - [MESSAGE][INFO] - Action delay is set to 0 milliseconds

2022-06-28 08:53:41 - [MESSAGE][PASSED] - Browser is opened with url: ''

2022-06-28 08:53:41 - [TEST_STEP][PASSED] - navigateToUrl("http://localhost:3001/login"): Navigate to 'http://localhost:3001/login' successfully

2022-06-28 08:53:42 - [MESSAGE][PASSED] - Navigate to 'http://localhost:3001/login' successfully

2022-06-28 08:53:42 - [TEST_STEP][PASSED] - setText(findTestObject("Object Repository/Page_SKT ERP  ERP/Login/input_login_username"), "devshelly"): Text 'devshelly' is set on object 'Object Repository/Page_SKT ERP  ERP/Login/input_login_username'

2022-06-28 08:53:43 - [MESSAGE][PASSED] - Text 'devshelly' is set on object 'Object Repository/Page_SKT ERP  ERP/Login/input_login_username'

2022-06-28 08:53:43 - [TEST_STEP][PASSED] - setEncryptedText(findTestObject("Object Repository/Page_SKT ERP  ERP/Login/input_login_password"), "bD8Rq1FIAurX2vfab/lFTQ=="): Text ****** has been set on object 'Object Repository/Page_SKT ERP  ERP/Login/input_login_password'

2022-06-28 08:53:44 - [MESSAGE][PASSED] - Text ****** has been set on object 'Object Repository/Page_SKT ERP  ERP/Login/input_login_password'

2022-06-28 08:53:44 - [TEST_STEP][PASSED] - maximizeWindow(): Current window maximized

2022-06-28 08:53:44 - [MESSAGE][PASSED] - Current window maximized

2022-06-28 08:53:44 - [TEST_STEP][PASSED] - driver = getWebDriver(): null

2022-06-28 08:53:44 - [TEST_STEP][PASSED] - click(findTestObject("Object Repository/Page_SKT ERP  ERP/Login/button_login")): Object: 'Object Repository/Page_SKT ERP  ERP/Login/button_login' is clicked on

2022-06-28 08:53:44 - [MESSAGE][PASSED] - Object: 'Object Repository/Page_SKT ERP  ERP/Login/button_login' is clicked on

2022-06-28 08:53:44 - [TEST_STEP][PASSED] - click(findTestObject("Object Repository/Page_SKT ERP  ERP/Tab Sales/Tab Sales")): Object: 'Object Repository/Page_SKT ERP  ERP/Tab Sales/Tab Sales' is clicked on

2022-06-28 08:53:47 - [MESSAGE][PASSED] - Object: 'Object Repository/Page_SKT ERP  ERP/Tab Sales/Tab Sales' is clicked on

2022-06-28 08:53:47 - [TEST_STEP][PASSED] - click(findTestObject("Page_SKT ERP  ERP/Tab Sales/Release Sales Order/Tab Release Sales Order")): Object: 'Object Repository/Page_SKT ERP  ERP/Tab Sales/Release Sales Order/Tab Release Sales Order' is clicked on

2022-06-28 08:53:49 - [MESSAGE][PASSED] - Object: 'Object Repository/Page_SKT ERP  ERP/Tab Sales/Release Sales Order/Tab Release Sales Order' is clicked on

2022-06-28 08:53:49 - [TEST_STEP][PASSED] - click(findTestObject("Page_SKT ERP  ERP/Tab Sales/Release Sales Order/Button Filters")): Object: 'Object Repository/Page_SKT ERP  ERP/Tab Sales/Release Sales Order/Button Filters' is clicked on

2022-06-28 08:54:09 - [MESSAGE][PASSED] - Object: 'Object Repository/Page_SKT ERP  ERP/Tab Sales/Release Sales Order/Button Filters' is clicked on

2022-06-28 08:54:09 - [TEST_STEP][PASSED] - click(findTestObject("Page_SKT ERP  ERP/Tab Sales/Release Sales Order/Filters by No SO")): Object: 'Object Repository/Page_SKT ERP  ERP/Tab Sales/Release Sales Order/Filters by No SO' is clicked on

2022-06-28 08:54:09 - [MESSAGE][PASSED] - Object: 'Object Repository/Page_SKT ERP  ERP/Tab Sales/Release Sales Order/Filters by No SO' is clicked on

2022-06-28 08:54:09 - [TEST_STEP][PASSED] - noSalesOrder = noSalesOrderBoxPartisi: null

2022-06-28 08:54:09 - [TEST_STEP][PASSED] - setText(findTestObject("Page_SKT ERP  ERP/Tab Sales/Release Sales Order/Filters by No SO"), noSalesOrder): Text 'tspdstsbx' is set on object 'Object Repository/Page_SKT ERP  ERP/Tab Sales/Release Sales Order/Filters by No SO'

2022-06-28 08:54:10 - [MESSAGE][PASSED] - Text 'tspdstsbx' is set on object 'Object Repository/Page_SKT ERP  ERP/Tab Sales/Release Sales Order/Filters by No SO'

2022-06-28 08:54:10 - [TEST_STEP][PASSED] - click(findTestObject("Page_SKT ERP  ERP/Tab Sales/Release Sales Order/button Search in Filters")): Object: 'Object Repository/Page_SKT ERP  ERP/Tab Sales/Release Sales Order/button Search in Filters' is clicked on

2022-06-28 08:54:11 - [MESSAGE][PASSED] - Object: 'Object Repository/Page_SKT ERP  ERP/Tab Sales/Release Sales Order/button Search in Filters' is clicked on

2022-06-28 08:54:11 - [TEST_STEP][PASSED] - scrollToElement(findTestObject("Page_SKT ERP  ERP/Tab Sales/Release Sales Order/button Search in Filters"), 30): Scroll to object 'Object Repository/Page_SKT ERP  ERP/Tab Sales/Release Sales Order/button Search in Filters' successfully

2022-06-28 08:54:12 - [MESSAGE][PASSED] - Scroll to object 'Object Repository/Page_SKT ERP  ERP/Tab Sales/Release Sales Order/button Search in Filters' successfully

2022-06-28 08:54:12 - [TEST_STEP][PASSED] - delay(3): Delayed 3 second(s)

2022-06-28 08:54:15 - [MESSAGE][PASSED] - Delayed 3 second(s)

2022-06-28 08:54:15 - [TEST_STEP][PASSED] - Table = driver.findElement(By.xpath("/html[1]/body[1]/div[1]/div[1]/main[1]/section[1]/div[1]/div[2]/div[2]/div[2]/div[1]/div[1]/div[1]/div[1]/div[1]/div[2]/table[1]/tbody[1]")): null

2022-06-28 08:54:15 - [TEST_STEP][PASSED] - rows_table = Table.findElements(By.tagName("tr")): null

2022-06-28 08:54:15 - [TEST_STEP][PASSED] - rows_count = rows_table.size(): null

2022-06-28 08:54:15 - [TEST_STEP][PASSED] - isiTable = <not implemented yet for class: org.codehaus.groovy.ast.expr.EmptyExpression>: null

2022-06-28 08:54:15 - [TEST_STEP][PASSED] - outkrts = <not implemented yet for class: org.codehaus.groovy.ast.expr.EmptyExpression>: null

2022-06-28 08:54:15 - [TEST_STEP][PASSED] - corr = <not implemented yet for class: org.codehaus.groovy.ast.expr.EmptyExpression>: null

2022-06-28 08:54:15 - [TEST_STEP][PASSED] - beratbox = <not implemented yet for class: org.codehaus.groovy.ast.expr.EmptyExpression>: null

2022-06-28 08:54:15 - [TEST_STEP][PASSED] - beratorder = <not implemented yet for class: org.codehaus.groovy.ast.expr.EmptyExpression>: null

2022-06-28 08:54:15 - [TEST_STEP][PASSED] - berattrim = <not implemented yet for class: org.codehaus.groovy.ast.expr.EmptyExpression>: null

2022-06-28 08:54:15 - [TEST_STEP][PASSED] - BeratSubstance1 = <not implemented yet for class: org.codehaus.groovy.ast.expr.EmptyExpression>: null

2022-06-28 08:54:15 - [TEST_STEP][PASSED] - BeratSubstance2 = <not implemented yet for class: org.codehaus.groovy.ast.expr.EmptyExpression>: null

2022-06-28 08:54:15 - [TEST_STEP][PASSED] - BeratSubstance3 = <not implemented yet for class: org.codehaus.groovy.ast.expr.EmptyExpression>: null

2022-06-28 08:54:15 - [TEST_STEP][PASSED] - BeratSubstance4 = <not implemented yet for class: org.codehaus.groovy.ast.expr.EmptyExpression>: null

2022-06-28 08:54:15 - [TEST_STEP][PASSED] - BeratSubstance5 = <not implemented yet for class: org.codehaus.groovy.ast.expr.EmptyExpression>: null

2022-06-28 08:54:15 - [TEST_STEP][PASSED] - noSPKperItem = new java.util.ArrayList(): null

2022-06-28 08:54:15 - [TEST_STEP][PASSED] - for ([row = 0, row < rows_count, (row++)]): null

2022-06-28 08:54:15 - [TEST_STEP][PASSED] - Columns_row = get(row).findElements(By.tagName("td")): null

2022-06-28 08:54:16 - [TEST_STEP][PASSED] - column_no_spk_item = 4: null

2022-06-28 08:54:16 - [TEST_STEP][PASSED] - isiTable = get(column_no_spk_item).getText(): null

2022-06-28 08:54:16 - [TEST_STEP][PASSED] - comment(isiTable): 2206.0218.SPK

2022-06-28 08:54:16 - [MESSAGE][INFO] - 2206.0218.SPK

2022-06-28 08:54:16 - [TEST_STEP][PASSED] - noSPKperItem.add(isiTable): null

2022-06-28 08:54:16 - [TEST_STEP][PASSED] - Columns_row = get(row).findElements(By.tagName("td")): null

2022-06-28 08:54:16 - [TEST_STEP][PASSED] - column_no_spk_item = 4: null

2022-06-28 08:54:16 - [TEST_STEP][PASSED] - isiTable = get(column_no_spk_item).getText(): null

2022-06-28 08:54:16 - [TEST_STEP][PASSED] - comment(isiTable): 2206.0219.SPK

2022-06-28 08:54:16 - [MESSAGE][INFO] - 2206.0219.SPK

2022-06-28 08:54:16 - [TEST_STEP][PASSED] - noSPKperItem.add(isiTable): null

2022-06-28 08:54:16 - [TEST_STEP][PASSED] - allValues = new java.util.ArrayList(): null

2022-06-28 08:54:16 - [TEST_STEP][PASSED] - array_count = noSPKperItem.size(): null

2022-06-28 08:54:16 - [TEST_STEP][PASSED] - for ([arr = 0, arr < array_count, (arr++)]): null

2022-06-28 08:54:16 - [TEST_STEP][PASSED] - out = noSPKperItem[arr]: null

2022-06-28 08:54:16 - [TEST_STEP][PASSED] - click(findTestObject("Page_SKT ERP  ERP/Tab Production/Tab Production")): Object: 'Object Repository/Page_SKT ERP  ERP/Tab Production/Tab Production' is clicked on

2022-06-28 08:54:16 - [MESSAGE][PASSED] - Object: 'Object Repository/Page_SKT ERP  ERP/Tab Production/Tab Production' is clicked on

2022-06-28 08:54:16 - [TEST_STEP][PASSED] - click(findTestObject("Page_SKT ERP  ERP/Tab Production/Work Order (SPK)/Tab Work Order (SPK)")): Object: 'Object Repository/Page_SKT ERP  ERP/Tab Production/Work Order (SPK)/Tab Work Order (SPK)' is clicked on

2022-06-28 08:54:17 - [MESSAGE][PASSED] - Object: 'Object Repository/Page_SKT ERP  ERP/Tab Production/Work Order (SPK)/Tab Work Order (SPK)' is clicked on

2022-06-28 08:54:17 - [TEST_STEP][PASSED] - click(findTestObject("Page_SKT ERP  ERP/Tab Production/Work Order (SPK)/button Filters")): Object: 'Object Repository/Page_SKT ERP  ERP/Tab Production/Work Order (SPK)/button Filters' is clicked on

2022-06-28 08:54:21 - [MESSAGE][PASSED] - Object: 'Object Repository/Page_SKT ERP  ERP/Tab Production/Work Order (SPK)/button Filters' is clicked on

2022-06-28 08:54:21 - [TEST_STEP][PASSED] - click(findTestObject("Page_SKT ERP  ERP/Tab Production/Work Order (SPK)/Filters by No SPK (per item)")): Object: 'Object Repository/Page_SKT ERP  ERP/Tab Production/Work Order (SPK)/Filters by No SPK (per item)' is clicked on

2022-06-28 08:54:22 - [MESSAGE][PASSED] - Object: 'Object Repository/Page_SKT ERP  ERP/Tab Production/Work Order (SPK)/Filters by No SPK (per item)' is clicked on

2022-06-28 08:54:22 - [TEST_STEP][PASSED] - setText(findTestObject("Page_SKT ERP  ERP/Tab Production/Work Order (SPK)/Filters by No SPK (per item)"), out): Text '2206.0218.SPK' is set on object 'Object Repository/Page_SKT ERP  ERP/Tab Production/Work Order (SPK)/Filters by No SPK (per item)'

2022-06-28 08:54:23 - [MESSAGE][PASSED] - Text '2206.0218.SPK' is set on object 'Object Repository/Page_SKT ERP  ERP/Tab Production/Work Order (SPK)/Filters by No SPK (per item)'

2022-06-28 08:54:23 - [TEST_STEP][PASSED] - click(findTestObject("Page_SKT ERP  ERP/Tab Production/Work Order (SPK)/button Search in Filters")): Object: 'Object Repository/Page_SKT ERP  ERP/Tab Production/Work Order (SPK)/button Search in Filters' is clicked on

2022-06-28 08:54:24 - [MESSAGE][PASSED] - Object: 'Object Repository/Page_SKT ERP  ERP/Tab Production/Work Order (SPK)/button Search in Filters' is clicked on

2022-06-28 08:54:24 - [TEST_STEP][PASSED] - click(findTestObject("Page_SKT ERP  ERP/Tab Production/Work Order (SPK)/View Work Order")): Object: 'Object Repository/Page_SKT ERP  ERP/Tab Production/Work Order (SPK)/View Work Order' is clicked on

2022-06-28 08:54:25 - [MESSAGE][PASSED] - Object: 'Object Repository/Page_SKT ERP  ERP/Tab Production/Work Order (SPK)/View Work Order' is clicked on

2022-06-28 08:54:25 - [TEST_STEP][PASSED] - delay(5): Delayed 5 second(s)

2022-06-28 08:54:30 - [MESSAGE][PASSED] - Delayed 5 second(s)

2022-06-28 08:54:30 - [TEST_STEP][PASSED] - type = getAttribute(findTestObject("Page_SKT ERP  ERP/Tab Production/Work Order (SPK)/tipe"), "value"): Attribute 'value' of object 'Object Repository/Page_SKT ERP  ERP/Tab Production/Work Order (SPK)/tipe' is: 'BOX'

2022-06-28 08:54:31 - [MESSAGE][PASSED] - Attribute 'value' of object 'Object Repository/Page_SKT ERP  ERP/Tab Production/Work Order (SPK)/tipe' is: 'BOX'

2022-06-28 08:54:31 - [TEST_STEP][PASSED] - if (type == "BOX"): 0

2022-06-28 08:54:31 - [TEST_STEP][PASSED] - outkrts = getAttribute(findTestObject("Page_SKT ERP  ERP/Tab Production/Work Order (SPK)/Work order Values (box)/Out Kertas Values (box)"), "value"): Attribute 'value' of object 'Object Repository/Page_SKT ERP  ERP/Tab Production/Work Order (SPK)/Work order Values (box)/Out Kertas Values (box)' is: '4'

2022-06-28 08:54:31 - [MESSAGE][PASSED] - Attribute 'value' of object 'Object Repository/Page_SKT ERP  ERP/Tab Production/Work Order (SPK)/Work order Values (box)/Out Kertas Values (box)' is: '4'

2022-06-28 08:54:31 - [TEST_STEP][PASSED] - comment(outkrts): 4

2022-06-28 08:54:31 - [MESSAGE][INFO] - 4

2022-06-28 08:54:31 - [TEST_STEP][PASSED] - corr = getAttribute(findTestObject("Page_SKT ERP  ERP/Tab Production/Work Order (SPK)/Work order Values (box)/Corr Values (box)"), "value"): Attribute 'value' of object 'Object Repository/Page_SKT ERP  ERP/Tab Production/Work Order (SPK)/Work order Values (box)/Corr Values (box)' is: '25'

2022-06-28 08:54:32 - [MESSAGE][PASSED] - Attribute 'value' of object 'Object Repository/Page_SKT ERP  ERP/Tab Production/Work Order (SPK)/Work order Values (box)/Corr Values (box)' is: '25'

2022-06-28 08:54:32 - [TEST_STEP][PASSED] - comment(corr): 25

2022-06-28 08:54:32 - [MESSAGE][INFO] - 25

2022-06-28 08:54:32 - [TEST_STEP][PASSED] - beratbox = getAttribute(findTestObject("Page_SKT ERP  ERP/Tab Production/Work Order (SPK)/Work order Values (box)/Berat at Box (gram) (box)"), "value"): Attribute 'value' of object 'Object Repository/Page_SKT ERP  ERP/Tab Production/Work Order (SPK)/Work order Values (box)/Berat at Box (gram) (box)' is: '133.09'

2022-06-28 08:54:32 - [MESSAGE][PASSED] - Attribute 'value' of object 'Object Repository/Page_SKT ERP  ERP/Tab Production/Work Order (SPK)/Work order Values (box)/Berat at Box (gram) (box)' is: '133.09'

2022-06-28 08:54:32 - [TEST_STEP][PASSED] - comment(beratbox): 133.09

2022-06-28 08:54:32 - [MESSAGE][INFO] - 133.09

2022-06-28 08:54:32 - [TEST_STEP][PASSED] - beratorder = getAttribute(findTestObject("Page_SKT ERP  ERP/Tab Production/Work Order (SPK)/Work order Values (box)/Berat Order (Kg) (box)"), "value"): Attribute 'value' of object 'Object Repository/Page_SKT ERP  ERP/Tab Production/Work Order (SPK)/Work order Values (box)/Berat Order (Kg) (box)' is: '13.31'

2022-06-28 08:54:32 - [MESSAGE][PASSED] - Attribute 'value' of object 'Object Repository/Page_SKT ERP  ERP/Tab Production/Work Order (SPK)/Work order Values (box)/Berat Order (Kg) (box)' is: '13.31'

2022-06-28 08:54:32 - [TEST_STEP][PASSED] - comment(beratorder): 13.31

2022-06-28 08:54:32 - [MESSAGE][INFO] - 13.31

2022-06-28 08:54:32 - [TEST_STEP][PASSED] - berattrim = getAttribute(findTestObject("Page_SKT ERP  ERP/Tab Production/Work Order (SPK)/Work order Values (box)/Berat Trim (Kg) (box)"), "value"): Attribute 'value' of object 'Object Repository/Page_SKT ERP  ERP/Tab Production/Work Order (SPK)/Work order Values (box)/Berat Trim (Kg) (box)' is: '0.32725'

2022-06-28 08:54:33 - [MESSAGE][PASSED] - Attribute 'value' of object 'Object Repository/Page_SKT ERP  ERP/Tab Production/Work Order (SPK)/Work order Values (box)/Berat Trim (Kg) (box)' is: '0.32725'

2022-06-28 08:54:33 - [TEST_STEP][PASSED] - comment(berattrim): 0.32725

2022-06-28 08:54:33 - [MESSAGE][INFO] - 0.32725

2022-06-28 08:54:33 - [TEST_STEP][PASSED] - BeratSubstance1 = getAttribute(findTestObject("Page_SKT ERP  ERP/Tab Production/Work Order (SPK)/Work order Values (box)/Berat Substance 1 (box)"), "value"): Attribute 'value' of object 'Object Repository/Page_SKT ERP  ERP/Tab Production/Work Order (SPK)/Work order Values (box)/Berat Substance 1 (box)' is: '4.63'

2022-06-28 08:54:33 - [MESSAGE][PASSED] - Attribute 'value' of object 'Object Repository/Page_SKT ERP  ERP/Tab Production/Work Order (SPK)/Work order Values (box)/Berat Substance 1 (box)' is: '4.63'

2022-06-28 08:54:33 - [TEST_STEP][PASSED] - comment(BeratSubstance1): 4.63

2022-06-28 08:54:33 - [MESSAGE][INFO] - 4.63

2022-06-28 08:54:33 - [TEST_STEP][PASSED] - BeratSubstance2 = getAttribute(findTestObject("Page_SKT ERP  ERP/Tab Production/Work Order (SPK)/Work order Values (box)/Berat Substance 2 (box)"), "value"): Attribute 'value' of object 'Object Repository/Page_SKT ERP  ERP/Tab Production/Work Order (SPK)/Work order Values (box)/Berat Substance 2 (box)' is: '5.14'

2022-06-28 08:54:33 - [MESSAGE][PASSED] - Attribute 'value' of object 'Object Repository/Page_SKT ERP  ERP/Tab Production/Work Order (SPK)/Work order Values (box)/Berat Substance 2 (box)' is: '5.14'

2022-06-28 08:54:33 - [TEST_STEP][PASSED] - comment(BeratSubstance2): 5.14

2022-06-28 08:54:33 - [MESSAGE][INFO] - 5.14

2022-06-28 08:54:33 - [TEST_STEP][PASSED] - BeratSubstance3 = getAttribute(findTestObject("Page_SKT ERP  ERP/Tab Production/Work Order (SPK)/Work order Values (box)/Berat Substance 3 (box)"), "value"): Attribute 'value' of object 'Object Repository/Page_SKT ERP  ERP/Tab Production/Work Order (SPK)/Work order Values (box)/Berat Substance 3 (box)' is: '3.86'

2022-06-28 08:54:34 - [MESSAGE][PASSED] - Attribute 'value' of object 'Object Repository/Page_SKT ERP  ERP/Tab Production/Work Order (SPK)/Work order Values (box)/Berat Substance 3 (box)' is: '3.86'

2022-06-28 08:54:34 - [TEST_STEP][PASSED] - comment(BeratSubstance3): 3.86

2022-06-28 08:54:34 - [MESSAGE][INFO] - 3.86

2022-06-28 08:54:34 - [TEST_STEP][PASSED] - BeratSubstance4 = getAttribute(findTestObject("Page_SKT ERP  ERP/Tab Production/Work Order (SPK)/Work order Values (box)/Berat Substance 4 (box)"), "value"): Attribute 'value' of object 'Object Repository/Page_SKT ERP  ERP/Tab Production/Work Order (SPK)/Work order Values (box)/Berat Substance 4 (box)' is: '0'

2022-06-28 08:54:34 - [MESSAGE][PASSED] - Attribute 'value' of object 'Object Repository/Page_SKT ERP  ERP/Tab Production/Work Order (SPK)/Work order Values (box)/Berat Substance 4 (box)' is: '0'

2022-06-28 08:54:34 - [TEST_STEP][PASSED] - comment(BeratSubstance4): 0

2022-06-28 08:54:34 - [MESSAGE][INFO] - 0

2022-06-28 08:54:34 - [TEST_STEP][PASSED] - BeratSubstance5 = getAttribute(findTestObject("Page_SKT ERP  ERP/Tab Production/Work Order (SPK)/Work order Values (box)/Berat Substance 5 (box)"), "value"): Attribute 'value' of object 'Object Repository/Page_SKT ERP  ERP/Tab Production/Work Order (SPK)/Work order Values (box)/Berat Substance 5 (box)' is: '0'

2022-06-28 08:54:35 - [MESSAGE][PASSED] - Attribute 'value' of object 'Object Repository/Page_SKT ERP  ERP/Tab Production/Work Order (SPK)/Work order Values (box)/Berat Substance 5 (box)' is: '0'

2022-06-28 08:54:35 - [TEST_STEP][PASSED] - comment(BeratSubstance5): 0

2022-06-28 08:54:35 - [MESSAGE][INFO] - 0

2022-06-28 08:54:35 - [TEST_STEP][PASSED] - if (type == "PARTISI"): null

2022-06-28 08:54:35 - [TEST_STEP][PASSED] - click(findTestObject("Page_SKT ERP  ERP/Tab Production/Work Order (SPK)/button back (from view work order)")): Object: 'Object Repository/Page_SKT ERP  ERP/Tab Production/Work Order (SPK)/button back (from view work order)' is clicked on

2022-06-28 08:54:35 - [MESSAGE][PASSED] - Object: 'Object Repository/Page_SKT ERP  ERP/Tab Production/Work Order (SPK)/button back (from view work order)' is clicked on

2022-06-28 08:54:35 - [TEST_STEP][PASSED] - allValues.add(outkrts): null

2022-06-28 08:54:35 - [TEST_STEP][PASSED] - allValues.add(corr): null

2022-06-28 08:54:35 - [TEST_STEP][PASSED] - allValues.add(beratbox): null

2022-06-28 08:54:35 - [TEST_STEP][PASSED] - allValues.add(beratorder): null

2022-06-28 08:54:35 - [TEST_STEP][PASSED] - allValues.add(berattrim): null

2022-06-28 08:54:35 - [TEST_STEP][PASSED] - allValues.add(BeratSubstance1): null

2022-06-28 08:54:35 - [TEST_STEP][PASSED] - allValues.add(BeratSubstance2): null

2022-06-28 08:54:35 - [TEST_STEP][PASSED] - allValues.add(BeratSubstance3): null

2022-06-28 08:54:35 - [TEST_STEP][PASSED] - allValues.add(BeratSubstance4): null

2022-06-28 08:54:35 - [TEST_STEP][PASSED] - allValues.add(BeratSubstance5): null

2022-06-28 08:54:35 - [TEST_STEP][PASSED] - out = noSPKperItem[arr]: null

2022-06-28 08:54:35 - [TEST_STEP][PASSED] - click(findTestObject("Page_SKT ERP  ERP/Tab Production/Tab Production")): Object: 'Object Repository/Page_SKT ERP  ERP/Tab Production/Tab Production' is clicked on

2022-06-28 08:54:38 - [MESSAGE][PASSED] - Object: 'Object Repository/Page_SKT ERP  ERP/Tab Production/Tab Production' is clicked on

2022-06-28 08:54:38 - [TEST_STEP][PASSED] - click(findTestObject("Page_SKT ERP  ERP/Tab Production/Work Order (SPK)/Tab Work Order (SPK)")): Object: 'Object Repository/Page_SKT ERP  ERP/Tab Production/Work Order (SPK)/Tab Work Order (SPK)' is clicked on

2022-06-28 08:54:39 - [MESSAGE][PASSED] - Object: 'Object Repository/Page_SKT ERP  ERP/Tab Production/Work Order (SPK)/Tab Work Order (SPK)' is clicked on

2022-06-28 08:54:39 - [TEST_STEP][PASSED] - click(findTestObject("Page_SKT ERP  ERP/Tab Production/Work Order (SPK)/button Filters")): Object: 'Object Repository/Page_SKT ERP  ERP/Tab Production/Work Order (SPK)/button Filters' is clicked on

2022-06-28 08:54:39 - [MESSAGE][PASSED] - Object: 'Object Repository/Page_SKT ERP  ERP/Tab Production/Work Order (SPK)/button Filters' is clicked on

2022-06-28 08:54:39 - [TEST_STEP][PASSED] - click(findTestObject("Page_SKT ERP  ERP/Tab Production/Work Order (SPK)/Filters by No SPK (per item)")): Object: 'Object Repository/Page_SKT ERP  ERP/Tab Production/Work Order (SPK)/Filters by No SPK (per item)' is clicked on

2022-06-28 08:54:40 - [MESSAGE][PASSED] - Object: 'Object Repository/Page_SKT ERP  ERP/Tab Production/Work Order (SPK)/Filters by No SPK (per item)' is clicked on

2022-06-28 08:54:40 - [TEST_STEP][PASSED] - setText(findTestObject("Page_SKT ERP  ERP/Tab Production/Work Order (SPK)/Filters by No SPK (per item)"), out): Text '2206.0219.SPK' is set on object 'Object Repository/Page_SKT ERP  ERP/Tab Production/Work Order (SPK)/Filters by No SPK (per item)'

2022-06-28 08:54:41 - [MESSAGE][PASSED] - Text '2206.0219.SPK' is set on object 'Object Repository/Page_SKT ERP  ERP/Tab Production/Work Order (SPK)/Filters by No SPK (per item)'

2022-06-28 08:54:41 - [TEST_STEP][PASSED] - click(findTestObject("Page_SKT ERP  ERP/Tab Production/Work Order (SPK)/button Search in Filters")): Object: 'Object Repository/Page_SKT ERP  ERP/Tab Production/Work Order (SPK)/button Search in Filters' is clicked on

2022-06-28 08:54:41 - [MESSAGE][PASSED] - Object: 'Object Repository/Page_SKT ERP  ERP/Tab Production/Work Order (SPK)/button Search in Filters' is clicked on

2022-06-28 08:54:41 - [TEST_STEP][PASSED] - click(findTestObject("Page_SKT ERP  ERP/Tab Production/Work Order (SPK)/View Work Order")): Object: 'Object Repository/Page_SKT ERP  ERP/Tab Production/Work Order (SPK)/View Work Order' is clicked on

2022-06-28 08:54:43 - [MESSAGE][PASSED] - Object: 'Object Repository/Page_SKT ERP  ERP/Tab Production/Work Order (SPK)/View Work Order' is clicked on

2022-06-28 08:54:43 - [TEST_STEP][PASSED] - delay(5): Delayed 5 second(s)

2022-06-28 08:54:48 - [MESSAGE][PASSED] - Delayed 5 second(s)

2022-06-28 08:54:48 - [TEST_STEP][PASSED] - type = getAttribute(findTestObject("Page_SKT ERP  ERP/Tab Production/Work Order (SPK)/tipe"), "value"): Attribute 'value' of object 'Object Repository/Page_SKT ERP  ERP/Tab Production/Work Order (SPK)/tipe' is: 'PARTISI'

2022-06-28 08:54:48 - [MESSAGE][PASSED] - Attribute 'value' of object 'Object Repository/Page_SKT ERP  ERP/Tab Production/Work Order (SPK)/tipe' is: 'PARTISI'

2022-06-28 08:54:48 - [TEST_STEP][PASSED] - if (type == "BOX"): null

2022-06-28 08:54:48 - [TEST_STEP][PASSED] - if (type == "PARTISI"): 0

2022-06-28 08:54:48 - [TEST_STEP][PASSED] - outkrts = getAttribute(findTestObject("Page_SKT ERP  ERP/Tab Production/Work Order (SPK)/Work Order Value (partisi or layer)/Out Kertas Values (partisi or layer)"), "value"): Attribute 'value' of object 'Object Repository/Page_SKT ERP  ERP/Tab Production/Work Order (SPK)/Work Order Value (partisi or layer)/Out Kertas Values (partisi or layer)' is: '5'

2022-06-28 08:54:49 - [MESSAGE][PASSED] - Attribute 'value' of object 'Object Repository/Page_SKT ERP  ERP/Tab Production/Work Order (SPK)/Work Order Value (partisi or layer)/Out Kertas Values (partisi or layer)' is: '5'

2022-06-28 08:54:49 - [TEST_STEP][PASSED] - comment(outkrts): 5

2022-06-28 08:54:49 - [MESSAGE][INFO] - 5

2022-06-28 08:54:49 - [TEST_STEP][PASSED] - corr = getAttribute(findTestObject("Page_SKT ERP  ERP/Tab Production/Work Order (SPK)/Work Order Value (partisi or layer)/Corr Values (partisi or layer)"), "value"): Attribute 'value' of object 'Object Repository/Page_SKT ERP  ERP/Tab Production/Work Order (SPK)/Work Order Value (partisi or layer)/Corr Values (partisi or layer)' is: '20'

2022-06-28 08:54:49 - [MESSAGE][PASSED] - Attribute 'value' of object 'Object Repository/Page_SKT ERP  ERP/Tab Production/Work Order (SPK)/Work Order Value (partisi or layer)/Corr Values (partisi or layer)' is: '20'

2022-06-28 08:54:49 - [TEST_STEP][PASSED] - comment(corr): 20

2022-06-28 08:54:49 - [MESSAGE][INFO] - 20

2022-06-28 08:54:49 - [TEST_STEP][PASSED] - beratbox = getAttribute(findTestObject("Page_SKT ERP  ERP/Tab Production/Work Order (SPK)/Work Order Value (partisi or layer)/Berat at Box (gram) (partisi or layer)"), "value"): Attribute 'value' of object 'Object Repository/Page_SKT ERP  ERP/Tab Production/Work Order (SPK)/Work Order Value (partisi or layer)/Berat at Box (gram) (partisi or layer)' is: '53.5'

2022-06-28 08:54:50 - [MESSAGE][PASSED] - Attribute 'value' of object 'Object Repository/Page_SKT ERP  ERP/Tab Production/Work Order (SPK)/Work Order Value (partisi or layer)/Berat at Box (gram) (partisi or layer)' is: '53.5'

2022-06-28 08:54:50 - [TEST_STEP][PASSED] - comment(beratbox): 53.5

2022-06-28 08:54:50 - [MESSAGE][INFO] - 53.5

2022-06-28 08:54:50 - [TEST_STEP][PASSED] - beratorder = getAttribute(findTestObject("Page_SKT ERP  ERP/Tab Production/Work Order (SPK)/Work Order Value (partisi or layer)/Berat Order (Kg) (partisi or layer)"), "value"): Attribute 'value' of object 'Object Repository/Page_SKT ERP  ERP/Tab Production/Work Order (SPK)/Work Order Value (partisi or layer)/Berat Order (Kg) (partisi or layer)' is: '5.35'

2022-06-28 08:54:50 - [MESSAGE][PASSED] - Attribute 'value' of object 'Object Repository/Page_SKT ERP  ERP/Tab Production/Work Order (SPK)/Work Order Value (partisi or layer)/Berat Order (Kg) (partisi or layer)' is: '5.35'

2022-06-28 08:54:50 - [TEST_STEP][PASSED] - comment(beratorder): 5.35

2022-06-28 08:54:50 - [MESSAGE][INFO] - 5.35

2022-06-28 08:54:50 - [TEST_STEP][PASSED] - berattrim = getAttribute(findTestObject("Page_SKT ERP  ERP/Tab Production/Work Order (SPK)/Work Order Value (partisi or layer)/Berat Trim (Kg) (partisi or layer)"), "value"): Attribute 'value' of object 'Object Repository/Page_SKT ERP  ERP/Tab Production/Work Order (SPK)/Work Order Value (partisi or layer)/Berat Trim (Kg) (partisi or layer)' is: '0.39'

2022-06-28 08:54:50 - [MESSAGE][PASSED] - Attribute 'value' of object 'Object Repository/Page_SKT ERP  ERP/Tab Production/Work Order (SPK)/Work Order Value (partisi or layer)/Berat Trim (Kg) (partisi or layer)' is: '0.39'

2022-06-28 08:54:50 - [TEST_STEP][PASSED] - comment(berattrim): 0.39

2022-06-28 08:54:50 - [MESSAGE][INFO] - 0.39

2022-06-28 08:54:50 - [TEST_STEP][PASSED] - BeratSubstance1 = getAttribute(findTestObject("Page_SKT ERP  ERP/Tab Production/Work Order (SPK)/Work Order Value (partisi or layer)/Berat Substance 1 (partisi or layer)"), "value"): Attribute 'value' of object 'Object Repository/Page_SKT ERP  ERP/Tab Production/Work Order (SPK)/Work Order Value (partisi or layer)/Berat Substance 1 (partisi or layer)' is: '1.72'

2022-06-28 08:54:51 - [MESSAGE][PASSED] - Attribute 'value' of object 'Object Repository/Page_SKT ERP  ERP/Tab Production/Work Order (SPK)/Work Order Value (partisi or layer)/Berat Substance 1 (partisi or layer)' is: '1.72'

2022-06-28 08:54:51 - [TEST_STEP][PASSED] - comment(BeratSubstance1): 1.72

2022-06-28 08:54:51 - [MESSAGE][INFO] - 1.72

2022-06-28 08:54:51 - [TEST_STEP][PASSED] - BeratSubstance2 = getAttribute(findTestObject("Page_SKT ERP  ERP/Tab Production/Work Order (SPK)/Work Order Value (partisi or layer)/Berat Substance 2 (partisi or layer)"), "value"): Attribute 'value' of object 'Object Repository/Page_SKT ERP  ERP/Tab Production/Work Order (SPK)/Work Order Value (partisi or layer)/Berat Substance 2 (partisi or layer)' is: '2.29'

2022-06-28 08:54:51 - [MESSAGE][PASSED] - Attribute 'value' of object 'Object Repository/Page_SKT ERP  ERP/Tab Production/Work Order (SPK)/Work Order Value (partisi or layer)/Berat Substance 2 (partisi or layer)' is: '2.29'

2022-06-28 08:54:51 - [TEST_STEP][PASSED] - comment(BeratSubstance2): 2.29

2022-06-28 08:54:51 - [MESSAGE][INFO] - 2.29

2022-06-28 08:54:51 - [TEST_STEP][PASSED] - BeratSubstance3 = getAttribute(findTestObject("Page_SKT ERP  ERP/Tab Production/Work Order (SPK)/Work Order Value (partisi or layer)/Berat Substance 3 (partisi or layer)"), "value"): Attribute 'value' of object 'Object Repository/Page_SKT ERP  ERP/Tab Production/Work Order (SPK)/Work Order Value (partisi or layer)/Berat Substance 3 (partisi or layer)' is: '1.72'

2022-06-28 08:54:51 - [MESSAGE][PASSED] - Attribute 'value' of object 'Object Repository/Page_SKT ERP  ERP/Tab Production/Work Order (SPK)/Work Order Value (partisi or layer)/Berat Substance 3 (partisi or layer)' is: '1.72'

2022-06-28 08:54:51 - [TEST_STEP][PASSED] - comment(BeratSubstance3): 1.72

2022-06-28 08:54:51 - [MESSAGE][INFO] - 1.72

2022-06-28 08:54:51 - [TEST_STEP][PASSED] - BeratSubstance4 = getAttribute(findTestObject("Page_SKT ERP  ERP/Tab Production/Work Order (SPK)/Work Order Value (partisi or layer)/Berat Substance 4 (partisi or layer)"), "value"): Attribute 'value' of object 'Object Repository/Page_SKT ERP  ERP/Tab Production/Work Order (SPK)/Work Order Value (partisi or layer)/Berat Substance 4 (partisi or layer)' is: '0'

2022-06-28 08:54:52 - [MESSAGE][PASSED] - Attribute 'value' of object 'Object Repository/Page_SKT ERP  ERP/Tab Production/Work Order (SPK)/Work Order Value (partisi or layer)/Berat Substance 4 (partisi or layer)' is: '0'

2022-06-28 08:54:52 - [TEST_STEP][PASSED] - comment(BeratSubstance4): 0

2022-06-28 08:54:52 - [MESSAGE][INFO] - 0

2022-06-28 08:54:52 - [TEST_STEP][PASSED] - BeratSubstance5 = getAttribute(findTestObject("Page_SKT ERP  ERP/Tab Production/Work Order (SPK)/Work Order Value (partisi or layer)/Berat Substance 5 (partisi or layer)"), "value"): Attribute 'value' of object 'Object Repository/Page_SKT ERP  ERP/Tab Production/Work Order (SPK)/Work Order Value (partisi or layer)/Berat Substance 5 (partisi or layer)' is: '0'

2022-06-28 08:54:52 - [MESSAGE][PASSED] - Attribute 'value' of object 'Object Repository/Page_SKT ERP  ERP/Tab Production/Work Order (SPK)/Work Order Value (partisi or layer)/Berat Substance 5 (partisi or layer)' is: '0'

2022-06-28 08:54:52 - [TEST_STEP][PASSED] - comment(BeratSubstance5): 0

2022-06-28 08:54:52 - [MESSAGE][INFO] - 0

2022-06-28 08:54:52 - [TEST_STEP][PASSED] - click(findTestObject("Page_SKT ERP  ERP/Tab Production/Work Order (SPK)/button back (from view work order)")): Object: 'Object Repository/Page_SKT ERP  ERP/Tab Production/Work Order (SPK)/button back (from view work order)' is clicked on

2022-06-28 08:54:53 - [MESSAGE][PASSED] - Object: 'Object Repository/Page_SKT ERP  ERP/Tab Production/Work Order (SPK)/button back (from view work order)' is clicked on

2022-06-28 08:54:53 - [TEST_STEP][PASSED] - allValues.add(outkrts): null

2022-06-28 08:54:53 - [TEST_STEP][PASSED] - allValues.add(corr): null

2022-06-28 08:54:53 - [TEST_STEP][PASSED] - allValues.add(beratbox): null

2022-06-28 08:54:53 - [TEST_STEP][PASSED] - allValues.add(beratorder): null

2022-06-28 08:54:53 - [TEST_STEP][PASSED] - allValues.add(berattrim): null

2022-06-28 08:54:53 - [TEST_STEP][PASSED] - allValues.add(BeratSubstance1): null

2022-06-28 08:54:53 - [TEST_STEP][PASSED] - allValues.add(BeratSubstance2): null

2022-06-28 08:54:53 - [TEST_STEP][PASSED] - allValues.add(BeratSubstance3): null

2022-06-28 08:54:53 - [TEST_STEP][PASSED] - allValues.add(BeratSubstance4): null

2022-06-28 08:54:53 - [TEST_STEP][PASSED] - allValues.add(BeratSubstance5): null

2022-06-28 08:54:53 - [TEST_STEP][PASSED] - qtySalesOrder = qtySalesOrderBoxPartisi: null

2022-06-28 08:54:53 - [TEST_STEP][PASSED] - newQty = Float.parseFloat(qtySalesOrder): null

2022-06-28 08:54:53 - [TEST_STEP][PASSED] - qty = newQty: null

2022-06-28 08:54:53 - [TEST_STEP][PASSED] - lebarKertasMinimum_box = 1500: null

2022-06-28 08:54:53 - [TEST_STEP][PASSED] - width_box = 366: null

2022-06-28 08:54:53 - [TEST_STEP][PASSED] - outkertas_box = 4: null

2022-06-28 08:54:53 - [TEST_STEP][PASSED] - outkrts_box = outkertas_box: null

2022-06-28 08:54:53 - [TEST_STEP][PASSED] - constantDoubleJoint_box = 1: null

2022-06-28 08:54:53 - [TEST_STEP][PASSED] - out_box = outkertas_box: null

2022-06-28 08:54:53 - [TEST_STEP][PASSED] - outKnife_box = 1: null

2022-06-28 08:54:53 - [TEST_STEP][PASSED] - corrBox = constantDoubleJoint_box * Math.floor(newQty / out_box / outKnife_box): null

2022-06-28 08:54:53 - [TEST_STEP][PASSED] - corr_box = corrBox: null

2022-06-28 08:54:53 - [TEST_STEP][PASSED] - weightSheetNettoGram_box = 133.08: null

2022-06-28 08:54:53 - [TEST_STEP][PASSED] - weight_box = constantDoubleJoint_box * weightSheetNettoGram_box * newQty / 1000: null

2022-06-28 08:54:53 - [TEST_STEP][PASSED] - beratBoxBox = Math.ceil(weight_box / qty * 1000 * 100) / 100: null

2022-06-28 08:54:53 - [TEST_STEP][PASSED] - beratbox_box = beratBoxBox: null

2022-06-28 08:54:53 - [TEST_STEP][PASSED] - beratOrderBox = Math.ceil(weight_box * 100) / 100: null

2022-06-28 08:54:53 - [TEST_STEP][PASSED] - beratorder_box = beratOrderBox: null

2022-06-28 08:54:53 - [TEST_STEP][PASSED] - trimWasteGram_box = 13.09: null

2022-06-28 08:54:53 - [TEST_STEP][PASSED] - beratTrimBox = qty / out_box * trimWasteGram_box / 1000: null

2022-06-28 08:54:53 - [TEST_STEP][PASSED] - berattrim_box = beratTrimBox: null

2022-06-28 08:54:53 - [TEST_STEP][PASSED] - qValuebox1 = 150: null

2022-06-28 08:54:53 - [TEST_STEP][PASSED] - sheetLengthBox1 = 824: null

2022-06-28 08:54:53 - [TEST_STEP][PASSED] - minLebarMmSheetBox1 = 1500: null

2022-06-28 08:54:53 - [TEST_STEP][PASSED] - identifierBox1 = 1: null

2022-06-28 08:54:53 - [TEST_STEP][PASSED] - beratSubstanceBox1 = qValuebox1 / 1000 * sheetLengthBox1 / 1000 * minLebarMmSheetBox1 / 1000 * identifierBox1 * corrBox: null

2022-06-28 08:54:53 - [TEST_STEP][PASSED] - beratsubstance1_box = beratSubstanceBox1.round(2): null

2022-06-28 08:54:53 - [TEST_STEP][PASSED] - qValuebox2 = 125: null

2022-06-28 08:54:53 - [TEST_STEP][PASSED] - sheetLengthBox2 = 824: null

2022-06-28 08:54:53 - [TEST_STEP][PASSED] - minLebarMmSheetBox2 = 1500: null

2022-06-28 08:54:53 - [TEST_STEP][PASSED] - identifierBox2 = 1.33: null

2022-06-28 08:54:53 - [TEST_STEP][PASSED] - beratSubstanceBox2 = qValuebox2 / 1000 * sheetLengthBox2 / 1000 * minLebarMmSheetBox2 / 1000 * identifierBox2 * corrBox: null

2022-06-28 08:54:53 - [TEST_STEP][PASSED] - beratsubstance2_box = beratSubstanceBox2.round(2): null

2022-06-28 08:54:53 - [TEST_STEP][PASSED] - qValuebox3 = 125: null

2022-06-28 08:54:53 - [TEST_STEP][PASSED] - sheetLengthBox3 = 824: null

2022-06-28 08:54:53 - [TEST_STEP][PASSED] - minLebarMmSheetBox3 = 1500: null

2022-06-28 08:54:53 - [TEST_STEP][PASSED] - identifierBox3 = 1: null

2022-06-28 08:54:53 - [TEST_STEP][PASSED] - beratSubstanceBox3 = qValuebox3 / 1000 * sheetLengthBox3 / 1000 * minLebarMmSheetBox3 / 1000 * identifierBox3 * corrBox: null

2022-06-28 08:54:53 - [TEST_STEP][PASSED] - beratsubstance3_box = beratSubstanceBox3.round(2): null

2022-06-28 08:54:53 - [TEST_STEP][PASSED] - qValuebox4 = 0: null

2022-06-28 08:54:53 - [TEST_STEP][PASSED] - sheetLengthBox4 = 824: null

2022-06-28 08:54:53 - [TEST_STEP][PASSED] - minLebarMmSheetBox4 = 1500: null

2022-06-28 08:54:53 - [TEST_STEP][PASSED] - identifierBox4 = 1.42: null

2022-06-28 08:54:53 - [TEST_STEP][PASSED] - beratSubstanceBox4 = qValuebox4 / 1000 * sheetLengthBox4 / 1000 * minLebarMmSheetBox4 / 1000 * identifierBox4 * corrBox: null

2022-06-28 08:54:53 - [TEST_STEP][PASSED] - beratsubstance4_box = beratSubstanceBox4.round(2): null

2022-06-28 08:54:53 - [TEST_STEP][PASSED] - qValuebox5 = 0: null

2022-06-28 08:54:53 - [TEST_STEP][PASSED] - sheetLengthBox5 = 824: null

2022-06-28 08:54:53 - [TEST_STEP][PASSED] - minLebarMmSheetBox5 = 1500: null

2022-06-28 08:54:53 - [TEST_STEP][PASSED] - identifierBox5 = 1: null

2022-06-28 08:54:53 - [TEST_STEP][PASSED] - beratSubstanceBox5 = qValuebox5 / 1000 * sheetLengthBox5 / 1000 * minLebarMmSheetBox5 / 1000 * identifierBox5 * corrBox: null

2022-06-28 08:54:53 - [TEST_STEP][PASSED] - beratsubstance5_box = beratSubstanceBox5.round(2): null

2022-06-28 08:54:53 - [TEST_STEP][PASSED] - lebarKertasMinimum_partisi = 1150: null

2022-06-28 08:54:53 - [TEST_STEP][PASSED] - width_partisi = 140: null

2022-06-28 08:54:53 - [TEST_STEP][PASSED] - outkertas_partisi = 5: null

2022-06-28 08:54:53 - [TEST_STEP][PASSED] - outkrts_partisi = outkertas_partisi: null

2022-06-28 08:54:53 - [TEST_STEP][PASSED] - constantDoubleJoint_partisi = 1: null

2022-06-28 08:54:53 - [TEST_STEP][PASSED] - out_partisi = outkertas_partisi: null

2022-06-28 08:54:53 - [TEST_STEP][PASSED] - outKnife_partisi = 1: null

2022-06-28 08:54:53 - [TEST_STEP][PASSED] - corrPartisi = constantDoubleJoint_partisi * Math.floor(newQty / out_partisi / outKnife_partisi): null

2022-06-28 08:54:53 - [TEST_STEP][PASSED] - corr_partisi = corrPartisi: null

2022-06-28 08:54:53 - [TEST_STEP][PASSED] - weightSheetNettoGram_partisi = 53.5: null

2022-06-28 08:54:53 - [TEST_STEP][PASSED] - weight_partisi = constantDoubleJoint_partisi * weightSheetNettoGram_partisi * newQty / 1000: null

2022-06-28 08:54:53 - [TEST_STEP][PASSED] - beratBoxPartisi = Math.ceil(weight_partisi / qty * 1000 * 100) / 100: null

2022-06-28 08:54:53 - [TEST_STEP][PASSED] - beratbox_partisi = beratBoxPartisi: null

2022-06-28 08:54:53 - [TEST_STEP][PASSED] - beratOrderPartisi = Math.ceil(weight_partisi * 100) / 100: null

2022-06-28 08:54:53 - [TEST_STEP][PASSED] - beratorder_partisi = beratOrderPartisi: null

2022-06-28 08:54:53 - [TEST_STEP][PASSED] - trimWasteGram_partisi = 18.91: null

2022-06-28 08:54:53 - [TEST_STEP][PASSED] - length = 11: null

2022-06-28 08:54:53 - [TEST_STEP][PASSED] - lebarKertas = 11: null

2022-06-28 08:54:53 - [TEST_STEP][PASSED] - gsm = 125 + 125 * 1.36 + 125: null

2022-06-28 08:54:53 - [TEST_STEP][PASSED] - berattrim_partisi = "0.39": null

2022-06-28 08:54:53 - [TEST_STEP][PASSED] - qValuepartisi1 = 125: null

2022-06-28 08:54:53 - [TEST_STEP][PASSED] - sheetLengthPartisi1 = 918: null

2022-06-28 08:54:53 - [TEST_STEP][PASSED] - minLebarMmSheetPartisi1 = 750: null

2022-06-28 08:54:53 - [TEST_STEP][PASSED] - identifierPartisi1 = 1: null

2022-06-28 08:54:53 - [TEST_STEP][PASSED] - beratSubstancePartisi1 = qValuepartisi1 / 1000 * sheetLengthPartisi1 / 1000 * minLebarMmSheetPartisi1 / 1000 * identifierPartisi1 * corrPartisi: null

2022-06-28 08:54:53 - [TEST_STEP][PASSED] - beratsubstance1_partisi = beratSubstancePartisi1.round(2): null

2022-06-28 08:54:53 - [TEST_STEP][PASSED] - qValuepartisi2 = 125: null

2022-06-28 08:54:53 - [TEST_STEP][PASSED] - sheetLengthPartisi2 = 918: null

2022-06-28 08:54:53 - [TEST_STEP][PASSED] - minLebarMmSheetPartisi2 = 750: null

2022-06-28 08:54:53 - [TEST_STEP][PASSED] - identifierPartisi2 = 1.33: null

2022-06-28 08:54:53 - [TEST_STEP][PASSED] - beratSubstancePartisi2 = qValuepartisi2 / 1000 * sheetLengthPartisi2 / 1000 * minLebarMmSheetPartisi2 / 1000 * identifierPartisi2 * corrPartisi: null

2022-06-28 08:54:53 - [TEST_STEP][PASSED] - beratsubstance2_partisi = beratSubstancePartisi2.round(2): null

2022-06-28 08:54:53 - [TEST_STEP][PASSED] - qValuepartisi3 = 125: null

2022-06-28 08:54:53 - [TEST_STEP][PASSED] - sheetLengthPartisi3 = 918: null

2022-06-28 08:54:53 - [TEST_STEP][PASSED] - minLebarMmSheetPartisi3 = 750: null

2022-06-28 08:54:53 - [TEST_STEP][PASSED] - identifierPartisi3 = 1: null

2022-06-28 08:54:53 - [TEST_STEP][PASSED] - beratSubstancePartisi3 = qValuepartisi3 / 1000 * sheetLengthPartisi3 / 1000 * minLebarMmSheetPartisi3 / 1000 * identifierPartisi3 * corrPartisi: null

2022-06-28 08:54:53 - [TEST_STEP][PASSED] - beratsubstance3_partisi = beratSubstancePartisi3.round(2): null

2022-06-28 08:54:53 - [TEST_STEP][PASSED] - qValuepartisi4 = 0: null

2022-06-28 08:54:53 - [TEST_STEP][PASSED] - sheetLengthPartisi4 = 918: null

2022-06-28 08:54:53 - [TEST_STEP][PASSED] - minLebarMmSheetPartisi4 = 750: null

2022-06-28 08:54:53 - [TEST_STEP][PASSED] - identifierPartisi4 = 1.42: null

2022-06-28 08:54:53 - [TEST_STEP][PASSED] - beratSubstancePartisi4 = qValuepartisi4 / 1000 * sheetLengthPartisi4 / 1000 * minLebarMmSheetPartisi4 / 1000 * identifierPartisi4 * corrPartisi: null

2022-06-28 08:54:53 - [TEST_STEP][PASSED] - beratsubstance4_partisi = beratSubstancePartisi4.round(2): null

2022-06-28 08:54:53 - [TEST_STEP][PASSED] - qValuepartisi5 = 0: null

2022-06-28 08:54:53 - [TEST_STEP][PASSED] - sheetLengthPartisi5 = 918: null

2022-06-28 08:54:53 - [TEST_STEP][PASSED] - minLebarMmSheetPartisi5 = 750: null

2022-06-28 08:54:53 - [TEST_STEP][PASSED] - identifierPartisi5 = 1: null

2022-06-28 08:54:53 - [TEST_STEP][PASSED] - beratSubstancePartisi5 = qValuepartisi5 / 1000 * sheetLengthPartisi5 / 1000 * minLebarMmSheetPartisi5 / 1000 * identifierPartisi5 * corrPartisi: null

2022-06-28 08:54:53 - [TEST_STEP][PASSED] - beratsubstance5_partisi = beratSubstancePartisi5.round(2): null

2022-06-28 08:54:53 - [TEST_STEP][PASSED] - expectedValue = new java.util.ArrayList(): null

2022-06-28 08:54:53 - [TEST_STEP][PASSED] - expectedValue.add(outkrts_box): null

2022-06-28 08:54:53 - [TEST_STEP][PASSED] - expectedValue.add(corr_box): null

2022-06-28 08:54:53 - [TEST_STEP][PASSED] - expectedValue.add(beratbox_box): null

2022-06-28 08:54:53 - [TEST_STEP][PASSED] - expectedValue.add(beratorder_box): null

2022-06-28 08:54:53 - [TEST_STEP][PASSED] - expectedValue.add(berattrim_box): null

2022-06-28 08:54:53 - [TEST_STEP][PASSED] - expectedValue.add(beratsubstance1_box): null

2022-06-28 08:54:53 - [TEST_STEP][PASSED] - expectedValue.add(beratsubstance2_box): null

2022-06-28 08:54:53 - [TEST_STEP][PASSED] - expectedValue.add(beratsubstance3_box): null

2022-06-28 08:54:53 - [TEST_STEP][PASSED] - expectedValue.add(beratsubstance4_box): null

2022-06-28 08:54:53 - [TEST_STEP][PASSED] - expectedValue.add(beratsubstance5_box): null

2022-06-28 08:54:53 - [TEST_STEP][PASSED] - expectedValue.add(outkrts_partisi): null

2022-06-28 08:54:53 - [TEST_STEP][PASSED] - expectedValue.add(corr_partisi): null

2022-06-28 08:54:53 - [TEST_STEP][PASSED] - expectedValue.add(beratbox_partisi): null

2022-06-28 08:54:53 - [TEST_STEP][PASSED] - expectedValue.add(beratorder_partisi): null

2022-06-28 08:54:53 - [TEST_STEP][PASSED] - expectedValue.add(berattrim_partisi): null

2022-06-28 08:54:53 - [TEST_STEP][PASSED] - expectedValue.add(beratsubstance1_partisi): null

2022-06-28 08:54:53 - [TEST_STEP][PASSED] - expectedValue.add(beratsubstance2_partisi): null

2022-06-28 08:54:53 - [TEST_STEP][PASSED] - expectedValue.add(beratsubstance3_partisi): null

2022-06-28 08:54:53 - [TEST_STEP][PASSED] - expectedValue.add(beratsubstance4_partisi): null

2022-06-28 08:54:53 - [TEST_STEP][PASSED] - expectedValue.add(beratsubstance5_partisi): null

2022-06-28 08:54:53 - [TEST_STEP][PASSED] - array_count_isi = allValues.size(): null

2022-06-28 08:54:53 - [TEST_STEP][PASSED] - for ([arr1 = 0, arr1 < array_count_isi, (arr1++)]): null

2022-06-28 08:54:53 - [TEST_STEP][PASSED] - all_values = allValues[arr1]: null

2022-06-28 08:54:53 - [TEST_STEP][PASSED] - comment(all_values): 4

2022-06-28 08:54:53 - [MESSAGE][INFO] - 4

2022-06-28 08:54:53 - [TEST_STEP][PASSED] - expected_Value = expectedValue[arr1]: null

2022-06-28 08:54:53 - [TEST_STEP][PASSED] - comment(expected_Value): 4

2022-06-28 08:54:53 - [MESSAGE][INFO] - 4

2022-06-28 08:54:53 - [TEST_STEP][PASSED] - a = allValues[arr1]: null

2022-06-28 08:54:53 - [TEST_STEP][PASSED] - b = expectedValue[arr1]: null

2022-06-28 08:54:53 - [TEST_STEP][PASSED] - all_values = allValues[arr1]: null

2022-06-28 08:54:53 - [TEST_STEP][PASSED] - comment(all_values): 25

2022-06-28 08:54:53 - [MESSAGE][INFO] - 25

2022-06-28 08:54:53 - [TEST_STEP][PASSED] - expected_Value = expectedValue[arr1]: null

2022-06-28 08:54:53 - [TEST_STEP][PASSED] - comment(expected_Value): 25

2022-06-28 08:54:53 - [MESSAGE][INFO] - 25

2022-06-28 08:54:53 - [TEST_STEP][PASSED] - a = allValues[arr1]: null

2022-06-28 08:54:53 - [TEST_STEP][PASSED] - b = expectedValue[arr1]: null

2022-06-28 08:54:53 - [TEST_STEP][PASSED] - all_values = allValues[arr1]: null

2022-06-28 08:54:53 - [TEST_STEP][PASSED] - comment(all_values): 133.09

2022-06-28 08:54:53 - [MESSAGE][INFO] - 133.09

2022-06-28 08:54:53 - [TEST_STEP][PASSED] - expected_Value = expectedValue[arr1]: null

2022-06-28 08:54:53 - [TEST_STEP][PASSED] - comment(expected_Value): 133.09

2022-06-28 08:54:53 - [MESSAGE][INFO] - 133.09

2022-06-28 08:54:53 - [TEST_STEP][PASSED] - a = allValues[arr1]: null

2022-06-28 08:54:53 - [TEST_STEP][PASSED] - b = expectedValue[arr1]: null

2022-06-28 08:54:53 - [TEST_STEP][PASSED] - all_values = allValues[arr1]: null

2022-06-28 08:54:53 - [TEST_STEP][PASSED] - comment(all_values): 13.31

2022-06-28 08:54:53 - [MESSAGE][INFO] - 13.31

2022-06-28 08:54:53 - [TEST_STEP][PASSED] - expected_Value = expectedValue[arr1]: null

2022-06-28 08:54:53 - [TEST_STEP][PASSED] - comment(expected_Value): 13.31

2022-06-28 08:54:53 - [MESSAGE][INFO] - 13.31

2022-06-28 08:54:53 - [TEST_STEP][PASSED] - a = allValues[arr1]: null

2022-06-28 08:54:53 - [TEST_STEP][PASSED] - b = expectedValue[arr1]: null

2022-06-28 08:54:53 - [TEST_STEP][PASSED] - all_values = allValues[arr1]: null

2022-06-28 08:54:53 - [TEST_STEP][PASSED] - comment(all_values): 0.32725

2022-06-28 08:54:53 - [MESSAGE][INFO] - 0.32725

2022-06-28 08:54:53 - [TEST_STEP][PASSED] - expected_Value = expectedValue[arr1]: null

2022-06-28 08:54:53 - [TEST_STEP][PASSED] - comment(expected_Value): 0.32725

2022-06-28 08:54:53 - [MESSAGE][INFO] - 0.32725

2022-06-28 08:54:53 - [TEST_STEP][PASSED] - a = allValues[arr1]: null

2022-06-28 08:54:53 - [TEST_STEP][PASSED] - b = expectedValue[arr1]: null

2022-06-28 08:54:53 - [TEST_STEP][PASSED] - all_values = allValues[arr1]: null

2022-06-28 08:54:53 - [TEST_STEP][PASSED] - comment(all_values): 4.63

2022-06-28 08:54:53 - [MESSAGE][INFO] - 4.63

2022-06-28 08:54:53 - [TEST_STEP][PASSED] - expected_Value = expectedValue[arr1]: null

2022-06-28 08:54:53 - [TEST_STEP][PASSED] - comment(expected_Value): 4.64

2022-06-28 08:54:53 - [MESSAGE][INFO] - 4.64

2022-06-28 08:54:53 - [TEST_STEP][PASSED] - a = allValues[arr1]: null

2022-06-28 08:54:53 - [TEST_STEP][PASSED] - b = expectedValue[arr1]: null

2022-06-28 08:54:53 - [TEST_STEP][PASSED] - all_values = allValues[arr1]: null

2022-06-28 08:54:53 - [TEST_STEP][PASSED] - comment(all_values): 5.14

2022-06-28 08:54:53 - [MESSAGE][INFO] - 5.14

2022-06-28 08:54:53 - [TEST_STEP][PASSED] - expected_Value = expectedValue[arr1]: null

2022-06-28 08:54:53 - [TEST_STEP][PASSED] - comment(expected_Value): 5.14

2022-06-28 08:54:53 - [MESSAGE][INFO] - 5.14

2022-06-28 08:54:53 - [TEST_STEP][PASSED] - a = allValues[arr1]: null

2022-06-28 08:54:53 - [TEST_STEP][PASSED] - b = expectedValue[arr1]: null

2022-06-28 08:54:53 - [TEST_STEP][PASSED] - all_values = allValues[arr1]: null

2022-06-28 08:54:53 - [TEST_STEP][PASSED] - comment(all_values): 3.86

2022-06-28 08:54:53 - [MESSAGE][INFO] - 3.86

2022-06-28 08:54:53 - [TEST_STEP][PASSED] - expected_Value = expectedValue[arr1]: null

2022-06-28 08:54:53 - [TEST_STEP][PASSED] - comment(expected_Value): 3.86

2022-06-28 08:54:53 - [MESSAGE][INFO] - 3.86

2022-06-28 08:54:53 - [TEST_STEP][PASSED] - a = allValues[arr1]: null

2022-06-28 08:54:53 - [TEST_STEP][PASSED] - b = expectedValue[arr1]: null

2022-06-28 08:54:53 - [TEST_STEP][PASSED] - all_values = allValues[arr1]: null

2022-06-28 08:54:53 - [TEST_STEP][PASSED] - comment(all_values): 0

2022-06-28 08:54:53 - [MESSAGE][INFO] - 0

2022-06-28 08:54:53 - [TEST_STEP][PASSED] - expected_Value = expectedValue[arr1]: null

2022-06-28 08:54:53 - [TEST_STEP][PASSED] - comment(expected_Value): 0.0

2022-06-28 08:54:53 - [MESSAGE][INFO] - 0.0

2022-06-28 08:54:53 - [TEST_STEP][PASSED] - a = allValues[arr1]: null

2022-06-28 08:54:53 - [TEST_STEP][PASSED] - b = expectedValue[arr1]: null

2022-06-28 08:54:53 - [TEST_STEP][PASSED] - all_values = allValues[arr1]: null

2022-06-28 08:54:53 - [TEST_STEP][PASSED] - comment(all_values): 0

2022-06-28 08:54:53 - [MESSAGE][INFO] - 0

2022-06-28 08:54:53 - [TEST_STEP][PASSED] - expected_Value = expectedValue[arr1]: null

2022-06-28 08:54:53 - [TEST_STEP][PASSED] - comment(expected_Value): 0.0

2022-06-28 08:54:53 - [MESSAGE][INFO] - 0.0

2022-06-28 08:54:53 - [TEST_STEP][PASSED] - a = allValues[arr1]: null

2022-06-28 08:54:53 - [TEST_STEP][PASSED] - b = expectedValue[arr1]: null

2022-06-28 08:54:53 - [TEST_STEP][PASSED] - all_values = allValues[arr1]: null

2022-06-28 08:54:53 - [TEST_STEP][PASSED] - comment(all_values): 5

2022-06-28 08:54:53 - [MESSAGE][INFO] - 5

2022-06-28 08:54:53 - [TEST_STEP][PASSED] - expected_Value = expectedValue[arr1]: null

2022-06-28 08:54:53 - [TEST_STEP][PASSED] - comment(expected_Value): 5

2022-06-28 08:54:53 - [MESSAGE][INFO] - 5

2022-06-28 08:54:53 - [TEST_STEP][PASSED] - a = allValues[arr1]: null

2022-06-28 08:54:53 - [TEST_STEP][PASSED] - b = expectedValue[arr1]: null

2022-06-28 08:54:53 - [TEST_STEP][PASSED] - all_values = allValues[arr1]: null

2022-06-28 08:54:53 - [TEST_STEP][PASSED] - comment(all_values): 20

2022-06-28 08:54:53 - [MESSAGE][INFO] - 20

2022-06-28 08:54:53 - [TEST_STEP][PASSED] - expected_Value = expectedValue[arr1]: null

2022-06-28 08:54:53 - [TEST_STEP][PASSED] - comment(expected_Value): 20

2022-06-28 08:54:53 - [MESSAGE][INFO] - 20

2022-06-28 08:54:53 - [TEST_STEP][PASSED] - a = allValues[arr1]: null

2022-06-28 08:54:53 - [TEST_STEP][PASSED] - b = expectedValue[arr1]: null

2022-06-28 08:54:53 - [TEST_STEP][PASSED] - all_values = allValues[arr1]: null

2022-06-28 08:54:53 - [TEST_STEP][PASSED] - comment(all_values): 53.5

2022-06-28 08:54:53 - [MESSAGE][INFO] - 53.5

2022-06-28 08:54:53 - [TEST_STEP][PASSED] - expected_Value = expectedValue[arr1]: null

2022-06-28 08:54:53 - [TEST_STEP][PASSED] - comment(expected_Value): 53.5

2022-06-28 08:54:53 - [MESSAGE][INFO] - 53.5

2022-06-28 08:54:53 - [TEST_STEP][PASSED] - a = allValues[arr1]: null

2022-06-28 08:54:53 - [TEST_STEP][PASSED] - b = expectedValue[arr1]: null

2022-06-28 08:54:53 - [TEST_STEP][PASSED] - all_values = allValues[arr1]: null

2022-06-28 08:54:53 - [TEST_STEP][PASSED] - comment(all_values): 5.35

2022-06-28 08:54:53 - [MESSAGE][INFO] - 5.35

2022-06-28 08:54:53 - [TEST_STEP][PASSED] - expected_Value = expectedValue[arr1]: null

2022-06-28 08:54:53 - [TEST_STEP][PASSED] - comment(expected_Value): 5.35

2022-06-28 08:54:53 - [MESSAGE][INFO] - 5.35

2022-06-28 08:54:53 - [TEST_STEP][PASSED] - a = allValues[arr1]: null

2022-06-28 08:54:53 - [TEST_STEP][PASSED] - b = expectedValue[arr1]: null

2022-06-28 08:54:53 - [TEST_STEP][PASSED] - all_values = allValues[arr1]: null

2022-06-28 08:54:53 - [TEST_STEP][PASSED] - comment(all_values): 0.39

2022-06-28 08:54:53 - [MESSAGE][INFO] - 0.39

2022-06-28 08:54:53 - [TEST_STEP][PASSED] - expected_Value = expectedValue[arr1]: null

2022-06-28 08:54:53 - [TEST_STEP][PASSED] - comment(expected_Value): 0.39

2022-06-28 08:54:53 - [MESSAGE][INFO] - 0.39

2022-06-28 08:54:53 - [TEST_STEP][PASSED] - a = allValues[arr1]: null

2022-06-28 08:54:53 - [TEST_STEP][PASSED] - b = expectedValue[arr1]: null

2022-06-28 08:54:53 - [TEST_STEP][PASSED] - all_values = allValues[arr1]: null

2022-06-28 08:54:53 - [TEST_STEP][PASSED] - comment(all_values): 1.72

2022-06-28 08:54:53 - [MESSAGE][INFO] - 1.72

2022-06-28 08:54:53 - [TEST_STEP][PASSED] - expected_Value = expectedValue[arr1]: null

2022-06-28 08:54:53 - [TEST_STEP][PASSED] - comment(expected_Value): 1.72

2022-06-28 08:54:53 - [MESSAGE][INFO] - 1.72

2022-06-28 08:54:53 - [TEST_STEP][PASSED] - a = allValues[arr1]: null

2022-06-28 08:54:53 - [TEST_STEP][PASSED] - b = expectedValue[arr1]: null

2022-06-28 08:54:53 - [TEST_STEP][PASSED] - all_values = allValues[arr1]: null

2022-06-28 08:54:53 - [TEST_STEP][PASSED] - comment(all_values): 2.29

2022-06-28 08:54:53 - [MESSAGE][INFO] - 2.29

2022-06-28 08:54:53 - [TEST_STEP][PASSED] - expected_Value = expectedValue[arr1]: null

2022-06-28 08:54:53 - [TEST_STEP][PASSED] - comment(expected_Value): 2.29

2022-06-28 08:54:53 - [MESSAGE][INFO] - 2.29

2022-06-28 08:54:53 - [TEST_STEP][PASSED] - a = allValues[arr1]: null

2022-06-28 08:54:53 - [TEST_STEP][PASSED] - b = expectedValue[arr1]: null

2022-06-28 08:54:53 - [TEST_STEP][PASSED] - all_values = allValues[arr1]: null

2022-06-28 08:54:53 - [TEST_STEP][PASSED] - comment(all_values): 1.72

2022-06-28 08:54:53 - [MESSAGE][INFO] - 1.72

2022-06-28 08:54:53 - [TEST_STEP][PASSED] - expected_Value = expectedValue[arr1]: null

2022-06-28 08:54:53 - [TEST_STEP][PASSED] - comment(expected_Value): 1.72

2022-06-28 08:54:53 - [MESSAGE][INFO] - 1.72

2022-06-28 08:54:53 - [TEST_STEP][PASSED] - a = allValues[arr1]: null

2022-06-28 08:54:53 - [TEST_STEP][PASSED] - b = expectedValue[arr1]: null

2022-06-28 08:54:53 - [TEST_STEP][PASSED] - all_values = allValues[arr1]: null

2022-06-28 08:54:53 - [TEST_STEP][PASSED] - comment(all_values): 0

2022-06-28 08:54:53 - [MESSAGE][INFO] - 0

2022-06-28 08:54:53 - [TEST_STEP][PASSED] - expected_Value = expectedValue[arr1]: null

2022-06-28 08:54:53 - [TEST_STEP][PASSED] - comment(expected_Value): 0.0

2022-06-28 08:54:53 - [MESSAGE][INFO] - 0.0

2022-06-28 08:54:53 - [TEST_STEP][PASSED] - a = allValues[arr1]: null

2022-06-28 08:54:53 - [TEST_STEP][PASSED] - b = expectedValue[arr1]: null

2022-06-28 08:54:53 - [TEST_STEP][PASSED] - all_values = allValues[arr1]: null

2022-06-28 08:54:53 - [TEST_STEP][PASSED] - comment(all_values): 0

2022-06-28 08:54:53 - [MESSAGE][INFO] - 0

2022-06-28 08:54:53 - [TEST_STEP][PASSED] - expected_Value = expectedValue[arr1]: null

2022-06-28 08:54:53 - [TEST_STEP][PASSED] - comment(expected_Value): 0.0

2022-06-28 08:54:53 - [MESSAGE][INFO] - 0.0

2022-06-28 08:54:53 - [TEST_STEP][PASSED] - a = allValues[arr1]: null

2022-06-28 08:54:53 - [TEST_STEP][PASSED] - b = expectedValue[arr1]: null

2022-06-28 08:54:53 - [TEST_STEP][PASSED] - closeBrowser(): Browser is closed

2022-06-28 08:54:54 - [MESSAGE][PASSED] - Browser is closed]]></system-out>
         <system-err><![CDATA[]]></system-err>
      </testcase>
      <system-out><![CDATA[2022-06-28 08:51:35 - [TEST_SUITE][PASSED] - Demo 28 Juni 2022: Test Cases/Demo 28 Juni 2022/2A_ Verify Calculated Values in Work Order (box partisi1 partisi2)]]></system-out>
      <system-err><![CDATA[]]></system-err>
   </testsuite>
</testsuites>
