<?xml version="1.0" encoding="UTF-8"?>
<testsuites name="Demo 28 Juni 2022" time="235.667" tests="3" failures="0" errors="0">
   <testsuite name="Demo 28 Juni 2022" tests="3" failures="0" errors="0" time="235.667" skipped="0" timestamp="2022-06-28 08:17:31" hostname="Shelly - LAPTOP-E00FH6K0.mshome.net" id="Test Suites/Demo 28 Juni 2022">
      <properties>
         <property name="deviceName" value=""/>
         <property name="devicePlatform" value=""/>
         <property name="logFolder" value="C:\\Users\\Shelly\\git\\test_ui\\test_ui\\Reports\\20220628_081721\\Demo 28 Juni 2022\\20220628_081721"/>
         <property name="logFiles" value="C:\\Users\\Shelly\\git\\test_ui\\test_ui\\Reports\\20220628_081721\\Demo 28 Juni 2022\\20220628_081721\\execution0.log"/>
         <property name="attachments" value=""/>
         <property name="hostName" value="Shelly - LAPTOP-E00FH6K0.mshome.net"/>
         <property name="os" value="Windows 10 64bit"/>
         <property name="katalonVersion" value="8.3.5.208"/>
         <property name="browser" value="Chrome 103.0.5060.66"/>
         <property name="hostAddress" value="172.29.16.1"/>
         <property name="sessionId" value="8bf0d978912411afa0f41823e8aa2e1e"/>
         <property name="seleniumVersion" value="3.141.59"/>
         <property name="proxyInformation" value="ProxyInformation { proxyOption=NO_PROXY, proxyServerType=HTTP, username=, password=********, proxyServerAddress=, proxyServerPort=0, executionList=&quot;&quot;, isApplyToDesiredCapabilities=true }"/>
         <property name="platform" value="Windows 10"/>
      </properties>
      <testcase name="Test Cases/Demo 28 Juni 2022/Create Sales Order with 11prct PPN (Box Layer)" time="63.248" classname="Test Cases/Demo 28 Juni 2022/Create Sales Order with 11prct PPN (Box Layer)" status="PASSED">
         <system-out><![CDATA[2022-06-28 08:17:32 - [TEST_CASE][PASSED] - Test Cases/Demo 28 Juni 2022/Create Sales Order with 11prct PPN (Box Layer): Test Cases/Demo 28 Juni 2022/Create Sales Order with 11prct PPN (Box Layer)

2022-06-28 08:17:32 - [TEST_STEP][PASSED] - openBrowser(""): Browser is opened with url: ''

2022-06-28 08:17:33 - [MESSAGE][INFO] - Starting 'Chrome' driver

2022-06-28 08:17:33 - [MESSAGE][INFO] - Action delay is set to 0 milliseconds

2022-06-28 08:17:36 - [MESSAGE][PASSED] - Browser is opened with url: ''

2022-06-28 08:17:36 - [TEST_STEP][PASSED] - navigateToUrl("http://localhost:3001/login"): Navigate to 'http://localhost:3001/login' successfully

2022-06-28 08:17:39 - [MESSAGE][PASSED] - Navigate to 'http://localhost:3001/login' successfully

2022-06-28 08:17:39 - [TEST_STEP][PASSED] - setText(findTestObject("Object Repository/Page_SKT ERP  ERP/Login/input_login_username"), "devshelly"): Text 'devshelly' is set on object 'Object Repository/Page_SKT ERP  ERP/Login/input_login_username'

2022-06-28 08:17:40 - [MESSAGE][PASSED] - Text 'devshelly' is set on object 'Object Repository/Page_SKT ERP  ERP/Login/input_login_username'

2022-06-28 08:17:40 - [TEST_STEP][PASSED] - setEncryptedText(findTestObject("Object Repository/Page_SKT ERP  ERP/Login/input_login_password"), "bD8Rq1FIAurX2vfab/lFTQ=="): Text ****** has been set on object 'Object Repository/Page_SKT ERP  ERP/Login/input_login_password'

2022-06-28 08:17:40 - [MESSAGE][PASSED] - Text ****** has been set on object 'Object Repository/Page_SKT ERP  ERP/Login/input_login_password'

2022-06-28 08:17:40 - [TEST_STEP][PASSED] - maximizeWindow(): Current window maximized

2022-06-28 08:17:40 - [MESSAGE][PASSED] - Current window maximized

2022-06-28 08:17:40 - [TEST_STEP][PASSED] - click(findTestObject("Object Repository/Page_SKT ERP  ERP/Login/button_login")): Object: 'Object Repository/Page_SKT ERP  ERP/Login/button_login' is clicked on

2022-06-28 08:17:41 - [MESSAGE][PASSED] - Object: 'Object Repository/Page_SKT ERP  ERP/Login/button_login' is clicked on

2022-06-28 08:17:41 - [TEST_STEP][PASSED] - click(findTestObject("Object Repository/Page_SKT ERP  ERP/Tab Sales/Tab Sales")): Object: 'Object Repository/Page_SKT ERP  ERP/Tab Sales/Tab Sales' is clicked on

2022-06-28 08:17:52 - [MESSAGE][PASSED] - Object: 'Object Repository/Page_SKT ERP  ERP/Tab Sales/Tab Sales' is clicked on

2022-06-28 08:17:52 - [TEST_STEP][PASSED] - click(findTestObject("Object Repository/Page_SKT ERP  ERP/Tab Sales/Sales Order/Tab Sales Order")): Object: 'Object Repository/Page_SKT ERP  ERP/Tab Sales/Sales Order/Tab Sales Order' is clicked on

2022-06-28 08:17:52 - [MESSAGE][PASSED] - Object: 'Object Repository/Page_SKT ERP  ERP/Tab Sales/Sales Order/Tab Sales Order' is clicked on

2022-06-28 08:17:52 - [TEST_STEP][PASSED] - click(findTestObject("Object Repository/Page_SKT ERP  ERP/Tab Sales/Sales Order/Add New Sales Order")): Object: 'Object Repository/Page_SKT ERP  ERP/Tab Sales/Sales Order/Add New Sales Order' is clicked on

2022-06-28 08:18:05 - [MESSAGE][PASSED] - Object: 'Object Repository/Page_SKT ERP  ERP/Tab Sales/Sales Order/Add New Sales Order' is clicked on

2022-06-28 08:18:05 - [TEST_STEP][PASSED] - no_Sales_order_box_layer = "bxnkglytscs": null

2022-06-28 08:18:05 - [TEST_STEP][PASSED] - noSalesOrderBoxLayer = no_Sales_order_box_layer: null

2022-06-28 08:18:05 - [TEST_STEP][PASSED] - setText(findTestObject("Page_SKT ERP  ERP/Tab Sales/Sales Order/Input No Sales Order"), no_Sales_order_box_layer): Text 'bxnkglytscs' is set on object 'Object Repository/Page_SKT ERP  ERP/Tab Sales/Sales Order/Input No Sales Order'

2022-06-28 08:18:06 - [MESSAGE][PASSED] - Text 'bxnkglytscs' is set on object 'Object Repository/Page_SKT ERP  ERP/Tab Sales/Sales Order/Input No Sales Order'

2022-06-28 08:18:06 - [TEST_STEP][PASSED] - setText(findTestObject("Object Repository/Page_SKT ERP  ERP/Tab Sales/Sales Order/Input Sales Person"), "sujadi"): Text 'sujadi' is set on object 'Object Repository/Page_SKT ERP  ERP/Tab Sales/Sales Order/Input Sales Person'

2022-06-28 08:18:07 - [MESSAGE][PASSED] - Text 'sujadi' is set on object 'Object Repository/Page_SKT ERP  ERP/Tab Sales/Sales Order/Input Sales Person'

2022-06-28 08:18:07 - [TEST_STEP][PASSED] - delay(3): Delayed 3 second(s)

2022-06-28 08:18:11 - [MESSAGE][PASSED] - Delayed 3 second(s)

2022-06-28 08:18:11 - [TEST_STEP][PASSED] - click(findTestObject("Page_SKT ERP  ERP/Constant/Sales/303 - Sujadi")): Object: 'Object Repository/Page_SKT ERP  ERP/Constant/Sales/303 - Sujadi' is clicked on

2022-06-28 08:18:11 - [MESSAGE][PASSED] - Object: 'Object Repository/Page_SKT ERP  ERP/Constant/Sales/303 - Sujadi' is clicked on

2022-06-28 08:18:11 - [TEST_STEP][PASSED] - click(findTestObject("Page_SKT ERP  ERP/Tab Sales/Sales Order/Customer Field")): Object: 'Object Repository/Page_SKT ERP  ERP/Tab Sales/Sales Order/Customer Field' is clicked on

2022-06-28 08:18:11 - [MESSAGE][PASSED] - Object: 'Object Repository/Page_SKT ERP  ERP/Tab Sales/Sales Order/Customer Field' is clicked on

2022-06-28 08:18:11 - [TEST_STEP][PASSED] - setText(findTestObject("Page_SKT ERP  ERP/Tab Sales/Sales Order/Input Customer"), "pinrang"): Text 'pinrang' is set on object 'Object Repository/Page_SKT ERP  ERP/Tab Sales/Sales Order/Input Customer'

2022-06-28 08:18:12 - [MESSAGE][PASSED] - Text 'pinrang' is set on object 'Object Repository/Page_SKT ERP  ERP/Tab Sales/Sales Order/Input Customer'

2022-06-28 08:18:12 - [TEST_STEP][PASSED] - delay(3): Delayed 3 second(s)

2022-06-28 08:18:15 - [MESSAGE][PASSED] - Delayed 3 second(s)

2022-06-28 08:18:15 - [TEST_STEP][PASSED] - click(findTestObject("Page_SKT ERP  ERP/Constant/Customer/PT Pinrang Pantai Indah")): Object: 'Object Repository/Page_SKT ERP  ERP/Constant/Customer/PT Pinrang Pantai Indah' is clicked on

2022-06-28 08:18:16 - [MESSAGE][PASSED] - Object: 'Object Repository/Page_SKT ERP  ERP/Constant/Customer/PT Pinrang Pantai Indah' is clicked on

2022-06-28 08:18:16 - [TEST_STEP][PASSED] - click(findTestObject("Page_SKT ERP  ERP/Tab Sales/Sales Order/Billing Address Field")): Object: 'Object Repository/Page_SKT ERP  ERP/Tab Sales/Sales Order/Billing Address Field' is clicked on

2022-06-28 08:18:17 - [MESSAGE][PASSED] - Object: 'Object Repository/Page_SKT ERP  ERP/Tab Sales/Sales Order/Billing Address Field' is clicked on

2022-06-28 08:18:17 - [TEST_STEP][PASSED] - click(findTestObject("Page_SKT ERP  ERP/Constant/Address/Billing Address PT Pinrang Pantai Indah")): Object: 'Object Repository/Page_SKT ERP  ERP/Constant/Address/Billing Address PT Pinrang Pantai Indah' is clicked on

2022-06-28 08:18:17 - [MESSAGE][PASSED] - Object: 'Object Repository/Page_SKT ERP  ERP/Constant/Address/Billing Address PT Pinrang Pantai Indah' is clicked on

2022-06-28 08:18:17 - [TEST_STEP][PASSED] - click(findTestObject("Page_SKT ERP  ERP/Tab Sales/Sales Order/Shipping Address Field")): Object: 'Object Repository/Page_SKT ERP  ERP/Tab Sales/Sales Order/Shipping Address Field' is clicked on

2022-06-28 08:18:18 - [MESSAGE][PASSED] - Object: 'Object Repository/Page_SKT ERP  ERP/Tab Sales/Sales Order/Shipping Address Field' is clicked on

2022-06-28 08:18:18 - [TEST_STEP][PASSED] - click(findTestObject("Page_SKT ERP  ERP/Constant/Address/Shipping Address PT Pinrang Pantai Indah")): Object: 'Object Repository/Page_SKT ERP  ERP/Constant/Address/Shipping Address PT Pinrang Pantai Indah' is clicked on

2022-06-28 08:18:18 - [MESSAGE][PASSED] - Object: 'Object Repository/Page_SKT ERP  ERP/Constant/Address/Shipping Address PT Pinrang Pantai Indah' is clicked on

2022-06-28 08:18:18 - [TEST_STEP][PASSED] - click(findTestObject("Page_SKT ERP  ERP/Tab Sales/Sales Order/i_tambah item")): Object: 'Object Repository/Page_SKT ERP  ERP/Tab Sales/Sales Order/i_tambah item' is clicked on

2022-06-28 08:18:19 - [MESSAGE][PASSED] - Object: 'Object Repository/Page_SKT ERP  ERP/Tab Sales/Sales Order/i_tambah item' is clicked on

2022-06-28 08:18:19 - [TEST_STEP][PASSED] - click(findTestObject("Page_SKT ERP  ERP/Tab Sales/Sales Order/Type Field")): Object: 'Object Repository/Page_SKT ERP  ERP/Tab Sales/Sales Order/Type Field' is clicked on

2022-06-28 08:18:20 - [MESSAGE][PASSED] - Object: 'Object Repository/Page_SKT ERP  ERP/Tab Sales/Sales Order/Type Field' is clicked on

2022-06-28 08:18:20 - [TEST_STEP][PASSED] - click(findTestObject("Page_SKT ERP  ERP/Tab Sales/Sales Order/Tipe Box")): Object: 'Object Repository/Page_SKT ERP  ERP/Tab Sales/Sales Order/Tipe Box' is clicked on

2022-06-28 08:18:20 - [MESSAGE][PASSED] - Object: 'Object Repository/Page_SKT ERP  ERP/Tab Sales/Sales Order/Tipe Box' is clicked on

2022-06-28 08:18:20 - [TEST_STEP][PASSED] - click(findTestObject("Page_SKT ERP  ERP/Tab Sales/Sales Order/MasterCard Field")): Object: 'Object Repository/Page_SKT ERP  ERP/Tab Sales/Sales Order/MasterCard Field' is clicked on

2022-06-28 08:18:21 - [MESSAGE][PASSED] - Object: 'Object Repository/Page_SKT ERP  ERP/Tab Sales/Sales Order/MasterCard Field' is clicked on

2022-06-28 08:18:21 - [TEST_STEP][PASSED] - click(findTestObject("Page_SKT ERP  ERP/Constant/Mastercard/PT Pinrang Pantai Indah (10849 - 008420 - DUS CARMEL MOONCAKE - K150 0 0 M1)")): Object: 'Object Repository/Page_SKT ERP  ERP/Constant/Mastercard/PT Pinrang Pantai Indah (10849 - 008420 - DUS CARMEL MOONCAKE - K150 0 0 M1)' is clicked on

2022-06-28 08:18:22 - [MESSAGE][PASSED] - Object: 'Object Repository/Page_SKT ERP  ERP/Constant/Mastercard/PT Pinrang Pantai Indah (10849 - 008420 - DUS CARMEL MOONCAKE - K150 0 0 M1)' is clicked on

2022-06-28 08:18:22 - [TEST_STEP][PASSED] - qty = "100": null

2022-06-28 08:18:22 - [TEST_STEP][PASSED] - qtySalesOrderBoxLayer = qty: null

2022-06-28 08:18:22 - [TEST_STEP][PASSED] - setText(findTestObject("Object Repository/Page_SKT ERP  ERP/Tab Sales/Sales Order/Input Quantity"), qty): Text '100' is set on object 'Object Repository/Page_SKT ERP  ERP/Tab Sales/Sales Order/Input Quantity'

2022-06-28 08:18:23 - [MESSAGE][PASSED] - Text '100' is set on object 'Object Repository/Page_SKT ERP  ERP/Tab Sales/Sales Order/Input Quantity'

2022-06-28 08:18:23 - [TEST_STEP][PASSED] - click(findTestObject("Page_SKT ERP  ERP/Tab Sales/Sales Order/Unit Field")): Object: 'Object Repository/Page_SKT ERP  ERP/Tab Sales/Sales Order/Unit Field' is clicked on

2022-06-28 08:18:24 - [MESSAGE][PASSED] - Object: 'Object Repository/Page_SKT ERP  ERP/Tab Sales/Sales Order/Unit Field' is clicked on

2022-06-28 08:18:24 - [TEST_STEP][PASSED] - click(findTestObject("Object Repository/Page_SKT ERP  ERP/Tab Sales/Sales Order/Unit Pcs")): Object: 'Object Repository/Page_SKT ERP  ERP/Tab Sales/Sales Order/Unit Pcs' is clicked on

2022-06-28 08:18:24 - [MESSAGE][PASSED] - Object: 'Object Repository/Page_SKT ERP  ERP/Tab Sales/Sales Order/Unit Pcs' is clicked on

2022-06-28 08:18:24 - [TEST_STEP][PASSED] - price = "9880": null

2022-06-28 08:18:24 - [TEST_STEP][PASSED] - setText(findTestObject("Object Repository/Page_SKT ERP  ERP/Tab Sales/Sales Order/Input Harga"), price): Text '9880' is set on object 'Object Repository/Page_SKT ERP  ERP/Tab Sales/Sales Order/Input Harga'

2022-06-28 08:18:26 - [MESSAGE][PASSED] - Text '9880' is set on object 'Object Repository/Page_SKT ERP  ERP/Tab Sales/Sales Order/Input Harga'

2022-06-28 08:18:26 - [TEST_STEP][PASSED] - click(findTestObject("Object Repository/Page_SKT ERP  ERP/Tab Sales/Sales Order/Input Tanggal Kirim")): Object: 'Object Repository/Page_SKT ERP  ERP/Tab Sales/Sales Order/Input Tanggal Kirim' is clicked on

2022-06-28 08:18:26 - [MESSAGE][PASSED] - Object: 'Object Repository/Page_SKT ERP  ERP/Tab Sales/Sales Order/Input Tanggal Kirim' is clicked on

2022-06-28 08:18:26 - [TEST_STEP][PASSED] - click(findTestObject("Object Repository/Page_SKT ERP  ERP/Tab Sales/Sales Order/Tanggal 30")): Object: 'Object Repository/Page_SKT ERP  ERP/Tab Sales/Sales Order/Tanggal 30' is clicked on

2022-06-28 08:18:27 - [MESSAGE][PASSED] - Object: 'Object Repository/Page_SKT ERP  ERP/Tab Sales/Sales Order/Tanggal 30' is clicked on

2022-06-28 08:18:27 - [TEST_STEP][PASSED] - click(findTestObject("Object Repository/Page_SKT ERP  ERP/Tab Sales/Sales Order/Save Sales Order Line")): Object: 'Object Repository/Page_SKT ERP  ERP/Tab Sales/Sales Order/Save Sales Order Line' is clicked on

2022-06-28 08:18:28 - [MESSAGE][PASSED] - Object: 'Object Repository/Page_SKT ERP  ERP/Tab Sales/Sales Order/Save Sales Order Line' is clicked on

2022-06-28 08:18:28 - [TEST_STEP][PASSED] - click(findTestObject("Page_SKT ERP  ERP/Tab Sales/Sales Order/Edit Sales Order Line 2")): Object: 'Object Repository/Page_SKT ERP  ERP/Tab Sales/Sales Order/Edit Sales Order Line 2' is clicked on

2022-06-28 08:18:29 - [MESSAGE][PASSED] - Object: 'Object Repository/Page_SKT ERP  ERP/Tab Sales/Sales Order/Edit Sales Order Line 2' is clicked on

2022-06-28 08:18:29 - [TEST_STEP][PASSED] - price2 = "9800": null

2022-06-28 08:18:29 - [TEST_STEP][PASSED] - setText(findTestObject("Object Repository/Page_SKT ERP  ERP/Tab Sales/Sales Order/Input Harga"), price2): Text '9800' is set on object 'Object Repository/Page_SKT ERP  ERP/Tab Sales/Sales Order/Input Harga'

2022-06-28 08:18:31 - [MESSAGE][PASSED] - Text '9800' is set on object 'Object Repository/Page_SKT ERP  ERP/Tab Sales/Sales Order/Input Harga'

2022-06-28 08:18:31 - [TEST_STEP][PASSED] - click(findTestObject("Object Repository/Page_SKT ERP  ERP/Tab Sales/Sales Order/Save Sales Order Line")): Object: 'Object Repository/Page_SKT ERP  ERP/Tab Sales/Sales Order/Save Sales Order Line' is clicked on

2022-06-28 08:18:31 - [MESSAGE][PASSED] - Object: 'Object Repository/Page_SKT ERP  ERP/Tab Sales/Sales Order/Save Sales Order Line' is clicked on

2022-06-28 08:18:31 - [TEST_STEP][PASSED] - click(findTestObject("Page_SKT ERP  ERP/Tab Sales/Sales Order/Edit Sales Order Line 3")): Object: 'Object Repository/Page_SKT ERP  ERP/Tab Sales/Sales Order/Edit Sales Order Line 3' is clicked on

2022-06-28 08:18:32 - [MESSAGE][PASSED] - Object: 'Object Repository/Page_SKT ERP  ERP/Tab Sales/Sales Order/Edit Sales Order Line 3' is clicked on

2022-06-28 08:18:32 - [TEST_STEP][PASSED] - price3 = "10800": null

2022-06-28 08:18:32 - [TEST_STEP][PASSED] - setText(findTestObject("Object Repository/Page_SKT ERP  ERP/Tab Sales/Sales Order/Input Harga"), price3): Text '10800' is set on object 'Object Repository/Page_SKT ERP  ERP/Tab Sales/Sales Order/Input Harga'

2022-06-28 08:18:34 - [MESSAGE][PASSED] - Text '10800' is set on object 'Object Repository/Page_SKT ERP  ERP/Tab Sales/Sales Order/Input Harga'

2022-06-28 08:18:34 - [TEST_STEP][PASSED] - click(findTestObject("Object Repository/Page_SKT ERP  ERP/Tab Sales/Sales Order/Save Sales Order Line")): Object: 'Object Repository/Page_SKT ERP  ERP/Tab Sales/Sales Order/Save Sales Order Line' is clicked on

2022-06-28 08:18:34 - [MESSAGE][PASSED] - Object: 'Object Repository/Page_SKT ERP  ERP/Tab Sales/Sales Order/Save Sales Order Line' is clicked on

2022-06-28 08:18:34 - [TEST_STEP][PASSED] - click(findTestObject("Page_SKT ERP  ERP/Tab Sales/Sales Order/Save Sales Order")): Object: 'Object Repository/Page_SKT ERP  ERP/Tab Sales/Sales Order/Save Sales Order' is clicked on

2022-06-28 08:18:35 - [MESSAGE][PASSED] - Object: 'Object Repository/Page_SKT ERP  ERP/Tab Sales/Sales Order/Save Sales Order' is clicked on]]></system-out>
         <system-err><![CDATA[]]></system-err>
      </testcase>
      <testcase name="Test Cases/Demo 28 Juni 2022/Release Sales Order Box Layer" time="69.629" classname="Test Cases/Demo 28 Juni 2022/Release Sales Order Box Layer" status="PASSED">
         <system-out><![CDATA[2022-06-28 08:18:35 - [TEST_CASE][PASSED] - Test Cases/Demo 28 Juni 2022/Release Sales Order Box Layer: Test Cases/Demo 28 Juni 2022/Release Sales Order Box Layer

2022-06-28 08:18:36 - [TEST_STEP][PASSED] - openBrowser(""): Browser is opened with url: ''

2022-06-28 08:18:36 - [MESSAGE][WARNING] - A browser is already opened. Closing browser and opening a new one

2022-06-28 08:18:37 - [MESSAGE][INFO] - Starting 'Chrome' driver

2022-06-28 08:18:37 - [MESSAGE][INFO] - Action delay is set to 0 milliseconds

2022-06-28 08:18:39 - [MESSAGE][PASSED] - Browser is opened with url: ''

2022-06-28 08:18:39 - [TEST_STEP][PASSED] - navigateToUrl("http://localhost:3001/login"): Navigate to 'http://localhost:3001/login' successfully

2022-06-28 08:18:41 - [MESSAGE][PASSED] - Navigate to 'http://localhost:3001/login' successfully

2022-06-28 08:18:41 - [TEST_STEP][PASSED] - setText(findTestObject("Object Repository/Page_SKT ERP  ERP/Login/input_login_username"), "devshelly"): Text 'devshelly' is set on object 'Object Repository/Page_SKT ERP  ERP/Login/input_login_username'

2022-06-28 08:18:42 - [MESSAGE][PASSED] - Text 'devshelly' is set on object 'Object Repository/Page_SKT ERP  ERP/Login/input_login_username'

2022-06-28 08:18:42 - [TEST_STEP][PASSED] - setEncryptedText(findTestObject("Object Repository/Page_SKT ERP  ERP/Login/input_login_password"), "bD8Rq1FIAurX2vfab/lFTQ=="): Text ****** has been set on object 'Object Repository/Page_SKT ERP  ERP/Login/input_login_password'

2022-06-28 08:18:42 - [MESSAGE][PASSED] - Text ****** has been set on object 'Object Repository/Page_SKT ERP  ERP/Login/input_login_password'

2022-06-28 08:18:42 - [TEST_STEP][PASSED] - maximizeWindow(): Current window maximized

2022-06-28 08:18:42 - [MESSAGE][PASSED] - Current window maximized

2022-06-28 08:18:42 - [TEST_STEP][PASSED] - click(findTestObject("Object Repository/Page_SKT ERP  ERP/Login/button_login")): Object: 'Object Repository/Page_SKT ERP  ERP/Login/button_login' is clicked on

2022-06-28 08:18:43 - [MESSAGE][PASSED] - Object: 'Object Repository/Page_SKT ERP  ERP/Login/button_login' is clicked on

2022-06-28 08:18:43 - [TEST_STEP][PASSED] - click(findTestObject("Object Repository/Page_SKT ERP  ERP/Tab Sales/Tab Sales")): Object: 'Object Repository/Page_SKT ERP  ERP/Tab Sales/Tab Sales' is clicked on

2022-06-28 08:18:47 - [MESSAGE][PASSED] - Object: 'Object Repository/Page_SKT ERP  ERP/Tab Sales/Tab Sales' is clicked on

2022-06-28 08:18:47 - [TEST_STEP][PASSED] - click(findTestObject("Page_SKT ERP  ERP/Tab Sales/Release Sales Order/Tab Release Sales Order")): Object: 'Object Repository/Page_SKT ERP  ERP/Tab Sales/Release Sales Order/Tab Release Sales Order' is clicked on

2022-06-28 08:18:48 - [MESSAGE][PASSED] - Object: 'Object Repository/Page_SKT ERP  ERP/Tab Sales/Release Sales Order/Tab Release Sales Order' is clicked on

2022-06-28 08:18:48 - [TEST_STEP][PASSED] - click(findTestObject("Page_SKT ERP  ERP/Tab Sales/Release Sales Order/Button Filters")): Object: 'Object Repository/Page_SKT ERP  ERP/Tab Sales/Release Sales Order/Button Filters' is clicked on

2022-06-28 08:19:17 - [MESSAGE][PASSED] - Object: 'Object Repository/Page_SKT ERP  ERP/Tab Sales/Release Sales Order/Button Filters' is clicked on

2022-06-28 08:19:17 - [TEST_STEP][PASSED] - click(findTestObject("Page_SKT ERP  ERP/Tab Sales/Release Sales Order/Filters by No SO")): Object: 'Object Repository/Page_SKT ERP  ERP/Tab Sales/Release Sales Order/Filters by No SO' is clicked on

2022-06-28 08:19:17 - [MESSAGE][PASSED] - Object: 'Object Repository/Page_SKT ERP  ERP/Tab Sales/Release Sales Order/Filters by No SO' is clicked on

2022-06-28 08:19:17 - [TEST_STEP][PASSED] - noSalesOrder = noSalesOrderBoxLayer: null

2022-06-28 08:19:17 - [TEST_STEP][PASSED] - setText(findTestObject("Page_SKT ERP  ERP/Tab Sales/Release Sales Order/Filters by No SO"), noSalesOrder): Text 'bxnkglytscs' is set on object 'Object Repository/Page_SKT ERP  ERP/Tab Sales/Release Sales Order/Filters by No SO'

2022-06-28 08:19:18 - [MESSAGE][PASSED] - Text 'bxnkglytscs' is set on object 'Object Repository/Page_SKT ERP  ERP/Tab Sales/Release Sales Order/Filters by No SO'

2022-06-28 08:19:18 - [TEST_STEP][PASSED] - click(findTestObject("Page_SKT ERP  ERP/Tab Sales/Release Sales Order/button Search in Filters")): Object: 'Object Repository/Page_SKT ERP  ERP/Tab Sales/Release Sales Order/button Search in Filters' is clicked on

2022-06-28 08:19:19 - [MESSAGE][PASSED] - Object: 'Object Repository/Page_SKT ERP  ERP/Tab Sales/Release Sales Order/button Search in Filters' is clicked on

2022-06-28 08:19:19 - [TEST_STEP][PASSED] - scrollToElement(findTestObject("Page_SKT ERP  ERP/Tab Sales/Release Sales Order/button Search in Filters"), 30): Scroll to object 'Object Repository/Page_SKT ERP  ERP/Tab Sales/Release Sales Order/button Search in Filters' successfully

2022-06-28 08:19:20 - [MESSAGE][PASSED] - Scroll to object 'Object Repository/Page_SKT ERP  ERP/Tab Sales/Release Sales Order/button Search in Filters' successfully

2022-06-28 08:19:20 - [TEST_STEP][PASSED] - delay(5): Delayed 5 second(s)

2022-06-28 08:19:25 - [MESSAGE][PASSED] - Delayed 5 second(s)

2022-06-28 08:19:25 - [TEST_STEP][PASSED] - click(findTestObject("Page_SKT ERP  ERP/Tab Sales/Release Sales Order/Release")): Object: 'Object Repository/Page_SKT ERP  ERP/Tab Sales/Release Sales Order/Release' is clicked on

2022-06-28 08:19:26 - [MESSAGE][PASSED] - Object: 'Object Repository/Page_SKT ERP  ERP/Tab Sales/Release Sales Order/Release' is clicked on

2022-06-28 08:19:26 - [TEST_STEP][PASSED] - click(findTestObject("Page_SKT ERP  ERP/Tab Sales/Release Sales Order/button Ya for Release Sales Order")): Object: 'Object Repository/Page_SKT ERP  ERP/Tab Sales/Release Sales Order/button Ya for Release Sales Order' is clicked on

2022-06-28 08:19:26 - [MESSAGE][PASSED] - Object: 'Object Repository/Page_SKT ERP  ERP/Tab Sales/Release Sales Order/button Ya for Release Sales Order' is clicked on

2022-06-28 08:19:26 - [TEST_STEP][PASSED] - scrollToElement(findTestObject("Page_SKT ERP  ERP/Tab Sales/Release Sales Order/Assign"), 30): Scroll to object 'Object Repository/Page_SKT ERP  ERP/Tab Sales/Release Sales Order/Assign' successfully

2022-06-28 08:19:28 - [MESSAGE][PASSED] - Scroll to object 'Object Repository/Page_SKT ERP  ERP/Tab Sales/Release Sales Order/Assign' successfully

2022-06-28 08:19:28 - [TEST_STEP][PASSED] - click(findTestObject("Page_SKT ERP  ERP/Tab Sales/Release Sales Order/Assign")): Object: 'Object Repository/Page_SKT ERP  ERP/Tab Sales/Release Sales Order/Assign' is clicked on

2022-06-28 08:19:29 - [MESSAGE][PASSED] - Object: 'Object Repository/Page_SKT ERP  ERP/Tab Sales/Release Sales Order/Assign' is clicked on

2022-06-28 08:19:29 - [TEST_STEP][PASSED] - click(findTestObject("Page_SKT ERP  ERP/Tab Sales/Release Sales Order/button_Ya")): Object: 'Object Repository/Page_SKT ERP  ERP/Tab Sales/Release Sales Order/button_Ya' is clicked on

2022-06-28 08:19:29 - [MESSAGE][PASSED] - Object: 'Object Repository/Page_SKT ERP  ERP/Tab Sales/Release Sales Order/button_Ya' is clicked on

2022-06-28 08:19:29 - [TEST_STEP][PASSED] - delay(5): Delayed 5 second(s)

2022-06-28 08:19:34 - [MESSAGE][PASSED] - Delayed 5 second(s)

2022-06-28 08:19:34 - [TEST_STEP][PASSED] - click(findTestObject("Page_SKT ERP  ERP/Tab Sales/Tab Sales")): Object: 'Object Repository/Page_SKT ERP  ERP/Tab Sales/Tab Sales' is clicked on

2022-06-28 08:19:36 - [MESSAGE][PASSED] - Object: 'Object Repository/Page_SKT ERP  ERP/Tab Sales/Tab Sales' is clicked on

2022-06-28 08:19:36 - [TEST_STEP][PASSED] - click(findTestObject("Page_SKT ERP  ERP/Tab Sales/Release Sales Order - Approval/Tab Release Sales Order - Approval")): Object: 'Object Repository/Page_SKT ERP  ERP/Tab Sales/Release Sales Order - Approval/Tab Release Sales Order - Approval' is clicked on

2022-06-28 08:19:37 - [MESSAGE][PASSED] - Object: 'Object Repository/Page_SKT ERP  ERP/Tab Sales/Release Sales Order - Approval/Tab Release Sales Order - Approval' is clicked on

2022-06-28 08:19:37 - [TEST_STEP][PASSED] - click(findTestObject("Page_SKT ERP  ERP/Tab Sales/Release Sales Order - Approval/Approve")): Object: 'Object Repository/Page_SKT ERP  ERP/Tab Sales/Release Sales Order - Approval/Approve' is clicked on

2022-06-28 08:19:38 - [MESSAGE][PASSED] - Object: 'Object Repository/Page_SKT ERP  ERP/Tab Sales/Release Sales Order - Approval/Approve' is clicked on

2022-06-28 08:19:38 - [TEST_STEP][PASSED] - click(findTestObject("Page_SKT ERP  ERP/Tab Sales/Release Sales Order - Approval/button Ya for Approve")): Object: 'Object Repository/Page_SKT ERP  ERP/Tab Sales/Release Sales Order - Approval/button Ya for Approve' is clicked on

2022-06-28 08:19:39 - [MESSAGE][PASSED] - Object: 'Object Repository/Page_SKT ERP  ERP/Tab Sales/Release Sales Order - Approval/button Ya for Approve' is clicked on

2022-06-28 08:19:39 - [TEST_STEP][PASSED] - delay(5): Delayed 5 second(s)

2022-06-28 08:19:44 - [MESSAGE][PASSED] - Delayed 5 second(s)

2022-06-28 08:19:44 - [TEST_STEP][PASSED] - closeBrowser(): Browser is closed

2022-06-28 08:19:45 - [MESSAGE][PASSED] - Browser is closed]]></system-out>
         <system-err><![CDATA[]]></system-err>
      </testcase>
      <testcase name="Test Cases/Demo 28 Juni 2022/2B_ Verify Calculated Values in Work Order (box layer1 layer2)" time="102.273" classname="Test Cases/Demo 28 Juni 2022/2B_ Verify Calculated Values in Work Order (box layer1 layer2)" status="PASSED">
         <system-out><![CDATA[2022-06-28 08:19:45 - [TEST_CASE][PASSED] - Test Cases/Demo 28 Juni 2022/2B_ Verify Calculated Values in Work Order (box layer1 layer2): Test Cases/Demo 28 Juni 2022/2B_ Verify Calculated Values in Work Order (box layer1 layer2)

2022-06-28 08:19:46 - [TEST_STEP][PASSED] - openBrowser(""): Browser is opened with url: ''

2022-06-28 08:19:46 - [MESSAGE][INFO] - Starting 'Chrome' driver

2022-06-28 08:19:46 - [MESSAGE][INFO] - Action delay is set to 0 milliseconds

2022-06-28 08:19:47 - [MESSAGE][PASSED] - Browser is opened with url: ''

2022-06-28 08:19:47 - [TEST_STEP][PASSED] - navigateToUrl("http://localhost:3001/login"): Navigate to 'http://localhost:3001/login' successfully

2022-06-28 08:19:49 - [MESSAGE][PASSED] - Navigate to 'http://localhost:3001/login' successfully

2022-06-28 08:19:49 - [TEST_STEP][PASSED] - setText(findTestObject("Object Repository/Page_SKT ERP  ERP/Login/input_login_username"), "devshelly"): Text 'devshelly' is set on object 'Object Repository/Page_SKT ERP  ERP/Login/input_login_username'

2022-06-28 08:19:50 - [MESSAGE][PASSED] - Text 'devshelly' is set on object 'Object Repository/Page_SKT ERP  ERP/Login/input_login_username'

2022-06-28 08:19:50 - [TEST_STEP][PASSED] - setEncryptedText(findTestObject("Object Repository/Page_SKT ERP  ERP/Login/input_login_password"), "bD8Rq1FIAurX2vfab/lFTQ=="): Text ****** has been set on object 'Object Repository/Page_SKT ERP  ERP/Login/input_login_password'

2022-06-28 08:19:51 - [MESSAGE][PASSED] - Text ****** has been set on object 'Object Repository/Page_SKT ERP  ERP/Login/input_login_password'

2022-06-28 08:19:51 - [TEST_STEP][PASSED] - maximizeWindow(): Current window maximized

2022-06-28 08:19:51 - [MESSAGE][PASSED] - Current window maximized

2022-06-28 08:19:51 - [TEST_STEP][PASSED] - driver = getWebDriver(): null

2022-06-28 08:19:51 - [TEST_STEP][PASSED] - click(findTestObject("Object Repository/Page_SKT ERP  ERP/Login/button_login")): Object: 'Object Repository/Page_SKT ERP  ERP/Login/button_login' is clicked on

2022-06-28 08:19:51 - [MESSAGE][PASSED] - Object: 'Object Repository/Page_SKT ERP  ERP/Login/button_login' is clicked on

2022-06-28 08:19:51 - [TEST_STEP][PASSED] - click(findTestObject("Object Repository/Page_SKT ERP  ERP/Tab Sales/Tab Sales")): Object: 'Object Repository/Page_SKT ERP  ERP/Tab Sales/Tab Sales' is clicked on

2022-06-28 08:19:55 - [MESSAGE][PASSED] - Object: 'Object Repository/Page_SKT ERP  ERP/Tab Sales/Tab Sales' is clicked on

2022-06-28 08:19:55 - [TEST_STEP][PASSED] - click(findTestObject("Page_SKT ERP  ERP/Tab Sales/Release Sales Order/Tab Release Sales Order")): Object: 'Object Repository/Page_SKT ERP  ERP/Tab Sales/Release Sales Order/Tab Release Sales Order' is clicked on

2022-06-28 08:19:56 - [MESSAGE][PASSED] - Object: 'Object Repository/Page_SKT ERP  ERP/Tab Sales/Release Sales Order/Tab Release Sales Order' is clicked on

2022-06-28 08:19:56 - [TEST_STEP][PASSED] - click(findTestObject("Page_SKT ERP  ERP/Tab Sales/Release Sales Order/Button Filters")): Object: 'Object Repository/Page_SKT ERP  ERP/Tab Sales/Release Sales Order/Button Filters' is clicked on

2022-06-28 08:20:16 - [MESSAGE][PASSED] - Object: 'Object Repository/Page_SKT ERP  ERP/Tab Sales/Release Sales Order/Button Filters' is clicked on

2022-06-28 08:20:16 - [TEST_STEP][PASSED] - click(findTestObject("Page_SKT ERP  ERP/Tab Sales/Release Sales Order/Filters by No SO")): Object: 'Object Repository/Page_SKT ERP  ERP/Tab Sales/Release Sales Order/Filters by No SO' is clicked on

2022-06-28 08:20:17 - [MESSAGE][PASSED] - Object: 'Object Repository/Page_SKT ERP  ERP/Tab Sales/Release Sales Order/Filters by No SO' is clicked on

2022-06-28 08:20:17 - [TEST_STEP][PASSED] - noSalesOrder = noSalesOrderBoxLayer: null

2022-06-28 08:20:17 - [TEST_STEP][PASSED] - setText(findTestObject("Page_SKT ERP  ERP/Tab Sales/Release Sales Order/Filters by No SO"), noSalesOrder): Text 'bxnkglytscs' is set on object 'Object Repository/Page_SKT ERP  ERP/Tab Sales/Release Sales Order/Filters by No SO'

2022-06-28 08:20:18 - [MESSAGE][PASSED] - Text 'bxnkglytscs' is set on object 'Object Repository/Page_SKT ERP  ERP/Tab Sales/Release Sales Order/Filters by No SO'

2022-06-28 08:20:18 - [TEST_STEP][PASSED] - click(findTestObject("Page_SKT ERP  ERP/Tab Sales/Release Sales Order/button Search in Filters")): Object: 'Object Repository/Page_SKT ERP  ERP/Tab Sales/Release Sales Order/button Search in Filters' is clicked on

2022-06-28 08:20:19 - [MESSAGE][PASSED] - Object: 'Object Repository/Page_SKT ERP  ERP/Tab Sales/Release Sales Order/button Search in Filters' is clicked on

2022-06-28 08:20:19 - [TEST_STEP][PASSED] - scrollToElement(findTestObject("Page_SKT ERP  ERP/Tab Sales/Release Sales Order/button Search in Filters"), 30): Scroll to object 'Object Repository/Page_SKT ERP  ERP/Tab Sales/Release Sales Order/button Search in Filters' successfully

2022-06-28 08:20:21 - [MESSAGE][PASSED] - Scroll to object 'Object Repository/Page_SKT ERP  ERP/Tab Sales/Release Sales Order/button Search in Filters' successfully

2022-06-28 08:20:21 - [TEST_STEP][PASSED] - delay(3): Delayed 3 second(s)

2022-06-28 08:20:24 - [MESSAGE][PASSED] - Delayed 3 second(s)

2022-06-28 08:20:24 - [TEST_STEP][PASSED] - Table = driver.findElement(By.xpath("/html[1]/body[1]/div[1]/div[1]/main[1]/section[1]/div[1]/div[2]/div[2]/div[2]/div[1]/div[1]/div[1]/div[1]/div[1]/div[2]/table[1]/tbody[1]")): null

2022-06-28 08:20:25 - [TEST_STEP][PASSED] - rows_table = Table.findElements(By.tagName("tr")): null

2022-06-28 08:20:25 - [TEST_STEP][PASSED] - rows_count = rows_table.size(): null

2022-06-28 08:20:25 - [TEST_STEP][PASSED] - isiTable = <not implemented yet for class: org.codehaus.groovy.ast.expr.EmptyExpression>: null

2022-06-28 08:20:25 - [TEST_STEP][PASSED] - outkrts = <not implemented yet for class: org.codehaus.groovy.ast.expr.EmptyExpression>: null

2022-06-28 08:20:25 - [TEST_STEP][PASSED] - corr = <not implemented yet for class: org.codehaus.groovy.ast.expr.EmptyExpression>: null

2022-06-28 08:20:25 - [TEST_STEP][PASSED] - beratbox = <not implemented yet for class: org.codehaus.groovy.ast.expr.EmptyExpression>: null

2022-06-28 08:20:25 - [TEST_STEP][PASSED] - beratorder = <not implemented yet for class: org.codehaus.groovy.ast.expr.EmptyExpression>: null

2022-06-28 08:20:25 - [TEST_STEP][PASSED] - berattrim = <not implemented yet for class: org.codehaus.groovy.ast.expr.EmptyExpression>: null

2022-06-28 08:20:25 - [TEST_STEP][PASSED] - BeratSubstance1 = <not implemented yet for class: org.codehaus.groovy.ast.expr.EmptyExpression>: null

2022-06-28 08:20:25 - [TEST_STEP][PASSED] - BeratSubstance2 = <not implemented yet for class: org.codehaus.groovy.ast.expr.EmptyExpression>: null

2022-06-28 08:20:25 - [TEST_STEP][PASSED] - BeratSubstance3 = <not implemented yet for class: org.codehaus.groovy.ast.expr.EmptyExpression>: null

2022-06-28 08:20:25 - [TEST_STEP][PASSED] - BeratSubstance4 = <not implemented yet for class: org.codehaus.groovy.ast.expr.EmptyExpression>: null

2022-06-28 08:20:25 - [TEST_STEP][PASSED] - BeratSubstance5 = <not implemented yet for class: org.codehaus.groovy.ast.expr.EmptyExpression>: null

2022-06-28 08:20:25 - [TEST_STEP][PASSED] - noSPKperItem = new java.util.ArrayList(): null

2022-06-28 08:20:25 - [TEST_STEP][PASSED] - for ([row = 0, row < rows_count, (row++)]): null

2022-06-28 08:20:25 - [TEST_STEP][PASSED] - Columns_row = get(row).findElements(By.tagName("td")): null

2022-06-28 08:20:25 - [TEST_STEP][PASSED] - column_no_spk_item = 4: null

2022-06-28 08:20:25 - [TEST_STEP][PASSED] - isiTable = get(column_no_spk_item).getText(): null

2022-06-28 08:20:25 - [TEST_STEP][PASSED] - comment(isiTable): 2206.0213.SPK

2022-06-28 08:20:26 - [MESSAGE][INFO] - 2206.0213.SPK

2022-06-28 08:20:26 - [TEST_STEP][PASSED] - noSPKperItem.add(isiTable): null

2022-06-28 08:20:26 - [TEST_STEP][PASSED] - Columns_row = get(row).findElements(By.tagName("td")): null

2022-06-28 08:20:26 - [TEST_STEP][PASSED] - column_no_spk_item = 4: null

2022-06-28 08:20:26 - [TEST_STEP][PASSED] - isiTable = get(column_no_spk_item).getText(): null

2022-06-28 08:20:26 - [TEST_STEP][PASSED] - comment(isiTable): 2206.0214.SPK

2022-06-28 08:20:26 - [MESSAGE][INFO] - 2206.0214.SPK

2022-06-28 08:20:26 - [TEST_STEP][PASSED] - noSPKperItem.add(isiTable): null

2022-06-28 08:20:26 - [TEST_STEP][PASSED] - Columns_row = get(row).findElements(By.tagName("td")): null

2022-06-28 08:20:26 - [TEST_STEP][PASSED] - column_no_spk_item = 4: null

2022-06-28 08:20:26 - [TEST_STEP][PASSED] - isiTable = get(column_no_spk_item).getText(): null

2022-06-28 08:20:26 - [TEST_STEP][PASSED] - comment(isiTable): 2206.0215.SPK

2022-06-28 08:20:26 - [MESSAGE][INFO] - 2206.0215.SPK

2022-06-28 08:20:26 - [TEST_STEP][PASSED] - noSPKperItem.add(isiTable): null

2022-06-28 08:20:26 - [TEST_STEP][PASSED] - allValues = new java.util.ArrayList(): null

2022-06-28 08:20:26 - [TEST_STEP][PASSED] - array_count = noSPKperItem.size(): null

2022-06-28 08:20:26 - [TEST_STEP][PASSED] - for ([arr = 0, arr < array_count, (arr++)]): null

2022-06-28 08:20:26 - [TEST_STEP][PASSED] - out = noSPKperItem[arr]: null

2022-06-28 08:20:26 - [TEST_STEP][PASSED] - click(findTestObject("Page_SKT ERP  ERP/Tab Production/Tab Production")): Object: 'Object Repository/Page_SKT ERP  ERP/Tab Production/Tab Production' is clicked on

2022-06-28 08:20:27 - [MESSAGE][PASSED] - Object: 'Object Repository/Page_SKT ERP  ERP/Tab Production/Tab Production' is clicked on

2022-06-28 08:20:27 - [TEST_STEP][PASSED] - click(findTestObject("Page_SKT ERP  ERP/Tab Production/Work Order (SPK)/Tab Work Order (SPK)")): Object: 'Object Repository/Page_SKT ERP  ERP/Tab Production/Work Order (SPK)/Tab Work Order (SPK)' is clicked on

2022-06-28 08:20:28 - [MESSAGE][PASSED] - Object: 'Object Repository/Page_SKT ERP  ERP/Tab Production/Work Order (SPK)/Tab Work Order (SPK)' is clicked on

2022-06-28 08:20:28 - [TEST_STEP][PASSED] - click(findTestObject("Page_SKT ERP  ERP/Tab Production/Work Order (SPK)/button Filters")): Object: 'Object Repository/Page_SKT ERP  ERP/Tab Production/Work Order (SPK)/button Filters' is clicked on

2022-06-28 08:20:32 - [MESSAGE][PASSED] - Object: 'Object Repository/Page_SKT ERP  ERP/Tab Production/Work Order (SPK)/button Filters' is clicked on

2022-06-28 08:20:32 - [TEST_STEP][PASSED] - click(findTestObject("Page_SKT ERP  ERP/Tab Production/Work Order (SPK)/Filters by No SPK (per item)")): Object: 'Object Repository/Page_SKT ERP  ERP/Tab Production/Work Order (SPK)/Filters by No SPK (per item)' is clicked on

2022-06-28 08:20:32 - [MESSAGE][PASSED] - Object: 'Object Repository/Page_SKT ERP  ERP/Tab Production/Work Order (SPK)/Filters by No SPK (per item)' is clicked on

2022-06-28 08:20:32 - [TEST_STEP][PASSED] - setText(findTestObject("Page_SKT ERP  ERP/Tab Production/Work Order (SPK)/Filters by No SPK (per item)"), out): Text '2206.0213.SPK' is set on object 'Object Repository/Page_SKT ERP  ERP/Tab Production/Work Order (SPK)/Filters by No SPK (per item)'

2022-06-28 08:20:33 - [MESSAGE][PASSED] - Text '2206.0213.SPK' is set on object 'Object Repository/Page_SKT ERP  ERP/Tab Production/Work Order (SPK)/Filters by No SPK (per item)'

2022-06-28 08:20:33 - [TEST_STEP][PASSED] - click(findTestObject("Page_SKT ERP  ERP/Tab Production/Work Order (SPK)/button Search in Filters")): Object: 'Object Repository/Page_SKT ERP  ERP/Tab Production/Work Order (SPK)/button Search in Filters' is clicked on

2022-06-28 08:20:34 - [MESSAGE][PASSED] - Object: 'Object Repository/Page_SKT ERP  ERP/Tab Production/Work Order (SPK)/button Search in Filters' is clicked on

2022-06-28 08:20:34 - [TEST_STEP][PASSED] - click(findTestObject("Page_SKT ERP  ERP/Tab Production/Work Order (SPK)/View Work Order")): Object: 'Object Repository/Page_SKT ERP  ERP/Tab Production/Work Order (SPK)/View Work Order' is clicked on

2022-06-28 08:20:36 - [MESSAGE][PASSED] - Object: 'Object Repository/Page_SKT ERP  ERP/Tab Production/Work Order (SPK)/View Work Order' is clicked on

2022-06-28 08:20:36 - [TEST_STEP][PASSED] - delay(5): Delayed 5 second(s)

2022-06-28 08:20:41 - [MESSAGE][PASSED] - Delayed 5 second(s)

2022-06-28 08:20:41 - [TEST_STEP][PASSED] - type = getAttribute(findTestObject("Page_SKT ERP  ERP/Tab Production/Work Order (SPK)/tipe"), "value"): Attribute 'value' of object 'Object Repository/Page_SKT ERP  ERP/Tab Production/Work Order (SPK)/tipe' is: 'BOX'

2022-06-28 08:20:41 - [MESSAGE][PASSED] - Attribute 'value' of object 'Object Repository/Page_SKT ERP  ERP/Tab Production/Work Order (SPK)/tipe' is: 'BOX'

2022-06-28 08:20:41 - [TEST_STEP][PASSED] - if (type == "BOX"): 11.02

2022-06-28 08:20:41 - [TEST_STEP][PASSED] - outkrts = getAttribute(findTestObject("Page_SKT ERP  ERP/Tab Production/Work Order (SPK)/Work order Values (box)/Out Kertas Values (box)"), "value"): Attribute 'value' of object 'Object Repository/Page_SKT ERP  ERP/Tab Production/Work Order (SPK)/Work order Values (box)/Out Kertas Values (box)' is: '3'

2022-06-28 08:20:42 - [MESSAGE][PASSED] - Attribute 'value' of object 'Object Repository/Page_SKT ERP  ERP/Tab Production/Work Order (SPK)/Work order Values (box)/Out Kertas Values (box)' is: '3'

2022-06-28 08:20:42 - [TEST_STEP][PASSED] - comment(outkrts): 3

2022-06-28 08:20:42 - [MESSAGE][INFO] - 3

2022-06-28 08:20:42 - [TEST_STEP][PASSED] - corr = getAttribute(findTestObject("Page_SKT ERP  ERP/Tab Production/Work Order (SPK)/Work order Values (box)/Corr Values (box)"), "value"): Attribute 'value' of object 'Object Repository/Page_SKT ERP  ERP/Tab Production/Work Order (SPK)/Work order Values (box)/Corr Values (box)' is: '33'

2022-06-28 08:20:42 - [MESSAGE][PASSED] - Attribute 'value' of object 'Object Repository/Page_SKT ERP  ERP/Tab Production/Work Order (SPK)/Work order Values (box)/Corr Values (box)' is: '33'

2022-06-28 08:20:42 - [TEST_STEP][PASSED] - comment(corr): 33

2022-06-28 08:20:42 - [MESSAGE][INFO] - 33

2022-06-28 08:20:42 - [TEST_STEP][PASSED] - beratbox = getAttribute(findTestObject("Page_SKT ERP  ERP/Tab Production/Work Order (SPK)/Work order Values (box)/Berat at Box (gram) (box)"), "value"): Attribute 'value' of object 'Object Repository/Page_SKT ERP  ERP/Tab Production/Work Order (SPK)/Work order Values (box)/Berat at Box (gram) (box)' is: '344.72'

2022-06-28 08:20:42 - [MESSAGE][PASSED] - Attribute 'value' of object 'Object Repository/Page_SKT ERP  ERP/Tab Production/Work Order (SPK)/Work order Values (box)/Berat at Box (gram) (box)' is: '344.72'

2022-06-28 08:20:42 - [TEST_STEP][PASSED] - comment(beratbox): 344.72

2022-06-28 08:20:42 - [MESSAGE][INFO] - 344.72

2022-06-28 08:20:42 - [TEST_STEP][PASSED] - beratorder = getAttribute(findTestObject("Page_SKT ERP  ERP/Tab Production/Work Order (SPK)/Work order Values (box)/Berat Order (Kg) (box)"), "value"): Attribute 'value' of object 'Object Repository/Page_SKT ERP  ERP/Tab Production/Work Order (SPK)/Work order Values (box)/Berat Order (Kg) (box)' is: '34.48'

2022-06-28 08:20:43 - [MESSAGE][PASSED] - Attribute 'value' of object 'Object Repository/Page_SKT ERP  ERP/Tab Production/Work Order (SPK)/Work order Values (box)/Berat Order (Kg) (box)' is: '34.48'

2022-06-28 08:20:43 - [TEST_STEP][PASSED] - comment(beratorder): 34.48

2022-06-28 08:20:43 - [MESSAGE][INFO] - 34.48

2022-06-28 08:20:43 - [TEST_STEP][PASSED] - berattrim = getAttribute(findTestObject("Page_SKT ERP  ERP/Tab Production/Work Order (SPK)/Work order Values (box)/Berat Trim (Kg) (box)"), "value"): Attribute 'value' of object 'Object Repository/Page_SKT ERP  ERP/Tab Production/Work Order (SPK)/Work order Values (box)/Berat Trim (Kg) (box)' is: '0.96822'

2022-06-28 08:20:43 - [MESSAGE][PASSED] - Attribute 'value' of object 'Object Repository/Page_SKT ERP  ERP/Tab Production/Work Order (SPK)/Work order Values (box)/Berat Trim (Kg) (box)' is: '0.96822'

2022-06-28 08:20:43 - [TEST_STEP][PASSED] - comment(berattrim): 0.96822

2022-06-28 08:20:43 - [MESSAGE][INFO] - 0.96822

2022-06-28 08:20:43 - [TEST_STEP][PASSED] - BeratSubstance1 = getAttribute(findTestObject("Page_SKT ERP  ERP/Tab Production/Work Order (SPK)/Work order Values (box)/Berat Substance 1 (box)"), "value"): Attribute 'value' of object 'Object Repository/Page_SKT ERP  ERP/Tab Production/Work Order (SPK)/Work order Values (box)/Berat Substance 1 (box)' is: '11.02'

2022-06-28 08:20:44 - [MESSAGE][PASSED] - Attribute 'value' of object 'Object Repository/Page_SKT ERP  ERP/Tab Production/Work Order (SPK)/Work order Values (box)/Berat Substance 1 (box)' is: '11.02'

2022-06-28 08:20:44 - [TEST_STEP][PASSED] - comment(BeratSubstance1): 11.02

2022-06-28 08:20:44 - [MESSAGE][INFO] - 11.02

2022-06-28 08:20:44 - [TEST_STEP][PASSED] - BeratSubstance2 = getAttribute(findTestObject("Page_SKT ERP  ERP/Tab Production/Work Order (SPK)/Work order Values (box)/Berat Substance 2 (box)"), "value"): Attribute 'value' of object 'Object Repository/Page_SKT ERP  ERP/Tab Production/Work Order (SPK)/Work order Values (box)/Berat Substance 2 (box)' is: '0'

2022-06-28 08:20:44 - [MESSAGE][PASSED] - Attribute 'value' of object 'Object Repository/Page_SKT ERP  ERP/Tab Production/Work Order (SPK)/Work order Values (box)/Berat Substance 2 (box)' is: '0'

2022-06-28 08:20:44 - [TEST_STEP][PASSED] - comment(BeratSubstance2): 0

2022-06-28 08:20:44 - [MESSAGE][INFO] - 0

2022-06-28 08:20:44 - [TEST_STEP][PASSED] - BeratSubstance3 = getAttribute(findTestObject("Page_SKT ERP  ERP/Tab Production/Work Order (SPK)/Work order Values (box)/Berat Substance 3 (box)"), "value"): Attribute 'value' of object 'Object Repository/Page_SKT ERP  ERP/Tab Production/Work Order (SPK)/Work order Values (box)/Berat Substance 3 (box)' is: '0'

2022-06-28 08:20:45 - [MESSAGE][PASSED] - Attribute 'value' of object 'Object Repository/Page_SKT ERP  ERP/Tab Production/Work Order (SPK)/Work order Values (box)/Berat Substance 3 (box)' is: '0'

2022-06-28 08:20:45 - [TEST_STEP][PASSED] - comment(BeratSubstance3): 0

2022-06-28 08:20:45 - [MESSAGE][INFO] - 0

2022-06-28 08:20:45 - [TEST_STEP][PASSED] - BeratSubstance4 = getAttribute(findTestObject("Page_SKT ERP  ERP/Tab Production/Work Order (SPK)/Work order Values (box)/Berat Substance 4 (box)"), "value"): Attribute 'value' of object 'Object Repository/Page_SKT ERP  ERP/Tab Production/Work Order (SPK)/Work order Values (box)/Berat Substance 4 (box)' is: '13.05'

2022-06-28 08:20:45 - [MESSAGE][PASSED] - Attribute 'value' of object 'Object Repository/Page_SKT ERP  ERP/Tab Production/Work Order (SPK)/Work order Values (box)/Berat Substance 4 (box)' is: '13.05'

2022-06-28 08:20:45 - [TEST_STEP][PASSED] - comment(BeratSubstance4): 13.05

2022-06-28 08:20:45 - [MESSAGE][INFO] - 13.05

2022-06-28 08:20:45 - [TEST_STEP][PASSED] - BeratSubstance5 = getAttribute(findTestObject("Page_SKT ERP  ERP/Tab Production/Work Order (SPK)/Work order Values (box)/Berat Substance 5 (box)"), "value"): Attribute 'value' of object 'Object Repository/Page_SKT ERP  ERP/Tab Production/Work Order (SPK)/Work order Values (box)/Berat Substance 5 (box)' is: '11.02'

2022-06-28 08:20:45 - [MESSAGE][PASSED] - Attribute 'value' of object 'Object Repository/Page_SKT ERP  ERP/Tab Production/Work Order (SPK)/Work order Values (box)/Berat Substance 5 (box)' is: '11.02'

2022-06-28 08:20:45 - [TEST_STEP][PASSED] - comment(BeratSubstance5): 11.02

2022-06-28 08:20:45 - [MESSAGE][INFO] - 11.02

2022-06-28 08:20:45 - [TEST_STEP][PASSED] - if (type == "LAYER"): null

2022-06-28 08:20:45 - [TEST_STEP][PASSED] - click(findTestObject("Page_SKT ERP  ERP/Tab Production/Work Order (SPK)/button back (from view work order)")): Object: 'Object Repository/Page_SKT ERP  ERP/Tab Production/Work Order (SPK)/button back (from view work order)' is clicked on

2022-06-28 08:20:46 - [MESSAGE][PASSED] - Object: 'Object Repository/Page_SKT ERP  ERP/Tab Production/Work Order (SPK)/button back (from view work order)' is clicked on

2022-06-28 08:20:46 - [TEST_STEP][PASSED] - allValues.add(outkrts): null

2022-06-28 08:20:46 - [TEST_STEP][PASSED] - allValues.add(corr): null

2022-06-28 08:20:46 - [TEST_STEP][PASSED] - allValues.add(beratbox): null

2022-06-28 08:20:46 - [TEST_STEP][PASSED] - allValues.add(beratorder): null

2022-06-28 08:20:46 - [TEST_STEP][PASSED] - allValues.add(berattrim): null

2022-06-28 08:20:46 - [TEST_STEP][PASSED] - allValues.add(BeratSubstance1): null

2022-06-28 08:20:46 - [TEST_STEP][PASSED] - allValues.add(BeratSubstance2): null

2022-06-28 08:20:46 - [TEST_STEP][PASSED] - allValues.add(BeratSubstance3): null

2022-06-28 08:20:46 - [TEST_STEP][PASSED] - allValues.add(BeratSubstance4): null

2022-06-28 08:20:46 - [TEST_STEP][PASSED] - allValues.add(BeratSubstance5): null

2022-06-28 08:20:46 - [TEST_STEP][PASSED] - out = noSPKperItem[arr]: null

2022-06-28 08:20:46 - [TEST_STEP][PASSED] - click(findTestObject("Page_SKT ERP  ERP/Tab Production/Tab Production")): Object: 'Object Repository/Page_SKT ERP  ERP/Tab Production/Tab Production' is clicked on

2022-06-28 08:20:49 - [MESSAGE][PASSED] - Object: 'Object Repository/Page_SKT ERP  ERP/Tab Production/Tab Production' is clicked on

2022-06-28 08:20:49 - [TEST_STEP][PASSED] - click(findTestObject("Page_SKT ERP  ERP/Tab Production/Work Order (SPK)/Tab Work Order (SPK)")): Object: 'Object Repository/Page_SKT ERP  ERP/Tab Production/Work Order (SPK)/Tab Work Order (SPK)' is clicked on

2022-06-28 08:20:49 - [MESSAGE][PASSED] - Object: 'Object Repository/Page_SKT ERP  ERP/Tab Production/Work Order (SPK)/Tab Work Order (SPK)' is clicked on

2022-06-28 08:20:49 - [TEST_STEP][PASSED] - click(findTestObject("Page_SKT ERP  ERP/Tab Production/Work Order (SPK)/button Filters")): Object: 'Object Repository/Page_SKT ERP  ERP/Tab Production/Work Order (SPK)/button Filters' is clicked on

2022-06-28 08:20:50 - [MESSAGE][PASSED] - Object: 'Object Repository/Page_SKT ERP  ERP/Tab Production/Work Order (SPK)/button Filters' is clicked on

2022-06-28 08:20:50 - [TEST_STEP][PASSED] - click(findTestObject("Page_SKT ERP  ERP/Tab Production/Work Order (SPK)/Filters by No SPK (per item)")): Object: 'Object Repository/Page_SKT ERP  ERP/Tab Production/Work Order (SPK)/Filters by No SPK (per item)' is clicked on

2022-06-28 08:20:51 - [MESSAGE][PASSED] - Object: 'Object Repository/Page_SKT ERP  ERP/Tab Production/Work Order (SPK)/Filters by No SPK (per item)' is clicked on

2022-06-28 08:20:51 - [TEST_STEP][PASSED] - setText(findTestObject("Page_SKT ERP  ERP/Tab Production/Work Order (SPK)/Filters by No SPK (per item)"), out): Text '2206.0214.SPK' is set on object 'Object Repository/Page_SKT ERP  ERP/Tab Production/Work Order (SPK)/Filters by No SPK (per item)'

2022-06-28 08:20:52 - [MESSAGE][PASSED] - Text '2206.0214.SPK' is set on object 'Object Repository/Page_SKT ERP  ERP/Tab Production/Work Order (SPK)/Filters by No SPK (per item)'

2022-06-28 08:20:52 - [TEST_STEP][PASSED] - click(findTestObject("Page_SKT ERP  ERP/Tab Production/Work Order (SPK)/button Search in Filters")): Object: 'Object Repository/Page_SKT ERP  ERP/Tab Production/Work Order (SPK)/button Search in Filters' is clicked on

2022-06-28 08:20:52 - [MESSAGE][PASSED] - Object: 'Object Repository/Page_SKT ERP  ERP/Tab Production/Work Order (SPK)/button Search in Filters' is clicked on

2022-06-28 08:20:52 - [TEST_STEP][PASSED] - click(findTestObject("Page_SKT ERP  ERP/Tab Production/Work Order (SPK)/View Work Order")): Object: 'Object Repository/Page_SKT ERP  ERP/Tab Production/Work Order (SPK)/View Work Order' is clicked on

2022-06-28 08:20:58 - [MESSAGE][PASSED] - Object: 'Object Repository/Page_SKT ERP  ERP/Tab Production/Work Order (SPK)/View Work Order' is clicked on

2022-06-28 08:20:58 - [TEST_STEP][PASSED] - delay(5): Delayed 5 second(s)

2022-06-28 08:21:03 - [MESSAGE][PASSED] - Delayed 5 second(s)

2022-06-28 08:21:03 - [TEST_STEP][PASSED] - type = getAttribute(findTestObject("Page_SKT ERP  ERP/Tab Production/Work Order (SPK)/tipe"), "value"): Attribute 'value' of object 'Object Repository/Page_SKT ERP  ERP/Tab Production/Work Order (SPK)/tipe' is: 'LAYER'

2022-06-28 08:21:03 - [MESSAGE][PASSED] - Attribute 'value' of object 'Object Repository/Page_SKT ERP  ERP/Tab Production/Work Order (SPK)/tipe' is: 'LAYER'

2022-06-28 08:21:03 - [TEST_STEP][PASSED] - if (type == "BOX"): null

2022-06-28 08:21:03 - [TEST_STEP][PASSED] - if (type == "LAYER"): 0

2022-06-28 08:21:03 - [TEST_STEP][PASSED] - outkrts = getAttribute(findTestObject("Page_SKT ERP  ERP/Tab Production/Work Order (SPK)/Work Order Value (partisi or layer)/Out Kertas Values (partisi or layer)"), "value"): Attribute 'value' of object 'Object Repository/Page_SKT ERP  ERP/Tab Production/Work Order (SPK)/Work Order Value (partisi or layer)/Out Kertas Values (partisi or layer)' is: '5'

2022-06-28 08:21:04 - [MESSAGE][PASSED] - Attribute 'value' of object 'Object Repository/Page_SKT ERP  ERP/Tab Production/Work Order (SPK)/Work Order Value (partisi or layer)/Out Kertas Values (partisi or layer)' is: '5'

2022-06-28 08:21:04 - [TEST_STEP][PASSED] - comment(outkrts): 5

2022-06-28 08:21:04 - [MESSAGE][INFO] - 5

2022-06-28 08:21:04 - [TEST_STEP][PASSED] - corr = getAttribute(findTestObject("Page_SKT ERP  ERP/Tab Production/Work Order (SPK)/Work Order Value (partisi or layer)/Corr Values (partisi or layer)"), "value"): Attribute 'value' of object 'Object Repository/Page_SKT ERP  ERP/Tab Production/Work Order (SPK)/Work Order Value (partisi or layer)/Corr Values (partisi or layer)' is: '20'

2022-06-28 08:21:04 - [MESSAGE][PASSED] - Attribute 'value' of object 'Object Repository/Page_SKT ERP  ERP/Tab Production/Work Order (SPK)/Work Order Value (partisi or layer)/Corr Values (partisi or layer)' is: '20'

2022-06-28 08:21:04 - [TEST_STEP][PASSED] - comment(corr): 20

2022-06-28 08:21:04 - [MESSAGE][INFO] - 20

2022-06-28 08:21:04 - [TEST_STEP][PASSED] - beratbox = getAttribute(findTestObject("Page_SKT ERP  ERP/Tab Production/Work Order (SPK)/Work Order Value (partisi or layer)/Berat at Box (gram) (partisi or layer)"), "value"): Attribute 'value' of object 'Object Repository/Page_SKT ERP  ERP/Tab Production/Work Order (SPK)/Work Order Value (partisi or layer)/Berat at Box (gram) (partisi or layer)' is: '54.65'

2022-06-28 08:21:04 - [MESSAGE][PASSED] - Attribute 'value' of object 'Object Repository/Page_SKT ERP  ERP/Tab Production/Work Order (SPK)/Work Order Value (partisi or layer)/Berat at Box (gram) (partisi or layer)' is: '54.65'

2022-06-28 08:21:04 - [TEST_STEP][PASSED] - comment(beratbox): 54.65

2022-06-28 08:21:04 - [MESSAGE][INFO] - 54.65

2022-06-28 08:21:04 - [TEST_STEP][PASSED] - beratorder = getAttribute(findTestObject("Page_SKT ERP  ERP/Tab Production/Work Order (SPK)/Work Order Value (partisi or layer)/Berat Order (Kg) (partisi or layer)"), "value"): Attribute 'value' of object 'Object Repository/Page_SKT ERP  ERP/Tab Production/Work Order (SPK)/Work Order Value (partisi or layer)/Berat Order (Kg) (partisi or layer)' is: '5.47'

2022-06-28 08:21:05 - [MESSAGE][PASSED] - Attribute 'value' of object 'Object Repository/Page_SKT ERP  ERP/Tab Production/Work Order (SPK)/Work Order Value (partisi or layer)/Berat Order (Kg) (partisi or layer)' is: '5.47'

2022-06-28 08:21:05 - [TEST_STEP][PASSED] - comment(beratorder): 5.47

2022-06-28 08:21:05 - [MESSAGE][INFO] - 5.47

2022-06-28 08:21:05 - [TEST_STEP][PASSED] - berattrim = getAttribute(findTestObject("Page_SKT ERP  ERP/Tab Production/Work Order (SPK)/Work Order Value (partisi or layer)/Berat Trim (Kg) (partisi or layer)"), "value"): Attribute 'value' of object 'Object Repository/Page_SKT ERP  ERP/Tab Production/Work Order (SPK)/Work Order Value (partisi or layer)/Berat Trim (Kg) (partisi or layer)' is: '0.1'

2022-06-28 08:21:05 - [MESSAGE][PASSED] - Attribute 'value' of object 'Object Repository/Page_SKT ERP  ERP/Tab Production/Work Order (SPK)/Work Order Value (partisi or layer)/Berat Trim (Kg) (partisi or layer)' is: '0.1'

2022-06-28 08:21:05 - [TEST_STEP][PASSED] - comment(berattrim): 0.1

2022-06-28 08:21:05 - [MESSAGE][INFO] - 0.1

2022-06-28 08:21:05 - [TEST_STEP][PASSED] - BeratSubstance1 = getAttribute(findTestObject("Page_SKT ERP  ERP/Tab Production/Work Order (SPK)/Work Order Value (partisi or layer)/Berat Substance 1 (partisi or layer)"), "value"): Attribute 'value' of object 'Object Repository/Page_SKT ERP  ERP/Tab Production/Work Order (SPK)/Work Order Value (partisi or layer)/Berat Substance 1 (partisi or layer)' is: '1.67'

2022-06-28 08:21:06 - [MESSAGE][PASSED] - Attribute 'value' of object 'Object Repository/Page_SKT ERP  ERP/Tab Production/Work Order (SPK)/Work Order Value (partisi or layer)/Berat Substance 1 (partisi or layer)' is: '1.67'

2022-06-28 08:21:06 - [TEST_STEP][PASSED] - comment(BeratSubstance1): 1.67

2022-06-28 08:21:06 - [MESSAGE][INFO] - 1.67

2022-06-28 08:21:06 - [TEST_STEP][PASSED] - BeratSubstance2 = getAttribute(findTestObject("Page_SKT ERP  ERP/Tab Production/Work Order (SPK)/Work Order Value (partisi or layer)/Berat Substance 2 (partisi or layer)"), "value"): Attribute 'value' of object 'Object Repository/Page_SKT ERP  ERP/Tab Production/Work Order (SPK)/Work Order Value (partisi or layer)/Berat Substance 2 (partisi or layer)' is: '2.22'

2022-06-28 08:21:06 - [MESSAGE][PASSED] - Attribute 'value' of object 'Object Repository/Page_SKT ERP  ERP/Tab Production/Work Order (SPK)/Work Order Value (partisi or layer)/Berat Substance 2 (partisi or layer)' is: '2.22'

2022-06-28 08:21:06 - [TEST_STEP][PASSED] - comment(BeratSubstance2): 2.22

2022-06-28 08:21:06 - [MESSAGE][INFO] - 2.22

2022-06-28 08:21:06 - [TEST_STEP][PASSED] - BeratSubstance3 = getAttribute(findTestObject("Page_SKT ERP  ERP/Tab Production/Work Order (SPK)/Work Order Value (partisi or layer)/Berat Substance 3 (partisi or layer)"), "value"): Attribute 'value' of object 'Object Repository/Page_SKT ERP  ERP/Tab Production/Work Order (SPK)/Work Order Value (partisi or layer)/Berat Substance 3 (partisi or layer)' is: '1.67'

2022-06-28 08:21:06 - [MESSAGE][PASSED] - Attribute 'value' of object 'Object Repository/Page_SKT ERP  ERP/Tab Production/Work Order (SPK)/Work Order Value (partisi or layer)/Berat Substance 3 (partisi or layer)' is: '1.67'

2022-06-28 08:21:06 - [TEST_STEP][PASSED] - comment(BeratSubstance3): 1.67

2022-06-28 08:21:06 - [MESSAGE][INFO] - 1.67

2022-06-28 08:21:06 - [TEST_STEP][PASSED] - BeratSubstance4 = getAttribute(findTestObject("Page_SKT ERP  ERP/Tab Production/Work Order (SPK)/Work Order Value (partisi or layer)/Berat Substance 4 (partisi or layer)"), "value"): Attribute 'value' of object 'Object Repository/Page_SKT ERP  ERP/Tab Production/Work Order (SPK)/Work Order Value (partisi or layer)/Berat Substance 4 (partisi or layer)' is: '0'

2022-06-28 08:21:07 - [MESSAGE][PASSED] - Attribute 'value' of object 'Object Repository/Page_SKT ERP  ERP/Tab Production/Work Order (SPK)/Work Order Value (partisi or layer)/Berat Substance 4 (partisi or layer)' is: '0'

2022-06-28 08:21:07 - [TEST_STEP][PASSED] - comment(BeratSubstance4): 0

2022-06-28 08:21:07 - [MESSAGE][INFO] - 0

2022-06-28 08:21:07 - [TEST_STEP][PASSED] - BeratSubstance5 = getAttribute(findTestObject("Page_SKT ERP  ERP/Tab Production/Work Order (SPK)/Work Order Value (partisi or layer)/Berat Substance 5 (partisi or layer)"), "value"): Attribute 'value' of object 'Object Repository/Page_SKT ERP  ERP/Tab Production/Work Order (SPK)/Work Order Value (partisi or layer)/Berat Substance 5 (partisi or layer)' is: '0'

2022-06-28 08:21:07 - [MESSAGE][PASSED] - Attribute 'value' of object 'Object Repository/Page_SKT ERP  ERP/Tab Production/Work Order (SPK)/Work Order Value (partisi or layer)/Berat Substance 5 (partisi or layer)' is: '0'

2022-06-28 08:21:07 - [TEST_STEP][PASSED] - comment(BeratSubstance5): 0

2022-06-28 08:21:07 - [MESSAGE][INFO] - 0

2022-06-28 08:21:07 - [TEST_STEP][PASSED] - click(findTestObject("Page_SKT ERP  ERP/Tab Production/Work Order (SPK)/button back (from view work order)")): Object: 'Object Repository/Page_SKT ERP  ERP/Tab Production/Work Order (SPK)/button back (from view work order)' is clicked on

2022-06-28 08:21:08 - [MESSAGE][PASSED] - Object: 'Object Repository/Page_SKT ERP  ERP/Tab Production/Work Order (SPK)/button back (from view work order)' is clicked on

2022-06-28 08:21:08 - [TEST_STEP][PASSED] - allValues.add(outkrts): null

2022-06-28 08:21:08 - [TEST_STEP][PASSED] - allValues.add(corr): null

2022-06-28 08:21:08 - [TEST_STEP][PASSED] - allValues.add(beratbox): null

2022-06-28 08:21:08 - [TEST_STEP][PASSED] - allValues.add(beratorder): null

2022-06-28 08:21:08 - [TEST_STEP][PASSED] - allValues.add(berattrim): null

2022-06-28 08:21:08 - [TEST_STEP][PASSED] - allValues.add(BeratSubstance1): null

2022-06-28 08:21:08 - [TEST_STEP][PASSED] - allValues.add(BeratSubstance2): null

2022-06-28 08:21:08 - [TEST_STEP][PASSED] - allValues.add(BeratSubstance3): null

2022-06-28 08:21:08 - [TEST_STEP][PASSED] - allValues.add(BeratSubstance4): null

2022-06-28 08:21:08 - [TEST_STEP][PASSED] - allValues.add(BeratSubstance5): null

2022-06-28 08:21:08 - [TEST_STEP][PASSED] - out = noSPKperItem[arr]: null

2022-06-28 08:21:08 - [TEST_STEP][PASSED] - click(findTestObject("Page_SKT ERP  ERP/Tab Production/Tab Production")): Object: 'Object Repository/Page_SKT ERP  ERP/Tab Production/Tab Production' is clicked on

2022-06-28 08:21:11 - [MESSAGE][PASSED] - Object: 'Object Repository/Page_SKT ERP  ERP/Tab Production/Tab Production' is clicked on

2022-06-28 08:21:11 - [TEST_STEP][PASSED] - click(findTestObject("Page_SKT ERP  ERP/Tab Production/Work Order (SPK)/Tab Work Order (SPK)")): Object: 'Object Repository/Page_SKT ERP  ERP/Tab Production/Work Order (SPK)/Tab Work Order (SPK)' is clicked on

2022-06-28 08:21:11 - [MESSAGE][PASSED] - Object: 'Object Repository/Page_SKT ERP  ERP/Tab Production/Work Order (SPK)/Tab Work Order (SPK)' is clicked on

2022-06-28 08:21:11 - [TEST_STEP][PASSED] - click(findTestObject("Page_SKT ERP  ERP/Tab Production/Work Order (SPK)/button Filters")): Object: 'Object Repository/Page_SKT ERP  ERP/Tab Production/Work Order (SPK)/button Filters' is clicked on

2022-06-28 08:21:12 - [MESSAGE][PASSED] - Object: 'Object Repository/Page_SKT ERP  ERP/Tab Production/Work Order (SPK)/button Filters' is clicked on

2022-06-28 08:21:12 - [TEST_STEP][PASSED] - click(findTestObject("Page_SKT ERP  ERP/Tab Production/Work Order (SPK)/Filters by No SPK (per item)")): Object: 'Object Repository/Page_SKT ERP  ERP/Tab Production/Work Order (SPK)/Filters by No SPK (per item)' is clicked on

2022-06-28 08:21:13 - [MESSAGE][PASSED] - Object: 'Object Repository/Page_SKT ERP  ERP/Tab Production/Work Order (SPK)/Filters by No SPK (per item)' is clicked on

2022-06-28 08:21:13 - [TEST_STEP][PASSED] - setText(findTestObject("Page_SKT ERP  ERP/Tab Production/Work Order (SPK)/Filters by No SPK (per item)"), out): Text '2206.0215.SPK' is set on object 'Object Repository/Page_SKT ERP  ERP/Tab Production/Work Order (SPK)/Filters by No SPK (per item)'

2022-06-28 08:21:14 - [MESSAGE][PASSED] - Text '2206.0215.SPK' is set on object 'Object Repository/Page_SKT ERP  ERP/Tab Production/Work Order (SPK)/Filters by No SPK (per item)'

2022-06-28 08:21:14 - [TEST_STEP][PASSED] - click(findTestObject("Page_SKT ERP  ERP/Tab Production/Work Order (SPK)/button Search in Filters")): Object: 'Object Repository/Page_SKT ERP  ERP/Tab Production/Work Order (SPK)/button Search in Filters' is clicked on

2022-06-28 08:21:14 - [MESSAGE][PASSED] - Object: 'Object Repository/Page_SKT ERP  ERP/Tab Production/Work Order (SPK)/button Search in Filters' is clicked on

2022-06-28 08:21:14 - [TEST_STEP][PASSED] - click(findTestObject("Page_SKT ERP  ERP/Tab Production/Work Order (SPK)/View Work Order")): Object: 'Object Repository/Page_SKT ERP  ERP/Tab Production/Work Order (SPK)/View Work Order' is clicked on

2022-06-28 08:21:16 - [MESSAGE][PASSED] - Object: 'Object Repository/Page_SKT ERP  ERP/Tab Production/Work Order (SPK)/View Work Order' is clicked on

2022-06-28 08:21:16 - [TEST_STEP][PASSED] - delay(5): Delayed 5 second(s)

2022-06-28 08:21:21 - [MESSAGE][PASSED] - Delayed 5 second(s)

2022-06-28 08:21:21 - [TEST_STEP][PASSED] - type = getAttribute(findTestObject("Page_SKT ERP  ERP/Tab Production/Work Order (SPK)/tipe"), "value"): Attribute 'value' of object 'Object Repository/Page_SKT ERP  ERP/Tab Production/Work Order (SPK)/tipe' is: 'LAYER'

2022-06-28 08:21:21 - [MESSAGE][PASSED] - Attribute 'value' of object 'Object Repository/Page_SKT ERP  ERP/Tab Production/Work Order (SPK)/tipe' is: 'LAYER'

2022-06-28 08:21:21 - [TEST_STEP][PASSED] - if (type == "BOX"): null

2022-06-28 08:21:21 - [TEST_STEP][PASSED] - if (type == "LAYER"): 0

2022-06-28 08:21:21 - [TEST_STEP][PASSED] - outkrts = getAttribute(findTestObject("Page_SKT ERP  ERP/Tab Production/Work Order (SPK)/Work Order Value (partisi or layer)/Out Kertas Values (partisi or layer)"), "value"): Attribute 'value' of object 'Object Repository/Page_SKT ERP  ERP/Tab Production/Work Order (SPK)/Work Order Value (partisi or layer)/Out Kertas Values (partisi or layer)' is: '5'

2022-06-28 08:21:22 - [MESSAGE][PASSED] - Attribute 'value' of object 'Object Repository/Page_SKT ERP  ERP/Tab Production/Work Order (SPK)/Work Order Value (partisi or layer)/Out Kertas Values (partisi or layer)' is: '5'

2022-06-28 08:21:22 - [TEST_STEP][PASSED] - comment(outkrts): 5

2022-06-28 08:21:22 - [MESSAGE][INFO] - 5

2022-06-28 08:21:22 - [TEST_STEP][PASSED] - corr = getAttribute(findTestObject("Page_SKT ERP  ERP/Tab Production/Work Order (SPK)/Work Order Value (partisi or layer)/Corr Values (partisi or layer)"), "value"): Attribute 'value' of object 'Object Repository/Page_SKT ERP  ERP/Tab Production/Work Order (SPK)/Work Order Value (partisi or layer)/Corr Values (partisi or layer)' is: '20'

2022-06-28 08:21:22 - [MESSAGE][PASSED] - Attribute 'value' of object 'Object Repository/Page_SKT ERP  ERP/Tab Production/Work Order (SPK)/Work Order Value (partisi or layer)/Corr Values (partisi or layer)' is: '20'

2022-06-28 08:21:22 - [TEST_STEP][PASSED] - comment(corr): 20

2022-06-28 08:21:22 - [MESSAGE][INFO] - 20

2022-06-28 08:21:22 - [TEST_STEP][PASSED] - beratbox = getAttribute(findTestObject("Page_SKT ERP  ERP/Tab Production/Work Order (SPK)/Work Order Value (partisi or layer)/Berat at Box (gram) (partisi or layer)"), "value"): Attribute 'value' of object 'Object Repository/Page_SKT ERP  ERP/Tab Production/Work Order (SPK)/Work Order Value (partisi or layer)/Berat at Box (gram) (partisi or layer)' is: '18.43'

2022-06-28 08:21:23 - [MESSAGE][PASSED] - Attribute 'value' of object 'Object Repository/Page_SKT ERP  ERP/Tab Production/Work Order (SPK)/Work Order Value (partisi or layer)/Berat at Box (gram) (partisi or layer)' is: '18.43'

2022-06-28 08:21:23 - [TEST_STEP][PASSED] - comment(beratbox): 18.43

2022-06-28 08:21:23 - [MESSAGE][INFO] - 18.43

2022-06-28 08:21:23 - [TEST_STEP][PASSED] - beratorder = getAttribute(findTestObject("Page_SKT ERP  ERP/Tab Production/Work Order (SPK)/Work Order Value (partisi or layer)/Berat Order (Kg) (partisi or layer)"), "value"): Attribute 'value' of object 'Object Repository/Page_SKT ERP  ERP/Tab Production/Work Order (SPK)/Work Order Value (partisi or layer)/Berat Order (Kg) (partisi or layer)' is: '1.85'

2022-06-28 08:21:23 - [MESSAGE][PASSED] - Attribute 'value' of object 'Object Repository/Page_SKT ERP  ERP/Tab Production/Work Order (SPK)/Work Order Value (partisi or layer)/Berat Order (Kg) (partisi or layer)' is: '1.85'

2022-06-28 08:21:23 - [TEST_STEP][PASSED] - comment(beratorder): 1.85

2022-06-28 08:21:23 - [MESSAGE][INFO] - 1.85

2022-06-28 08:21:23 - [TEST_STEP][PASSED] - berattrim = getAttribute(findTestObject("Page_SKT ERP  ERP/Tab Production/Work Order (SPK)/Work Order Value (partisi or layer)/Berat Trim (Kg) (partisi or layer)"), "value"): Attribute 'value' of object 'Object Repository/Page_SKT ERP  ERP/Tab Production/Work Order (SPK)/Work Order Value (partisi or layer)/Berat Trim (Kg) (partisi or layer)' is: '0.04'

2022-06-28 08:21:23 - [MESSAGE][PASSED] - Attribute 'value' of object 'Object Repository/Page_SKT ERP  ERP/Tab Production/Work Order (SPK)/Work Order Value (partisi or layer)/Berat Trim (Kg) (partisi or layer)' is: '0.04'

2022-06-28 08:21:23 - [TEST_STEP][PASSED] - comment(berattrim): 0.04

2022-06-28 08:21:23 - [MESSAGE][INFO] - 0.04

2022-06-28 08:21:23 - [TEST_STEP][PASSED] - BeratSubstance1 = getAttribute(findTestObject("Page_SKT ERP  ERP/Tab Production/Work Order (SPK)/Work Order Value (partisi or layer)/Berat Substance 1 (partisi or layer)"), "value"): Attribute 'value' of object 'Object Repository/Page_SKT ERP  ERP/Tab Production/Work Order (SPK)/Work Order Value (partisi or layer)/Berat Substance 1 (partisi or layer)' is: '0.56'

2022-06-28 08:21:24 - [MESSAGE][PASSED] - Attribute 'value' of object 'Object Repository/Page_SKT ERP  ERP/Tab Production/Work Order (SPK)/Work Order Value (partisi or layer)/Berat Substance 1 (partisi or layer)' is: '0.56'

2022-06-28 08:21:24 - [TEST_STEP][PASSED] - comment(BeratSubstance1): 0.56

2022-06-28 08:21:24 - [MESSAGE][INFO] - 0.56

2022-06-28 08:21:24 - [TEST_STEP][PASSED] - BeratSubstance2 = getAttribute(findTestObject("Page_SKT ERP  ERP/Tab Production/Work Order (SPK)/Work Order Value (partisi or layer)/Berat Substance 2 (partisi or layer)"), "value"): Attribute 'value' of object 'Object Repository/Page_SKT ERP  ERP/Tab Production/Work Order (SPK)/Work Order Value (partisi or layer)/Berat Substance 2 (partisi or layer)' is: '0.75'

2022-06-28 08:21:24 - [MESSAGE][PASSED] - Attribute 'value' of object 'Object Repository/Page_SKT ERP  ERP/Tab Production/Work Order (SPK)/Work Order Value (partisi or layer)/Berat Substance 2 (partisi or layer)' is: '0.75'

2022-06-28 08:21:24 - [TEST_STEP][PASSED] - comment(BeratSubstance2): 0.75

2022-06-28 08:21:24 - [MESSAGE][INFO] - 0.75

2022-06-28 08:21:24 - [TEST_STEP][PASSED] - BeratSubstance3 = getAttribute(findTestObject("Page_SKT ERP  ERP/Tab Production/Work Order (SPK)/Work Order Value (partisi or layer)/Berat Substance 3 (partisi or layer)"), "value"): Attribute 'value' of object 'Object Repository/Page_SKT ERP  ERP/Tab Production/Work Order (SPK)/Work Order Value (partisi or layer)/Berat Substance 3 (partisi or layer)' is: '0.56'

2022-06-28 08:21:25 - [MESSAGE][PASSED] - Attribute 'value' of object 'Object Repository/Page_SKT ERP  ERP/Tab Production/Work Order (SPK)/Work Order Value (partisi or layer)/Berat Substance 3 (partisi or layer)' is: '0.56'

2022-06-28 08:21:25 - [TEST_STEP][PASSED] - comment(BeratSubstance3): 0.56

2022-06-28 08:21:25 - [MESSAGE][INFO] - 0.56

2022-06-28 08:21:25 - [TEST_STEP][PASSED] - BeratSubstance4 = getAttribute(findTestObject("Page_SKT ERP  ERP/Tab Production/Work Order (SPK)/Work Order Value (partisi or layer)/Berat Substance 4 (partisi or layer)"), "value"): Attribute 'value' of object 'Object Repository/Page_SKT ERP  ERP/Tab Production/Work Order (SPK)/Work Order Value (partisi or layer)/Berat Substance 4 (partisi or layer)' is: '0'

2022-06-28 08:21:25 - [MESSAGE][PASSED] - Attribute 'value' of object 'Object Repository/Page_SKT ERP  ERP/Tab Production/Work Order (SPK)/Work Order Value (partisi or layer)/Berat Substance 4 (partisi or layer)' is: '0'

2022-06-28 08:21:25 - [TEST_STEP][PASSED] - comment(BeratSubstance4): 0

2022-06-28 08:21:25 - [MESSAGE][INFO] - 0

2022-06-28 08:21:25 - [TEST_STEP][PASSED] - BeratSubstance5 = getAttribute(findTestObject("Page_SKT ERP  ERP/Tab Production/Work Order (SPK)/Work Order Value (partisi or layer)/Berat Substance 5 (partisi or layer)"), "value"): Attribute 'value' of object 'Object Repository/Page_SKT ERP  ERP/Tab Production/Work Order (SPK)/Work Order Value (partisi or layer)/Berat Substance 5 (partisi or layer)' is: '0'

2022-06-28 08:21:25 - [MESSAGE][PASSED] - Attribute 'value' of object 'Object Repository/Page_SKT ERP  ERP/Tab Production/Work Order (SPK)/Work Order Value (partisi or layer)/Berat Substance 5 (partisi or layer)' is: '0'

2022-06-28 08:21:25 - [TEST_STEP][PASSED] - comment(BeratSubstance5): 0

2022-06-28 08:21:25 - [MESSAGE][INFO] - 0

2022-06-28 08:21:25 - [TEST_STEP][PASSED] - click(findTestObject("Page_SKT ERP  ERP/Tab Production/Work Order (SPK)/button back (from view work order)")): Object: 'Object Repository/Page_SKT ERP  ERP/Tab Production/Work Order (SPK)/button back (from view work order)' is clicked on

2022-06-28 08:21:26 - [MESSAGE][PASSED] - Object: 'Object Repository/Page_SKT ERP  ERP/Tab Production/Work Order (SPK)/button back (from view work order)' is clicked on

2022-06-28 08:21:26 - [TEST_STEP][PASSED] - allValues.add(outkrts): null

2022-06-28 08:21:26 - [TEST_STEP][PASSED] - allValues.add(corr): null

2022-06-28 08:21:26 - [TEST_STEP][PASSED] - allValues.add(beratbox): null

2022-06-28 08:21:26 - [TEST_STEP][PASSED] - allValues.add(beratorder): null

2022-06-28 08:21:26 - [TEST_STEP][PASSED] - allValues.add(berattrim): null

2022-06-28 08:21:26 - [TEST_STEP][PASSED] - allValues.add(BeratSubstance1): null

2022-06-28 08:21:26 - [TEST_STEP][PASSED] - allValues.add(BeratSubstance2): null

2022-06-28 08:21:26 - [TEST_STEP][PASSED] - allValues.add(BeratSubstance3): null

2022-06-28 08:21:26 - [TEST_STEP][PASSED] - allValues.add(BeratSubstance4): null

2022-06-28 08:21:26 - [TEST_STEP][PASSED] - allValues.add(BeratSubstance5): null

2022-06-28 08:21:26 - [TEST_STEP][PASSED] - qtySalesOrder = qtySalesOrderBoxLayer: null

2022-06-28 08:21:26 - [TEST_STEP][PASSED] - newQty = Float.parseFloat(qtySalesOrder): null

2022-06-28 08:21:26 - [TEST_STEP][PASSED] - qty = newQty: null

2022-06-28 08:21:26 - [TEST_STEP][PASSED] - lebarKertasMinimum_box = 1450: null

2022-06-28 08:21:26 - [TEST_STEP][PASSED] - width_box = 470: null

2022-06-28 08:21:26 - [TEST_STEP][PASSED] - outkertas_box = 3: null

2022-06-28 08:21:26 - [TEST_STEP][PASSED] - outkrts_box = outkertas_box: null

2022-06-28 08:21:26 - [TEST_STEP][PASSED] - constantDoubleJoint_box = 1: null

2022-06-28 08:21:26 - [TEST_STEP][PASSED] - out_box = outkertas_box: null

2022-06-28 08:21:26 - [TEST_STEP][PASSED] - outKnife_box = 1: null

2022-06-28 08:21:26 - [TEST_STEP][PASSED] - corrBox = constantDoubleJoint_box * Math.floor(newQty / out_box / outKnife_box): null

2022-06-28 08:21:26 - [TEST_STEP][PASSED] - corr_box = corrBox: null

2022-06-28 08:21:26 - [TEST_STEP][PASSED] - weightSheetNettoGram_box = 344.72: null

2022-06-28 08:21:26 - [TEST_STEP][PASSED] - weight_box = constantDoubleJoint_box * weightSheetNettoGram_box * newQty / 1000: null

2022-06-28 08:21:26 - [TEST_STEP][PASSED] - beratBoxBox = Math.ceil(weight_box / qty * 1000 * 100) / 100: null

2022-06-28 08:21:26 - [TEST_STEP][PASSED] - beratbox_box = beratBoxBox: null

2022-06-28 08:21:26 - [TEST_STEP][PASSED] - beratOrderBox = Math.ceil(weight_box * 100) / 100: null

2022-06-28 08:21:26 - [TEST_STEP][PASSED] - beratorder_box = beratOrderBox: null

2022-06-28 08:21:26 - [TEST_STEP][PASSED] - trimWasteGram_box = 29.34: null

2022-06-28 08:21:26 - [TEST_STEP][PASSED] - beratTrimBox = qty / out_box * trimWasteGram_box / 1000: null

2022-06-28 08:21:26 - [TEST_STEP][PASSED] - berattrim_box = beratTrimBox: null

2022-06-28 08:21:26 - [TEST_STEP][PASSED] - qValuebox1 = 150: null

2022-06-28 08:21:26 - [TEST_STEP][PASSED] - sheetLengthBox1 = 1536: null

2022-06-28 08:21:26 - [TEST_STEP][PASSED] - minLebarMmSheetBox1 = 1450: null

2022-06-28 08:21:26 - [TEST_STEP][PASSED] - identifierBox1 = 1: null

2022-06-28 08:21:26 - [TEST_STEP][PASSED] - beratSubstanceBox1 = qValuebox1 / 1000 * sheetLengthBox1 / 1000 * minLebarMmSheetBox1 / 1000 * identifierBox1 * corrBox: null

2022-06-28 08:21:26 - [TEST_STEP][PASSED] - beratsubstance1_box = beratSubstanceBox1.round(2): null

2022-06-28 08:21:26 - [TEST_STEP][PASSED] - qValuebox2 = 0: null

2022-06-28 08:21:26 - [TEST_STEP][PASSED] - sheetLengthBox2 = 1536: null

2022-06-28 08:21:26 - [TEST_STEP][PASSED] - minLebarMmSheetBox2 = 1450: null

2022-06-28 08:21:26 - [TEST_STEP][PASSED] - identifierBox2 = 1.33: null

2022-06-28 08:21:26 - [TEST_STEP][PASSED] - beratSubstanceBox2 = qValuebox2 / 1000 * sheetLengthBox2 / 1000 * minLebarMmSheetBox2 / 1000 * identifierBox2 * corrBox: null

2022-06-28 08:21:26 - [TEST_STEP][PASSED] - beratsubstance2_box = beratSubstanceBox2.round(2): null

2022-06-28 08:21:26 - [TEST_STEP][PASSED] - qValuebox3 = 0: null

2022-06-28 08:21:26 - [TEST_STEP][PASSED] - sheetLengthBox3 = 1536: null

2022-06-28 08:21:26 - [TEST_STEP][PASSED] - minLebarMmSheetBox3 = 1450: null

2022-06-28 08:21:26 - [TEST_STEP][PASSED] - identifierBox3 = 1: null

2022-06-28 08:21:26 - [TEST_STEP][PASSED] - beratSubstanceBox3 = qValuebox3 / 1000 * sheetLengthBox3 / 1000 * minLebarMmSheetBox3 / 1000 * identifierBox3 * corrBox: null

2022-06-28 08:21:26 - [TEST_STEP][PASSED] - beratsubstance3_box = beratSubstanceBox3.round(2): null

2022-06-28 08:21:26 - [TEST_STEP][PASSED] - qValuebox4 = 125: null

2022-06-28 08:21:26 - [TEST_STEP][PASSED] - sheetLengthBox4 = 1536: null

2022-06-28 08:21:26 - [TEST_STEP][PASSED] - minLebarMmSheetBox4 = 1450: null

2022-06-28 08:21:26 - [TEST_STEP][PASSED] - identifierBox4 = 1.42: null

2022-06-28 08:21:26 - [TEST_STEP][PASSED] - beratSubstanceBox4 = qValuebox4 / 1000 * sheetLengthBox4 / 1000 * minLebarMmSheetBox4 / 1000 * identifierBox4 * corrBox: null

2022-06-28 08:21:26 - [TEST_STEP][PASSED] - beratsubstance4_box = beratSubstanceBox4.round(2): null

2022-06-28 08:21:26 - [TEST_STEP][PASSED] - qValuebox5 = 150: null

2022-06-28 08:21:26 - [TEST_STEP][PASSED] - sheetLengthBox5 = 1536: null

2022-06-28 08:21:26 - [TEST_STEP][PASSED] - minLebarMmSheetBox5 = 1450: null

2022-06-28 08:21:26 - [TEST_STEP][PASSED] - identifierBox5 = 1: null

2022-06-28 08:21:26 - [TEST_STEP][PASSED] - beratSubstanceBox5 = qValuebox5 / 1000 * sheetLengthBox5 / 1000 * minLebarMmSheetBox5 / 1000 * identifierBox5 * corrBox: null

2022-06-28 08:21:26 - [TEST_STEP][PASSED] - beratsubstance5_box = beratSubstanceBox5.round(2): null

2022-06-28 08:21:26 - [TEST_STEP][PASSED] - lebarKertasMinimum_layer1 = 1500: null

2022-06-28 08:21:26 - [TEST_STEP][PASSED] - width_layer1 = 470: null

2022-06-28 08:21:26 - [TEST_STEP][PASSED] - outkertas_layer1 = 5: null

2022-06-28 08:21:26 - [TEST_STEP][PASSED] - outkrts_layer1 = outkertas_layer1: null

2022-06-28 08:21:26 - [TEST_STEP][PASSED] - constantDoubleJoint_layer1 = 1: null

2022-06-28 08:21:26 - [TEST_STEP][PASSED] - out_layer1 = outkertas_layer1: null

2022-06-28 08:21:26 - [TEST_STEP][PASSED] - outKnife_layer1 = 1: null

2022-06-28 08:21:26 - [TEST_STEP][PASSED] - corrLayer1 = constantDoubleJoint_layer1 * Math.floor(newQty / out_layer1 / outKnife_layer1): null

2022-06-28 08:21:26 - [TEST_STEP][PASSED] - corr_layer1 = corrLayer1: null

2022-06-28 08:21:26 - [TEST_STEP][PASSED] - weightSheetNettoGram_layer1 = 54.65: null

2022-06-28 08:21:26 - [TEST_STEP][PASSED] - weight_layer1 = constantDoubleJoint_layer1 * weightSheetNettoGram_layer1 * newQty / 1000: null

2022-06-28 08:21:26 - [TEST_STEP][PASSED] - beratBoxLayer1 = Math.ceil(weight_layer1 / qty * 1000 * 100) / 100: null

2022-06-28 08:21:26 - [TEST_STEP][PASSED] - beratbox_layer1 = beratBoxLayer1: null

2022-06-28 08:21:26 - [TEST_STEP][PASSED] - beratOrderLayer1 = Math.ceil(weight_layer1 * 100) / 100: null

2022-06-28 08:21:26 - [TEST_STEP][PASSED] - beratorder_layer1 = beratOrderLayer1: null

2022-06-28 08:21:26 - [TEST_STEP][PASSED] - trimWasteGram_layer1 = 4.64: null

2022-06-28 08:21:26 - [TEST_STEP][PASSED] - length_layer1 = 445: null

2022-06-28 08:21:26 - [TEST_STEP][PASSED] - lebarKertas_layer1 = 11: null

2022-06-28 08:21:26 - [TEST_STEP][PASSED] - gsm_layer1 = 125 + 125 * 1.36 + 125: null

2022-06-28 08:21:26 - [TEST_STEP][PASSED] - berattrim_layer1 = "0.39": null

2022-06-28 08:21:26 - [TEST_STEP][PASSED] - qValuelayer1_1 = 125: null

2022-06-28 08:21:26 - [TEST_STEP][PASSED] - sheetLengthLayer1_1 = 445: null

2022-06-28 08:21:26 - [TEST_STEP][PASSED] - minLebarMmSheetLayer1_1 = 1500: null

2022-06-28 08:21:26 - [TEST_STEP][PASSED] - identifierLayer1_1 = 1: null

2022-06-28 08:21:26 - [TEST_STEP][PASSED] - beratSubstanceLayer1_1 = qValuelayer1_1 / 1000 * sheetLengthLayer1_1 / 1000 * minLebarMmSheetLayer1_1 / 1000 * identifierLayer1_1 * corrLayer1: null

2022-06-28 08:21:26 - [TEST_STEP][PASSED] - beratsubstance1_layer1 = beratSubstanceLayer1_1.round(2): null

2022-06-28 08:21:26 - [TEST_STEP][PASSED] - qValuelayer1_2 = 125: null

2022-06-28 08:21:26 - [TEST_STEP][PASSED] - sheetLengthLayer1_2 = 445: null

2022-06-28 08:21:26 - [TEST_STEP][PASSED] - minLebarMmSheetLayer1_2 = 1500: null

2022-06-28 08:21:26 - [TEST_STEP][PASSED] - identifierLayer1_2 = 1.33: null

2022-06-28 08:21:26 - [TEST_STEP][PASSED] - beratSubstanceLayer1_2 = qValuelayer1_2 / 1000 * sheetLengthLayer1_2 / 1000 * minLebarMmSheetLayer1_2 / 1000 * identifierLayer1_2 * corrLayer1: null

2022-06-28 08:21:26 - [TEST_STEP][PASSED] - beratsubstance2_layer1 = beratSubstanceLayer1_2.round(2): null

2022-06-28 08:21:26 - [TEST_STEP][PASSED] - qValuelayer1_3 = 125: null

2022-06-28 08:21:26 - [TEST_STEP][PASSED] - sheetLengthLayer1_3 = 445: null

2022-06-28 08:21:26 - [TEST_STEP][PASSED] - minLebarMmSheetLayer1_3 = 1500: null

2022-06-28 08:21:26 - [TEST_STEP][PASSED] - identifierLayer1_3 = 1: null

2022-06-28 08:21:26 - [TEST_STEP][PASSED] - beratSubstanceLayer1_3 = qValuelayer1_3 / 1000 * sheetLengthLayer1_3 / 1000 * minLebarMmSheetLayer1_3 / 1000 * identifierLayer1_3 * corrLayer1: null

2022-06-28 08:21:26 - [TEST_STEP][PASSED] - beratsubstance3_layer1 = beratSubstanceLayer1_3.round(2): null

2022-06-28 08:21:26 - [TEST_STEP][PASSED] - qValuelayer1_4 = 0: null

2022-06-28 08:21:26 - [TEST_STEP][PASSED] - sheetLengthLayer1_4 = 445: null

2022-06-28 08:21:26 - [TEST_STEP][PASSED] - minLebarMmSheetLayer1_4 = 1500: null

2022-06-28 08:21:26 - [TEST_STEP][PASSED] - identifierLayer1_4 = 1.42: null

2022-06-28 08:21:26 - [TEST_STEP][PASSED] - beratSubstanceLayer1_4 = qValuelayer1_4 / 1000 * sheetLengthLayer1_4 / 1000 * minLebarMmSheetLayer1_4 / 1000 * identifierLayer1_4 * corrLayer1: null

2022-06-28 08:21:26 - [TEST_STEP][PASSED] - beratsubstance4_layer1 = beratSubstanceLayer1_4.round(2): null

2022-06-28 08:21:26 - [TEST_STEP][PASSED] - qValuelayer1_5 = 0: null

2022-06-28 08:21:26 - [TEST_STEP][PASSED] - sheetLengthLayer1_5 = 445: null

2022-06-28 08:21:26 - [TEST_STEP][PASSED] - minLebarMmSheetLayer1_5 = 1500: null

2022-06-28 08:21:26 - [TEST_STEP][PASSED] - identifierLayer1_5 = 1: null

2022-06-28 08:21:26 - [TEST_STEP][PASSED] - beratSubstanceLayer1_5 = qValuelayer1_5 / 1000 * sheetLengthLayer1_5 / 1000 * minLebarMmSheetLayer1_5 / 1000 * identifierLayer1_5 * corrLayer1: null

2022-06-28 08:21:26 - [TEST_STEP][PASSED] - beratsubstance5_layer1 = beratSubstanceLayer1_5.round(2): null

2022-06-28 08:21:26 - [TEST_STEP][PASSED] - lebarKertasMinimum_layer2 = 1500: null

2022-06-28 08:21:26 - [TEST_STEP][PASSED] - width_layer2 = 295: null

2022-06-28 08:21:26 - [TEST_STEP][PASSED] - outkertas_layer2 = 5: null

2022-06-28 08:21:26 - [TEST_STEP][PASSED] - outkrts_layer2 = outkertas_layer2: null

2022-06-28 08:21:26 - [TEST_STEP][PASSED] - constantDoubleJoint_layer2 = 1: null

2022-06-28 08:21:26 - [TEST_STEP][PASSED] - out_layer2 = outkertas_layer2: null

2022-06-28 08:21:26 - [TEST_STEP][PASSED] - outKnife_layer2 = 1: null

2022-06-28 08:21:26 - [TEST_STEP][PASSED] - corrLayer2 = constantDoubleJoint_layer2 * Math.floor(newQty / out_layer2 / outKnife_layer2): null

2022-06-28 08:21:26 - [TEST_STEP][PASSED] - corr_layer2 = corrLayer2: null

2022-06-28 08:21:26 - [TEST_STEP][PASSED] - weightSheetNettoGram_layer2 = 18.42: null

2022-06-28 08:21:26 - [TEST_STEP][PASSED] - weight_layer2 = constantDoubleJoint_layer2 * weightSheetNettoGram_layer2 * newQty / 1000: null

2022-06-28 08:21:26 - [TEST_STEP][PASSED] - beratBoxLayer2 = Math.ceil(weight_layer2 / qty * 1000 * 100) / 100: null

2022-06-28 08:21:26 - [TEST_STEP][PASSED] - beratbox_layer2 = beratBoxLayer2: null

2022-06-28 08:21:26 - [TEST_STEP][PASSED] - beratOrderLayer2 = Math.ceil(weight_layer2 * 100) / 100: null

2022-06-28 08:21:26 - [TEST_STEP][PASSED] - beratorder_layer2 = beratOrderLayer2: null

2022-06-28 08:21:26 - [TEST_STEP][PASSED] - trimWasteGram_layer2 = 0.79: null

2022-06-28 08:21:26 - [TEST_STEP][PASSED] - length_layer2 = 150: null

2022-06-28 08:21:26 - [TEST_STEP][PASSED] - lebarKertas_layer2 = 11: null

2022-06-28 08:21:26 - [TEST_STEP][PASSED] - gsm_layer2 = 125 + 125 * 1.36 + 125: null

2022-06-28 08:21:26 - [TEST_STEP][PASSED] - berattrim_layer2 = "0.39": null

2022-06-28 08:21:26 - [TEST_STEP][PASSED] - qValuelayer2_1 = 125: null

2022-06-28 08:21:26 - [TEST_STEP][PASSED] - sheetLengthLayer2_1 = 150: null

2022-06-28 08:21:26 - [TEST_STEP][PASSED] - minLebarMmSheetLayer2_1 = 1500: null

2022-06-28 08:21:26 - [TEST_STEP][PASSED] - identifierLayer2_1 = 1: null

2022-06-28 08:21:26 - [TEST_STEP][PASSED] - beratSubstanceLayer2_1 = qValuelayer2_1 / 1000 * sheetLengthLayer2_1 / 1000 * minLebarMmSheetLayer2_1 / 1000 * identifierLayer2_1 * corrLayer2: null

2022-06-28 08:21:26 - [TEST_STEP][PASSED] - beratsubstance1_layer2 = beratSubstanceLayer2_1.round(2): null

2022-06-28 08:21:26 - [TEST_STEP][PASSED] - qValuelayer2_2 = 125: null

2022-06-28 08:21:26 - [TEST_STEP][PASSED] - sheetLengthLayer2_2 = 150: null

2022-06-28 08:21:26 - [TEST_STEP][PASSED] - minLebarMmSheetLayer2_2 = 1500: null

2022-06-28 08:21:26 - [TEST_STEP][PASSED] - identifierLayer2_2 = 1.33: null

2022-06-28 08:21:26 - [TEST_STEP][PASSED] - beratSubstanceLayer2_2 = qValuelayer2_2 / 1000 * sheetLengthLayer2_2 / 1000 * minLebarMmSheetLayer2_2 / 1000 * identifierLayer2_2 * corrLayer2: null

2022-06-28 08:21:26 - [TEST_STEP][PASSED] - beratsubstance2_layer2 = beratSubstanceLayer2_2.round(2): null

2022-06-28 08:21:26 - [TEST_STEP][PASSED] - qValuelayer2_3 = 125: null

2022-06-28 08:21:26 - [TEST_STEP][PASSED] - sheetLengthLayer2_3 = 150: null

2022-06-28 08:21:26 - [TEST_STEP][PASSED] - minLebarMmSheetLayer2_3 = 1500: null

2022-06-28 08:21:26 - [TEST_STEP][PASSED] - identifierLayer2_3 = 1: null

2022-06-28 08:21:26 - [TEST_STEP][PASSED] - beratSubstanceLayer2_3 = qValuelayer2_3 / 1000 * sheetLengthLayer2_3 / 1000 * minLebarMmSheetLayer2_3 / 1000 * identifierLayer2_3 * corrLayer2: null

2022-06-28 08:21:26 - [TEST_STEP][PASSED] - beratsubstance3_layer2 = beratSubstanceLayer2_3.round(2): null

2022-06-28 08:21:26 - [TEST_STEP][PASSED] - qValuelayer2_4 = 0: null

2022-06-28 08:21:26 - [TEST_STEP][PASSED] - sheetLengthLayer2_4 = 150: null

2022-06-28 08:21:26 - [TEST_STEP][PASSED] - minLebarMmSheetLayer2_4 = 1500: null

2022-06-28 08:21:26 - [TEST_STEP][PASSED] - identifierLayer2_4 = 1.42: null

2022-06-28 08:21:26 - [TEST_STEP][PASSED] - beratSubstanceLayer2_4 = qValuelayer2_4 / 1000 * sheetLengthLayer2_4 / 1000 * minLebarMmSheetLayer2_4 / 1000 * identifierLayer2_4 * corrLayer2: null

2022-06-28 08:21:26 - [TEST_STEP][PASSED] - beratsubstance4_layer2 = beratSubstanceLayer2_4.round(2): null

2022-06-28 08:21:26 - [TEST_STEP][PASSED] - qValuelayer2_5 = 0: null

2022-06-28 08:21:26 - [TEST_STEP][PASSED] - sheetLengthLayer2_5 = 150: null

2022-06-28 08:21:26 - [TEST_STEP][PASSED] - minLebarMmSheetLayer2_5 = 1500: null

2022-06-28 08:21:26 - [TEST_STEP][PASSED] - identifierLayer2_5 = 1: null

2022-06-28 08:21:26 - [TEST_STEP][PASSED] - beratSubstanceLayer2_5 = qValuelayer2_5 / 1000 * sheetLengthLayer2_5 / 1000 * minLebarMmSheetLayer2_5 / 1000 * identifierLayer2_5 * corrLayer2: null

2022-06-28 08:21:26 - [TEST_STEP][PASSED] - beratsubstance5_layer2 = beratSubstanceLayer2_5.round(2): null

2022-06-28 08:21:26 - [TEST_STEP][PASSED] - expectedValue = new java.util.ArrayList(): null

2022-06-28 08:21:26 - [TEST_STEP][PASSED] - expectedValue.add(outkrts_box): null

2022-06-28 08:21:26 - [TEST_STEP][PASSED] - expectedValue.add(corr_box): null

2022-06-28 08:21:26 - [TEST_STEP][PASSED] - expectedValue.add(beratbox_box): null

2022-06-28 08:21:26 - [TEST_STEP][PASSED] - expectedValue.add(beratorder_box): null

2022-06-28 08:21:26 - [TEST_STEP][PASSED] - expectedValue.add(berattrim_box): null

2022-06-28 08:21:26 - [TEST_STEP][PASSED] - expectedValue.add(beratsubstance1_box): null

2022-06-28 08:21:26 - [TEST_STEP][PASSED] - expectedValue.add(beratsubstance2_box): null

2022-06-28 08:21:26 - [TEST_STEP][PASSED] - expectedValue.add(beratsubstance3_box): null

2022-06-28 08:21:26 - [TEST_STEP][PASSED] - expectedValue.add(beratsubstance4_box): null

2022-06-28 08:21:26 - [TEST_STEP][PASSED] - expectedValue.add(beratsubstance5_box): null

2022-06-28 08:21:26 - [TEST_STEP][PASSED] - expectedValue.add(outkrts_layer1): null

2022-06-28 08:21:26 - [TEST_STEP][PASSED] - expectedValue.add(corr_layer1): null

2022-06-28 08:21:26 - [TEST_STEP][PASSED] - expectedValue.add(beratbox_layer1): null

2022-06-28 08:21:26 - [TEST_STEP][PASSED] - expectedValue.add(beratorder_layer1): null

2022-06-28 08:21:26 - [TEST_STEP][PASSED] - expectedValue.add(berattrim_layer1): null

2022-06-28 08:21:26 - [TEST_STEP][PASSED] - expectedValue.add(beratsubstance1_layer1): null

2022-06-28 08:21:26 - [TEST_STEP][PASSED] - expectedValue.add(beratsubstance2_layer1): null

2022-06-28 08:21:26 - [TEST_STEP][PASSED] - expectedValue.add(beratsubstance3_layer1): null

2022-06-28 08:21:26 - [TEST_STEP][PASSED] - expectedValue.add(beratsubstance4_layer1): null

2022-06-28 08:21:26 - [TEST_STEP][PASSED] - expectedValue.add(beratsubstance5_layer1): null

2022-06-28 08:21:26 - [TEST_STEP][PASSED] - expectedValue.add(outkrts_layer2): null

2022-06-28 08:21:26 - [TEST_STEP][PASSED] - expectedValue.add(corr_layer2): null

2022-06-28 08:21:26 - [TEST_STEP][PASSED] - expectedValue.add(beratbox_layer2): null

2022-06-28 08:21:26 - [TEST_STEP][PASSED] - expectedValue.add(beratorder_layer2): null

2022-06-28 08:21:26 - [TEST_STEP][PASSED] - expectedValue.add(berattrim_layer2): null

2022-06-28 08:21:26 - [TEST_STEP][PASSED] - expectedValue.add(beratsubstance1_layer2): null

2022-06-28 08:21:26 - [TEST_STEP][PASSED] - expectedValue.add(beratsubstance2_layer2): null

2022-06-28 08:21:26 - [TEST_STEP][PASSED] - expectedValue.add(beratsubstance3_layer2): null

2022-06-28 08:21:26 - [TEST_STEP][PASSED] - expectedValue.add(beratsubstance4_layer2): null

2022-06-28 08:21:26 - [TEST_STEP][PASSED] - expectedValue.add(beratsubstance5_layer2): null

2022-06-28 08:21:26 - [TEST_STEP][PASSED] - array_count_isi = allValues.size(): null

2022-06-28 08:21:26 - [TEST_STEP][PASSED] - for ([arr1 = 0, arr1 < array_count_isi, (arr1++)]): null

2022-06-28 08:21:26 - [TEST_STEP][PASSED] - all_values = allValues[arr1]: null

2022-06-28 08:21:26 - [TEST_STEP][PASSED] - comment(all_values): 3

2022-06-28 08:21:26 - [MESSAGE][INFO] - 3

2022-06-28 08:21:26 - [TEST_STEP][PASSED] - expected_Value = expectedValue[arr1]: null

2022-06-28 08:21:26 - [TEST_STEP][PASSED] - comment(expected_Value): 3

2022-06-28 08:21:26 - [MESSAGE][INFO] - 3

2022-06-28 08:21:26 - [TEST_STEP][PASSED] - a = allValues[arr1]: null

2022-06-28 08:21:26 - [TEST_STEP][PASSED] - b = expectedValue[arr1]: null

2022-06-28 08:21:26 - [TEST_STEP][PASSED] - all_values = allValues[arr1]: null

2022-06-28 08:21:26 - [TEST_STEP][PASSED] - comment(all_values): 33

2022-06-28 08:21:26 - [MESSAGE][INFO] - 33

2022-06-28 08:21:26 - [TEST_STEP][PASSED] - expected_Value = expectedValue[arr1]: null

2022-06-28 08:21:26 - [TEST_STEP][PASSED] - comment(expected_Value): 33

2022-06-28 08:21:26 - [MESSAGE][INFO] - 33

2022-06-28 08:21:26 - [TEST_STEP][PASSED] - a = allValues[arr1]: null

2022-06-28 08:21:26 - [TEST_STEP][PASSED] - b = expectedValue[arr1]: null

2022-06-28 08:21:26 - [TEST_STEP][PASSED] - all_values = allValues[arr1]: null

2022-06-28 08:21:26 - [TEST_STEP][PASSED] - comment(all_values): 344.72

2022-06-28 08:21:26 - [MESSAGE][INFO] - 344.72

2022-06-28 08:21:26 - [TEST_STEP][PASSED] - expected_Value = expectedValue[arr1]: null

2022-06-28 08:21:26 - [TEST_STEP][PASSED] - comment(expected_Value): 344.73

2022-06-28 08:21:26 - [MESSAGE][INFO] - 344.73

2022-06-28 08:21:26 - [TEST_STEP][PASSED] - a = allValues[arr1]: null

2022-06-28 08:21:26 - [TEST_STEP][PASSED] - b = expectedValue[arr1]: null

2022-06-28 08:21:26 - [TEST_STEP][PASSED] - all_values = allValues[arr1]: null

2022-06-28 08:21:26 - [TEST_STEP][PASSED] - comment(all_values): 34.48

2022-06-28 08:21:26 - [MESSAGE][INFO] - 34.48

2022-06-28 08:21:26 - [TEST_STEP][PASSED] - expected_Value = expectedValue[arr1]: null

2022-06-28 08:21:26 - [TEST_STEP][PASSED] - comment(expected_Value): 34.48

2022-06-28 08:21:26 - [MESSAGE][INFO] - 34.48

2022-06-28 08:21:26 - [TEST_STEP][PASSED] - a = allValues[arr1]: null

2022-06-28 08:21:26 - [TEST_STEP][PASSED] - b = expectedValue[arr1]: null

2022-06-28 08:21:26 - [TEST_STEP][PASSED] - all_values = allValues[arr1]: null

2022-06-28 08:21:26 - [TEST_STEP][PASSED] - comment(all_values): 0.96822

2022-06-28 08:21:26 - [MESSAGE][INFO] - 0.96822

2022-06-28 08:21:26 - [TEST_STEP][PASSED] - expected_Value = expectedValue[arr1]: null

2022-06-28 08:21:26 - [TEST_STEP][PASSED] - comment(expected_Value): 0.978

2022-06-28 08:21:26 - [MESSAGE][INFO] - 0.978

2022-06-28 08:21:26 - [TEST_STEP][PASSED] - a = allValues[arr1]: null

2022-06-28 08:21:26 - [TEST_STEP][PASSED] - b = expectedValue[arr1]: null

2022-06-28 08:21:26 - [TEST_STEP][PASSED] - all_values = allValues[arr1]: null

2022-06-28 08:21:26 - [TEST_STEP][PASSED] - comment(all_values): 11.02

2022-06-28 08:21:26 - [MESSAGE][INFO] - 11.02

2022-06-28 08:21:26 - [TEST_STEP][PASSED] - expected_Value = expectedValue[arr1]: null

2022-06-28 08:21:26 - [TEST_STEP][PASSED] - comment(expected_Value): 11.02

2022-06-28 08:21:26 - [MESSAGE][INFO] - 11.02

2022-06-28 08:21:26 - [TEST_STEP][PASSED] - a = allValues[arr1]: null

2022-06-28 08:21:26 - [TEST_STEP][PASSED] - b = expectedValue[arr1]: null

2022-06-28 08:21:26 - [TEST_STEP][PASSED] - all_values = allValues[arr1]: null

2022-06-28 08:21:26 - [TEST_STEP][PASSED] - comment(all_values): 0

2022-06-28 08:21:26 - [MESSAGE][INFO] - 0

2022-06-28 08:21:26 - [TEST_STEP][PASSED] - expected_Value = expectedValue[arr1]: null

2022-06-28 08:21:26 - [TEST_STEP][PASSED] - comment(expected_Value): 0.0

2022-06-28 08:21:26 - [MESSAGE][INFO] - 0.0

2022-06-28 08:21:26 - [TEST_STEP][PASSED] - a = allValues[arr1]: null

2022-06-28 08:21:26 - [TEST_STEP][PASSED] - b = expectedValue[arr1]: null

2022-06-28 08:21:26 - [TEST_STEP][PASSED] - all_values = allValues[arr1]: null

2022-06-28 08:21:26 - [TEST_STEP][PASSED] - comment(all_values): 0

2022-06-28 08:21:26 - [MESSAGE][INFO] - 0

2022-06-28 08:21:26 - [TEST_STEP][PASSED] - expected_Value = expectedValue[arr1]: null

2022-06-28 08:21:26 - [TEST_STEP][PASSED] - comment(expected_Value): 0.0

2022-06-28 08:21:26 - [MESSAGE][INFO] - 0.0

2022-06-28 08:21:26 - [TEST_STEP][PASSED] - a = allValues[arr1]: null

2022-06-28 08:21:26 - [TEST_STEP][PASSED] - b = expectedValue[arr1]: null

2022-06-28 08:21:26 - [TEST_STEP][PASSED] - all_values = allValues[arr1]: null

2022-06-28 08:21:26 - [TEST_STEP][PASSED] - comment(all_values): 13.05

2022-06-28 08:21:26 - [MESSAGE][INFO] - 13.05

2022-06-28 08:21:26 - [TEST_STEP][PASSED] - expected_Value = expectedValue[arr1]: null

2022-06-28 08:21:26 - [TEST_STEP][PASSED] - comment(expected_Value): 13.05

2022-06-28 08:21:26 - [MESSAGE][INFO] - 13.05

2022-06-28 08:21:26 - [TEST_STEP][PASSED] - a = allValues[arr1]: null

2022-06-28 08:21:26 - [TEST_STEP][PASSED] - b = expectedValue[arr1]: null

2022-06-28 08:21:26 - [TEST_STEP][PASSED] - all_values = allValues[arr1]: null

2022-06-28 08:21:26 - [TEST_STEP][PASSED] - comment(all_values): 11.02

2022-06-28 08:21:26 - [MESSAGE][INFO] - 11.02

2022-06-28 08:21:26 - [TEST_STEP][PASSED] - expected_Value = expectedValue[arr1]: null

2022-06-28 08:21:26 - [TEST_STEP][PASSED] - comment(expected_Value): 11.02

2022-06-28 08:21:26 - [MESSAGE][INFO] - 11.02

2022-06-28 08:21:26 - [TEST_STEP][PASSED] - a = allValues[arr1]: null

2022-06-28 08:21:26 - [TEST_STEP][PASSED] - b = expectedValue[arr1]: null

2022-06-28 08:21:26 - [TEST_STEP][PASSED] - all_values = allValues[arr1]: null

2022-06-28 08:21:26 - [TEST_STEP][PASSED] - comment(all_values): 5

2022-06-28 08:21:26 - [MESSAGE][INFO] - 5

2022-06-28 08:21:26 - [TEST_STEP][PASSED] - expected_Value = expectedValue[arr1]: null

2022-06-28 08:21:26 - [TEST_STEP][PASSED] - comment(expected_Value): 5

2022-06-28 08:21:26 - [MESSAGE][INFO] - 5

2022-06-28 08:21:26 - [TEST_STEP][PASSED] - a = allValues[arr1]: null

2022-06-28 08:21:26 - [TEST_STEP][PASSED] - b = expectedValue[arr1]: null

2022-06-28 08:21:26 - [TEST_STEP][PASSED] - all_values = allValues[arr1]: null

2022-06-28 08:21:26 - [TEST_STEP][PASSED] - comment(all_values): 20

2022-06-28 08:21:26 - [MESSAGE][INFO] - 20

2022-06-28 08:21:26 - [TEST_STEP][PASSED] - expected_Value = expectedValue[arr1]: null

2022-06-28 08:21:26 - [TEST_STEP][PASSED] - comment(expected_Value): 20

2022-06-28 08:21:26 - [MESSAGE][INFO] - 20

2022-06-28 08:21:26 - [TEST_STEP][PASSED] - a = allValues[arr1]: null

2022-06-28 08:21:26 - [TEST_STEP][PASSED] - b = expectedValue[arr1]: null

2022-06-28 08:21:26 - [TEST_STEP][PASSED] - all_values = allValues[arr1]: null

2022-06-28 08:21:26 - [TEST_STEP][PASSED] - comment(all_values): 54.65

2022-06-28 08:21:26 - [MESSAGE][INFO] - 54.65

2022-06-28 08:21:26 - [TEST_STEP][PASSED] - expected_Value = expectedValue[arr1]: null

2022-06-28 08:21:26 - [TEST_STEP][PASSED] - comment(expected_Value): 54.66

2022-06-28 08:21:26 - [MESSAGE][INFO] - 54.66

2022-06-28 08:21:26 - [TEST_STEP][PASSED] - a = allValues[arr1]: null

2022-06-28 08:21:26 - [TEST_STEP][PASSED] - b = expectedValue[arr1]: null

2022-06-28 08:21:26 - [TEST_STEP][PASSED] - all_values = allValues[arr1]: null

2022-06-28 08:21:26 - [TEST_STEP][PASSED] - comment(all_values): 5.47

2022-06-28 08:21:26 - [MESSAGE][INFO] - 5.47

2022-06-28 08:21:26 - [TEST_STEP][PASSED] - expected_Value = expectedValue[arr1]: null

2022-06-28 08:21:26 - [TEST_STEP][PASSED] - comment(expected_Value): 5.47

2022-06-28 08:21:26 - [MESSAGE][INFO] - 5.47

2022-06-28 08:21:26 - [TEST_STEP][PASSED] - a = allValues[arr1]: null

2022-06-28 08:21:26 - [TEST_STEP][PASSED] - b = expectedValue[arr1]: null

2022-06-28 08:21:26 - [TEST_STEP][PASSED] - all_values = allValues[arr1]: null

2022-06-28 08:21:26 - [TEST_STEP][PASSED] - comment(all_values): 0.1

2022-06-28 08:21:26 - [MESSAGE][INFO] - 0.1

2022-06-28 08:21:26 - [TEST_STEP][PASSED] - expected_Value = expectedValue[arr1]: null

2022-06-28 08:21:26 - [TEST_STEP][PASSED] - comment(expected_Value): 0.39

2022-06-28 08:21:26 - [MESSAGE][INFO] - 0.39

2022-06-28 08:21:26 - [TEST_STEP][PASSED] - a = allValues[arr1]: null

2022-06-28 08:21:26 - [TEST_STEP][PASSED] - b = expectedValue[arr1]: null

2022-06-28 08:21:26 - [TEST_STEP][PASSED] - all_values = allValues[arr1]: null

2022-06-28 08:21:26 - [TEST_STEP][PASSED] - comment(all_values): 1.67

2022-06-28 08:21:26 - [MESSAGE][INFO] - 1.67

2022-06-28 08:21:26 - [TEST_STEP][PASSED] - expected_Value = expectedValue[arr1]: null

2022-06-28 08:21:26 - [TEST_STEP][PASSED] - comment(expected_Value): 1.67

2022-06-28 08:21:26 - [MESSAGE][INFO] - 1.67

2022-06-28 08:21:26 - [TEST_STEP][PASSED] - a = allValues[arr1]: null

2022-06-28 08:21:26 - [TEST_STEP][PASSED] - b = expectedValue[arr1]: null

2022-06-28 08:21:26 - [TEST_STEP][PASSED] - all_values = allValues[arr1]: null

2022-06-28 08:21:26 - [TEST_STEP][PASSED] - comment(all_values): 2.22

2022-06-28 08:21:26 - [MESSAGE][INFO] - 2.22

2022-06-28 08:21:26 - [TEST_STEP][PASSED] - expected_Value = expectedValue[arr1]: null

2022-06-28 08:21:26 - [TEST_STEP][PASSED] - comment(expected_Value): 2.22

2022-06-28 08:21:26 - [MESSAGE][INFO] - 2.22

2022-06-28 08:21:26 - [TEST_STEP][PASSED] - a = allValues[arr1]: null

2022-06-28 08:21:26 - [TEST_STEP][PASSED] - b = expectedValue[arr1]: null

2022-06-28 08:21:26 - [TEST_STEP][PASSED] - all_values = allValues[arr1]: null

2022-06-28 08:21:26 - [TEST_STEP][PASSED] - comment(all_values): 1.67

2022-06-28 08:21:26 - [MESSAGE][INFO] - 1.67

2022-06-28 08:21:26 - [TEST_STEP][PASSED] - expected_Value = expectedValue[arr1]: null

2022-06-28 08:21:26 - [TEST_STEP][PASSED] - comment(expected_Value): 1.67

2022-06-28 08:21:26 - [MESSAGE][INFO] - 1.67

2022-06-28 08:21:26 - [TEST_STEP][PASSED] - a = allValues[arr1]: null

2022-06-28 08:21:26 - [TEST_STEP][PASSED] - b = expectedValue[arr1]: null

2022-06-28 08:21:26 - [TEST_STEP][PASSED] - all_values = allValues[arr1]: null

2022-06-28 08:21:26 - [TEST_STEP][PASSED] - comment(all_values): 0

2022-06-28 08:21:26 - [MESSAGE][INFO] - 0

2022-06-28 08:21:26 - [TEST_STEP][PASSED] - expected_Value = expectedValue[arr1]: null

2022-06-28 08:21:26 - [TEST_STEP][PASSED] - comment(expected_Value): 0.0

2022-06-28 08:21:26 - [MESSAGE][INFO] - 0.0

2022-06-28 08:21:26 - [TEST_STEP][PASSED] - a = allValues[arr1]: null

2022-06-28 08:21:26 - [TEST_STEP][PASSED] - b = expectedValue[arr1]: null

2022-06-28 08:21:26 - [TEST_STEP][PASSED] - all_values = allValues[arr1]: null

2022-06-28 08:21:26 - [TEST_STEP][PASSED] - comment(all_values): 0

2022-06-28 08:21:26 - [MESSAGE][INFO] - 0

2022-06-28 08:21:26 - [TEST_STEP][PASSED] - expected_Value = expectedValue[arr1]: null

2022-06-28 08:21:26 - [TEST_STEP][PASSED] - comment(expected_Value): 0.0

2022-06-28 08:21:26 - [MESSAGE][INFO] - 0.0

2022-06-28 08:21:26 - [TEST_STEP][PASSED] - a = allValues[arr1]: null

2022-06-28 08:21:26 - [TEST_STEP][PASSED] - b = expectedValue[arr1]: null

2022-06-28 08:21:26 - [TEST_STEP][PASSED] - all_values = allValues[arr1]: null

2022-06-28 08:21:26 - [TEST_STEP][PASSED] - comment(all_values): 5

2022-06-28 08:21:26 - [MESSAGE][INFO] - 5

2022-06-28 08:21:26 - [TEST_STEP][PASSED] - expected_Value = expectedValue[arr1]: null

2022-06-28 08:21:26 - [TEST_STEP][PASSED] - comment(expected_Value): 5

2022-06-28 08:21:26 - [MESSAGE][INFO] - 5

2022-06-28 08:21:26 - [TEST_STEP][PASSED] - a = allValues[arr1]: null

2022-06-28 08:21:26 - [TEST_STEP][PASSED] - b = expectedValue[arr1]: null

2022-06-28 08:21:26 - [TEST_STEP][PASSED] - all_values = allValues[arr1]: null

2022-06-28 08:21:26 - [TEST_STEP][PASSED] - comment(all_values): 20

2022-06-28 08:21:26 - [MESSAGE][INFO] - 20

2022-06-28 08:21:26 - [TEST_STEP][PASSED] - expected_Value = expectedValue[arr1]: null

2022-06-28 08:21:26 - [TEST_STEP][PASSED] - comment(expected_Value): 20

2022-06-28 08:21:26 - [MESSAGE][INFO] - 20

2022-06-28 08:21:26 - [TEST_STEP][PASSED] - a = allValues[arr1]: null

2022-06-28 08:21:26 - [TEST_STEP][PASSED] - b = expectedValue[arr1]: null

2022-06-28 08:21:26 - [TEST_STEP][PASSED] - all_values = allValues[arr1]: null

2022-06-28 08:21:26 - [TEST_STEP][PASSED] - comment(all_values): 18.43

2022-06-28 08:21:26 - [MESSAGE][INFO] - 18.43

2022-06-28 08:21:26 - [TEST_STEP][PASSED] - expected_Value = expectedValue[arr1]: null

2022-06-28 08:21:26 - [TEST_STEP][PASSED] - comment(expected_Value): 18.43

2022-06-28 08:21:26 - [MESSAGE][INFO] - 18.43

2022-06-28 08:21:26 - [TEST_STEP][PASSED] - a = allValues[arr1]: null

2022-06-28 08:21:26 - [TEST_STEP][PASSED] - b = expectedValue[arr1]: null

2022-06-28 08:21:26 - [TEST_STEP][PASSED] - all_values = allValues[arr1]: null

2022-06-28 08:21:26 - [TEST_STEP][PASSED] - comment(all_values): 1.85

2022-06-28 08:21:26 - [MESSAGE][INFO] - 1.85

2022-06-28 08:21:26 - [TEST_STEP][PASSED] - expected_Value = expectedValue[arr1]: null

2022-06-28 08:21:26 - [TEST_STEP][PASSED] - comment(expected_Value): 1.85

2022-06-28 08:21:26 - [MESSAGE][INFO] - 1.85

2022-06-28 08:21:26 - [TEST_STEP][PASSED] - a = allValues[arr1]: null

2022-06-28 08:21:26 - [TEST_STEP][PASSED] - b = expectedValue[arr1]: null

2022-06-28 08:21:26 - [TEST_STEP][PASSED] - all_values = allValues[arr1]: null

2022-06-28 08:21:26 - [TEST_STEP][PASSED] - comment(all_values): 0.04

2022-06-28 08:21:26 - [MESSAGE][INFO] - 0.04

2022-06-28 08:21:26 - [TEST_STEP][PASSED] - expected_Value = expectedValue[arr1]: null

2022-06-28 08:21:26 - [TEST_STEP][PASSED] - comment(expected_Value): 0.39

2022-06-28 08:21:26 - [MESSAGE][INFO] - 0.39

2022-06-28 08:21:26 - [TEST_STEP][PASSED] - a = allValues[arr1]: null

2022-06-28 08:21:26 - [TEST_STEP][PASSED] - b = expectedValue[arr1]: null

2022-06-28 08:21:26 - [TEST_STEP][PASSED] - all_values = allValues[arr1]: null

2022-06-28 08:21:26 - [TEST_STEP][PASSED] - comment(all_values): 0.56

2022-06-28 08:21:26 - [MESSAGE][INFO] - 0.56

2022-06-28 08:21:26 - [TEST_STEP][PASSED] - expected_Value = expectedValue[arr1]: null

2022-06-28 08:21:26 - [TEST_STEP][PASSED] - comment(expected_Value): 0.56

2022-06-28 08:21:26 - [MESSAGE][INFO] - 0.56

2022-06-28 08:21:26 - [TEST_STEP][PASSED] - a = allValues[arr1]: null

2022-06-28 08:21:26 - [TEST_STEP][PASSED] - b = expectedValue[arr1]: null

2022-06-28 08:21:26 - [TEST_STEP][PASSED] - all_values = allValues[arr1]: null

2022-06-28 08:21:26 - [TEST_STEP][PASSED] - comment(all_values): 0.75

2022-06-28 08:21:26 - [MESSAGE][INFO] - 0.75

2022-06-28 08:21:26 - [TEST_STEP][PASSED] - expected_Value = expectedValue[arr1]: null

2022-06-28 08:21:26 - [TEST_STEP][PASSED] - comment(expected_Value): 0.75

2022-06-28 08:21:26 - [MESSAGE][INFO] - 0.75

2022-06-28 08:21:26 - [TEST_STEP][PASSED] - a = allValues[arr1]: null

2022-06-28 08:21:26 - [TEST_STEP][PASSED] - b = expectedValue[arr1]: null

2022-06-28 08:21:26 - [TEST_STEP][PASSED] - all_values = allValues[arr1]: null

2022-06-28 08:21:26 - [TEST_STEP][PASSED] - comment(all_values): 0.56

2022-06-28 08:21:26 - [MESSAGE][INFO] - 0.56

2022-06-28 08:21:26 - [TEST_STEP][PASSED] - expected_Value = expectedValue[arr1]: null

2022-06-28 08:21:26 - [TEST_STEP][PASSED] - comment(expected_Value): 0.56

2022-06-28 08:21:26 - [MESSAGE][INFO] - 0.56

2022-06-28 08:21:26 - [TEST_STEP][PASSED] - a = allValues[arr1]: null

2022-06-28 08:21:26 - [TEST_STEP][PASSED] - b = expectedValue[arr1]: null

2022-06-28 08:21:26 - [TEST_STEP][PASSED] - all_values = allValues[arr1]: null

2022-06-28 08:21:26 - [TEST_STEP][PASSED] - comment(all_values): 0

2022-06-28 08:21:26 - [MESSAGE][INFO] - 0

2022-06-28 08:21:26 - [TEST_STEP][PASSED] - expected_Value = expectedValue[arr1]: null

2022-06-28 08:21:26 - [TEST_STEP][PASSED] - comment(expected_Value): 0.0

2022-06-28 08:21:26 - [MESSAGE][INFO] - 0.0

2022-06-28 08:21:26 - [TEST_STEP][PASSED] - a = allValues[arr1]: null

2022-06-28 08:21:26 - [TEST_STEP][PASSED] - b = expectedValue[arr1]: null

2022-06-28 08:21:26 - [TEST_STEP][PASSED] - all_values = allValues[arr1]: null

2022-06-28 08:21:26 - [TEST_STEP][PASSED] - comment(all_values): 0

2022-06-28 08:21:26 - [MESSAGE][INFO] - 0

2022-06-28 08:21:26 - [TEST_STEP][PASSED] - expected_Value = expectedValue[arr1]: null

2022-06-28 08:21:26 - [TEST_STEP][PASSED] - comment(expected_Value): 0.0

2022-06-28 08:21:26 - [MESSAGE][INFO] - 0.0

2022-06-28 08:21:26 - [TEST_STEP][PASSED] - a = allValues[arr1]: null

2022-06-28 08:21:26 - [TEST_STEP][PASSED] - b = expectedValue[arr1]: null

2022-06-28 08:21:26 - [TEST_STEP][PASSED] - closeBrowser(): Browser is closed

2022-06-28 08:21:27 - [MESSAGE][PASSED] - Browser is closed]]></system-out>
         <system-err><![CDATA[]]></system-err>
      </testcase>
      <system-out><![CDATA[2022-06-28 08:17:31 - [TEST_SUITE][PASSED] - Demo 28 Juni 2022: Test Cases/Demo 28 Juni 2022/2B_ Verify Calculated Values in Work Order (box layer1 layer2)]]></system-out>
      <system-err><![CDATA[]]></system-err>
   </testsuite>
</testsuites>
