<?xml version="1.0" encoding="UTF-8"?>
<testsuites name="Demo Juli 2022" time="492.85" tests="7" failures="1" errors="1">
   <testsuite name="Demo Juli 2022" tests="7" failures="1" errors="1" time="492.85" skipped="0" timestamp="2022-07-06 11:14:16" hostname="Shelly - LAPTOP-E00FH6K0.mshome.net" id="Test Suites/Demo Juli 2022">
      <properties>
         <property name="deviceName" value=""/>
         <property name="devicePlatform" value=""/>
         <property name="logFolder" value="C:\\Users\\Shelly\\git\\test_ui\\test_ui\\Reports\\20220706_111408\\Demo Juli 2022\\20220706_111408"/>
         <property name="logFiles" value="C:\\Users\\Shelly\\git\\test_ui\\test_ui\\Reports\\20220706_111408\\Demo Juli 2022\\20220706_111408\\execution0.log"/>
         <property name="attachments" value=""/>
         <property name="hostName" value="Shelly - LAPTOP-E00FH6K0.mshome.net"/>
         <property name="os" value="Windows 10 64bit"/>
         <property name="katalonVersion" value="8.3.5.208"/>
         <property name="browser" value="Chrome 103.0.5060.66"/>
         <property name="hostAddress" value="172.24.16.1"/>
         <property name="sessionId" value="02151648915cc22998444b464a9cb589"/>
         <property name="seleniumVersion" value="3.141.59"/>
         <property name="proxyInformation" value="ProxyInformation { proxyOption=NO_PROXY, proxyServerType=HTTP, username=, password=********, proxyServerAddress=, proxyServerPort=0, executionList=&quot;&quot;, isApplyToDesiredCapabilities=true }"/>
         <property name="platform" value="Windows 10"/>
      </properties>
      <testcase name="Test Cases/SKT ERP/Sales/2 - 1A_Create Sales Order with 11prcnt PPN (Box Partisi1 Partisi2)" time="41.59" classname="Test Cases/SKT ERP/Sales/2 - 1A_Create Sales Order with 11prcnt PPN (Box Partisi1 Partisi2)" status="PASSED">
         <system-out><![CDATA[2022-07-06 11:14:16 - [TEST_CASE][PASSED] - Test Cases/SKT ERP/Sales/2 - 1A_Create Sales Order with 11prcnt PPN (Box Partisi1 Partisi2): Test Cases/SKT ERP/Sales/2 - 1A_Create Sales Order with 11prcnt PPN (Box Partisi1 Partisi2)

2022-07-06 11:14:17 - [TEST_STEP][PASSED] - openBrowser(""): Browser is opened with url: ''

2022-07-06 11:14:17 - [MESSAGE][INFO] - Starting 'Chrome' driver

2022-07-06 11:14:17 - [MESSAGE][INFO] - Action delay is set to 0 milliseconds

2022-07-06 11:14:20 - [MESSAGE][PASSED] - Browser is opened with url: ''

2022-07-06 11:14:20 - [TEST_STEP][PASSED] - navigateToUrl("http://localhost:3001/login"): Navigate to 'http://localhost:3001/login' successfully

2022-07-06 11:14:21 - [MESSAGE][PASSED] - Navigate to 'http://localhost:3001/login' successfully

2022-07-06 11:14:21 - [TEST_STEP][PASSED] - setText(findTestObject("Object Repository/Page_SKT ERP  ERP/Login/input_login_username"), "devshelly"): Text 'devshelly' is set on object 'Object Repository/Page_SKT ERP  ERP/Login/input_login_username'

2022-07-06 11:14:22 - [MESSAGE][PASSED] - Text 'devshelly' is set on object 'Object Repository/Page_SKT ERP  ERP/Login/input_login_username'

2022-07-06 11:14:22 - [TEST_STEP][PASSED] - setEncryptedText(findTestObject("Object Repository/Page_SKT ERP  ERP/Login/input_login_password"), "bD8Rq1FIAurX2vfab/lFTQ=="): Text ****** has been set on object 'Object Repository/Page_SKT ERP  ERP/Login/input_login_password'

2022-07-06 11:14:23 - [MESSAGE][PASSED] - Text ****** has been set on object 'Object Repository/Page_SKT ERP  ERP/Login/input_login_password'

2022-07-06 11:14:23 - [TEST_STEP][PASSED] - maximizeWindow(): Current window maximized

2022-07-06 11:14:23 - [MESSAGE][PASSED] - Current window maximized

2022-07-06 11:14:23 - [TEST_STEP][PASSED] - click(findTestObject("Object Repository/Page_SKT ERP  ERP/Login/button_login")): Object: 'Object Repository/Page_SKT ERP  ERP/Login/button_login' is clicked on

2022-07-06 11:14:23 - [MESSAGE][PASSED] - Object: 'Object Repository/Page_SKT ERP  ERP/Login/button_login' is clicked on

2022-07-06 11:14:23 - [TEST_STEP][PASSED] - click(findTestObject("Object Repository/Page_SKT ERP  ERP/Tab Sales/Tab Sales")): Object: 'Object Repository/Page_SKT ERP  ERP/Tab Sales/Tab Sales' is clicked on

2022-07-06 11:14:25 - [MESSAGE][PASSED] - Object: 'Object Repository/Page_SKT ERP  ERP/Tab Sales/Tab Sales' is clicked on

2022-07-06 11:14:25 - [TEST_STEP][PASSED] - click(findTestObject("Object Repository/Page_SKT ERP  ERP/Tab Sales/Sales Order/Tab Sales Order")): Object: 'Object Repository/Page_SKT ERP  ERP/Tab Sales/Sales Order/Tab Sales Order' is clicked on

2022-07-06 11:14:26 - [MESSAGE][PASSED] - Object: 'Object Repository/Page_SKT ERP  ERP/Tab Sales/Sales Order/Tab Sales Order' is clicked on

2022-07-06 11:14:26 - [TEST_STEP][PASSED] - click(findTestObject("Object Repository/Page_SKT ERP  ERP/Tab Sales/Sales Order/Add New Sales Order")): Object: 'Object Repository/Page_SKT ERP  ERP/Tab Sales/Sales Order/Add New Sales Order' is clicked on

2022-07-06 11:14:29 - [MESSAGE][PASSED] - Object: 'Object Repository/Page_SKT ERP  ERP/Tab Sales/Sales Order/Add New Sales Order' is clicked on

2022-07-06 11:14:29 - [TEST_STEP][PASSED] - no_Sales_order_box_partisi = "git4box4prts": null

2022-07-06 11:14:29 - [TEST_STEP][PASSED] - noSalesOrderBoxPartisi = no_Sales_order_box_partisi: null

2022-07-06 11:14:29 - [TEST_STEP][PASSED] - qty = "100": null

2022-07-06 11:14:29 - [TEST_STEP][PASSED] - qtySalesOrderBoxPartisi = qty: null

2022-07-06 11:14:29 - [TEST_STEP][PASSED] - price = "9880": null

2022-07-06 11:14:29 - [TEST_STEP][PASSED] - price2 = "9800": null

2022-07-06 11:14:29 - [TEST_STEP][PASSED] - setText(findTestObject("Page_SKT ERP  ERP/Tab Sales/Sales Order/Input No Sales Order"), no_Sales_order_box_partisi): Text 'git4box4prts' is set on object 'Object Repository/Page_SKT ERP  ERP/Tab Sales/Sales Order/Input No Sales Order'

2022-07-06 11:14:30 - [MESSAGE][PASSED] - Text 'git4box4prts' is set on object 'Object Repository/Page_SKT ERP  ERP/Tab Sales/Sales Order/Input No Sales Order'

2022-07-06 11:14:30 - [TEST_STEP][PASSED] - setText(findTestObject("Object Repository/Page_SKT ERP  ERP/Tab Sales/Sales Order/Input Sales Person"), "sujadi"): Text 'sujadi' is set on object 'Object Repository/Page_SKT ERP  ERP/Tab Sales/Sales Order/Input Sales Person'

2022-07-06 11:14:31 - [MESSAGE][PASSED] - Text 'sujadi' is set on object 'Object Repository/Page_SKT ERP  ERP/Tab Sales/Sales Order/Input Sales Person'

2022-07-06 11:14:31 - [TEST_STEP][PASSED] - delay(3): Delayed 3 second(s)

2022-07-06 11:14:34 - [MESSAGE][PASSED] - Delayed 3 second(s)

2022-07-06 11:14:34 - [TEST_STEP][PASSED] - click(findTestObject("Page_SKT ERP  ERP/Constant/Sales/303 - Sujadi")): Object: 'Object Repository/Page_SKT ERP  ERP/Constant/Sales/303 - Sujadi' is clicked on

2022-07-06 11:14:35 - [MESSAGE][PASSED] - Object: 'Object Repository/Page_SKT ERP  ERP/Constant/Sales/303 - Sujadi' is clicked on

2022-07-06 11:14:35 - [TEST_STEP][PASSED] - click(findTestObject("Page_SKT ERP  ERP/Tab Sales/Sales Order/Customer Field")): Object: 'Object Repository/Page_SKT ERP  ERP/Tab Sales/Sales Order/Customer Field' is clicked on

2022-07-06 11:14:35 - [MESSAGE][PASSED] - Object: 'Object Repository/Page_SKT ERP  ERP/Tab Sales/Sales Order/Customer Field' is clicked on

2022-07-06 11:14:35 - [TEST_STEP][PASSED] - setText(findTestObject("Page_SKT ERP  ERP/Tab Sales/Sales Order/Input Customer"), "jayamas"): Text 'jayamas' is set on object 'Object Repository/Page_SKT ERP  ERP/Tab Sales/Sales Order/Input Customer'

2022-07-06 11:14:36 - [MESSAGE][PASSED] - Text 'jayamas' is set on object 'Object Repository/Page_SKT ERP  ERP/Tab Sales/Sales Order/Input Customer'

2022-07-06 11:14:36 - [TEST_STEP][PASSED] - delay(3): Delayed 3 second(s)

2022-07-06 11:14:39 - [MESSAGE][PASSED] - Delayed 3 second(s)

2022-07-06 11:14:39 - [TEST_STEP][PASSED] - click(findTestObject("Page_SKT ERP  ERP/Constant/Customer/PT Jayamas Medica Industri")): Object: 'Object Repository/Page_SKT ERP  ERP/Constant/Customer/PT Jayamas Medica Industri' is clicked on

2022-07-06 11:14:40 - [MESSAGE][PASSED] - Object: 'Object Repository/Page_SKT ERP  ERP/Constant/Customer/PT Jayamas Medica Industri' is clicked on

2022-07-06 11:14:40 - [TEST_STEP][PASSED] - scrollToElement(findTestObject("Page_SKT ERP  ERP/Tab Sales/Sales Order/Billing Address Field"), 30): Scroll to object 'Object Repository/Page_SKT ERP  ERP/Tab Sales/Sales Order/Billing Address Field' successfully

2022-07-06 11:14:40 - [MESSAGE][PASSED] - Scroll to object 'Object Repository/Page_SKT ERP  ERP/Tab Sales/Sales Order/Billing Address Field' successfully

2022-07-06 11:14:40 - [TEST_STEP][PASSED] - click(findTestObject("Page_SKT ERP  ERP/Tab Sales/Sales Order/Billing Address Field")): Object: 'Object Repository/Page_SKT ERP  ERP/Tab Sales/Sales Order/Billing Address Field' is clicked on

2022-07-06 11:14:41 - [MESSAGE][PASSED] - Object: 'Object Repository/Page_SKT ERP  ERP/Tab Sales/Sales Order/Billing Address Field' is clicked on

2022-07-06 11:14:41 - [TEST_STEP][PASSED] - click(findTestObject("Page_SKT ERP  ERP/Constant/Address/Billing Address PT Jayamas Media Industri")): Object: 'Object Repository/Page_SKT ERP  ERP/Constant/Address/Billing Address PT Jayamas Media Industri' is clicked on

2022-07-06 11:14:41 - [MESSAGE][PASSED] - Object: 'Object Repository/Page_SKT ERP  ERP/Constant/Address/Billing Address PT Jayamas Media Industri' is clicked on

2022-07-06 11:14:41 - [TEST_STEP][PASSED] - click(findTestObject("Page_SKT ERP  ERP/Tab Sales/Sales Order/Shipping Address Field")): Object: 'Object Repository/Page_SKT ERP  ERP/Tab Sales/Sales Order/Shipping Address Field' is clicked on

2022-07-06 11:14:42 - [MESSAGE][PASSED] - Object: 'Object Repository/Page_SKT ERP  ERP/Tab Sales/Sales Order/Shipping Address Field' is clicked on

2022-07-06 11:14:42 - [TEST_STEP][PASSED] - click(findTestObject("Page_SKT ERP  ERP/Constant/Address/Shipping Address PT Jayamas Medica Industri")): Object: 'Object Repository/Page_SKT ERP  ERP/Constant/Address/Shipping Address PT Jayamas Medica Industri' is clicked on

2022-07-06 11:14:43 - [MESSAGE][PASSED] - Object: 'Object Repository/Page_SKT ERP  ERP/Constant/Address/Shipping Address PT Jayamas Medica Industri' is clicked on

2022-07-06 11:14:43 - [TEST_STEP][PASSED] - click(findTestObject("Page_SKT ERP  ERP/Tab Sales/Sales Order/i_tambah item")): Object: 'Object Repository/Page_SKT ERP  ERP/Tab Sales/Sales Order/i_tambah item' is clicked on

2022-07-06 11:14:43 - [MESSAGE][PASSED] - Object: 'Object Repository/Page_SKT ERP  ERP/Tab Sales/Sales Order/i_tambah item' is clicked on

2022-07-06 11:14:43 - [TEST_STEP][PASSED] - click(findTestObject("Page_SKT ERP  ERP/Tab Sales/Sales Order/Type Field")): Object: 'Object Repository/Page_SKT ERP  ERP/Tab Sales/Sales Order/Type Field' is clicked on

2022-07-06 11:14:44 - [MESSAGE][PASSED] - Object: 'Object Repository/Page_SKT ERP  ERP/Tab Sales/Sales Order/Type Field' is clicked on

2022-07-06 11:14:44 - [TEST_STEP][PASSED] - click(findTestObject("Object Repository/Page_SKT ERP  ERP/Tab Sales/Sales Order/Tipe Box")): Object: 'Object Repository/Page_SKT ERP  ERP/Tab Sales/Sales Order/Tipe Box' is clicked on

2022-07-06 11:14:45 - [MESSAGE][PASSED] - Object: 'Object Repository/Page_SKT ERP  ERP/Tab Sales/Sales Order/Tipe Box' is clicked on

2022-07-06 11:14:45 - [TEST_STEP][PASSED] - click(findTestObject("Page_SKT ERP  ERP/Tab Sales/Sales Order/MasterCard Field")): Object: 'Object Repository/Page_SKT ERP  ERP/Tab Sales/Sales Order/MasterCard Field' is clicked on

2022-07-06 11:14:45 - [MESSAGE][PASSED] - Object: 'Object Repository/Page_SKT ERP  ERP/Tab Sales/Sales Order/MasterCard Field' is clicked on

2022-07-06 11:14:45 - [TEST_STEP][PASSED] - click(findTestObject("Page_SKT ERP  ERP/Constant/Mastercard/PT Jayamas Medica Industri (1402 - 001076 - BOX USG 250cc (K0173) - WK150 M125)")): Object: 'Object Repository/Page_SKT ERP  ERP/Constant/Mastercard/PT Jayamas Medica Industri (1402 - 001076 - BOX USG 250cc (K0173) - WK150 M125)' is clicked on

2022-07-06 11:14:46 - [MESSAGE][PASSED] - Object: 'Object Repository/Page_SKT ERP  ERP/Constant/Mastercard/PT Jayamas Medica Industri (1402 - 001076 - BOX USG 250cc (K0173) - WK150 M125)' is clicked on

2022-07-06 11:14:46 - [TEST_STEP][PASSED] - setText(findTestObject("Object Repository/Page_SKT ERP  ERP/Tab Sales/Sales Order/Input Quantity"), qty): Text '100' is set on object 'Object Repository/Page_SKT ERP  ERP/Tab Sales/Sales Order/Input Quantity'

2022-07-06 11:14:47 - [MESSAGE][PASSED] - Text '100' is set on object 'Object Repository/Page_SKT ERP  ERP/Tab Sales/Sales Order/Input Quantity'

2022-07-06 11:14:47 - [TEST_STEP][PASSED] - click(findTestObject("Page_SKT ERP  ERP/Tab Sales/Sales Order/Unit Field")): Object: 'Object Repository/Page_SKT ERP  ERP/Tab Sales/Sales Order/Unit Field' is clicked on

2022-07-06 11:14:48 - [MESSAGE][PASSED] - Object: 'Object Repository/Page_SKT ERP  ERP/Tab Sales/Sales Order/Unit Field' is clicked on

2022-07-06 11:14:48 - [TEST_STEP][PASSED] - click(findTestObject("Object Repository/Page_SKT ERP  ERP/Tab Sales/Sales Order/Unit Pcs")): Object: 'Object Repository/Page_SKT ERP  ERP/Tab Sales/Sales Order/Unit Pcs' is clicked on

2022-07-06 11:14:49 - [MESSAGE][PASSED] - Object: 'Object Repository/Page_SKT ERP  ERP/Tab Sales/Sales Order/Unit Pcs' is clicked on

2022-07-06 11:14:49 - [TEST_STEP][PASSED] - setText(findTestObject("Object Repository/Page_SKT ERP  ERP/Tab Sales/Sales Order/Input Harga"), price): Text '9880' is set on object 'Object Repository/Page_SKT ERP  ERP/Tab Sales/Sales Order/Input Harga'

2022-07-06 11:14:50 - [MESSAGE][PASSED] - Text '9880' is set on object 'Object Repository/Page_SKT ERP  ERP/Tab Sales/Sales Order/Input Harga'

2022-07-06 11:14:50 - [TEST_STEP][PASSED] - click(findTestObject("Object Repository/Page_SKT ERP  ERP/Tab Sales/Sales Order/Input Tanggal Kirim")): Object: 'Object Repository/Page_SKT ERP  ERP/Tab Sales/Sales Order/Input Tanggal Kirim' is clicked on

2022-07-06 11:14:50 - [MESSAGE][PASSED] - Object: 'Object Repository/Page_SKT ERP  ERP/Tab Sales/Sales Order/Input Tanggal Kirim' is clicked on

2022-07-06 11:14:50 - [TEST_STEP][PASSED] - click(findTestObject("Object Repository/Page_SKT ERP  ERP/Tab Sales/Sales Order/Tanggal 30")): Object: 'Object Repository/Page_SKT ERP  ERP/Tab Sales/Sales Order/Tanggal 30' is clicked on

2022-07-06 11:14:51 - [MESSAGE][PASSED] - Object: 'Object Repository/Page_SKT ERP  ERP/Tab Sales/Sales Order/Tanggal 30' is clicked on

2022-07-06 11:14:51 - [TEST_STEP][PASSED] - click(findTestObject("Object Repository/Page_SKT ERP  ERP/Tab Sales/Sales Order/Save Sales Order Line")): Object: 'Object Repository/Page_SKT ERP  ERP/Tab Sales/Sales Order/Save Sales Order Line' is clicked on

2022-07-06 11:14:52 - [MESSAGE][PASSED] - Object: 'Object Repository/Page_SKT ERP  ERP/Tab Sales/Sales Order/Save Sales Order Line' is clicked on

2022-07-06 11:14:52 - [TEST_STEP][PASSED] - click(findTestObject("Page_SKT ERP  ERP/Tab Sales/Sales Order/Edit Sales Order Line 2")): Object: 'Object Repository/Page_SKT ERP  ERP/Tab Sales/Sales Order/Edit Sales Order Line 2' is clicked on

2022-07-06 11:14:53 - [MESSAGE][PASSED] - Object: 'Object Repository/Page_SKT ERP  ERP/Tab Sales/Sales Order/Edit Sales Order Line 2' is clicked on

2022-07-06 11:14:53 - [TEST_STEP][PASSED] - setText(findTestObject("Object Repository/Page_SKT ERP  ERP/Tab Sales/Sales Order/Input Harga"), price2): Text '9800' is set on object 'Object Repository/Page_SKT ERP  ERP/Tab Sales/Sales Order/Input Harga'

2022-07-06 11:14:55 - [MESSAGE][PASSED] - Text '9800' is set on object 'Object Repository/Page_SKT ERP  ERP/Tab Sales/Sales Order/Input Harga'

2022-07-06 11:14:55 - [TEST_STEP][PASSED] - click(findTestObject("Object Repository/Page_SKT ERP  ERP/Tab Sales/Sales Order/Save Sales Order Line")): Object: 'Object Repository/Page_SKT ERP  ERP/Tab Sales/Sales Order/Save Sales Order Line' is clicked on

2022-07-06 11:14:55 - [MESSAGE][PASSED] - Object: 'Object Repository/Page_SKT ERP  ERP/Tab Sales/Sales Order/Save Sales Order Line' is clicked on

2022-07-06 11:14:55 - [TEST_STEP][PASSED] - subtotal = getAttribute(findTestObject("Page_SKT ERP  ERP/Tab Sales/Sales Order/Subtotal Values"), "value"): Attribute 'value' of object 'Object Repository/Page_SKT ERP  ERP/Tab Sales/Sales Order/Subtotal Values' is: '1968000'

2022-07-06 11:14:56 - [MESSAGE][PASSED] - Attribute 'value' of object 'Object Repository/Page_SKT ERP  ERP/Tab Sales/Sales Order/Subtotal Values' is: '1968000'

2022-07-06 11:14:56 - [TEST_STEP][PASSED] - comment("actual subtotal = " + subtotal): actual subtotal = 1968000

2022-07-06 11:14:56 - [MESSAGE][INFO] - actual subtotal = 1968000

2022-07-06 11:14:56 - [TEST_STEP][PASSED] - quantity = Integer.parseInt(qty): null

2022-07-06 11:14:56 - [TEST_STEP][PASSED] - harga = Integer.parseInt(price): null

2022-07-06 11:14:56 - [TEST_STEP][PASSED] - harga2 = Integer.parseInt(price2): null

2022-07-06 11:14:56 - [TEST_STEP][PASSED] - expected_subtotal = quantity * harga + quantity * harga2: null

2022-07-06 11:14:56 - [TEST_STEP][PASSED] - expectedSubtotal = expected_subtotal: null

2022-07-06 11:14:56 - [TEST_STEP][PASSED] - comment("expected subtotal = " + expectedSubtotal): expected subtotal = 1968000

2022-07-06 11:14:56 - [MESSAGE][INFO] - expected subtotal = 1968000

2022-07-06 11:14:56 - [TEST_STEP][PASSED] - verifyMatch(subtotal, expectedSubtotal, false): Actual text '1968000' and expected text '1968000' are matched 

2022-07-06 11:14:56 - [MESSAGE][PASSED] - Actual text '1968000' and expected text '1968000' are matched 

2022-07-06 11:14:56 - [TEST_STEP][PASSED] - ppn = getAttribute(findTestObject("Page_SKT ERP  ERP/Tab Sales/Sales Order/PPN Values"), "value"): Attribute 'value' of object 'Object Repository/Page_SKT ERP  ERP/Tab Sales/Sales Order/PPN Values' is: '216480'

2022-07-06 11:14:56 - [MESSAGE][PASSED] - Attribute 'value' of object 'Object Repository/Page_SKT ERP  ERP/Tab Sales/Sales Order/PPN Values' is: '216480'

2022-07-06 11:14:56 - [TEST_STEP][PASSED] - comment("actual ppn = " + ppn): actual ppn = 216480

2022-07-06 11:14:56 - [MESSAGE][INFO] - actual ppn = 216480

2022-07-06 11:14:56 - [TEST_STEP][PASSED] - expected_ppn = expected_subtotal * 11 / 100: null

2022-07-06 11:14:56 - [TEST_STEP][PASSED] - expectedPpn = expected_ppn: null

2022-07-06 11:14:56 - [TEST_STEP][PASSED] - comment("expected ppn = " + expectedPpn): expected ppn = 216480

2022-07-06 11:14:56 - [MESSAGE][INFO] - expected ppn = 216480

2022-07-06 11:14:56 - [TEST_STEP][PASSED] - verifyMatch(ppn, expectedPpn, false): Actual text '216480' and expected text '216480' are matched 

2022-07-06 11:14:56 - [MESSAGE][PASSED] - Actual text '216480' and expected text '216480' are matched 

2022-07-06 11:14:56 - [TEST_STEP][PASSED] - JumlahTotal = getText(findTestObject("Page_SKT ERP  ERP/Tab Sales/Sales Order/Jumlah Total Values")).replace(".", ""): Text of object 'Object Repository/Page_SKT ERP  ERP/Tab Sales/Sales Order/Jumlah Total Values' is: 'Jumlah Total : 2.184.480'

2022-07-06 11:14:57 - [MESSAGE][PASSED] - Text of object 'Object Repository/Page_SKT ERP  ERP/Tab Sales/Sales Order/Jumlah Total Values' is: 'Jumlah Total : 2.184.480'

2022-07-06 11:14:57 - [TEST_STEP][PASSED] - jumlah = JumlahTotal.substring(15): null

2022-07-06 11:14:57 - [TEST_STEP][PASSED] - comment("actual jumlah total = " + jumlah): actual jumlah total = 2184480

2022-07-06 11:14:57 - [MESSAGE][INFO] - actual jumlah total = 2184480

2022-07-06 11:14:57 - [TEST_STEP][PASSED] - expected_jumlah = expected_subtotal + expected_ppn: null

2022-07-06 11:14:57 - [TEST_STEP][PASSED] - expectedJumlah = expected_jumlah: null

2022-07-06 11:14:57 - [TEST_STEP][PASSED] - comment("expected jumlah total = " + expectedJumlah): expected jumlah total = 2184480

2022-07-06 11:14:57 - [MESSAGE][INFO] - expected jumlah total = 2184480

2022-07-06 11:14:57 - [TEST_STEP][PASSED] - verifyMatch(jumlah, expectedJumlah, false): Actual text '2184480' and expected text '2184480' are matched 

2022-07-06 11:14:57 - [MESSAGE][PASSED] - Actual text '2184480' and expected text '2184480' are matched 

2022-07-06 11:14:57 - [TEST_STEP][PASSED] - click(findTestObject("Page_SKT ERP  ERP/Tab Sales/Sales Order/Save Sales Order")): Object: 'Object Repository/Page_SKT ERP  ERP/Tab Sales/Sales Order/Save Sales Order' is clicked on

2022-07-06 11:14:57 - [MESSAGE][PASSED] - Object: 'Object Repository/Page_SKT ERP  ERP/Tab Sales/Sales Order/Save Sales Order' is clicked on

2022-07-06 11:14:57 - [TEST_STEP][PASSED] - closeBrowser(): Browser is closed

2022-07-06 11:14:58 - [MESSAGE][PASSED] - Browser is closed]]></system-out>
         <system-err><![CDATA[]]></system-err>
      </testcase>
      <testcase name="Test Cases/SKT ERP/Release Sales Order/2 - Release Sales Order Box Partisi (1A)" time="69.137" classname="Test Cases/SKT ERP/Release Sales Order/2 - Release Sales Order Box Partisi (1A)" status="PASSED">
         <system-out><![CDATA[2022-07-06 11:14:58 - [TEST_CASE][PASSED] - Test Cases/SKT ERP/Release Sales Order/2 - Release Sales Order Box Partisi (1A): Test Cases/SKT ERP/Release Sales Order/2 - Release Sales Order Box Partisi (1A)

2022-07-06 11:14:58 - [TEST_STEP][PASSED] - openBrowser(""): Browser is opened with url: ''

2022-07-06 11:14:58 - [MESSAGE][INFO] - Starting 'Chrome' driver

2022-07-06 11:14:58 - [MESSAGE][INFO] - Action delay is set to 0 milliseconds

2022-07-06 11:15:00 - [MESSAGE][PASSED] - Browser is opened with url: ''

2022-07-06 11:15:00 - [TEST_STEP][PASSED] - navigateToUrl("http://localhost:3001/login"): Navigate to 'http://localhost:3001/login' successfully

2022-07-06 11:15:01 - [MESSAGE][PASSED] - Navigate to 'http://localhost:3001/login' successfully

2022-07-06 11:15:01 - [TEST_STEP][PASSED] - setText(findTestObject("Object Repository/Page_SKT ERP  ERP/Login/input_login_username"), "devshelly"): Text 'devshelly' is set on object 'Object Repository/Page_SKT ERP  ERP/Login/input_login_username'

2022-07-06 11:15:02 - [MESSAGE][PASSED] - Text 'devshelly' is set on object 'Object Repository/Page_SKT ERP  ERP/Login/input_login_username'

2022-07-06 11:15:02 - [TEST_STEP][PASSED] - setEncryptedText(findTestObject("Object Repository/Page_SKT ERP  ERP/Login/input_login_password"), "bD8Rq1FIAurX2vfab/lFTQ=="): Text ****** has been set on object 'Object Repository/Page_SKT ERP  ERP/Login/input_login_password'

2022-07-06 11:15:03 - [MESSAGE][PASSED] - Text ****** has been set on object 'Object Repository/Page_SKT ERP  ERP/Login/input_login_password'

2022-07-06 11:15:03 - [TEST_STEP][PASSED] - maximizeWindow(): Current window maximized

2022-07-06 11:15:03 - [MESSAGE][PASSED] - Current window maximized

2022-07-06 11:15:03 - [TEST_STEP][PASSED] - click(findTestObject("Object Repository/Page_SKT ERP  ERP/Login/button_login")): Object: 'Object Repository/Page_SKT ERP  ERP/Login/button_login' is clicked on

2022-07-06 11:15:03 - [MESSAGE][PASSED] - Object: 'Object Repository/Page_SKT ERP  ERP/Login/button_login' is clicked on

2022-07-06 11:15:03 - [TEST_STEP][PASSED] - click(findTestObject("Object Repository/Page_SKT ERP  ERP/Tab Sales/Tab Sales")): Object: 'Object Repository/Page_SKT ERP  ERP/Tab Sales/Tab Sales' is clicked on

2022-07-06 11:15:05 - [MESSAGE][PASSED] - Object: 'Object Repository/Page_SKT ERP  ERP/Tab Sales/Tab Sales' is clicked on

2022-07-06 11:15:05 - [TEST_STEP][PASSED] - click(findTestObject("Page_SKT ERP  ERP/Tab Sales/Release Sales Order/Tab Release Sales Order")): Object: 'Object Repository/Page_SKT ERP  ERP/Tab Sales/Release Sales Order/Tab Release Sales Order' is clicked on

2022-07-06 11:15:06 - [MESSAGE][PASSED] - Object: 'Object Repository/Page_SKT ERP  ERP/Tab Sales/Release Sales Order/Tab Release Sales Order' is clicked on

2022-07-06 11:15:06 - [TEST_STEP][PASSED] - click(findTestObject("Page_SKT ERP  ERP/Tab Sales/Release Sales Order/Button Filters")): Object: 'Object Repository/Page_SKT ERP  ERP/Tab Sales/Release Sales Order/Button Filters' is clicked on

2022-07-06 11:15:25 - [MESSAGE][PASSED] - Object: 'Object Repository/Page_SKT ERP  ERP/Tab Sales/Release Sales Order/Button Filters' is clicked on

2022-07-06 11:15:25 - [TEST_STEP][PASSED] - click(findTestObject("Page_SKT ERP  ERP/Tab Sales/Release Sales Order/Filters by No SO")): Object: 'Object Repository/Page_SKT ERP  ERP/Tab Sales/Release Sales Order/Filters by No SO' is clicked on

2022-07-06 11:15:26 - [MESSAGE][PASSED] - Object: 'Object Repository/Page_SKT ERP  ERP/Tab Sales/Release Sales Order/Filters by No SO' is clicked on

2022-07-06 11:15:26 - [TEST_STEP][PASSED] - noSalesOrder = noSalesOrderBoxPartisi: null

2022-07-06 11:15:26 - [TEST_STEP][PASSED] - setText(findTestObject("Page_SKT ERP  ERP/Tab Sales/Release Sales Order/Filters by No SO"), noSalesOrder): Text 'git4box4prts' is set on object 'Object Repository/Page_SKT ERP  ERP/Tab Sales/Release Sales Order/Filters by No SO'

2022-07-06 11:15:27 - [MESSAGE][PASSED] - Text 'git4box4prts' is set on object 'Object Repository/Page_SKT ERP  ERP/Tab Sales/Release Sales Order/Filters by No SO'

2022-07-06 11:15:27 - [TEST_STEP][PASSED] - click(findTestObject("Page_SKT ERP  ERP/Tab Sales/Release Sales Order/button Search in Filters")): Object: 'Object Repository/Page_SKT ERP  ERP/Tab Sales/Release Sales Order/button Search in Filters' is clicked on

2022-07-06 11:15:27 - [MESSAGE][PASSED] - Object: 'Object Repository/Page_SKT ERP  ERP/Tab Sales/Release Sales Order/button Search in Filters' is clicked on

2022-07-06 11:15:27 - [TEST_STEP][PASSED] - scrollToElement(findTestObject("Page_SKT ERP  ERP/Tab Sales/Release Sales Order/button Search in Filters"), 30): Scroll to object 'Object Repository/Page_SKT ERP  ERP/Tab Sales/Release Sales Order/button Search in Filters' successfully

2022-07-06 11:15:31 - [MESSAGE][PASSED] - Scroll to object 'Object Repository/Page_SKT ERP  ERP/Tab Sales/Release Sales Order/button Search in Filters' successfully

2022-07-06 11:15:31 - [TEST_STEP][PASSED] - delay(5): Delayed 5 second(s)

2022-07-06 11:15:36 - [MESSAGE][PASSED] - Delayed 5 second(s)

2022-07-06 11:15:36 - [TEST_STEP][PASSED] - click(findTestObject("Page_SKT ERP  ERP/Tab Sales/Release Sales Order/Release")): Object: 'Object Repository/Page_SKT ERP  ERP/Tab Sales/Release Sales Order/Release' is clicked on

2022-07-06 11:15:36 - [MESSAGE][PASSED] - Object: 'Object Repository/Page_SKT ERP  ERP/Tab Sales/Release Sales Order/Release' is clicked on

2022-07-06 11:15:36 - [TEST_STEP][PASSED] - click(findTestObject("Page_SKT ERP  ERP/Tab Sales/Release Sales Order/button Ya for Release Sales Order")): Object: 'Object Repository/Page_SKT ERP  ERP/Tab Sales/Release Sales Order/button Ya for Release Sales Order' is clicked on

2022-07-06 11:15:37 - [MESSAGE][PASSED] - Object: 'Object Repository/Page_SKT ERP  ERP/Tab Sales/Release Sales Order/button Ya for Release Sales Order' is clicked on

2022-07-06 11:15:37 - [TEST_STEP][PASSED] - scrollToElement(findTestObject("Page_SKT ERP  ERP/Tab Sales/Release Sales Order/Assign"), 30): Scroll to object 'Object Repository/Page_SKT ERP  ERP/Tab Sales/Release Sales Order/Assign' successfully

2022-07-06 11:15:40 - [MESSAGE][PASSED] - Scroll to object 'Object Repository/Page_SKT ERP  ERP/Tab Sales/Release Sales Order/Assign' successfully

2022-07-06 11:15:40 - [TEST_STEP][PASSED] - click(findTestObject("Page_SKT ERP  ERP/Tab Sales/Release Sales Order/Assign")): Object: 'Object Repository/Page_SKT ERP  ERP/Tab Sales/Release Sales Order/Assign' is clicked on

2022-07-06 11:15:41 - [MESSAGE][PASSED] - Object: 'Object Repository/Page_SKT ERP  ERP/Tab Sales/Release Sales Order/Assign' is clicked on

2022-07-06 11:15:41 - [TEST_STEP][PASSED] - click(findTestObject("Page_SKT ERP  ERP/Tab Sales/Release Sales Order/button_Ya")): Object: 'Object Repository/Page_SKT ERP  ERP/Tab Sales/Release Sales Order/button_Ya' is clicked on

2022-07-06 11:15:41 - [MESSAGE][PASSED] - Object: 'Object Repository/Page_SKT ERP  ERP/Tab Sales/Release Sales Order/button_Ya' is clicked on

2022-07-06 11:15:41 - [TEST_STEP][PASSED] - delay(5): Delayed 5 second(s)

2022-07-06 11:15:46 - [MESSAGE][PASSED] - Delayed 5 second(s)

2022-07-06 11:15:46 - [TEST_STEP][PASSED] - click(findTestObject("Page_SKT ERP  ERP/Tab Sales/Tab Sales")): Object: 'Object Repository/Page_SKT ERP  ERP/Tab Sales/Tab Sales' is clicked on

2022-07-06 11:15:49 - [MESSAGE][PASSED] - Object: 'Object Repository/Page_SKT ERP  ERP/Tab Sales/Tab Sales' is clicked on

2022-07-06 11:15:49 - [TEST_STEP][PASSED] - click(findTestObject("Page_SKT ERP  ERP/Tab Sales/Release Sales Order - Approval/Tab Release Sales Order - Approval")): Object: 'Object Repository/Page_SKT ERP  ERP/Tab Sales/Release Sales Order - Approval/Tab Release Sales Order - Approval' is clicked on

2022-07-06 11:15:50 - [MESSAGE][PASSED] - Object: 'Object Repository/Page_SKT ERP  ERP/Tab Sales/Release Sales Order - Approval/Tab Release Sales Order - Approval' is clicked on

2022-07-06 11:15:50 - [TEST_STEP][PASSED] - click(findTestObject("Page_SKT ERP  ERP/Tab Sales/Release Sales Order - Approval/Approve")): Object: 'Object Repository/Page_SKT ERP  ERP/Tab Sales/Release Sales Order - Approval/Approve' is clicked on

2022-07-06 11:15:51 - [MESSAGE][PASSED] - Object: 'Object Repository/Page_SKT ERP  ERP/Tab Sales/Release Sales Order - Approval/Approve' is clicked on

2022-07-06 11:15:51 - [TEST_STEP][PASSED] - click(findTestObject("Page_SKT ERP  ERP/Tab Sales/Release Sales Order - Approval/button Ya for Approve")): Object: 'Object Repository/Page_SKT ERP  ERP/Tab Sales/Release Sales Order - Approval/button Ya for Approve' is clicked on

2022-07-06 11:15:51 - [MESSAGE][PASSED] - Object: 'Object Repository/Page_SKT ERP  ERP/Tab Sales/Release Sales Order - Approval/button Ya for Approve' is clicked on

2022-07-06 11:15:51 - [TEST_STEP][PASSED] - delay(15): Delayed 15 second(s)

2022-07-06 11:16:06 - [MESSAGE][PASSED] - Delayed 15 second(s)

2022-07-06 11:16:06 - [TEST_STEP][PASSED] - closeBrowser(): Browser is closed

2022-07-06 11:16:07 - [MESSAGE][PASSED] - Browser is closed]]></system-out>
         <system-err><![CDATA[]]></system-err>
      </testcase>
      <testcase name="Test Cases/SKT ERP/Production/2 - 2A_ Verify Calculated Values in Work Order (box partisi1 partisi2)" time="72.461" classname="Test Cases/SKT ERP/Production/2 - 2A_ Verify Calculated Values in Work Order (box partisi1 partisi2)" status="FAILED">
         <failure type="FAILED" message="Test Cases/SKT ERP/Production/2 - 2A_ Verify Calculated Values in Work Order (box partisi1 partisi2) FAILED.
Reason:
com.kms.katalon.core.exception.StepFailedException: Unable to verify match between actual text '4.63' and expected text '4.64' (Root cause: com.kms.katalon.core.exception.StepFailedException: Actual text '4.63' and expected text '4.64' are not matched
	at com.kms.katalon.core.keyword.builtin.VerifyMatchKeyword$_verifyMatch_closure1.doCall(VerifyMatchKeyword.groovy:57)
	at com.kms.katalon.core.keyword.builtin.VerifyMatchKeyword$_verifyMatch_closure1.call(VerifyMatchKeyword.groovy)
	at com.kms.katalon.core.keyword.internal.KeywordMain.runKeyword(KeywordMain.groovy:74)
	at com.kms.katalon.core.keyword.builtin.VerifyMatchKeyword.verifyMatch(VerifyMatchKeyword.groovy:60)
	at com.kms.katalon.core.keyword.builtin.VerifyMatchKeyword.execute(VerifyMatchKeyword.groovy:45)
	at com.kms.katalon.core.keyword.internal.KeywordExecutor.executeKeywordForPlatform(KeywordExecutor.groovy:74)
	at com.kms.katalon.core.keyword.BuiltinKeywords.verifyMatch(BuiltinKeywords.groovy:73)
	at 2 - 2A_ Verify Calculated Values in Work Order (box partisi1 partisi2).run(2 - 2A_ Verify Calculated Values in Work Order (box partisi1 partisi2):322)
	at com.kms.katalon.core.main.ScriptEngine.run(ScriptEngine.java:194)
	at com.kms.katalon.core.main.ScriptEngine.runScriptAsRawText(ScriptEngine.java:119)
	at com.kms.katalon.core.main.TestCaseExecutor.runScript(TestCaseExecutor.java:445)
	at com.kms.katalon.core.main.TestCaseExecutor.doExecute(TestCaseExecutor.java:436)
	at com.kms.katalon.core.main.TestCaseExecutor.processExecutionPhase(TestCaseExecutor.java:415)
	at com.kms.katalon.core.main.TestCaseExecutor.accessMainPhase(TestCaseExecutor.java:407)
	at com.kms.katalon.core.main.TestCaseExecutor.execute(TestCaseExecutor.java:284)
	at com.kms.katalon.core.common.CommonExecutor.accessTestCaseMainPhase(CommonExecutor.java:65)
	at com.kms.katalon.core.main.TestSuiteExecutor.accessTestSuiteMainPhase(TestSuiteExecutor.java:144)
	at com.kms.katalon.core.main.TestSuiteExecutor.execute(TestSuiteExecutor.java:106)
	at com.kms.katalon.core.main.TestCaseMain.startTestSuite(TestCaseMain.java:185)
	at com.kms.katalon.core.main.TestCaseMain$startTestSuite$0.call(Unknown Source)
	at TempTestSuite1657080848602.run(TempTestSuite1657080848602.groovy:36)
)
	at com.kms.katalon.core.keyword.internal.KeywordMain.stepFailed(KeywordMain.groovy:39)
	at com.kms.katalon.core.keyword.internal.KeywordMain.stepFailed(KeywordMain.groovy)
	at com.kms.katalon.core.keyword.internal.KeywordMain.runKeyword(KeywordMain.groovy:76)
	at com.kms.katalon.core.keyword.builtin.VerifyMatchKeyword.verifyMatch(VerifyMatchKeyword.groovy:60)
	at com.kms.katalon.core.keyword.builtin.VerifyMatchKeyword.execute(VerifyMatchKeyword.groovy:45)
	at com.kms.katalon.core.keyword.internal.KeywordExecutor.executeKeywordForPlatform(KeywordExecutor.groovy:74)
	at com.kms.katalon.core.keyword.BuiltinKeywords.verifyMatch(BuiltinKeywords.groovy:73)
	at 2 - 2A_ Verify Calculated Values in Work Order (box partisi1 partisi2).run(2 - 2A_ Verify Calculated Values in Work Order (box partisi1 partisi2):322)
	at com.kms.katalon.core.main.ScriptEngine.run(ScriptEngine.java:194)
	at com.kms.katalon.core.main.ScriptEngine.runScriptAsRawText(ScriptEngine.java:119)
	at com.kms.katalon.core.main.TestCaseExecutor.runScript(TestCaseExecutor.java:445)
	at com.kms.katalon.core.main.TestCaseExecutor.doExecute(TestCaseExecutor.java:436)
	at com.kms.katalon.core.main.TestCaseExecutor.processExecutionPhase(TestCaseExecutor.java:415)
	at com.kms.katalon.core.main.TestCaseExecutor.accessMainPhase(TestCaseExecutor.java:407)
	at com.kms.katalon.core.main.TestCaseExecutor.execute(TestCaseExecutor.java:284)
	at com.kms.katalon.core.common.CommonExecutor.accessTestCaseMainPhase(CommonExecutor.java:65)
	at com.kms.katalon.core.main.TestSuiteExecutor.accessTestSuiteMainPhase(TestSuiteExecutor.java:144)
	at com.kms.katalon.core.main.TestSuiteExecutor.execute(TestSuiteExecutor.java:106)
	at com.kms.katalon.core.main.TestCaseMain.startTestSuite(TestCaseMain.java:185)
	at com.kms.katalon.core.main.TestCaseMain$startTestSuite$0.call(Unknown Source)
	at TempTestSuite1657080848602.run(TempTestSuite1657080848602.groovy:36)
Caused by: com.kms.katalon.core.exception.StepFailedException: Actual text '4.63' and expected text '4.64' are not matched
	at com.kms.katalon.core.keyword.builtin.VerifyMatchKeyword$_verifyMatch_closure1.doCall(VerifyMatchKeyword.groovy:57)
	at com.kms.katalon.core.keyword.builtin.VerifyMatchKeyword$_verifyMatch_closure1.call(VerifyMatchKeyword.groovy)
	at com.kms.katalon.core.keyword.internal.KeywordMain.runKeyword(KeywordMain.groovy:74)
	... 18 more
"/>
         <system-out><![CDATA[2022-07-06 11:16:07 - [TEST_CASE][FAILED] - Test Cases/SKT ERP/Production/2 - 2A_ Verify Calculated Values in Work Order (box partisi1 partisi2): Test Cases/SKT ERP/Production/2 - 2A_ Verify Calculated Values in Work Order (box partisi1 partisi2) FAILED.
Reason:
com.kms.katalon.core.exception.StepFailedException: Unable to verify match between actual text '4.63' and expected text '4.64' (Root cause: com.kms.katalon.core.exception.StepFailedException: Actual text '4.63' and expected text '4.64' are not matched
	at com.kms.katalon.core.keyword.builtin.VerifyMatchKeyword$_verifyMatch_closure1.doCall(VerifyMatchKeyword.groovy:57)
	at com.kms.katalon.core.keyword.builtin.VerifyMatchKeyword$_verifyMatch_closure1.call(VerifyMatchKeyword.groovy)
	at com.kms.katalon.core.keyword.internal.KeywordMain.runKeyword(KeywordMain.groovy:74)
	at com.kms.katalon.core.keyword.builtin.VerifyMatchKeyword.verifyMatch(VerifyMatchKeyword.groovy:60)
	at com.kms.katalon.core.keyword.builtin.VerifyMatchKeyword.execute(VerifyMatchKeyword.groovy:45)
	at com.kms.katalon.core.keyword.internal.KeywordExecutor.executeKeywordForPlatform(KeywordExecutor.groovy:74)
	at com.kms.katalon.core.keyword.BuiltinKeywords.verifyMatch(BuiltinKeywords.groovy:73)
	at 2 - 2A_ Verify Calculated Values in Work Order (box partisi1 partisi2).run(2 - 2A_ Verify Calculated Values in Work Order (box partisi1 partisi2):322)
	at com.kms.katalon.core.main.ScriptEngine.run(ScriptEngine.java:194)
	at com.kms.katalon.core.main.ScriptEngine.runScriptAsRawText(ScriptEngine.java:119)
	at com.kms.katalon.core.main.TestCaseExecutor.runScript(TestCaseExecutor.java:445)
	at com.kms.katalon.core.main.TestCaseExecutor.doExecute(TestCaseExecutor.java:436)
	at com.kms.katalon.core.main.TestCaseExecutor.processExecutionPhase(TestCaseExecutor.java:415)
	at com.kms.katalon.core.main.TestCaseExecutor.accessMainPhase(TestCaseExecutor.java:407)
	at com.kms.katalon.core.main.TestCaseExecutor.execute(TestCaseExecutor.java:284)
	at com.kms.katalon.core.common.CommonExecutor.accessTestCaseMainPhase(CommonExecutor.java:65)
	at com.kms.katalon.core.main.TestSuiteExecutor.accessTestSuiteMainPhase(TestSuiteExecutor.java:144)
	at com.kms.katalon.core.main.TestSuiteExecutor.execute(TestSuiteExecutor.java:106)
	at com.kms.katalon.core.main.TestCaseMain.startTestSuite(TestCaseMain.java:185)
	at com.kms.katalon.core.main.TestCaseMain$startTestSuite$0.call(Unknown Source)
	at TempTestSuite1657080848602.run(TempTestSuite1657080848602.groovy:36)
)
	at com.kms.katalon.core.keyword.internal.KeywordMain.stepFailed(KeywordMain.groovy:39)
	at com.kms.katalon.core.keyword.internal.KeywordMain.stepFailed(KeywordMain.groovy)
	at com.kms.katalon.core.keyword.internal.KeywordMain.runKeyword(KeywordMain.groovy:76)
	at com.kms.katalon.core.keyword.builtin.VerifyMatchKeyword.verifyMatch(VerifyMatchKeyword.groovy:60)
	at com.kms.katalon.core.keyword.builtin.VerifyMatchKeyword.execute(VerifyMatchKeyword.groovy:45)
	at com.kms.katalon.core.keyword.internal.KeywordExecutor.executeKeywordForPlatform(KeywordExecutor.groovy:74)
	at com.kms.katalon.core.keyword.BuiltinKeywords.verifyMatch(BuiltinKeywords.groovy:73)
	at 2 - 2A_ Verify Calculated Values in Work Order (box partisi1 partisi2).run(2 - 2A_ Verify Calculated Values in Work Order (box partisi1 partisi2):322)
	at com.kms.katalon.core.main.ScriptEngine.run(ScriptEngine.java:194)
	at com.kms.katalon.core.main.ScriptEngine.runScriptAsRawText(ScriptEngine.java:119)
	at com.kms.katalon.core.main.TestCaseExecutor.runScript(TestCaseExecutor.java:445)
	at com.kms.katalon.core.main.TestCaseExecutor.doExecute(TestCaseExecutor.java:436)
	at com.kms.katalon.core.main.TestCaseExecutor.processExecutionPhase(TestCaseExecutor.java:415)
	at com.kms.katalon.core.main.TestCaseExecutor.accessMainPhase(TestCaseExecutor.java:407)
	at com.kms.katalon.core.main.TestCaseExecutor.execute(TestCaseExecutor.java:284)
	at com.kms.katalon.core.common.CommonExecutor.accessTestCaseMainPhase(CommonExecutor.java:65)
	at com.kms.katalon.core.main.TestSuiteExecutor.accessTestSuiteMainPhase(TestSuiteExecutor.java:144)
	at com.kms.katalon.core.main.TestSuiteExecutor.execute(TestSuiteExecutor.java:106)
	at com.kms.katalon.core.main.TestCaseMain.startTestSuite(TestCaseMain.java:185)
	at com.kms.katalon.core.main.TestCaseMain$startTestSuite$0.call(Unknown Source)
	at TempTestSuite1657080848602.run(TempTestSuite1657080848602.groovy:36)
Caused by: com.kms.katalon.core.exception.StepFailedException: Actual text '4.63' and expected text '4.64' are not matched
	at com.kms.katalon.core.keyword.builtin.VerifyMatchKeyword$_verifyMatch_closure1.doCall(VerifyMatchKeyword.groovy:57)
	at com.kms.katalon.core.keyword.builtin.VerifyMatchKeyword$_verifyMatch_closure1.call(VerifyMatchKeyword.groovy)
	at com.kms.katalon.core.keyword.internal.KeywordMain.runKeyword(KeywordMain.groovy:74)
	... 18 more


2022-07-06 11:16:08 - [TEST_STEP][PASSED] - openBrowser(""): Browser is opened with url: ''

2022-07-06 11:16:08 - [MESSAGE][INFO] - Starting 'Chrome' driver

2022-07-06 11:16:08 - [MESSAGE][INFO] - Action delay is set to 0 milliseconds

2022-07-06 11:16:09 - [MESSAGE][PASSED] - Browser is opened with url: ''

2022-07-06 11:16:09 - [TEST_STEP][PASSED] - navigateToUrl("http://localhost:3001/login"): Navigate to 'http://localhost:3001/login' successfully

2022-07-06 11:16:11 - [MESSAGE][PASSED] - Navigate to 'http://localhost:3001/login' successfully

2022-07-06 11:16:11 - [TEST_STEP][PASSED] - setText(findTestObject("Object Repository/Page_SKT ERP  ERP/Login/input_login_username"), "devshelly"): Text 'devshelly' is set on object 'Object Repository/Page_SKT ERP  ERP/Login/input_login_username'

2022-07-06 11:16:12 - [MESSAGE][PASSED] - Text 'devshelly' is set on object 'Object Repository/Page_SKT ERP  ERP/Login/input_login_username'

2022-07-06 11:16:12 - [TEST_STEP][PASSED] - setEncryptedText(findTestObject("Object Repository/Page_SKT ERP  ERP/Login/input_login_password"), "bD8Rq1FIAurX2vfab/lFTQ=="): Text ****** has been set on object 'Object Repository/Page_SKT ERP  ERP/Login/input_login_password'

2022-07-06 11:16:12 - [MESSAGE][PASSED] - Text ****** has been set on object 'Object Repository/Page_SKT ERP  ERP/Login/input_login_password'

2022-07-06 11:16:12 - [TEST_STEP][PASSED] - maximizeWindow(): Current window maximized

2022-07-06 11:16:12 - [MESSAGE][PASSED] - Current window maximized

2022-07-06 11:16:12 - [TEST_STEP][PASSED] - driver = getWebDriver(): null

2022-07-06 11:16:12 - [TEST_STEP][PASSED] - click(findTestObject("Object Repository/Page_SKT ERP  ERP/Login/button_login")): Object: 'Object Repository/Page_SKT ERP  ERP/Login/button_login' is clicked on

2022-07-06 11:16:13 - [MESSAGE][PASSED] - Object: 'Object Repository/Page_SKT ERP  ERP/Login/button_login' is clicked on

2022-07-06 11:16:13 - [TEST_STEP][PASSED] - noSalesOrder = noSalesOrderBoxPartisi: null

2022-07-06 11:16:13 - [TEST_STEP][PASSED] - qtySalesOrder = qtySalesOrderBoxPartisi: null

2022-07-06 11:16:13 - [TEST_STEP][PASSED] - newQty = Float.parseFloat(qtySalesOrder): null

2022-07-06 11:16:13 - [TEST_STEP][PASSED] - click(findTestObject("Object Repository/Page_SKT ERP  ERP/Tab Sales/Tab Sales")): Object: 'Object Repository/Page_SKT ERP  ERP/Tab Sales/Tab Sales' is clicked on

2022-07-06 11:16:15 - [MESSAGE][PASSED] - Object: 'Object Repository/Page_SKT ERP  ERP/Tab Sales/Tab Sales' is clicked on

2022-07-06 11:16:15 - [TEST_STEP][PASSED] - click(findTestObject("Page_SKT ERP  ERP/Tab Sales/Release Sales Order/Tab Release Sales Order")): Object: 'Object Repository/Page_SKT ERP  ERP/Tab Sales/Release Sales Order/Tab Release Sales Order' is clicked on

2022-07-06 11:16:16 - [MESSAGE][PASSED] - Object: 'Object Repository/Page_SKT ERP  ERP/Tab Sales/Release Sales Order/Tab Release Sales Order' is clicked on

2022-07-06 11:16:16 - [TEST_STEP][PASSED] - click(findTestObject("Page_SKT ERP  ERP/Tab Sales/Release Sales Order/Button Filters")): Object: 'Object Repository/Page_SKT ERP  ERP/Tab Sales/Release Sales Order/Button Filters' is clicked on

2022-07-06 11:16:33 - [MESSAGE][PASSED] - Object: 'Object Repository/Page_SKT ERP  ERP/Tab Sales/Release Sales Order/Button Filters' is clicked on

2022-07-06 11:16:33 - [TEST_STEP][PASSED] - click(findTestObject("Page_SKT ERP  ERP/Tab Sales/Release Sales Order/Filters by No SO")): Object: 'Object Repository/Page_SKT ERP  ERP/Tab Sales/Release Sales Order/Filters by No SO' is clicked on

2022-07-06 11:16:33 - [MESSAGE][PASSED] - Object: 'Object Repository/Page_SKT ERP  ERP/Tab Sales/Release Sales Order/Filters by No SO' is clicked on

2022-07-06 11:16:33 - [TEST_STEP][PASSED] - setText(findTestObject("Page_SKT ERP  ERP/Tab Sales/Release Sales Order/Filters by No SO"), noSalesOrder): Text 'git4box4prts' is set on object 'Object Repository/Page_SKT ERP  ERP/Tab Sales/Release Sales Order/Filters by No SO'

2022-07-06 11:16:34 - [MESSAGE][PASSED] - Text 'git4box4prts' is set on object 'Object Repository/Page_SKT ERP  ERP/Tab Sales/Release Sales Order/Filters by No SO'

2022-07-06 11:16:34 - [TEST_STEP][PASSED] - click(findTestObject("Page_SKT ERP  ERP/Tab Sales/Release Sales Order/button Search in Filters")): Object: 'Object Repository/Page_SKT ERP  ERP/Tab Sales/Release Sales Order/button Search in Filters' is clicked on

2022-07-06 11:16:35 - [MESSAGE][PASSED] - Object: 'Object Repository/Page_SKT ERP  ERP/Tab Sales/Release Sales Order/button Search in Filters' is clicked on

2022-07-06 11:16:35 - [TEST_STEP][PASSED] - scrollToElement(findTestObject("Page_SKT ERP  ERP/Tab Sales/Release Sales Order/button Search in Filters"), 30): Scroll to object 'Object Repository/Page_SKT ERP  ERP/Tab Sales/Release Sales Order/button Search in Filters' successfully

2022-07-06 11:16:36 - [MESSAGE][PASSED] - Scroll to object 'Object Repository/Page_SKT ERP  ERP/Tab Sales/Release Sales Order/button Search in Filters' successfully

2022-07-06 11:16:36 - [TEST_STEP][PASSED] - delay(3): Delayed 3 second(s)

2022-07-06 11:16:39 - [MESSAGE][PASSED] - Delayed 3 second(s)

2022-07-06 11:16:39 - [TEST_STEP][PASSED] - Table = driver.findElement(By.xpath("/html[1]/body[1]/div[1]/div[1]/main[1]/section[1]/div[1]/div[2]/div[2]/div[2]/div[1]/div[1]/div[1]/div[1]/div[1]/div[2]/table[1]/tbody[1]")): null

2022-07-06 11:16:40 - [TEST_STEP][PASSED] - rows_table = Table.findElements(By.tagName("tr")): null

2022-07-06 11:16:40 - [TEST_STEP][PASSED] - rows_count = rows_table.size(): null

2022-07-06 11:16:40 - [TEST_STEP][PASSED] - isiTable = <not implemented yet for class: org.codehaus.groovy.ast.expr.EmptyExpression>: null

2022-07-06 11:16:40 - [TEST_STEP][PASSED] - outkrts = <not implemented yet for class: org.codehaus.groovy.ast.expr.EmptyExpression>: null

2022-07-06 11:16:40 - [TEST_STEP][PASSED] - corr = <not implemented yet for class: org.codehaus.groovy.ast.expr.EmptyExpression>: null

2022-07-06 11:16:40 - [TEST_STEP][PASSED] - beratbox = <not implemented yet for class: org.codehaus.groovy.ast.expr.EmptyExpression>: null

2022-07-06 11:16:40 - [TEST_STEP][PASSED] - beratorder = <not implemented yet for class: org.codehaus.groovy.ast.expr.EmptyExpression>: null

2022-07-06 11:16:40 - [TEST_STEP][PASSED] - berattrim = <not implemented yet for class: org.codehaus.groovy.ast.expr.EmptyExpression>: null

2022-07-06 11:16:40 - [TEST_STEP][PASSED] - BeratSubstance1 = <not implemented yet for class: org.codehaus.groovy.ast.expr.EmptyExpression>: null

2022-07-06 11:16:40 - [TEST_STEP][PASSED] - BeratSubstance2 = <not implemented yet for class: org.codehaus.groovy.ast.expr.EmptyExpression>: null

2022-07-06 11:16:40 - [TEST_STEP][PASSED] - BeratSubstance3 = <not implemented yet for class: org.codehaus.groovy.ast.expr.EmptyExpression>: null

2022-07-06 11:16:40 - [TEST_STEP][PASSED] - BeratSubstance4 = <not implemented yet for class: org.codehaus.groovy.ast.expr.EmptyExpression>: null

2022-07-06 11:16:40 - [TEST_STEP][PASSED] - BeratSubstance5 = <not implemented yet for class: org.codehaus.groovy.ast.expr.EmptyExpression>: null

2022-07-06 11:16:40 - [TEST_STEP][PASSED] - noSPKperItem = new java.util.ArrayList(): null

2022-07-06 11:16:40 - [TEST_STEP][PASSED] - for ([row = 0, row < rows_count, (row++)]): null

2022-07-06 11:16:40 - [TEST_STEP][PASSED] - Columns_row = get(row).findElements(By.tagName("td")): null

2022-07-06 11:16:40 - [TEST_STEP][PASSED] - column_no_spk_item = 4: null

2022-07-06 11:16:40 - [TEST_STEP][PASSED] - isiTable = get(column_no_spk_item).getText(): null

2022-07-06 11:16:40 - [TEST_STEP][PASSED] - comment(isiTable): 2207.0059.SPK

2022-07-06 11:16:40 - [MESSAGE][INFO] - 2207.0059.SPK

2022-07-06 11:16:40 - [TEST_STEP][PASSED] - noSPKperItem.add(isiTable): null

2022-07-06 11:16:40 - [TEST_STEP][PASSED] - Columns_row = get(row).findElements(By.tagName("td")): null

2022-07-06 11:16:41 - [TEST_STEP][PASSED] - column_no_spk_item = 4: null

2022-07-06 11:16:41 - [TEST_STEP][PASSED] - isiTable = get(column_no_spk_item).getText(): null

2022-07-06 11:16:41 - [TEST_STEP][PASSED] - comment(isiTable): 2207.0060.SPK

2022-07-06 11:16:41 - [MESSAGE][INFO] - 2207.0060.SPK

2022-07-06 11:16:41 - [TEST_STEP][PASSED] - noSPKperItem.add(isiTable): null

2022-07-06 11:16:41 - [TEST_STEP][PASSED] - allValues = new java.util.ArrayList(): null

2022-07-06 11:16:41 - [TEST_STEP][PASSED] - array_count = noSPKperItem.size(): null

2022-07-06 11:16:41 - [TEST_STEP][PASSED] - for ([arr = 0, arr < array_count, (arr++)]): null

2022-07-06 11:16:41 - [TEST_STEP][PASSED] - out = noSPKperItem[arr]: null

2022-07-06 11:16:41 - [TEST_STEP][PASSED] - click(findTestObject("Page_SKT ERP  ERP/Tab Production/Tab Production")): Object: 'Object Repository/Page_SKT ERP  ERP/Tab Production/Tab Production' is clicked on

2022-07-06 11:16:41 - [MESSAGE][PASSED] - Object: 'Object Repository/Page_SKT ERP  ERP/Tab Production/Tab Production' is clicked on

2022-07-06 11:16:41 - [TEST_STEP][PASSED] - click(findTestObject("Page_SKT ERP  ERP/Tab Production/Work Order (SPK)/Tab Work Order (SPK)")): Object: 'Object Repository/Page_SKT ERP  ERP/Tab Production/Work Order (SPK)/Tab Work Order (SPK)' is clicked on

2022-07-06 11:16:42 - [MESSAGE][PASSED] - Object: 'Object Repository/Page_SKT ERP  ERP/Tab Production/Work Order (SPK)/Tab Work Order (SPK)' is clicked on

2022-07-06 11:16:42 - [TEST_STEP][PASSED] - click(findTestObject("Page_SKT ERP  ERP/Tab Production/Work Order (SPK)/button Filters")): Object: 'Object Repository/Page_SKT ERP  ERP/Tab Production/Work Order (SPK)/button Filters' is clicked on

2022-07-06 11:16:46 - [MESSAGE][PASSED] - Object: 'Object Repository/Page_SKT ERP  ERP/Tab Production/Work Order (SPK)/button Filters' is clicked on

2022-07-06 11:16:46 - [TEST_STEP][PASSED] - click(findTestObject("Page_SKT ERP  ERP/Tab Production/Work Order (SPK)/Filters by No SPK (per item)")): Object: 'Object Repository/Page_SKT ERP  ERP/Tab Production/Work Order (SPK)/Filters by No SPK (per item)' is clicked on

2022-07-06 11:16:46 - [MESSAGE][PASSED] - Object: 'Object Repository/Page_SKT ERP  ERP/Tab Production/Work Order (SPK)/Filters by No SPK (per item)' is clicked on

2022-07-06 11:16:46 - [TEST_STEP][PASSED] - setText(findTestObject("Page_SKT ERP  ERP/Tab Production/Work Order (SPK)/Filters by No SPK (per item)"), out): Text '2207.0059.SPK' is set on object 'Object Repository/Page_SKT ERP  ERP/Tab Production/Work Order (SPK)/Filters by No SPK (per item)'

2022-07-06 11:16:47 - [MESSAGE][PASSED] - Text '2207.0059.SPK' is set on object 'Object Repository/Page_SKT ERP  ERP/Tab Production/Work Order (SPK)/Filters by No SPK (per item)'

2022-07-06 11:16:47 - [TEST_STEP][PASSED] - click(findTestObject("Page_SKT ERP  ERP/Tab Production/Work Order (SPK)/button Search in Filters")): Object: 'Object Repository/Page_SKT ERP  ERP/Tab Production/Work Order (SPK)/button Search in Filters' is clicked on

2022-07-06 11:16:48 - [MESSAGE][PASSED] - Object: 'Object Repository/Page_SKT ERP  ERP/Tab Production/Work Order (SPK)/button Search in Filters' is clicked on

2022-07-06 11:16:48 - [TEST_STEP][PASSED] - click(findTestObject("Page_SKT ERP  ERP/Tab Production/Work Order (SPK)/View Work Order")): Object: 'Object Repository/Page_SKT ERP  ERP/Tab Production/Work Order (SPK)/View Work Order' is clicked on

2022-07-06 11:16:50 - [MESSAGE][PASSED] - Object: 'Object Repository/Page_SKT ERP  ERP/Tab Production/Work Order (SPK)/View Work Order' is clicked on

2022-07-06 11:16:50 - [TEST_STEP][PASSED] - delay(5): Delayed 5 second(s)

2022-07-06 11:16:55 - [MESSAGE][PASSED] - Delayed 5 second(s)

2022-07-06 11:16:55 - [TEST_STEP][PASSED] - noSPK = getAttribute(findTestObject("Page_SKT ERP  ERP/Tab Production/Work Order (SPK)/No SPK Set coloumn (in view page)"), "value"): Attribute 'value' of object 'Object Repository/Page_SKT ERP  ERP/Tab Production/Work Order (SPK)/No SPK Set coloumn (in view page)' is: '22013628'

2022-07-06 11:16:55 - [MESSAGE][PASSED] - Attribute 'value' of object 'Object Repository/Page_SKT ERP  ERP/Tab Production/Work Order (SPK)/No SPK Set coloumn (in view page)' is: '22013628'

2022-07-06 11:16:55 - [TEST_STEP][PASSED] - noSPKSetBoxPartisi = noSPK: null

2022-07-06 11:16:55 - [TEST_STEP][PASSED] - type = getAttribute(findTestObject("Page_SKT ERP  ERP/Tab Production/Work Order (SPK)/tipe"), "value"): Attribute 'value' of object 'Object Repository/Page_SKT ERP  ERP/Tab Production/Work Order (SPK)/tipe' is: 'BOX'

2022-07-06 11:16:55 - [MESSAGE][PASSED] - Attribute 'value' of object 'Object Repository/Page_SKT ERP  ERP/Tab Production/Work Order (SPK)/tipe' is: 'BOX'

2022-07-06 11:16:55 - [TEST_STEP][PASSED] - if (type == "BOX"): 0

2022-07-06 11:16:55 - [TEST_STEP][PASSED] - outkrts = getAttribute(findTestObject("Page_SKT ERP  ERP/Tab Production/Work Order (SPK)/Work order Values (box)/Out Kertas Values (box)"), "value"): Attribute 'value' of object 'Object Repository/Page_SKT ERP  ERP/Tab Production/Work Order (SPK)/Work order Values (box)/Out Kertas Values (box)' is: '4'

2022-07-06 11:16:56 - [MESSAGE][PASSED] - Attribute 'value' of object 'Object Repository/Page_SKT ERP  ERP/Tab Production/Work Order (SPK)/Work order Values (box)/Out Kertas Values (box)' is: '4'

2022-07-06 11:16:56 - [TEST_STEP][PASSED] - comment(outkrts): 4

2022-07-06 11:16:56 - [MESSAGE][INFO] - 4

2022-07-06 11:16:56 - [TEST_STEP][PASSED] - corr = getAttribute(findTestObject("Page_SKT ERP  ERP/Tab Production/Work Order (SPK)/Work order Values (box)/Corr Values (box)"), "value"): Attribute 'value' of object 'Object Repository/Page_SKT ERP  ERP/Tab Production/Work Order (SPK)/Work order Values (box)/Corr Values (box)' is: '25'

2022-07-06 11:16:56 - [MESSAGE][PASSED] - Attribute 'value' of object 'Object Repository/Page_SKT ERP  ERP/Tab Production/Work Order (SPK)/Work order Values (box)/Corr Values (box)' is: '25'

2022-07-06 11:16:56 - [TEST_STEP][PASSED] - comment(corr): 25

2022-07-06 11:16:56 - [MESSAGE][INFO] - 25

2022-07-06 11:16:56 - [TEST_STEP][PASSED] - beratbox = getAttribute(findTestObject("Page_SKT ERP  ERP/Tab Production/Work Order (SPK)/Work order Values (box)/Berat at Box (gram) (box)"), "value"): Attribute 'value' of object 'Object Repository/Page_SKT ERP  ERP/Tab Production/Work Order (SPK)/Work order Values (box)/Berat at Box (gram) (box)' is: '133.09'

2022-07-06 11:16:57 - [MESSAGE][PASSED] - Attribute 'value' of object 'Object Repository/Page_SKT ERP  ERP/Tab Production/Work Order (SPK)/Work order Values (box)/Berat at Box (gram) (box)' is: '133.09'

2022-07-06 11:16:57 - [TEST_STEP][PASSED] - comment(beratbox): 133.09

2022-07-06 11:16:57 - [MESSAGE][INFO] - 133.09

2022-07-06 11:16:57 - [TEST_STEP][PASSED] - beratorder = getAttribute(findTestObject("Page_SKT ERP  ERP/Tab Production/Work Order (SPK)/Work order Values (box)/Berat Order (Kg) (box)"), "value"): Attribute 'value' of object 'Object Repository/Page_SKT ERP  ERP/Tab Production/Work Order (SPK)/Work order Values (box)/Berat Order (Kg) (box)' is: '13.31'

2022-07-06 11:16:57 - [MESSAGE][PASSED] - Attribute 'value' of object 'Object Repository/Page_SKT ERP  ERP/Tab Production/Work Order (SPK)/Work order Values (box)/Berat Order (Kg) (box)' is: '13.31'

2022-07-06 11:16:57 - [TEST_STEP][PASSED] - comment(beratorder): 13.31

2022-07-06 11:16:57 - [MESSAGE][INFO] - 13.31

2022-07-06 11:16:57 - [TEST_STEP][PASSED] - berattrim = getAttribute(findTestObject("Page_SKT ERP  ERP/Tab Production/Work Order (SPK)/Work order Values (box)/Berat Trim (Kg) (box)"), "value"): Attribute 'value' of object 'Object Repository/Page_SKT ERP  ERP/Tab Production/Work Order (SPK)/Work order Values (box)/Berat Trim (Kg) (box)' is: '0.32725'

2022-07-06 11:16:57 - [MESSAGE][PASSED] - Attribute 'value' of object 'Object Repository/Page_SKT ERP  ERP/Tab Production/Work Order (SPK)/Work order Values (box)/Berat Trim (Kg) (box)' is: '0.32725'

2022-07-06 11:16:57 - [TEST_STEP][PASSED] - comment(berattrim): 0.32725

2022-07-06 11:16:57 - [MESSAGE][INFO] - 0.32725

2022-07-06 11:16:57 - [TEST_STEP][PASSED] - BeratSubstance1 = getAttribute(findTestObject("Page_SKT ERP  ERP/Tab Production/Work Order (SPK)/Work order Values (box)/Berat Substance 1 (box)"), "value"): Attribute 'value' of object 'Object Repository/Page_SKT ERP  ERP/Tab Production/Work Order (SPK)/Work order Values (box)/Berat Substance 1 (box)' is: '4.63'

2022-07-06 11:16:58 - [MESSAGE][PASSED] - Attribute 'value' of object 'Object Repository/Page_SKT ERP  ERP/Tab Production/Work Order (SPK)/Work order Values (box)/Berat Substance 1 (box)' is: '4.63'

2022-07-06 11:16:58 - [TEST_STEP][PASSED] - comment(BeratSubstance1): 4.63

2022-07-06 11:16:58 - [MESSAGE][INFO] - 4.63

2022-07-06 11:16:58 - [TEST_STEP][PASSED] - BeratSubstance2 = getAttribute(findTestObject("Page_SKT ERP  ERP/Tab Production/Work Order (SPK)/Work order Values (box)/Berat Substance 2 (box)"), "value"): Attribute 'value' of object 'Object Repository/Page_SKT ERP  ERP/Tab Production/Work Order (SPK)/Work order Values (box)/Berat Substance 2 (box)' is: '5.14'

2022-07-06 11:16:58 - [MESSAGE][PASSED] - Attribute 'value' of object 'Object Repository/Page_SKT ERP  ERP/Tab Production/Work Order (SPK)/Work order Values (box)/Berat Substance 2 (box)' is: '5.14'

2022-07-06 11:16:58 - [TEST_STEP][PASSED] - comment(BeratSubstance2): 5.14

2022-07-06 11:16:58 - [MESSAGE][INFO] - 5.14

2022-07-06 11:16:58 - [TEST_STEP][PASSED] - BeratSubstance3 = getAttribute(findTestObject("Page_SKT ERP  ERP/Tab Production/Work Order (SPK)/Work order Values (box)/Berat Substance 3 (box)"), "value"): Attribute 'value' of object 'Object Repository/Page_SKT ERP  ERP/Tab Production/Work Order (SPK)/Work order Values (box)/Berat Substance 3 (box)' is: '3.86'

2022-07-06 11:16:59 - [MESSAGE][PASSED] - Attribute 'value' of object 'Object Repository/Page_SKT ERP  ERP/Tab Production/Work Order (SPK)/Work order Values (box)/Berat Substance 3 (box)' is: '3.86'

2022-07-06 11:16:59 - [TEST_STEP][PASSED] - comment(BeratSubstance3): 3.86

2022-07-06 11:16:59 - [MESSAGE][INFO] - 3.86

2022-07-06 11:16:59 - [TEST_STEP][PASSED] - BeratSubstance4 = getAttribute(findTestObject("Page_SKT ERP  ERP/Tab Production/Work Order (SPK)/Work order Values (box)/Berat Substance 4 (box)"), "value"): Attribute 'value' of object 'Object Repository/Page_SKT ERP  ERP/Tab Production/Work Order (SPK)/Work order Values (box)/Berat Substance 4 (box)' is: '0'

2022-07-06 11:16:59 - [MESSAGE][PASSED] - Attribute 'value' of object 'Object Repository/Page_SKT ERP  ERP/Tab Production/Work Order (SPK)/Work order Values (box)/Berat Substance 4 (box)' is: '0'

2022-07-06 11:16:59 - [TEST_STEP][PASSED] - comment(BeratSubstance4): 0

2022-07-06 11:16:59 - [MESSAGE][INFO] - 0

2022-07-06 11:16:59 - [TEST_STEP][PASSED] - BeratSubstance5 = getAttribute(findTestObject("Page_SKT ERP  ERP/Tab Production/Work Order (SPK)/Work order Values (box)/Berat Substance 5 (box)"), "value"): Attribute 'value' of object 'Object Repository/Page_SKT ERP  ERP/Tab Production/Work Order (SPK)/Work order Values (box)/Berat Substance 5 (box)' is: '0'

2022-07-06 11:17:00 - [MESSAGE][PASSED] - Attribute 'value' of object 'Object Repository/Page_SKT ERP  ERP/Tab Production/Work Order (SPK)/Work order Values (box)/Berat Substance 5 (box)' is: '0'

2022-07-06 11:17:00 - [TEST_STEP][PASSED] - comment(BeratSubstance5): 0

2022-07-06 11:17:00 - [MESSAGE][INFO] - 0

2022-07-06 11:17:00 - [TEST_STEP][PASSED] - if (type == "PARTISI"): null

2022-07-06 11:17:00 - [TEST_STEP][PASSED] - click(findTestObject("Page_SKT ERP  ERP/Tab Production/Work Order (SPK)/button back (from view work order)")): Object: 'Object Repository/Page_SKT ERP  ERP/Tab Production/Work Order (SPK)/button back (from view work order)' is clicked on

2022-07-06 11:17:00 - [MESSAGE][PASSED] - Object: 'Object Repository/Page_SKT ERP  ERP/Tab Production/Work Order (SPK)/button back (from view work order)' is clicked on

2022-07-06 11:17:00 - [TEST_STEP][PASSED] - allValues.add(outkrts): null

2022-07-06 11:17:00 - [TEST_STEP][PASSED] - allValues.add(corr): null

2022-07-06 11:17:00 - [TEST_STEP][PASSED] - allValues.add(beratbox): null

2022-07-06 11:17:00 - [TEST_STEP][PASSED] - allValues.add(beratorder): null

2022-07-06 11:17:00 - [TEST_STEP][PASSED] - allValues.add(berattrim): null

2022-07-06 11:17:00 - [TEST_STEP][PASSED] - allValues.add(BeratSubstance1): null

2022-07-06 11:17:00 - [TEST_STEP][PASSED] - allValues.add(BeratSubstance2): null

2022-07-06 11:17:00 - [TEST_STEP][PASSED] - allValues.add(BeratSubstance3): null

2022-07-06 11:17:00 - [TEST_STEP][PASSED] - allValues.add(BeratSubstance4): null

2022-07-06 11:17:00 - [TEST_STEP][PASSED] - allValues.add(BeratSubstance5): null

2022-07-06 11:17:00 - [TEST_STEP][PASSED] - out = noSPKperItem[arr]: null

2022-07-06 11:17:00 - [TEST_STEP][PASSED] - click(findTestObject("Page_SKT ERP  ERP/Tab Production/Tab Production")): Object: 'Object Repository/Page_SKT ERP  ERP/Tab Production/Tab Production' is clicked on

2022-07-06 11:17:03 - [MESSAGE][PASSED] - Object: 'Object Repository/Page_SKT ERP  ERP/Tab Production/Tab Production' is clicked on

2022-07-06 11:17:03 - [TEST_STEP][PASSED] - click(findTestObject("Page_SKT ERP  ERP/Tab Production/Work Order (SPK)/Tab Work Order (SPK)")): Object: 'Object Repository/Page_SKT ERP  ERP/Tab Production/Work Order (SPK)/Tab Work Order (SPK)' is clicked on

2022-07-06 11:17:04 - [MESSAGE][PASSED] - Object: 'Object Repository/Page_SKT ERP  ERP/Tab Production/Work Order (SPK)/Tab Work Order (SPK)' is clicked on

2022-07-06 11:17:04 - [TEST_STEP][PASSED] - click(findTestObject("Page_SKT ERP  ERP/Tab Production/Work Order (SPK)/button Filters")): Object: 'Object Repository/Page_SKT ERP  ERP/Tab Production/Work Order (SPK)/button Filters' is clicked on

2022-07-06 11:17:04 - [MESSAGE][PASSED] - Object: 'Object Repository/Page_SKT ERP  ERP/Tab Production/Work Order (SPK)/button Filters' is clicked on

2022-07-06 11:17:04 - [TEST_STEP][PASSED] - click(findTestObject("Page_SKT ERP  ERP/Tab Production/Work Order (SPK)/Filters by No SPK (per item)")): Object: 'Object Repository/Page_SKT ERP  ERP/Tab Production/Work Order (SPK)/Filters by No SPK (per item)' is clicked on

2022-07-06 11:17:05 - [MESSAGE][PASSED] - Object: 'Object Repository/Page_SKT ERP  ERP/Tab Production/Work Order (SPK)/Filters by No SPK (per item)' is clicked on

2022-07-06 11:17:05 - [TEST_STEP][PASSED] - setText(findTestObject("Page_SKT ERP  ERP/Tab Production/Work Order (SPK)/Filters by No SPK (per item)"), out): Text '2207.0060.SPK' is set on object 'Object Repository/Page_SKT ERP  ERP/Tab Production/Work Order (SPK)/Filters by No SPK (per item)'

2022-07-06 11:17:06 - [MESSAGE][PASSED] - Text '2207.0060.SPK' is set on object 'Object Repository/Page_SKT ERP  ERP/Tab Production/Work Order (SPK)/Filters by No SPK (per item)'

2022-07-06 11:17:06 - [TEST_STEP][PASSED] - click(findTestObject("Page_SKT ERP  ERP/Tab Production/Work Order (SPK)/button Search in Filters")): Object: 'Object Repository/Page_SKT ERP  ERP/Tab Production/Work Order (SPK)/button Search in Filters' is clicked on

2022-07-06 11:17:07 - [MESSAGE][PASSED] - Object: 'Object Repository/Page_SKT ERP  ERP/Tab Production/Work Order (SPK)/button Search in Filters' is clicked on

2022-07-06 11:17:07 - [TEST_STEP][PASSED] - click(findTestObject("Page_SKT ERP  ERP/Tab Production/Work Order (SPK)/View Work Order")): Object: 'Object Repository/Page_SKT ERP  ERP/Tab Production/Work Order (SPK)/View Work Order' is clicked on

2022-07-06 11:17:08 - [MESSAGE][PASSED] - Object: 'Object Repository/Page_SKT ERP  ERP/Tab Production/Work Order (SPK)/View Work Order' is clicked on

2022-07-06 11:17:08 - [TEST_STEP][PASSED] - delay(5): Delayed 5 second(s)

2022-07-06 11:17:13 - [MESSAGE][PASSED] - Delayed 5 second(s)

2022-07-06 11:17:13 - [TEST_STEP][PASSED] - noSPK = getAttribute(findTestObject("Page_SKT ERP  ERP/Tab Production/Work Order (SPK)/No SPK Set coloumn (in view page)"), "value"): Attribute 'value' of object 'Object Repository/Page_SKT ERP  ERP/Tab Production/Work Order (SPK)/No SPK Set coloumn (in view page)' is: '22013628'

2022-07-06 11:17:14 - [MESSAGE][PASSED] - Attribute 'value' of object 'Object Repository/Page_SKT ERP  ERP/Tab Production/Work Order (SPK)/No SPK Set coloumn (in view page)' is: '22013628'

2022-07-06 11:17:14 - [TEST_STEP][PASSED] - noSPKSetBoxPartisi = noSPK: null

2022-07-06 11:17:14 - [TEST_STEP][PASSED] - type = getAttribute(findTestObject("Page_SKT ERP  ERP/Tab Production/Work Order (SPK)/tipe"), "value"): Attribute 'value' of object 'Object Repository/Page_SKT ERP  ERP/Tab Production/Work Order (SPK)/tipe' is: 'PARTISI'

2022-07-06 11:17:14 - [MESSAGE][PASSED] - Attribute 'value' of object 'Object Repository/Page_SKT ERP  ERP/Tab Production/Work Order (SPK)/tipe' is: 'PARTISI'

2022-07-06 11:17:14 - [TEST_STEP][PASSED] - if (type == "BOX"): null

2022-07-06 11:17:14 - [TEST_STEP][PASSED] - if (type == "PARTISI"): 0

2022-07-06 11:17:14 - [TEST_STEP][PASSED] - outkrts = getAttribute(findTestObject("Page_SKT ERP  ERP/Tab Production/Work Order (SPK)/Work Order Value (partisi or layer)/Out Kertas Values (partisi or layer)"), "value"): Attribute 'value' of object 'Object Repository/Page_SKT ERP  ERP/Tab Production/Work Order (SPK)/Work Order Value (partisi or layer)/Out Kertas Values (partisi or layer)' is: '5'

2022-07-06 11:17:15 - [MESSAGE][PASSED] - Attribute 'value' of object 'Object Repository/Page_SKT ERP  ERP/Tab Production/Work Order (SPK)/Work Order Value (partisi or layer)/Out Kertas Values (partisi or layer)' is: '5'

2022-07-06 11:17:15 - [TEST_STEP][PASSED] - comment(outkrts): 5

2022-07-06 11:17:15 - [MESSAGE][INFO] - 5

2022-07-06 11:17:15 - [TEST_STEP][PASSED] - corr = getAttribute(findTestObject("Page_SKT ERP  ERP/Tab Production/Work Order (SPK)/Work Order Value (partisi or layer)/Corr Values (partisi or layer)"), "value"): Attribute 'value' of object 'Object Repository/Page_SKT ERP  ERP/Tab Production/Work Order (SPK)/Work Order Value (partisi or layer)/Corr Values (partisi or layer)' is: '20'

2022-07-06 11:17:15 - [MESSAGE][PASSED] - Attribute 'value' of object 'Object Repository/Page_SKT ERP  ERP/Tab Production/Work Order (SPK)/Work Order Value (partisi or layer)/Corr Values (partisi or layer)' is: '20'

2022-07-06 11:17:15 - [TEST_STEP][PASSED] - comment(corr): 20

2022-07-06 11:17:15 - [MESSAGE][INFO] - 20

2022-07-06 11:17:15 - [TEST_STEP][PASSED] - beratbox = getAttribute(findTestObject("Page_SKT ERP  ERP/Tab Production/Work Order (SPK)/Work Order Value (partisi or layer)/Berat at Box (gram) (partisi or layer)"), "value"): Attribute 'value' of object 'Object Repository/Page_SKT ERP  ERP/Tab Production/Work Order (SPK)/Work Order Value (partisi or layer)/Berat at Box (gram) (partisi or layer)' is: '53.5'

2022-07-06 11:17:15 - [MESSAGE][PASSED] - Attribute 'value' of object 'Object Repository/Page_SKT ERP  ERP/Tab Production/Work Order (SPK)/Work Order Value (partisi or layer)/Berat at Box (gram) (partisi or layer)' is: '53.5'

2022-07-06 11:17:15 - [TEST_STEP][PASSED] - comment(beratbox): 53.5

2022-07-06 11:17:15 - [MESSAGE][INFO] - 53.5

2022-07-06 11:17:15 - [TEST_STEP][PASSED] - beratorder = getAttribute(findTestObject("Page_SKT ERP  ERP/Tab Production/Work Order (SPK)/Work Order Value (partisi or layer)/Berat Order (Kg) (partisi or layer)"), "value"): Attribute 'value' of object 'Object Repository/Page_SKT ERP  ERP/Tab Production/Work Order (SPK)/Work Order Value (partisi or layer)/Berat Order (Kg) (partisi or layer)' is: '5.35'

2022-07-06 11:17:16 - [MESSAGE][PASSED] - Attribute 'value' of object 'Object Repository/Page_SKT ERP  ERP/Tab Production/Work Order (SPK)/Work Order Value (partisi or layer)/Berat Order (Kg) (partisi or layer)' is: '5.35'

2022-07-06 11:17:16 - [TEST_STEP][PASSED] - comment(beratorder): 5.35

2022-07-06 11:17:16 - [MESSAGE][INFO] - 5.35

2022-07-06 11:17:16 - [TEST_STEP][PASSED] - berattrim = getAttribute(findTestObject("Page_SKT ERP  ERP/Tab Production/Work Order (SPK)/Work Order Value (partisi or layer)/Berat Trim (Kg) (partisi or layer)"), "value"): Attribute 'value' of object 'Object Repository/Page_SKT ERP  ERP/Tab Production/Work Order (SPK)/Work Order Value (partisi or layer)/Berat Trim (Kg) (partisi or layer)' is: '0.39'

2022-07-06 11:17:16 - [MESSAGE][PASSED] - Attribute 'value' of object 'Object Repository/Page_SKT ERP  ERP/Tab Production/Work Order (SPK)/Work Order Value (partisi or layer)/Berat Trim (Kg) (partisi or layer)' is: '0.39'

2022-07-06 11:17:16 - [TEST_STEP][PASSED] - comment(berattrim): 0.39

2022-07-06 11:17:16 - [MESSAGE][INFO] - 0.39

2022-07-06 11:17:16 - [TEST_STEP][PASSED] - BeratSubstance1 = getAttribute(findTestObject("Page_SKT ERP  ERP/Tab Production/Work Order (SPK)/Work Order Value (partisi or layer)/Berat Substance 1 (partisi or layer)"), "value"): Attribute 'value' of object 'Object Repository/Page_SKT ERP  ERP/Tab Production/Work Order (SPK)/Work Order Value (partisi or layer)/Berat Substance 1 (partisi or layer)' is: '1.72'

2022-07-06 11:17:16 - [MESSAGE][PASSED] - Attribute 'value' of object 'Object Repository/Page_SKT ERP  ERP/Tab Production/Work Order (SPK)/Work Order Value (partisi or layer)/Berat Substance 1 (partisi or layer)' is: '1.72'

2022-07-06 11:17:16 - [TEST_STEP][PASSED] - comment(BeratSubstance1): 1.72

2022-07-06 11:17:16 - [MESSAGE][INFO] - 1.72

2022-07-06 11:17:16 - [TEST_STEP][PASSED] - BeratSubstance2 = getAttribute(findTestObject("Page_SKT ERP  ERP/Tab Production/Work Order (SPK)/Work Order Value (partisi or layer)/Berat Substance 2 (partisi or layer)"), "value"): Attribute 'value' of object 'Object Repository/Page_SKT ERP  ERP/Tab Production/Work Order (SPK)/Work Order Value (partisi or layer)/Berat Substance 2 (partisi or layer)' is: '2.29'

2022-07-06 11:17:17 - [MESSAGE][PASSED] - Attribute 'value' of object 'Object Repository/Page_SKT ERP  ERP/Tab Production/Work Order (SPK)/Work Order Value (partisi or layer)/Berat Substance 2 (partisi or layer)' is: '2.29'

2022-07-06 11:17:17 - [TEST_STEP][PASSED] - comment(BeratSubstance2): 2.29

2022-07-06 11:17:17 - [MESSAGE][INFO] - 2.29

2022-07-06 11:17:17 - [TEST_STEP][PASSED] - BeratSubstance3 = getAttribute(findTestObject("Page_SKT ERP  ERP/Tab Production/Work Order (SPK)/Work Order Value (partisi or layer)/Berat Substance 3 (partisi or layer)"), "value"): Attribute 'value' of object 'Object Repository/Page_SKT ERP  ERP/Tab Production/Work Order (SPK)/Work Order Value (partisi or layer)/Berat Substance 3 (partisi or layer)' is: '1.72'

2022-07-06 11:17:17 - [MESSAGE][PASSED] - Attribute 'value' of object 'Object Repository/Page_SKT ERP  ERP/Tab Production/Work Order (SPK)/Work Order Value (partisi or layer)/Berat Substance 3 (partisi or layer)' is: '1.72'

2022-07-06 11:17:17 - [TEST_STEP][PASSED] - comment(BeratSubstance3): 1.72

2022-07-06 11:17:17 - [MESSAGE][INFO] - 1.72

2022-07-06 11:17:17 - [TEST_STEP][PASSED] - BeratSubstance4 = getAttribute(findTestObject("Page_SKT ERP  ERP/Tab Production/Work Order (SPK)/Work Order Value (partisi or layer)/Berat Substance 4 (partisi or layer)"), "value"): Attribute 'value' of object 'Object Repository/Page_SKT ERP  ERP/Tab Production/Work Order (SPK)/Work Order Value (partisi or layer)/Berat Substance 4 (partisi or layer)' is: '0'

2022-07-06 11:17:18 - [MESSAGE][PASSED] - Attribute 'value' of object 'Object Repository/Page_SKT ERP  ERP/Tab Production/Work Order (SPK)/Work Order Value (partisi or layer)/Berat Substance 4 (partisi or layer)' is: '0'

2022-07-06 11:17:18 - [TEST_STEP][PASSED] - comment(BeratSubstance4): 0

2022-07-06 11:17:18 - [MESSAGE][INFO] - 0

2022-07-06 11:17:18 - [TEST_STEP][PASSED] - BeratSubstance5 = getAttribute(findTestObject("Page_SKT ERP  ERP/Tab Production/Work Order (SPK)/Work Order Value (partisi or layer)/Berat Substance 5 (partisi or layer)"), "value"): Attribute 'value' of object 'Object Repository/Page_SKT ERP  ERP/Tab Production/Work Order (SPK)/Work Order Value (partisi or layer)/Berat Substance 5 (partisi or layer)' is: '0'

2022-07-06 11:17:18 - [MESSAGE][PASSED] - Attribute 'value' of object 'Object Repository/Page_SKT ERP  ERP/Tab Production/Work Order (SPK)/Work Order Value (partisi or layer)/Berat Substance 5 (partisi or layer)' is: '0'

2022-07-06 11:17:18 - [TEST_STEP][PASSED] - comment(BeratSubstance5): 0

2022-07-06 11:17:18 - [MESSAGE][INFO] - 0

2022-07-06 11:17:18 - [TEST_STEP][PASSED] - click(findTestObject("Page_SKT ERP  ERP/Tab Production/Work Order (SPK)/button back (from view work order)")): Object: 'Object Repository/Page_SKT ERP  ERP/Tab Production/Work Order (SPK)/button back (from view work order)' is clicked on

2022-07-06 11:17:19 - [MESSAGE][PASSED] - Object: 'Object Repository/Page_SKT ERP  ERP/Tab Production/Work Order (SPK)/button back (from view work order)' is clicked on

2022-07-06 11:17:19 - [TEST_STEP][PASSED] - allValues.add(outkrts): null

2022-07-06 11:17:19 - [TEST_STEP][PASSED] - allValues.add(corr): null

2022-07-06 11:17:19 - [TEST_STEP][PASSED] - allValues.add(beratbox): null

2022-07-06 11:17:19 - [TEST_STEP][PASSED] - allValues.add(beratorder): null

2022-07-06 11:17:19 - [TEST_STEP][PASSED] - allValues.add(berattrim): null

2022-07-06 11:17:19 - [TEST_STEP][PASSED] - allValues.add(BeratSubstance1): null

2022-07-06 11:17:19 - [TEST_STEP][PASSED] - allValues.add(BeratSubstance2): null

2022-07-06 11:17:19 - [TEST_STEP][PASSED] - allValues.add(BeratSubstance3): null

2022-07-06 11:17:19 - [TEST_STEP][PASSED] - allValues.add(BeratSubstance4): null

2022-07-06 11:17:19 - [TEST_STEP][PASSED] - allValues.add(BeratSubstance5): null

2022-07-06 11:17:19 - [TEST_STEP][PASSED] - qty = newQty: null

2022-07-06 11:17:19 - [TEST_STEP][PASSED] - lebarKertasMinimum_box = 1500: null

2022-07-06 11:17:19 - [TEST_STEP][PASSED] - width_box = 366: null

2022-07-06 11:17:19 - [TEST_STEP][PASSED] - outkertas_box = 4: null

2022-07-06 11:17:19 - [TEST_STEP][PASSED] - expected_outkrts_box = outkertas_box: null

2022-07-06 11:17:19 - [TEST_STEP][PASSED] - actual_otkrts_box = allValues[0]: null

2022-07-06 11:17:19 - [TEST_STEP][PASSED] - verifyMatch(actual_otkrts_box, expected_outkrts_box, false): Actual text '4' and expected text '4' are matched 

2022-07-06 11:17:19 - [MESSAGE][PASSED] - Actual text '4' and expected text '4' are matched 

2022-07-06 11:17:19 - [TEST_STEP][PASSED] - constantDoubleJoint_box = 1: null

2022-07-06 11:17:19 - [TEST_STEP][PASSED] - out_box = outkertas_box: null

2022-07-06 11:17:19 - [TEST_STEP][PASSED] - outKnife_box = 1: null

2022-07-06 11:17:19 - [TEST_STEP][PASSED] - corrBox = constantDoubleJoint_box * Math.floor(newQty / out_box / outKnife_box): null

2022-07-06 11:17:19 - [TEST_STEP][PASSED] - expected_corr_box = corrBox: null

2022-07-06 11:17:19 - [TEST_STEP][PASSED] - actual_corr_box = allValues[1]: null

2022-07-06 11:17:19 - [TEST_STEP][PASSED] - verifyMatch(actual_corr_box, expected_corr_box, false): Actual text '25' and expected text '25' are matched 

2022-07-06 11:17:19 - [MESSAGE][PASSED] - Actual text '25' and expected text '25' are matched 

2022-07-06 11:17:19 - [TEST_STEP][PASSED] - weightSheetNettoGram_box = 133.08: null

2022-07-06 11:17:19 - [TEST_STEP][PASSED] - weight_box = constantDoubleJoint_box * weightSheetNettoGram_box * newQty / 1000: null

2022-07-06 11:17:19 - [TEST_STEP][PASSED] - beratBoxBox = Math.ceil(weight_box / qty * 1000 * 100) / 100: null

2022-07-06 11:17:19 - [TEST_STEP][PASSED] - expected_beratbox_box = beratBoxBox: null

2022-07-06 11:17:19 - [TEST_STEP][PASSED] - actual_beratbox_box = allValues[2]: null

2022-07-06 11:17:19 - [TEST_STEP][PASSED] - verifyMatch(actual_beratbox_box, expected_beratbox_box, false): Actual text '133.09' and expected text '133.09' are matched 

2022-07-06 11:17:19 - [MESSAGE][PASSED] - Actual text '133.09' and expected text '133.09' are matched 

2022-07-06 11:17:19 - [TEST_STEP][PASSED] - beratOrderBox = Math.ceil(weight_box * 100) / 100: null

2022-07-06 11:17:19 - [TEST_STEP][PASSED] - expected_beratorder_box = beratOrderBox: null

2022-07-06 11:17:19 - [TEST_STEP][PASSED] - actual_beratorder_box = allValues[3]: null

2022-07-06 11:17:19 - [TEST_STEP][PASSED] - verifyMatch(actual_beratorder_box, expected_beratorder_box, false): Actual text '13.31' and expected text '13.31' are matched 

2022-07-06 11:17:19 - [MESSAGE][PASSED] - Actual text '13.31' and expected text '13.31' are matched 

2022-07-06 11:17:19 - [TEST_STEP][PASSED] - trimWasteGram_box = 13.09: null

2022-07-06 11:17:19 - [TEST_STEP][PASSED] - beratTrimBox = qty / out_box * trimWasteGram_box / 1000: null

2022-07-06 11:17:19 - [TEST_STEP][PASSED] - expected_berattrim_box = beratTrimBox: null

2022-07-06 11:17:19 - [TEST_STEP][PASSED] - actual_berattrim_box = allValues[4]: null

2022-07-06 11:17:19 - [TEST_STEP][PASSED] - verifyMatch(actual_berattrim_box, expected_berattrim_box, false): Actual text '0.32725' and expected text '0.32725' are matched 

2022-07-06 11:17:19 - [MESSAGE][PASSED] - Actual text '0.32725' and expected text '0.32725' are matched 

2022-07-06 11:17:19 - [TEST_STEP][PASSED] - qValuebox1 = 150: null

2022-07-06 11:17:19 - [TEST_STEP][PASSED] - sheetLengthBox1 = 824: null

2022-07-06 11:17:19 - [TEST_STEP][PASSED] - minLebarMmSheetBox1 = 1500: null

2022-07-06 11:17:19 - [TEST_STEP][PASSED] - identifierBox1 = 1: null

2022-07-06 11:17:19 - [TEST_STEP][PASSED] - beratSubstanceBox1 = qValuebox1 / 1000 * sheetLengthBox1 / 1000 * minLebarMmSheetBox1 / 1000 * identifierBox1 * corrBox: null

2022-07-06 11:17:19 - [TEST_STEP][PASSED] - expected_beratsubstance1_box = beratSubstanceBox1.round(2): null

2022-07-06 11:17:19 - [TEST_STEP][PASSED] - actual_beratsubstance1_box = allValues[5]: null

2022-07-06 11:17:19 - [TEST_STEP][FAILED] - verifyMatch(actual_beratsubstance1_box, expected_beratsubstance1_box, false): Unable to verify match between actual text '4.63' and expected text '4.64' (Root cause: com.kms.katalon.core.exception.StepFailedException: Actual text '4.63' and expected text '4.64' are not matched
	at com.kms.katalon.core.keyword.builtin.VerifyMatchKeyword$_verifyMatch_closure1.doCall(VerifyMatchKeyword.groovy:57)
	at com.kms.katalon.core.keyword.builtin.VerifyMatchKeyword$_verifyMatch_closure1.call(VerifyMatchKeyword.groovy)
	at com.kms.katalon.core.keyword.internal.KeywordMain.runKeyword(KeywordMain.groovy:74)
	at com.kms.katalon.core.keyword.builtin.VerifyMatchKeyword.verifyMatch(VerifyMatchKeyword.groovy:60)
	at com.kms.katalon.core.keyword.builtin.VerifyMatchKeyword.execute(VerifyMatchKeyword.groovy:45)
	at com.kms.katalon.core.keyword.internal.KeywordExecutor.executeKeywordForPlatform(KeywordExecutor.groovy:74)
	at com.kms.katalon.core.keyword.BuiltinKeywords.verifyMatch(BuiltinKeywords.groovy:73)
	at 2 - 2A_ Verify Calculated Values in Work Order (box partisi1 partisi2).run(2 - 2A_ Verify Calculated Values in Work Order (box partisi1 partisi2):322)
	at com.kms.katalon.core.main.ScriptEngine.run(ScriptEngine.java:194)
	at com.kms.katalon.core.main.ScriptEngine.runScriptAsRawText(ScriptEngine.java:119)
	at com.kms.katalon.core.main.TestCaseExecutor.runScript(TestCaseExecutor.java:445)
	at com.kms.katalon.core.main.TestCaseExecutor.doExecute(TestCaseExecutor.java:436)
	at com.kms.katalon.core.main.TestCaseExecutor.processExecutionPhase(TestCaseExecutor.java:415)
	at com.kms.katalon.core.main.TestCaseExecutor.accessMainPhase(TestCaseExecutor.java:407)
	at com.kms.katalon.core.main.TestCaseExecutor.execute(TestCaseExecutor.java:284)
	at com.kms.katalon.core.common.CommonExecutor.accessTestCaseMainPhase(CommonExecutor.java:65)
	at com.kms.katalon.core.main.TestSuiteExecutor.accessTestSuiteMainPhase(TestSuiteExecutor.java:144)
	at com.kms.katalon.core.main.TestSuiteExecutor.execute(TestSuiteExecutor.java:106)
	at com.kms.katalon.core.main.TestCaseMain.startTestSuite(TestCaseMain.java:185)
	at com.kms.katalon.core.main.TestCaseMain$startTestSuite$0.call(Unknown Source)
	at TempTestSuite1657080848602.run(TempTestSuite1657080848602.groovy:36)
)

2022-07-06 11:17:19 - [MESSAGE][FAILED] - Unable to verify match between actual text '4.63' and expected text '4.64' (Root cause: com.kms.katalon.core.exception.StepFailedException: Actual text '4.63' and expected text '4.64' are not matched
	at com.kms.katalon.core.keyword.builtin.VerifyMatchKeyword$_verifyMatch_closure1.doCall(VerifyMatchKeyword.groovy:57)
	at com.kms.katalon.core.keyword.builtin.VerifyMatchKeyword$_verifyMatch_closure1.call(VerifyMatchKeyword.groovy)
	at com.kms.katalon.core.keyword.internal.KeywordMain.runKeyword(KeywordMain.groovy:74)
	at com.kms.katalon.core.keyword.builtin.VerifyMatchKeyword.verifyMatch(VerifyMatchKeyword.groovy:60)
	at com.kms.katalon.core.keyword.builtin.VerifyMatchKeyword.execute(VerifyMatchKeyword.groovy:45)
	at com.kms.katalon.core.keyword.internal.KeywordExecutor.executeKeywordForPlatform(KeywordExecutor.groovy:74)
	at com.kms.katalon.core.keyword.BuiltinKeywords.verifyMatch(BuiltinKeywords.groovy:73)
	at 2 - 2A_ Verify Calculated Values in Work Order (box partisi1 partisi2).run(2 - 2A_ Verify Calculated Values in Work Order (box partisi1 partisi2):322)
	at com.kms.katalon.core.main.ScriptEngine.run(ScriptEngine.java:194)
	at com.kms.katalon.core.main.ScriptEngine.runScriptAsRawText(ScriptEngine.java:119)
	at com.kms.katalon.core.main.TestCaseExecutor.runScript(TestCaseExecutor.java:445)
	at com.kms.katalon.core.main.TestCaseExecutor.doExecute(TestCaseExecutor.java:436)
	at com.kms.katalon.core.main.TestCaseExecutor.processExecutionPhase(TestCaseExecutor.java:415)
	at com.kms.katalon.core.main.TestCaseExecutor.accessMainPhase(TestCaseExecutor.java:407)
	at com.kms.katalon.core.main.TestCaseExecutor.execute(TestCaseExecutor.java:284)
	at com.kms.katalon.core.common.CommonExecutor.accessTestCaseMainPhase(CommonExecutor.java:65)
	at com.kms.katalon.core.main.TestSuiteExecutor.accessTestSuiteMainPhase(TestSuiteExecutor.java:144)
	at com.kms.katalon.core.main.TestSuiteExecutor.execute(TestSuiteExecutor.java:106)
	at com.kms.katalon.core.main.TestCaseMain.startTestSuite(TestCaseMain.java:185)
	at com.kms.katalon.core.main.TestCaseMain$startTestSuite$0.call(Unknown Source)
	at TempTestSuite1657080848602.run(TempTestSuite1657080848602.groovy:36)
)

2022-07-06 11:17:19 - [TEST_STEP][PASSED] - qValuebox2 = 125: null

2022-07-06 11:17:19 - [TEST_STEP][PASSED] - sheetLengthBox2 = 824: null

2022-07-06 11:17:19 - [TEST_STEP][PASSED] - minLebarMmSheetBox2 = 1500: null

2022-07-06 11:17:19 - [TEST_STEP][PASSED] - identifierBox2 = 1.33: null

2022-07-06 11:17:19 - [TEST_STEP][PASSED] - beratSubstanceBox2 = qValuebox2 / 1000 * sheetLengthBox2 / 1000 * minLebarMmSheetBox2 / 1000 * identifierBox2 * corrBox: null

2022-07-06 11:17:19 - [TEST_STEP][PASSED] - expected_beratsubstance2_box = beratSubstanceBox2.round(2): null

2022-07-06 11:17:19 - [TEST_STEP][PASSED] - actual_beratsubstance2_box = allValues[6]: null

2022-07-06 11:17:19 - [TEST_STEP][PASSED] - verifyMatch(actual_beratsubstance2_box, expected_beratsubstance2_box, false): Actual text '5.14' and expected text '5.14' are matched 

2022-07-06 11:17:19 - [MESSAGE][PASSED] - Actual text '5.14' and expected text '5.14' are matched 

2022-07-06 11:17:19 - [TEST_STEP][PASSED] - qValuebox3 = 125: null

2022-07-06 11:17:19 - [TEST_STEP][PASSED] - sheetLengthBox3 = 824: null

2022-07-06 11:17:19 - [TEST_STEP][PASSED] - minLebarMmSheetBox3 = 1500: null

2022-07-06 11:17:19 - [TEST_STEP][PASSED] - identifierBox3 = 1: null

2022-07-06 11:17:19 - [TEST_STEP][PASSED] - beratSubstanceBox3 = qValuebox3 / 1000 * sheetLengthBox3 / 1000 * minLebarMmSheetBox3 / 1000 * identifierBox3 * corrBox: null

2022-07-06 11:17:19 - [TEST_STEP][PASSED] - expected_beratsubstance3_box = beratSubstanceBox3.round(2): null

2022-07-06 11:17:19 - [TEST_STEP][PASSED] - actual_beratsubstance3_box = allValues[7]: null

2022-07-06 11:17:19 - [TEST_STEP][PASSED] - verifyMatch(actual_beratsubstance3_box, expected_beratsubstance3_box, false): Actual text '3.86' and expected text '3.86' are matched 

2022-07-06 11:17:19 - [MESSAGE][PASSED] - Actual text '3.86' and expected text '3.86' are matched 

2022-07-06 11:17:19 - [TEST_STEP][PASSED] - qValuebox4 = 0: null

2022-07-06 11:17:19 - [TEST_STEP][PASSED] - sheetLengthBox4 = 824: null

2022-07-06 11:17:19 - [TEST_STEP][PASSED] - minLebarMmSheetBox4 = 1500: null

2022-07-06 11:17:19 - [TEST_STEP][PASSED] - identifierBox4 = 1.42: null

2022-07-06 11:17:19 - [TEST_STEP][PASSED] - beratSubstanceBox4 = qValuebox4 / 1000 * sheetLengthBox4 / 1000 * minLebarMmSheetBox4 / 1000 * identifierBox4 * corrBox: null

2022-07-06 11:17:19 - [TEST_STEP][PASSED] - expected_beratsubstance4_box = beratSubstanceBox4.round(2): null

2022-07-06 11:17:19 - [TEST_STEP][PASSED] - actual_beratsubstance4_box = allValues[8]: null

2022-07-06 11:17:19 - [TEST_STEP][FAILED] - verifyMatch(actual_beratsubstance4_box, expected_beratsubstance4_box, false): Unable to verify match between actual text '0' and expected text '0.0' (Root cause: com.kms.katalon.core.exception.StepFailedException: Actual text '0' and expected text '0.0' are not matched
	at com.kms.katalon.core.keyword.builtin.VerifyMatchKeyword$_verifyMatch_closure1.doCall(VerifyMatchKeyword.groovy:57)
	at com.kms.katalon.core.keyword.builtin.VerifyMatchKeyword$_verifyMatch_closure1.call(VerifyMatchKeyword.groovy)
	at com.kms.katalon.core.keyword.internal.KeywordMain.runKeyword(KeywordMain.groovy:74)
	at com.kms.katalon.core.keyword.builtin.VerifyMatchKeyword.verifyMatch(VerifyMatchKeyword.groovy:60)
	at com.kms.katalon.core.keyword.builtin.VerifyMatchKeyword.execute(VerifyMatchKeyword.groovy:45)
	at com.kms.katalon.core.keyword.internal.KeywordExecutor.executeKeywordForPlatform(KeywordExecutor.groovy:74)
	at com.kms.katalon.core.keyword.BuiltinKeywords.verifyMatch(BuiltinKeywords.groovy:73)
	at 2 - 2A_ Verify Calculated Values in Work Order (box partisi1 partisi2).run(2 - 2A_ Verify Calculated Values in Work Order (box partisi1 partisi2):355)
	at com.kms.katalon.core.main.ScriptEngine.run(ScriptEngine.java:194)
	at com.kms.katalon.core.main.ScriptEngine.runScriptAsRawText(ScriptEngine.java:119)
	at com.kms.katalon.core.main.TestCaseExecutor.runScript(TestCaseExecutor.java:445)
	at com.kms.katalon.core.main.TestCaseExecutor.doExecute(TestCaseExecutor.java:436)
	at com.kms.katalon.core.main.TestCaseExecutor.processExecutionPhase(TestCaseExecutor.java:415)
	at com.kms.katalon.core.main.TestCaseExecutor.accessMainPhase(TestCaseExecutor.java:407)
	at com.kms.katalon.core.main.TestCaseExecutor.execute(TestCaseExecutor.java:284)
	at com.kms.katalon.core.common.CommonExecutor.accessTestCaseMainPhase(CommonExecutor.java:65)
	at com.kms.katalon.core.main.TestSuiteExecutor.accessTestSuiteMainPhase(TestSuiteExecutor.java:144)
	at com.kms.katalon.core.main.TestSuiteExecutor.execute(TestSuiteExecutor.java:106)
	at com.kms.katalon.core.main.TestCaseMain.startTestSuite(TestCaseMain.java:185)
	at com.kms.katalon.core.main.TestCaseMain$startTestSuite$0.call(Unknown Source)
	at TempTestSuite1657080848602.run(TempTestSuite1657080848602.groovy:36)
)

2022-07-06 11:17:19 - [MESSAGE][FAILED] - Unable to verify match between actual text '0' and expected text '0.0' (Root cause: com.kms.katalon.core.exception.StepFailedException: Actual text '0' and expected text '0.0' are not matched
	at com.kms.katalon.core.keyword.builtin.VerifyMatchKeyword$_verifyMatch_closure1.doCall(VerifyMatchKeyword.groovy:57)
	at com.kms.katalon.core.keyword.builtin.VerifyMatchKeyword$_verifyMatch_closure1.call(VerifyMatchKeyword.groovy)
	at com.kms.katalon.core.keyword.internal.KeywordMain.runKeyword(KeywordMain.groovy:74)
	at com.kms.katalon.core.keyword.builtin.VerifyMatchKeyword.verifyMatch(VerifyMatchKeyword.groovy:60)
	at com.kms.katalon.core.keyword.builtin.VerifyMatchKeyword.execute(VerifyMatchKeyword.groovy:45)
	at com.kms.katalon.core.keyword.internal.KeywordExecutor.executeKeywordForPlatform(KeywordExecutor.groovy:74)
	at com.kms.katalon.core.keyword.BuiltinKeywords.verifyMatch(BuiltinKeywords.groovy:73)
	at 2 - 2A_ Verify Calculated Values in Work Order (box partisi1 partisi2).run(2 - 2A_ Verify Calculated Values in Work Order (box partisi1 partisi2):355)
	at com.kms.katalon.core.main.ScriptEngine.run(ScriptEngine.java:194)
	at com.kms.katalon.core.main.ScriptEngine.runScriptAsRawText(ScriptEngine.java:119)
	at com.kms.katalon.core.main.TestCaseExecutor.runScript(TestCaseExecutor.java:445)
	at com.kms.katalon.core.main.TestCaseExecutor.doExecute(TestCaseExecutor.java:436)
	at com.kms.katalon.core.main.TestCaseExecutor.processExecutionPhase(TestCaseExecutor.java:415)
	at com.kms.katalon.core.main.TestCaseExecutor.accessMainPhase(TestCaseExecutor.java:407)
	at com.kms.katalon.core.main.TestCaseExecutor.execute(TestCaseExecutor.java:284)
	at com.kms.katalon.core.common.CommonExecutor.accessTestCaseMainPhase(CommonExecutor.java:65)
	at com.kms.katalon.core.main.TestSuiteExecutor.accessTestSuiteMainPhase(TestSuiteExecutor.java:144)
	at com.kms.katalon.core.main.TestSuiteExecutor.execute(TestSuiteExecutor.java:106)
	at com.kms.katalon.core.main.TestCaseMain.startTestSuite(TestCaseMain.java:185)
	at com.kms.katalon.core.main.TestCaseMain$startTestSuite$0.call(Unknown Source)
	at TempTestSuite1657080848602.run(TempTestSuite1657080848602.groovy:36)
)

2022-07-06 11:17:19 - [TEST_STEP][PASSED] - qValuebox5 = 0: null

2022-07-06 11:17:19 - [TEST_STEP][PASSED] - sheetLengthBox5 = 824: null

2022-07-06 11:17:19 - [TEST_STEP][PASSED] - minLebarMmSheetBox5 = 1500: null

2022-07-06 11:17:19 - [TEST_STEP][PASSED] - identifierBox5 = 1: null

2022-07-06 11:17:19 - [TEST_STEP][PASSED] - beratSubstanceBox5 = qValuebox5 / 1000 * sheetLengthBox5 / 1000 * minLebarMmSheetBox5 / 1000 * identifierBox5 * corrBox: null

2022-07-06 11:17:19 - [TEST_STEP][PASSED] - expected_beratsubstance5_box = beratSubstanceBox5.round(2): null

2022-07-06 11:17:19 - [TEST_STEP][PASSED] - actual_beratsubstance5_box = allValues[9]: null

2022-07-06 11:17:19 - [TEST_STEP][FAILED] - verifyMatch(actual_beratsubstance5_box, expected_beratsubstance5_box, false): Unable to verify match between actual text '0' and expected text '0.0' (Root cause: com.kms.katalon.core.exception.StepFailedException: Actual text '0' and expected text '0.0' are not matched
	at com.kms.katalon.core.keyword.builtin.VerifyMatchKeyword$_verifyMatch_closure1.doCall(VerifyMatchKeyword.groovy:57)
	at com.kms.katalon.core.keyword.builtin.VerifyMatchKeyword$_verifyMatch_closure1.call(VerifyMatchKeyword.groovy)
	at com.kms.katalon.core.keyword.internal.KeywordMain.runKeyword(KeywordMain.groovy:74)
	at com.kms.katalon.core.keyword.builtin.VerifyMatchKeyword.verifyMatch(VerifyMatchKeyword.groovy:60)
	at com.kms.katalon.core.keyword.builtin.VerifyMatchKeyword.execute(VerifyMatchKeyword.groovy:45)
	at com.kms.katalon.core.keyword.internal.KeywordExecutor.executeKeywordForPlatform(KeywordExecutor.groovy:74)
	at com.kms.katalon.core.keyword.BuiltinKeywords.verifyMatch(BuiltinKeywords.groovy:73)
	at 2 - 2A_ Verify Calculated Values in Work Order (box partisi1 partisi2).run(2 - 2A_ Verify Calculated Values in Work Order (box partisi1 partisi2):366)
	at com.kms.katalon.core.main.ScriptEngine.run(ScriptEngine.java:194)
	at com.kms.katalon.core.main.ScriptEngine.runScriptAsRawText(ScriptEngine.java:119)
	at com.kms.katalon.core.main.TestCaseExecutor.runScript(TestCaseExecutor.java:445)
	at com.kms.katalon.core.main.TestCaseExecutor.doExecute(TestCaseExecutor.java:436)
	at com.kms.katalon.core.main.TestCaseExecutor.processExecutionPhase(TestCaseExecutor.java:415)
	at com.kms.katalon.core.main.TestCaseExecutor.accessMainPhase(TestCaseExecutor.java:407)
	at com.kms.katalon.core.main.TestCaseExecutor.execute(TestCaseExecutor.java:284)
	at com.kms.katalon.core.common.CommonExecutor.accessTestCaseMainPhase(CommonExecutor.java:65)
	at com.kms.katalon.core.main.TestSuiteExecutor.accessTestSuiteMainPhase(TestSuiteExecutor.java:144)
	at com.kms.katalon.core.main.TestSuiteExecutor.execute(TestSuiteExecutor.java:106)
	at com.kms.katalon.core.main.TestCaseMain.startTestSuite(TestCaseMain.java:185)
	at com.kms.katalon.core.main.TestCaseMain$startTestSuite$0.call(Unknown Source)
	at TempTestSuite1657080848602.run(TempTestSuite1657080848602.groovy:36)
)

2022-07-06 11:17:19 - [MESSAGE][FAILED] - Unable to verify match between actual text '0' and expected text '0.0' (Root cause: com.kms.katalon.core.exception.StepFailedException: Actual text '0' and expected text '0.0' are not matched
	at com.kms.katalon.core.keyword.builtin.VerifyMatchKeyword$_verifyMatch_closure1.doCall(VerifyMatchKeyword.groovy:57)
	at com.kms.katalon.core.keyword.builtin.VerifyMatchKeyword$_verifyMatch_closure1.call(VerifyMatchKeyword.groovy)
	at com.kms.katalon.core.keyword.internal.KeywordMain.runKeyword(KeywordMain.groovy:74)
	at com.kms.katalon.core.keyword.builtin.VerifyMatchKeyword.verifyMatch(VerifyMatchKeyword.groovy:60)
	at com.kms.katalon.core.keyword.builtin.VerifyMatchKeyword.execute(VerifyMatchKeyword.groovy:45)
	at com.kms.katalon.core.keyword.internal.KeywordExecutor.executeKeywordForPlatform(KeywordExecutor.groovy:74)
	at com.kms.katalon.core.keyword.BuiltinKeywords.verifyMatch(BuiltinKeywords.groovy:73)
	at 2 - 2A_ Verify Calculated Values in Work Order (box partisi1 partisi2).run(2 - 2A_ Verify Calculated Values in Work Order (box partisi1 partisi2):366)
	at com.kms.katalon.core.main.ScriptEngine.run(ScriptEngine.java:194)
	at com.kms.katalon.core.main.ScriptEngine.runScriptAsRawText(ScriptEngine.java:119)
	at com.kms.katalon.core.main.TestCaseExecutor.runScript(TestCaseExecutor.java:445)
	at com.kms.katalon.core.main.TestCaseExecutor.doExecute(TestCaseExecutor.java:436)
	at com.kms.katalon.core.main.TestCaseExecutor.processExecutionPhase(TestCaseExecutor.java:415)
	at com.kms.katalon.core.main.TestCaseExecutor.accessMainPhase(TestCaseExecutor.java:407)
	at com.kms.katalon.core.main.TestCaseExecutor.execute(TestCaseExecutor.java:284)
	at com.kms.katalon.core.common.CommonExecutor.accessTestCaseMainPhase(CommonExecutor.java:65)
	at com.kms.katalon.core.main.TestSuiteExecutor.accessTestSuiteMainPhase(TestSuiteExecutor.java:144)
	at com.kms.katalon.core.main.TestSuiteExecutor.execute(TestSuiteExecutor.java:106)
	at com.kms.katalon.core.main.TestCaseMain.startTestSuite(TestCaseMain.java:185)
	at com.kms.katalon.core.main.TestCaseMain$startTestSuite$0.call(Unknown Source)
	at TempTestSuite1657080848602.run(TempTestSuite1657080848602.groovy:36)
)

2022-07-06 11:17:19 - [TEST_STEP][PASSED] - lebarKertasMinimum_partisi = 1150: null

2022-07-06 11:17:19 - [TEST_STEP][PASSED] - width_partisi = 140: null

2022-07-06 11:17:19 - [TEST_STEP][PASSED] - outkertas_partisi = 5: null

2022-07-06 11:17:19 - [TEST_STEP][PASSED] - expected_outkrts_partisi = outkertas_partisi: null

2022-07-06 11:17:19 - [TEST_STEP][PASSED] - actual_outkrts_partisi = allValues[10]: null

2022-07-06 11:17:19 - [TEST_STEP][PASSED] - verifyMatch(actual_outkrts_partisi, expected_outkrts_partisi, false): Actual text '5' and expected text '5' are matched 

2022-07-06 11:17:19 - [MESSAGE][PASSED] - Actual text '5' and expected text '5' are matched 

2022-07-06 11:17:19 - [TEST_STEP][PASSED] - constantDoubleJoint_partisi = 1: null

2022-07-06 11:17:19 - [TEST_STEP][PASSED] - out_partisi = outkertas_partisi: null

2022-07-06 11:17:19 - [TEST_STEP][PASSED] - outKnife_partisi = 1: null

2022-07-06 11:17:19 - [TEST_STEP][PASSED] - corrPartisi = constantDoubleJoint_partisi * Math.floor(newQty / out_partisi / outKnife_partisi): null

2022-07-06 11:17:19 - [TEST_STEP][PASSED] - expected_corr_partisi = corrPartisi: null

2022-07-06 11:17:19 - [TEST_STEP][PASSED] - actual_corr_partisi = allValues[11]: null

2022-07-06 11:17:19 - [TEST_STEP][PASSED] - verifyMatch(actual_corr_partisi, expected_corr_partisi, false): Actual text '20' and expected text '20' are matched 

2022-07-06 11:17:19 - [MESSAGE][PASSED] - Actual text '20' and expected text '20' are matched 

2022-07-06 11:17:19 - [TEST_STEP][PASSED] - weightSheetNettoGram_partisi = 53.5: null

2022-07-06 11:17:19 - [TEST_STEP][PASSED] - weight_partisi = constantDoubleJoint_partisi * weightSheetNettoGram_partisi * newQty / 1000: null

2022-07-06 11:17:19 - [TEST_STEP][PASSED] - beratBoxPartisi = Math.ceil(weight_partisi / qty * 1000 * 100) / 100: null

2022-07-06 11:17:19 - [TEST_STEP][PASSED] - expected_beratbox_partisi = beratBoxPartisi: null

2022-07-06 11:17:19 - [TEST_STEP][PASSED] - actual_beratbox_partisi = allValues[12]: null

2022-07-06 11:17:19 - [TEST_STEP][PASSED] - verifyMatch(actual_beratbox_partisi, expected_beratbox_partisi, false): Actual text '53.5' and expected text '53.5' are matched 

2022-07-06 11:17:19 - [MESSAGE][PASSED] - Actual text '53.5' and expected text '53.5' are matched 

2022-07-06 11:17:19 - [TEST_STEP][PASSED] - beratOrderPartisi = Math.ceil(weight_partisi * 100) / 100: null

2022-07-06 11:17:19 - [TEST_STEP][PASSED] - expected_beratorder_partisi = beratOrderPartisi: null

2022-07-06 11:17:19 - [TEST_STEP][PASSED] - actual_beratorder_partisi = allValues[13]: null

2022-07-06 11:17:19 - [TEST_STEP][PASSED] - verifyMatch(actual_beratorder_partisi, expected_beratorder_partisi, false): Actual text '5.35' and expected text '5.35' are matched 

2022-07-06 11:17:19 - [MESSAGE][PASSED] - Actual text '5.35' and expected text '5.35' are matched 

2022-07-06 11:17:19 - [TEST_STEP][PASSED] - trimWasteGram_partisi = 18.91: null

2022-07-06 11:17:19 - [TEST_STEP][PASSED] - length = 11: null

2022-07-06 11:17:19 - [TEST_STEP][PASSED] - lebarKertas = 11: null

2022-07-06 11:17:19 - [TEST_STEP][PASSED] - gsm = 125 + 125 * 1.36 + 125: null

2022-07-06 11:17:19 - [TEST_STEP][PASSED] - expected_berattrim_partisi = "0.39": null

2022-07-06 11:17:19 - [TEST_STEP][PASSED] - actual_berattrim_partisi = allValues[14]: null

2022-07-06 11:17:19 - [TEST_STEP][PASSED] - verifyMatch(actual_berattrim_partisi, expected_berattrim_partisi, false): Actual text '0.39' and expected text '0.39' are matched 

2022-07-06 11:17:19 - [MESSAGE][PASSED] - Actual text '0.39' and expected text '0.39' are matched 

2022-07-06 11:17:19 - [TEST_STEP][PASSED] - qValuepartisi1 = 125: null

2022-07-06 11:17:19 - [TEST_STEP][PASSED] - sheetLengthPartisi1 = 918: null

2022-07-06 11:17:19 - [TEST_STEP][PASSED] - minLebarMmSheetPartisi1 = 750: null

2022-07-06 11:17:19 - [TEST_STEP][PASSED] - identifierPartisi1 = 1: null

2022-07-06 11:17:19 - [TEST_STEP][PASSED] - beratSubstancePartisi1 = qValuepartisi1 / 1000 * sheetLengthPartisi1 / 1000 * minLebarMmSheetPartisi1 / 1000 * identifierPartisi1 * corrPartisi: null

2022-07-06 11:17:19 - [TEST_STEP][PASSED] - expected_beratsubstance1_partisi = beratSubstancePartisi1.round(2): null

2022-07-06 11:17:19 - [TEST_STEP][PASSED] - actual_beratsubstance1_partisi = allValues[15]: null

2022-07-06 11:17:19 - [TEST_STEP][PASSED] - verifyMatch(actual_beratsubstance1_partisi, expected_beratsubstance1_partisi, false): Actual text '1.72' and expected text '1.72' are matched 

2022-07-06 11:17:19 - [MESSAGE][PASSED] - Actual text '1.72' and expected text '1.72' are matched 

2022-07-06 11:17:19 - [TEST_STEP][PASSED] - qValuepartisi2 = 125: null

2022-07-06 11:17:19 - [TEST_STEP][PASSED] - sheetLengthPartisi2 = 918: null

2022-07-06 11:17:19 - [TEST_STEP][PASSED] - minLebarMmSheetPartisi2 = 750: null

2022-07-06 11:17:19 - [TEST_STEP][PASSED] - identifierPartisi2 = 1.33: null

2022-07-06 11:17:19 - [TEST_STEP][PASSED] - beratSubstancePartisi2 = qValuepartisi2 / 1000 * sheetLengthPartisi2 / 1000 * minLebarMmSheetPartisi2 / 1000 * identifierPartisi2 * corrPartisi: null

2022-07-06 11:17:19 - [TEST_STEP][PASSED] - expected_beratsubstance2_partisi = beratSubstancePartisi2.round(2): null

2022-07-06 11:17:19 - [TEST_STEP][PASSED] - actual_beratsubstance2_partisi = allValues[16]: null

2022-07-06 11:17:19 - [TEST_STEP][PASSED] - verifyMatch(actual_beratsubstance2_partisi, expected_beratsubstance2_partisi, false): Actual text '2.29' and expected text '2.29' are matched 

2022-07-06 11:17:19 - [MESSAGE][PASSED] - Actual text '2.29' and expected text '2.29' are matched 

2022-07-06 11:17:19 - [TEST_STEP][PASSED] - qValuepartisi3 = 125: null

2022-07-06 11:17:19 - [TEST_STEP][PASSED] - sheetLengthPartisi3 = 918: null

2022-07-06 11:17:19 - [TEST_STEP][PASSED] - minLebarMmSheetPartisi3 = 750: null

2022-07-06 11:17:19 - [TEST_STEP][PASSED] - identifierPartisi3 = 1: null

2022-07-06 11:17:19 - [TEST_STEP][PASSED] - beratSubstancePartisi3 = qValuepartisi3 / 1000 * sheetLengthPartisi3 / 1000 * minLebarMmSheetPartisi3 / 1000 * identifierPartisi3 * corrPartisi: null

2022-07-06 11:17:19 - [TEST_STEP][PASSED] - expected_beratsubstance3_partisi = beratSubstancePartisi3.round(2): null

2022-07-06 11:17:19 - [TEST_STEP][PASSED] - actual_beratsubstance3_partisi = allValues[17]: null

2022-07-06 11:17:19 - [TEST_STEP][PASSED] - verifyMatch(actual_beratsubstance3_partisi, expected_beratsubstance3_partisi, false): Actual text '1.72' and expected text '1.72' are matched 

2022-07-06 11:17:19 - [MESSAGE][PASSED] - Actual text '1.72' and expected text '1.72' are matched 

2022-07-06 11:17:19 - [TEST_STEP][PASSED] - qValuepartisi4 = 0: null

2022-07-06 11:17:19 - [TEST_STEP][PASSED] - sheetLengthPartisi4 = 918: null

2022-07-06 11:17:19 - [TEST_STEP][PASSED] - minLebarMmSheetPartisi4 = 750: null

2022-07-06 11:17:19 - [TEST_STEP][PASSED] - identifierPartisi4 = 1.42: null

2022-07-06 11:17:19 - [TEST_STEP][PASSED] - beratSubstancePartisi4 = qValuepartisi4 / 1000 * sheetLengthPartisi4 / 1000 * minLebarMmSheetPartisi4 / 1000 * identifierPartisi4 * corrPartisi: null

2022-07-06 11:17:19 - [TEST_STEP][PASSED] - expected_beratsubstance4_partisi = beratSubstancePartisi4.round(2): null

2022-07-06 11:17:19 - [TEST_STEP][PASSED] - actual_beratsubstance4_partisi = allValues[18]: null

2022-07-06 11:17:19 - [TEST_STEP][FAILED] - verifyMatch(actual_beratsubstance4_partisi, expected_beratsubstance4_partisi, false): Unable to verify match between actual text '0' and expected text '0.0' (Root cause: com.kms.katalon.core.exception.StepFailedException: Actual text '0' and expected text '0.0' are not matched
	at com.kms.katalon.core.keyword.builtin.VerifyMatchKeyword$_verifyMatch_closure1.doCall(VerifyMatchKeyword.groovy:57)
	at com.kms.katalon.core.keyword.builtin.VerifyMatchKeyword$_verifyMatch_closure1.call(VerifyMatchKeyword.groovy)
	at com.kms.katalon.core.keyword.internal.KeywordMain.runKeyword(KeywordMain.groovy:74)
	at com.kms.katalon.core.keyword.builtin.VerifyMatchKeyword.verifyMatch(VerifyMatchKeyword.groovy:60)
	at com.kms.katalon.core.keyword.builtin.VerifyMatchKeyword.execute(VerifyMatchKeyword.groovy:45)
	at com.kms.katalon.core.keyword.internal.KeywordExecutor.executeKeywordForPlatform(KeywordExecutor.groovy:74)
	at com.kms.katalon.core.keyword.BuiltinKeywords.verifyMatch(BuiltinKeywords.groovy:73)
	at 2 - 2A_ Verify Calculated Values in Work Order (box partisi1 partisi2).run(2 - 2A_ Verify Calculated Values in Work Order (box partisi1 partisi2):462)
	at com.kms.katalon.core.main.ScriptEngine.run(ScriptEngine.java:194)
	at com.kms.katalon.core.main.ScriptEngine.runScriptAsRawText(ScriptEngine.java:119)
	at com.kms.katalon.core.main.TestCaseExecutor.runScript(TestCaseExecutor.java:445)
	at com.kms.katalon.core.main.TestCaseExecutor.doExecute(TestCaseExecutor.java:436)
	at com.kms.katalon.core.main.TestCaseExecutor.processExecutionPhase(TestCaseExecutor.java:415)
	at com.kms.katalon.core.main.TestCaseExecutor.accessMainPhase(TestCaseExecutor.java:407)
	at com.kms.katalon.core.main.TestCaseExecutor.execute(TestCaseExecutor.java:284)
	at com.kms.katalon.core.common.CommonExecutor.accessTestCaseMainPhase(CommonExecutor.java:65)
	at com.kms.katalon.core.main.TestSuiteExecutor.accessTestSuiteMainPhase(TestSuiteExecutor.java:144)
	at com.kms.katalon.core.main.TestSuiteExecutor.execute(TestSuiteExecutor.java:106)
	at com.kms.katalon.core.main.TestCaseMain.startTestSuite(TestCaseMain.java:185)
	at com.kms.katalon.core.main.TestCaseMain$startTestSuite$0.call(Unknown Source)
	at TempTestSuite1657080848602.run(TempTestSuite1657080848602.groovy:36)
)

2022-07-06 11:17:19 - [MESSAGE][FAILED] - Unable to verify match between actual text '0' and expected text '0.0' (Root cause: com.kms.katalon.core.exception.StepFailedException: Actual text '0' and expected text '0.0' are not matched
	at com.kms.katalon.core.keyword.builtin.VerifyMatchKeyword$_verifyMatch_closure1.doCall(VerifyMatchKeyword.groovy:57)
	at com.kms.katalon.core.keyword.builtin.VerifyMatchKeyword$_verifyMatch_closure1.call(VerifyMatchKeyword.groovy)
	at com.kms.katalon.core.keyword.internal.KeywordMain.runKeyword(KeywordMain.groovy:74)
	at com.kms.katalon.core.keyword.builtin.VerifyMatchKeyword.verifyMatch(VerifyMatchKeyword.groovy:60)
	at com.kms.katalon.core.keyword.builtin.VerifyMatchKeyword.execute(VerifyMatchKeyword.groovy:45)
	at com.kms.katalon.core.keyword.internal.KeywordExecutor.executeKeywordForPlatform(KeywordExecutor.groovy:74)
	at com.kms.katalon.core.keyword.BuiltinKeywords.verifyMatch(BuiltinKeywords.groovy:73)
	at 2 - 2A_ Verify Calculated Values in Work Order (box partisi1 partisi2).run(2 - 2A_ Verify Calculated Values in Work Order (box partisi1 partisi2):462)
	at com.kms.katalon.core.main.ScriptEngine.run(ScriptEngine.java:194)
	at com.kms.katalon.core.main.ScriptEngine.runScriptAsRawText(ScriptEngine.java:119)
	at com.kms.katalon.core.main.TestCaseExecutor.runScript(TestCaseExecutor.java:445)
	at com.kms.katalon.core.main.TestCaseExecutor.doExecute(TestCaseExecutor.java:436)
	at com.kms.katalon.core.main.TestCaseExecutor.processExecutionPhase(TestCaseExecutor.java:415)
	at com.kms.katalon.core.main.TestCaseExecutor.accessMainPhase(TestCaseExecutor.java:407)
	at com.kms.katalon.core.main.TestCaseExecutor.execute(TestCaseExecutor.java:284)
	at com.kms.katalon.core.common.CommonExecutor.accessTestCaseMainPhase(CommonExecutor.java:65)
	at com.kms.katalon.core.main.TestSuiteExecutor.accessTestSuiteMainPhase(TestSuiteExecutor.java:144)
	at com.kms.katalon.core.main.TestSuiteExecutor.execute(TestSuiteExecutor.java:106)
	at com.kms.katalon.core.main.TestCaseMain.startTestSuite(TestCaseMain.java:185)
	at com.kms.katalon.core.main.TestCaseMain$startTestSuite$0.call(Unknown Source)
	at TempTestSuite1657080848602.run(TempTestSuite1657080848602.groovy:36)
)

2022-07-06 11:17:19 - [TEST_STEP][PASSED] - qValuepartisi5 = 0: null

2022-07-06 11:17:19 - [TEST_STEP][PASSED] - sheetLengthPartisi5 = 918: null

2022-07-06 11:17:19 - [TEST_STEP][PASSED] - minLebarMmSheetPartisi5 = 750: null

2022-07-06 11:17:19 - [TEST_STEP][PASSED] - identifierPartisi5 = 1: null

2022-07-06 11:17:19 - [TEST_STEP][PASSED] - beratSubstancePartisi5 = qValuepartisi5 / 1000 * sheetLengthPartisi5 / 1000 * minLebarMmSheetPartisi5 / 1000 * identifierPartisi5 * corrPartisi: null

2022-07-06 11:17:19 - [TEST_STEP][PASSED] - expected_beratsubstance5_partisi = beratSubstancePartisi5.round(2): null

2022-07-06 11:17:19 - [TEST_STEP][PASSED] - actual_beratsubstance5_partisi = allValues[19]: null

2022-07-06 11:17:19 - [TEST_STEP][FAILED] - verifyMatch(actual_beratsubstance5_partisi, expected_beratsubstance5_partisi, false): Unable to verify match between actual text '0' and expected text '0.0' (Root cause: com.kms.katalon.core.exception.StepFailedException: Actual text '0' and expected text '0.0' are not matched
	at com.kms.katalon.core.keyword.builtin.VerifyMatchKeyword$_verifyMatch_closure1.doCall(VerifyMatchKeyword.groovy:57)
	at com.kms.katalon.core.keyword.builtin.VerifyMatchKeyword$_verifyMatch_closure1.call(VerifyMatchKeyword.groovy)
	at com.kms.katalon.core.keyword.internal.KeywordMain.runKeyword(KeywordMain.groovy:74)
	at com.kms.katalon.core.keyword.builtin.VerifyMatchKeyword.verifyMatch(VerifyMatchKeyword.groovy:60)
	at com.kms.katalon.core.keyword.builtin.VerifyMatchKeyword.execute(VerifyMatchKeyword.groovy:45)
	at com.kms.katalon.core.keyword.internal.KeywordExecutor.executeKeywordForPlatform(KeywordExecutor.groovy:74)
	at com.kms.katalon.core.keyword.BuiltinKeywords.verifyMatch(BuiltinKeywords.groovy:73)
	at 2 - 2A_ Verify Calculated Values in Work Order (box partisi1 partisi2).run(2 - 2A_ Verify Calculated Values in Work Order (box partisi1 partisi2):473)
	at com.kms.katalon.core.main.ScriptEngine.run(ScriptEngine.java:194)
	at com.kms.katalon.core.main.ScriptEngine.runScriptAsRawText(ScriptEngine.java:119)
	at com.kms.katalon.core.main.TestCaseExecutor.runScript(TestCaseExecutor.java:445)
	at com.kms.katalon.core.main.TestCaseExecutor.doExecute(TestCaseExecutor.java:436)
	at com.kms.katalon.core.main.TestCaseExecutor.processExecutionPhase(TestCaseExecutor.java:415)
	at com.kms.katalon.core.main.TestCaseExecutor.accessMainPhase(TestCaseExecutor.java:407)
	at com.kms.katalon.core.main.TestCaseExecutor.execute(TestCaseExecutor.java:284)
	at com.kms.katalon.core.common.CommonExecutor.accessTestCaseMainPhase(CommonExecutor.java:65)
	at com.kms.katalon.core.main.TestSuiteExecutor.accessTestSuiteMainPhase(TestSuiteExecutor.java:144)
	at com.kms.katalon.core.main.TestSuiteExecutor.execute(TestSuiteExecutor.java:106)
	at com.kms.katalon.core.main.TestCaseMain.startTestSuite(TestCaseMain.java:185)
	at com.kms.katalon.core.main.TestCaseMain$startTestSuite$0.call(Unknown Source)
	at TempTestSuite1657080848602.run(TempTestSuite1657080848602.groovy:36)
)

2022-07-06 11:17:19 - [MESSAGE][FAILED] - Unable to verify match between actual text '0' and expected text '0.0' (Root cause: com.kms.katalon.core.exception.StepFailedException: Actual text '0' and expected text '0.0' are not matched
	at com.kms.katalon.core.keyword.builtin.VerifyMatchKeyword$_verifyMatch_closure1.doCall(VerifyMatchKeyword.groovy:57)
	at com.kms.katalon.core.keyword.builtin.VerifyMatchKeyword$_verifyMatch_closure1.call(VerifyMatchKeyword.groovy)
	at com.kms.katalon.core.keyword.internal.KeywordMain.runKeyword(KeywordMain.groovy:74)
	at com.kms.katalon.core.keyword.builtin.VerifyMatchKeyword.verifyMatch(VerifyMatchKeyword.groovy:60)
	at com.kms.katalon.core.keyword.builtin.VerifyMatchKeyword.execute(VerifyMatchKeyword.groovy:45)
	at com.kms.katalon.core.keyword.internal.KeywordExecutor.executeKeywordForPlatform(KeywordExecutor.groovy:74)
	at com.kms.katalon.core.keyword.BuiltinKeywords.verifyMatch(BuiltinKeywords.groovy:73)
	at 2 - 2A_ Verify Calculated Values in Work Order (box partisi1 partisi2).run(2 - 2A_ Verify Calculated Values in Work Order (box partisi1 partisi2):473)
	at com.kms.katalon.core.main.ScriptEngine.run(ScriptEngine.java:194)
	at com.kms.katalon.core.main.ScriptEngine.runScriptAsRawText(ScriptEngine.java:119)
	at com.kms.katalon.core.main.TestCaseExecutor.runScript(TestCaseExecutor.java:445)
	at com.kms.katalon.core.main.TestCaseExecutor.doExecute(TestCaseExecutor.java:436)
	at com.kms.katalon.core.main.TestCaseExecutor.processExecutionPhase(TestCaseExecutor.java:415)
	at com.kms.katalon.core.main.TestCaseExecutor.accessMainPhase(TestCaseExecutor.java:407)
	at com.kms.katalon.core.main.TestCaseExecutor.execute(TestCaseExecutor.java:284)
	at com.kms.katalon.core.common.CommonExecutor.accessTestCaseMainPhase(CommonExecutor.java:65)
	at com.kms.katalon.core.main.TestSuiteExecutor.accessTestSuiteMainPhase(TestSuiteExecutor.java:144)
	at com.kms.katalon.core.main.TestSuiteExecutor.execute(TestSuiteExecutor.java:106)
	at com.kms.katalon.core.main.TestCaseMain.startTestSuite(TestCaseMain.java:185)
	at com.kms.katalon.core.main.TestCaseMain$startTestSuite$0.call(Unknown Source)
	at TempTestSuite1657080848602.run(TempTestSuite1657080848602.groovy:36)
)

2022-07-06 11:17:19 - [TEST_STEP][PASSED] - closeBrowser(): Browser is closed

2022-07-06 11:17:20 - [MESSAGE][PASSED] - Browser is closed]]></system-out>
         <system-err><![CDATA[2022-07-06 11:16:07 - [TEST_CASE][FAILED] - Test Cases/SKT ERP/Production/2 - 2A_ Verify Calculated Values in Work Order (box partisi1 partisi2): Test Cases/SKT ERP/Production/2 - 2A_ Verify Calculated Values in Work Order (box partisi1 partisi2) FAILED.
Reason:
com.kms.katalon.core.exception.StepFailedException: Unable to verify match between actual text '4.63' and expected text '4.64' (Root cause: com.kms.katalon.core.exception.StepFailedException: Actual text '4.63' and expected text '4.64' are not matched
	at com.kms.katalon.core.keyword.builtin.VerifyMatchKeyword$_verifyMatch_closure1.doCall(VerifyMatchKeyword.groovy:57)
	at com.kms.katalon.core.keyword.builtin.VerifyMatchKeyword$_verifyMatch_closure1.call(VerifyMatchKeyword.groovy)
	at com.kms.katalon.core.keyword.internal.KeywordMain.runKeyword(KeywordMain.groovy:74)
	at com.kms.katalon.core.keyword.builtin.VerifyMatchKeyword.verifyMatch(VerifyMatchKeyword.groovy:60)
	at com.kms.katalon.core.keyword.builtin.VerifyMatchKeyword.execute(VerifyMatchKeyword.groovy:45)
	at com.kms.katalon.core.keyword.internal.KeywordExecutor.executeKeywordForPlatform(KeywordExecutor.groovy:74)
	at com.kms.katalon.core.keyword.BuiltinKeywords.verifyMatch(BuiltinKeywords.groovy:73)
	at 2 - 2A_ Verify Calculated Values in Work Order (box partisi1 partisi2).run(2 - 2A_ Verify Calculated Values in Work Order (box partisi1 partisi2):322)
	at com.kms.katalon.core.main.ScriptEngine.run(ScriptEngine.java:194)
	at com.kms.katalon.core.main.ScriptEngine.runScriptAsRawText(ScriptEngine.java:119)
	at com.kms.katalon.core.main.TestCaseExecutor.runScript(TestCaseExecutor.java:445)
	at com.kms.katalon.core.main.TestCaseExecutor.doExecute(TestCaseExecutor.java:436)
	at com.kms.katalon.core.main.TestCaseExecutor.processExecutionPhase(TestCaseExecutor.java:415)
	at com.kms.katalon.core.main.TestCaseExecutor.accessMainPhase(TestCaseExecutor.java:407)
	at com.kms.katalon.core.main.TestCaseExecutor.execute(TestCaseExecutor.java:284)
	at com.kms.katalon.core.common.CommonExecutor.accessTestCaseMainPhase(CommonExecutor.java:65)
	at com.kms.katalon.core.main.TestSuiteExecutor.accessTestSuiteMainPhase(TestSuiteExecutor.java:144)
	at com.kms.katalon.core.main.TestSuiteExecutor.execute(TestSuiteExecutor.java:106)
	at com.kms.katalon.core.main.TestCaseMain.startTestSuite(TestCaseMain.java:185)
	at com.kms.katalon.core.main.TestCaseMain$startTestSuite$0.call(Unknown Source)
	at TempTestSuite1657080848602.run(TempTestSuite1657080848602.groovy:36)
)
	at com.kms.katalon.core.keyword.internal.KeywordMain.stepFailed(KeywordMain.groovy:39)
	at com.kms.katalon.core.keyword.internal.KeywordMain.stepFailed(KeywordMain.groovy)
	at com.kms.katalon.core.keyword.internal.KeywordMain.runKeyword(KeywordMain.groovy:76)
	at com.kms.katalon.core.keyword.builtin.VerifyMatchKeyword.verifyMatch(VerifyMatchKeyword.groovy:60)
	at com.kms.katalon.core.keyword.builtin.VerifyMatchKeyword.execute(VerifyMatchKeyword.groovy:45)
	at com.kms.katalon.core.keyword.internal.KeywordExecutor.executeKeywordForPlatform(KeywordExecutor.groovy:74)
	at com.kms.katalon.core.keyword.BuiltinKeywords.verifyMatch(BuiltinKeywords.groovy:73)
	at 2 - 2A_ Verify Calculated Values in Work Order (box partisi1 partisi2).run(2 - 2A_ Verify Calculated Values in Work Order (box partisi1 partisi2):322)
	at com.kms.katalon.core.main.ScriptEngine.run(ScriptEngine.java:194)
	at com.kms.katalon.core.main.ScriptEngine.runScriptAsRawText(ScriptEngine.java:119)
	at com.kms.katalon.core.main.TestCaseExecutor.runScript(TestCaseExecutor.java:445)
	at com.kms.katalon.core.main.TestCaseExecutor.doExecute(TestCaseExecutor.java:436)
	at com.kms.katalon.core.main.TestCaseExecutor.processExecutionPhase(TestCaseExecutor.java:415)
	at com.kms.katalon.core.main.TestCaseExecutor.accessMainPhase(TestCaseExecutor.java:407)
	at com.kms.katalon.core.main.TestCaseExecutor.execute(TestCaseExecutor.java:284)
	at com.kms.katalon.core.common.CommonExecutor.accessTestCaseMainPhase(CommonExecutor.java:65)
	at com.kms.katalon.core.main.TestSuiteExecutor.accessTestSuiteMainPhase(TestSuiteExecutor.java:144)
	at com.kms.katalon.core.main.TestSuiteExecutor.execute(TestSuiteExecutor.java:106)
	at com.kms.katalon.core.main.TestCaseMain.startTestSuite(TestCaseMain.java:185)
	at com.kms.katalon.core.main.TestCaseMain$startTestSuite$0.call(Unknown Source)
	at TempTestSuite1657080848602.run(TempTestSuite1657080848602.groovy:36)
Caused by: com.kms.katalon.core.exception.StepFailedException: Actual text '4.63' and expected text '4.64' are not matched
	at com.kms.katalon.core.keyword.builtin.VerifyMatchKeyword$_verifyMatch_closure1.doCall(VerifyMatchKeyword.groovy:57)
	at com.kms.katalon.core.keyword.builtin.VerifyMatchKeyword$_verifyMatch_closure1.call(VerifyMatchKeyword.groovy)
	at com.kms.katalon.core.keyword.internal.KeywordMain.runKeyword(KeywordMain.groovy:74)
	... 18 more]]></system-err>
      </testcase>
      <testcase name="Test Cases/SKT ERP/Perpindahan WIP/2 - Perpindahan WIP Box Partisi" time="44.4" classname="Test Cases/SKT ERP/Perpindahan WIP/2 - Perpindahan WIP Box Partisi" status="PASSED">
         <system-out><![CDATA[2022-07-06 11:17:20 - [TEST_CASE][PASSED] - Test Cases/SKT ERP/Perpindahan WIP/2 - Perpindahan WIP Box Partisi: Test Cases/SKT ERP/Perpindahan WIP/2 - Perpindahan WIP Box Partisi

2022-07-06 11:17:20 - [TEST_STEP][PASSED] - openBrowser(""): Browser is opened with url: ''

2022-07-06 11:17:20 - [MESSAGE][INFO] - Starting 'Chrome' driver

2022-07-06 11:17:20 - [MESSAGE][INFO] - Action delay is set to 0 milliseconds

2022-07-06 11:17:21 - [MESSAGE][PASSED] - Browser is opened with url: ''

2022-07-06 11:17:21 - [TEST_STEP][PASSED] - navigateToUrl("http://localhost:3001/login"): Navigate to 'http://localhost:3001/login' successfully

2022-07-06 11:17:23 - [MESSAGE][PASSED] - Navigate to 'http://localhost:3001/login' successfully

2022-07-06 11:17:23 - [TEST_STEP][PASSED] - setText(findTestObject("Object Repository/Page_SKT ERP  ERP/Login/input_login_username"), "devshelly"): Text 'devshelly' is set on object 'Object Repository/Page_SKT ERP  ERP/Login/input_login_username'

2022-07-06 11:17:24 - [MESSAGE][PASSED] - Text 'devshelly' is set on object 'Object Repository/Page_SKT ERP  ERP/Login/input_login_username'

2022-07-06 11:17:24 - [TEST_STEP][PASSED] - setEncryptedText(findTestObject("Object Repository/Page_SKT ERP  ERP/Login/input_login_password"), "bD8Rq1FIAurX2vfab/lFTQ=="): Text ****** has been set on object 'Object Repository/Page_SKT ERP  ERP/Login/input_login_password'

2022-07-06 11:17:24 - [MESSAGE][PASSED] - Text ****** has been set on object 'Object Repository/Page_SKT ERP  ERP/Login/input_login_password'

2022-07-06 11:17:24 - [TEST_STEP][PASSED] - maximizeWindow(): Current window maximized

2022-07-06 11:17:25 - [MESSAGE][PASSED] - Current window maximized

2022-07-06 11:17:25 - [TEST_STEP][PASSED] - click(findTestObject("Object Repository/Page_SKT ERP  ERP/Login/button_login")): Object: 'Object Repository/Page_SKT ERP  ERP/Login/button_login' is clicked on

2022-07-06 11:17:25 - [MESSAGE][PASSED] - Object: 'Object Repository/Page_SKT ERP  ERP/Login/button_login' is clicked on

2022-07-06 11:17:25 - [TEST_STEP][PASSED] - click(findTestObject("Page_SKT ERP  ERP/Tab Production/Tab Production")): Object: 'Object Repository/Page_SKT ERP  ERP/Tab Production/Tab Production' is clicked on

2022-07-06 11:17:27 - [MESSAGE][PASSED] - Object: 'Object Repository/Page_SKT ERP  ERP/Tab Production/Tab Production' is clicked on

2022-07-06 11:17:27 - [TEST_STEP][PASSED] - click(findTestObject("Page_SKT ERP  ERP/Tab Production/Perpindahan WIP/Tab Perpindahan WIP")): Object: 'Object Repository/Page_SKT ERP  ERP/Tab Production/Perpindahan WIP/Tab Perpindahan WIP' is clicked on

2022-07-06 11:17:28 - [MESSAGE][PASSED] - Object: 'Object Repository/Page_SKT ERP  ERP/Tab Production/Perpindahan WIP/Tab Perpindahan WIP' is clicked on

2022-07-06 11:17:28 - [TEST_STEP][PASSED] - click(findTestObject("Page_SKT ERP  ERP/Tab Production/Perpindahan WIP/Add Perpindahan WIP")): Object: 'Object Repository/Page_SKT ERP  ERP/Tab Production/Perpindahan WIP/Add Perpindahan WIP' is clicked on

2022-07-06 11:17:37 - [MESSAGE][PASSED] - Object: 'Object Repository/Page_SKT ERP  ERP/Tab Production/Perpindahan WIP/Add Perpindahan WIP' is clicked on

2022-07-06 11:17:37 - [TEST_STEP][PASSED] - click(findTestObject("Page_SKT ERP  ERP/Tab Production/Perpindahan WIP/Tanggal Transaksi")): Object: 'Object Repository/Page_SKT ERP  ERP/Tab Production/Perpindahan WIP/Tanggal Transaksi' is clicked on

2022-07-06 11:17:45 - [MESSAGE][PASSED] - Object: 'Object Repository/Page_SKT ERP  ERP/Tab Production/Perpindahan WIP/Tanggal Transaksi' is clicked on

2022-07-06 11:17:45 - [TEST_STEP][PASSED] - click(findTestObject("Page_SKT ERP  ERP/Tab Production/Perpindahan WIP/Tanggal 30")): Object: 'Object Repository/Page_SKT ERP  ERP/Tab Production/Perpindahan WIP/Tanggal 30' is clicked on

2022-07-06 11:17:45 - [MESSAGE][PASSED] - Object: 'Object Repository/Page_SKT ERP  ERP/Tab Production/Perpindahan WIP/Tanggal 30' is clicked on

2022-07-06 11:17:45 - [TEST_STEP][PASSED] - click(findTestObject("Page_SKT ERP  ERP/Tab Production/Perpindahan WIP/Input No SPK Set")): Object: 'Object Repository/Page_SKT ERP  ERP/Tab Production/Perpindahan WIP/Input No SPK Set' is clicked on

2022-07-06 11:17:46 - [MESSAGE][PASSED] - Object: 'Object Repository/Page_SKT ERP  ERP/Tab Production/Perpindahan WIP/Input No SPK Set' is clicked on

2022-07-06 11:17:46 - [TEST_STEP][PASSED] - noSPKSet = noSPKSetBoxPartisi: null

2022-07-06 11:17:46 - [TEST_STEP][PASSED] - setText(findTestObject("Page_SKT ERP  ERP/Tab Production/Perpindahan WIP/Input No SPK Set"), noSPKSet): Text '22013628' is set on object 'Object Repository/Page_SKT ERP  ERP/Tab Production/Perpindahan WIP/Input No SPK Set'

2022-07-06 11:17:47 - [MESSAGE][PASSED] - Text '22013628' is set on object 'Object Repository/Page_SKT ERP  ERP/Tab Production/Perpindahan WIP/Input No SPK Set'

2022-07-06 11:17:47 - [TEST_STEP][PASSED] - delay(3): Delayed 3 second(s)

2022-07-06 11:17:50 - [MESSAGE][PASSED] - Delayed 3 second(s)

2022-07-06 11:17:50 - [TEST_STEP][PASSED] - sendKeys(findTestObject("Page_SKT ERP  ERP/Tab Production/Perpindahan WIP/Input No SPK Set"), Keys.chord(ENTER)): Keys 'ENTER + ' sent to object: 'Object Repository/Page_SKT ERP  ERP/Tab Production/Perpindahan WIP/Input No SPK Set'

2022-07-06 11:17:50 - [MESSAGE][PASSED] - Keys 'ENTER + ' sent to object: 'Object Repository/Page_SKT ERP  ERP/Tab Production/Perpindahan WIP/Input No SPK Set'

2022-07-06 11:17:50 - [TEST_STEP][PASSED] - click(findTestObject("Page_SKT ERP  ERP/Tab Production/Perpindahan WIP/button_Next")): Object: 'Object Repository/Page_SKT ERP  ERP/Tab Production/Perpindahan WIP/button_Next' is clicked on

2022-07-06 11:17:51 - [MESSAGE][PASSED] - Object: 'Object Repository/Page_SKT ERP  ERP/Tab Production/Perpindahan WIP/button_Next' is clicked on

2022-07-06 11:17:51 - [TEST_STEP][PASSED] - scrollToElement(findTestObject("Page_SKT ERP  ERP/Tab Production/Perpindahan WIP/Input No SPK per Item"), 30): Scroll to object 'Object Repository/Page_SKT ERP  ERP/Tab Production/Perpindahan WIP/Input No SPK per Item' successfully

2022-07-06 11:17:51 - [MESSAGE][PASSED] - Scroll to object 'Object Repository/Page_SKT ERP  ERP/Tab Production/Perpindahan WIP/Input No SPK per Item' successfully

2022-07-06 11:17:51 - [TEST_STEP][PASSED] - click(findTestObject("Page_SKT ERP  ERP/Tab Production/Perpindahan WIP/Input No SPK per Item")): Object: 'Object Repository/Page_SKT ERP  ERP/Tab Production/Perpindahan WIP/Input No SPK per Item' is clicked on

2022-07-06 11:17:52 - [MESSAGE][PASSED] - Object: 'Object Repository/Page_SKT ERP  ERP/Tab Production/Perpindahan WIP/Input No SPK per Item' is clicked on

2022-07-06 11:17:52 - [TEST_STEP][PASSED] - delay(2): Delayed 2 second(s)

2022-07-06 11:17:54 - [MESSAGE][PASSED] - Delayed 2 second(s)

2022-07-06 11:17:54 - [TEST_STEP][PASSED] - click(findTestObject("Page_SKT ERP  ERP/Tab Production/Perpindahan WIP/SPK per Item list/Option - PARTISI - BOX USG 250CC (K0173)")): Object: 'Object Repository/Page_SKT ERP  ERP/Tab Production/Perpindahan WIP/SPK per Item list/Option - PARTISI - BOX USG 250CC (K0173)' is clicked on

2022-07-06 11:17:54 - [MESSAGE][PASSED] - Object: 'Object Repository/Page_SKT ERP  ERP/Tab Production/Perpindahan WIP/SPK per Item list/Option - PARTISI - BOX USG 250CC (K0173)' is clicked on

2022-07-06 11:17:54 - [TEST_STEP][PASSED] - click(findTestObject("Page_SKT ERP  ERP/Tab Production/Perpindahan WIP/SPK per Item list/Option - BOX - BOX USG 250CC (K0173)")): Object: 'Object Repository/Page_SKT ERP  ERP/Tab Production/Perpindahan WIP/SPK per Item list/Option - BOX - BOX USG 250CC (K0173)' is clicked on

2022-07-06 11:17:55 - [MESSAGE][PASSED] - Object: 'Object Repository/Page_SKT ERP  ERP/Tab Production/Perpindahan WIP/SPK per Item list/Option - BOX - BOX USG 250CC (K0173)' is clicked on

2022-07-06 11:17:55 - [TEST_STEP][PASSED] - delay(2): Delayed 2 second(s)

2022-07-06 11:17:57 - [MESSAGE][PASSED] - Delayed 2 second(s)

2022-07-06 11:17:57 - [TEST_STEP][PASSED] - click(findTestObject("Page_SKT ERP  ERP/Tab Production/Perpindahan WIP/Input Raw Material")): Object: 'Object Repository/Page_SKT ERP  ERP/Tab Production/Perpindahan WIP/Input Raw Material' is clicked on

2022-07-06 11:17:58 - [MESSAGE][PASSED] - Object: 'Object Repository/Page_SKT ERP  ERP/Tab Production/Perpindahan WIP/Input Raw Material' is clicked on

2022-07-06 11:17:58 - [TEST_STEP][PASSED] - click(findTestObject("Page_SKT ERP  ERP/Tab Production/Perpindahan WIP/Raw Material list/8 - M150 - A - PA69 - MPKA")): Object: 'Object Repository/Page_SKT ERP  ERP/Tab Production/Perpindahan WIP/Raw Material list/8 - M150 - A - PA69 - MPKA' is clicked on

2022-07-06 11:17:59 - [MESSAGE][PASSED] - Object: 'Object Repository/Page_SKT ERP  ERP/Tab Production/Perpindahan WIP/Raw Material list/8 - M150 - A - PA69 - MPKA' is clicked on

2022-07-06 11:17:59 - [TEST_STEP][PASSED] - click(findTestObject("Page_SKT ERP  ERP/Tab Production/Perpindahan WIP/Select Stock Balance")): Object: 'Object Repository/Page_SKT ERP  ERP/Tab Production/Perpindahan WIP/Select Stock Balance' is clicked on

2022-07-06 11:18:00 - [MESSAGE][PASSED] - Object: 'Object Repository/Page_SKT ERP  ERP/Tab Production/Perpindahan WIP/Select Stock Balance' is clicked on

2022-07-06 11:18:00 - [TEST_STEP][PASSED] - click(findTestObject("Page_SKT ERP  ERP/Tab Production/Perpindahan WIP/Bagi Sisa Balance")): Object: 'Object Repository/Page_SKT ERP  ERP/Tab Production/Perpindahan WIP/Bagi Sisa Balance' is clicked on

2022-07-06 11:18:01 - [MESSAGE][PASSED] - Object: 'Object Repository/Page_SKT ERP  ERP/Tab Production/Perpindahan WIP/Bagi Sisa Balance' is clicked on

2022-07-06 11:18:01 - [TEST_STEP][PASSED] - click(findTestObject("Page_SKT ERP  ERP/Tab Production/Perpindahan WIP/Assign")): Object: 'Object Repository/Page_SKT ERP  ERP/Tab Production/Perpindahan WIP/Assign' is clicked on

2022-07-06 11:18:02 - [MESSAGE][PASSED] - Object: 'Object Repository/Page_SKT ERP  ERP/Tab Production/Perpindahan WIP/Assign' is clicked on

2022-07-06 11:18:02 - [TEST_STEP][PASSED] - click(findTestObject("Page_SKT ERP  ERP/Tab Production/Perpindahan WIP/Submit")): Object: 'Object Repository/Page_SKT ERP  ERP/Tab Production/Perpindahan WIP/Submit' is clicked on

2022-07-06 11:18:03 - [MESSAGE][PASSED] - Object: 'Object Repository/Page_SKT ERP  ERP/Tab Production/Perpindahan WIP/Submit' is clicked on

2022-07-06 11:18:03 - [TEST_STEP][PASSED] - click(findTestObject("Page_SKT ERP  ERP/Tab Production/Perpindahan WIP/button_Yes (Submit)")): Object: 'Object Repository/Page_SKT ERP  ERP/Tab Production/Perpindahan WIP/button_Yes (Submit)' is clicked on

2022-07-06 11:18:03 - [MESSAGE][PASSED] - Object: 'Object Repository/Page_SKT ERP  ERP/Tab Production/Perpindahan WIP/button_Yes (Submit)' is clicked on

2022-07-06 11:18:03 - [TEST_STEP][PASSED] - closeBrowser(): Browser is closed

2022-07-06 11:18:04 - [MESSAGE][PASSED] - Browser is closed]]></system-out>
         <system-err><![CDATA[]]></system-err>
      </testcase>
      <testcase name="Test Cases/SKT ERP/STB Hasil Produksi/2 - STB Hasil Produksi Box Partisi" time="85.709" classname="Test Cases/SKT ERP/STB Hasil Produksi/2 - STB Hasil Produksi Box Partisi" status="PASSED">
         <system-out><![CDATA[2022-07-06 11:18:04 - [TEST_CASE][PASSED] - Test Cases/SKT ERP/STB Hasil Produksi/2 - STB Hasil Produksi Box Partisi: Test Cases/SKT ERP/STB Hasil Produksi/2 - STB Hasil Produksi Box Partisi

2022-07-06 11:18:04 - [TEST_STEP][PASSED] - openBrowser(""): Browser is opened with url: ''

2022-07-06 11:18:04 - [MESSAGE][INFO] - Starting 'Chrome' driver

2022-07-06 11:18:04 - [MESSAGE][INFO] - Action delay is set to 0 milliseconds

2022-07-06 11:18:06 - [MESSAGE][PASSED] - Browser is opened with url: ''

2022-07-06 11:18:06 - [TEST_STEP][PASSED] - navigateToUrl("http://localhost:3001/login"): Navigate to 'http://localhost:3001/login' successfully

2022-07-06 11:18:07 - [MESSAGE][PASSED] - Navigate to 'http://localhost:3001/login' successfully

2022-07-06 11:18:07 - [TEST_STEP][PASSED] - setText(findTestObject("Object Repository/Page_SKT ERP  ERP/Login/input_login_username"), "devshelly"): Text 'devshelly' is set on object 'Object Repository/Page_SKT ERP  ERP/Login/input_login_username'

2022-07-06 11:18:08 - [MESSAGE][PASSED] - Text 'devshelly' is set on object 'Object Repository/Page_SKT ERP  ERP/Login/input_login_username'

2022-07-06 11:18:08 - [TEST_STEP][PASSED] - setEncryptedText(findTestObject("Object Repository/Page_SKT ERP  ERP/Login/input_login_password"), "bD8Rq1FIAurX2vfab/lFTQ=="): Text ****** has been set on object 'Object Repository/Page_SKT ERP  ERP/Login/input_login_password'

2022-07-06 11:18:09 - [MESSAGE][PASSED] - Text ****** has been set on object 'Object Repository/Page_SKT ERP  ERP/Login/input_login_password'

2022-07-06 11:18:09 - [TEST_STEP][PASSED] - click(findTestObject("Page_SKT ERP  ERP/Login/button_login")): Object: 'Object Repository/Page_SKT ERP  ERP/Login/button_login' is clicked on

2022-07-06 11:18:09 - [MESSAGE][PASSED] - Object: 'Object Repository/Page_SKT ERP  ERP/Login/button_login' is clicked on

2022-07-06 11:18:09 - [TEST_STEP][PASSED] - maximizeWindow(): Current window maximized

2022-07-06 11:18:10 - [MESSAGE][PASSED] - Current window maximized

2022-07-06 11:18:10 - [TEST_STEP][PASSED] - click(findTestObject("Page_SKT ERP  ERP/Tab Warehouse/Tab Warehouse")): Object: 'Object Repository/Page_SKT ERP  ERP/Tab Warehouse/Tab Warehouse' is clicked on

2022-07-06 11:18:12 - [MESSAGE][PASSED] - Object: 'Object Repository/Page_SKT ERP  ERP/Tab Warehouse/Tab Warehouse' is clicked on

2022-07-06 11:18:12 - [TEST_STEP][PASSED] - click(findTestObject("Page_SKT ERP  ERP/Tab Warehouse/STB Hasil Produksi/Tab STB Hasil Produksi")): Object: 'Object Repository/Page_SKT ERP  ERP/Tab Warehouse/STB Hasil Produksi/Tab STB Hasil Produksi' is clicked on

2022-07-06 11:18:12 - [MESSAGE][PASSED] - Object: 'Object Repository/Page_SKT ERP  ERP/Tab Warehouse/STB Hasil Produksi/Tab STB Hasil Produksi' is clicked on

2022-07-06 11:18:12 - [TEST_STEP][PASSED] - click(findTestObject("Page_SKT ERP  ERP/Tab Warehouse/STB Hasil Produksi/Add STB Hasil Produksi")): Object: 'Object Repository/Page_SKT ERP  ERP/Tab Warehouse/STB Hasil Produksi/Add STB Hasil Produksi' is clicked on

2022-07-06 11:18:15 - [MESSAGE][PASSED] - Object: 'Object Repository/Page_SKT ERP  ERP/Tab Warehouse/STB Hasil Produksi/Add STB Hasil Produksi' is clicked on

2022-07-06 11:18:15 - [TEST_STEP][PASSED] - click(findTestObject("Page_SKT ERP  ERP/Tab Warehouse/STB Hasil Produksi/Input No SPK Set")): Object: 'Object Repository/Page_SKT ERP  ERP/Tab Warehouse/STB Hasil Produksi/Input No SPK Set' is clicked on

2022-07-06 11:18:16 - [MESSAGE][PASSED] - Object: 'Object Repository/Page_SKT ERP  ERP/Tab Warehouse/STB Hasil Produksi/Input No SPK Set' is clicked on

2022-07-06 11:18:16 - [TEST_STEP][PASSED] - noSPKSet = noSPKSetBoxPartisi: null

2022-07-06 11:18:16 - [TEST_STEP][PASSED] - jumlahDiterimaBox = qtySalesOrderBoxPartisi: null

2022-07-06 11:18:16 - [TEST_STEP][PASSED] - qtySTBHasilBox = jumlahDiterimaBox: null

2022-07-06 11:18:16 - [TEST_STEP][PASSED] - jumlahDiterimaPartisi1 = "200": null

2022-07-06 11:18:16 - [TEST_STEP][PASSED] - qtySTBHasilPartisi1 = jumlahDiterimaPartisi1: null

2022-07-06 11:18:16 - [TEST_STEP][PASSED] - jumlahDiterimaPartisi2 = "300": null

2022-07-06 11:18:16 - [TEST_STEP][PASSED] - qtySTBHasilPartisi2 = jumlahDiterimaPartisi2: null

2022-07-06 11:18:16 - [TEST_STEP][PASSED] - setText(findTestObject("Page_SKT ERP  ERP/Tab Warehouse/STB Hasil Produksi/Input No SPK Set"), noSPKSet): Text '22013628' is set on object 'Object Repository/Page_SKT ERP  ERP/Tab Warehouse/STB Hasil Produksi/Input No SPK Set'

2022-07-06 11:18:17 - [MESSAGE][PASSED] - Text '22013628' is set on object 'Object Repository/Page_SKT ERP  ERP/Tab Warehouse/STB Hasil Produksi/Input No SPK Set'

2022-07-06 11:18:17 - [TEST_STEP][PASSED] - click(findTestObject("Page_SKT ERP  ERP/Tab Warehouse/STB Hasil Produksi/button_Next")): Object: 'Object Repository/Page_SKT ERP  ERP/Tab Warehouse/STB Hasil Produksi/button_Next' is clicked on

2022-07-06 11:18:18 - [MESSAGE][PASSED] - Object: 'Object Repository/Page_SKT ERP  ERP/Tab Warehouse/STB Hasil Produksi/button_Next' is clicked on

2022-07-06 11:18:18 - [TEST_STEP][PASSED] - delay(2): Delayed 2 second(s)

2022-07-06 11:18:20 - [MESSAGE][PASSED] - Delayed 2 second(s)

2022-07-06 11:18:20 - [TEST_STEP][PASSED] - click(findTestObject("Page_SKT ERP  ERP/Tab Warehouse/STB Hasil Produksi/NO SPK (per Item)")): Object: 'Object Repository/Page_SKT ERP  ERP/Tab Warehouse/STB Hasil Produksi/NO SPK (per Item)' is clicked on

2022-07-06 11:18:20 - [MESSAGE][PASSED] - Object: 'Object Repository/Page_SKT ERP  ERP/Tab Warehouse/STB Hasil Produksi/NO SPK (per Item)' is clicked on

2022-07-06 11:18:20 - [TEST_STEP][PASSED] - delay(2): Delayed 2 second(s)

2022-07-06 11:18:22 - [MESSAGE][PASSED] - Delayed 2 second(s)

2022-07-06 11:18:22 - [TEST_STEP][PASSED] - click(findTestObject("Page_SKT ERP  ERP/Tab Production/Perpindahan WIP/SPK per Item list/Option - BOX - BOX USG 250CC (K0173)")): Object: 'Object Repository/Page_SKT ERP  ERP/Tab Production/Perpindahan WIP/SPK per Item list/Option - BOX - BOX USG 250CC (K0173)' is clicked on

2022-07-06 11:18:23 - [MESSAGE][PASSED] - Object: 'Object Repository/Page_SKT ERP  ERP/Tab Production/Perpindahan WIP/SPK per Item list/Option - BOX - BOX USG 250CC (K0173)' is clicked on

2022-07-06 11:18:23 - [TEST_STEP][PASSED] - setText(findTestObject("Page_SKT ERP  ERP/Tab Warehouse/STB Hasil Produksi/Jumlah Diterima"), jumlahDiterimaBox): Text '100' is set on object 'Object Repository/Page_SKT ERP  ERP/Tab Warehouse/STB Hasil Produksi/Jumlah Diterima'

2022-07-06 11:18:24 - [MESSAGE][PASSED] - Text '100' is set on object 'Object Repository/Page_SKT ERP  ERP/Tab Warehouse/STB Hasil Produksi/Jumlah Diterima'

2022-07-06 11:18:24 - [TEST_STEP][PASSED] - click(findTestObject("Page_SKT ERP  ERP/Tab Warehouse/STB Hasil Produksi/Lot Tujuan")): Object: 'Object Repository/Page_SKT ERP  ERP/Tab Warehouse/STB Hasil Produksi/Lot Tujuan' is clicked on

2022-07-06 11:18:24 - [MESSAGE][PASSED] - Object: 'Object Repository/Page_SKT ERP  ERP/Tab Warehouse/STB Hasil Produksi/Lot Tujuan' is clicked on

2022-07-06 11:18:24 - [TEST_STEP][PASSED] - click(findTestObject("Page_SKT ERP  ERP/Tab Warehouse/STB Hasil Produksi/Lot Tujuan List/FG 1")): Object: 'Object Repository/Page_SKT ERP  ERP/Tab Warehouse/STB Hasil Produksi/Lot Tujuan List/FG 1' is clicked on

2022-07-06 11:18:25 - [MESSAGE][PASSED] - Object: 'Object Repository/Page_SKT ERP  ERP/Tab Warehouse/STB Hasil Produksi/Lot Tujuan List/FG 1' is clicked on

2022-07-06 11:18:25 - [TEST_STEP][PASSED] - click(findTestObject("Page_SKT ERP  ERP/Tab Warehouse/STB Hasil Produksi/Penerima")): Object: 'Object Repository/Page_SKT ERP  ERP/Tab Warehouse/STB Hasil Produksi/Penerima' is clicked on

2022-07-06 11:18:25 - [MESSAGE][PASSED] - Object: 'Object Repository/Page_SKT ERP  ERP/Tab Warehouse/STB Hasil Produksi/Penerima' is clicked on

2022-07-06 11:18:25 - [TEST_STEP][PASSED] - setText(findTestObject("Page_SKT ERP  ERP/Tab Warehouse/STB Hasil Produksi/Penerima"), "alex"): Text 'alex' is set on object 'Object Repository/Page_SKT ERP  ERP/Tab Warehouse/STB Hasil Produksi/Penerima'

2022-07-06 11:18:26 - [MESSAGE][PASSED] - Text 'alex' is set on object 'Object Repository/Page_SKT ERP  ERP/Tab Warehouse/STB Hasil Produksi/Penerima'

2022-07-06 11:18:26 - [TEST_STEP][PASSED] - click(findTestObject("Page_SKT ERP  ERP/Constant/Sales/157 - Alex Kristiyanto")): Object: 'Object Repository/Page_SKT ERP  ERP/Constant/Sales/157 - Alex Kristiyanto' is clicked on

2022-07-06 11:18:27 - [MESSAGE][PASSED] - Object: 'Object Repository/Page_SKT ERP  ERP/Constant/Sales/157 - Alex Kristiyanto' is clicked on

2022-07-06 11:18:27 - [TEST_STEP][PASSED] - setText(findTestObject("Page_SKT ERP  ERP/Tab Warehouse/STB Hasil Produksi/Penyerah"), "sujadi"): Text 'sujadi' is set on object 'Object Repository/Page_SKT ERP  ERP/Tab Warehouse/STB Hasil Produksi/Penyerah'

2022-07-06 11:18:28 - [MESSAGE][PASSED] - Text 'sujadi' is set on object 'Object Repository/Page_SKT ERP  ERP/Tab Warehouse/STB Hasil Produksi/Penyerah'

2022-07-06 11:18:28 - [TEST_STEP][PASSED] - click(findTestObject("Page_SKT ERP  ERP/Constant/Sales/303 - Sujadi")): Object: 'Object Repository/Page_SKT ERP  ERP/Constant/Sales/303 - Sujadi' is clicked on

2022-07-06 11:18:29 - [MESSAGE][PASSED] - Object: 'Object Repository/Page_SKT ERP  ERP/Constant/Sales/303 - Sujadi' is clicked on

2022-07-06 11:18:29 - [TEST_STEP][PASSED] - click(findTestObject("Page_SKT ERP  ERP/Tab Warehouse/STB Hasil Produksi/button_Save")): Object: 'Object Repository/Page_SKT ERP  ERP/Tab Warehouse/STB Hasil Produksi/button_Save' is clicked on

2022-07-06 11:18:30 - [MESSAGE][PASSED] - Object: 'Object Repository/Page_SKT ERP  ERP/Tab Warehouse/STB Hasil Produksi/button_Save' is clicked on

2022-07-06 11:18:30 - [TEST_STEP][PASSED] - click(findTestObject("Page_SKT ERP  ERP/Tab Warehouse/STB Hasil Produksi/button_Yes (Save)")): Object: 'Object Repository/Page_SKT ERP  ERP/Tab Warehouse/STB Hasil Produksi/button_Yes (Save)' is clicked on

2022-07-06 11:18:30 - [MESSAGE][PASSED] - Object: 'Object Repository/Page_SKT ERP  ERP/Tab Warehouse/STB Hasil Produksi/button_Yes (Save)' is clicked on

2022-07-06 11:18:30 - [TEST_STEP][PASSED] - click(findTestObject("Page_SKT ERP  ERP/Tab Warehouse/STB Hasil Produksi/Add STB Hasil Produksi")): Object: 'Object Repository/Page_SKT ERP  ERP/Tab Warehouse/STB Hasil Produksi/Add STB Hasil Produksi' is clicked on

2022-07-06 11:18:43 - [MESSAGE][PASSED] - Object: 'Object Repository/Page_SKT ERP  ERP/Tab Warehouse/STB Hasil Produksi/Add STB Hasil Produksi' is clicked on

2022-07-06 11:18:43 - [TEST_STEP][PASSED] - click(findTestObject("Page_SKT ERP  ERP/Tab Warehouse/STB Hasil Produksi/Input No SPK Set")): Object: 'Object Repository/Page_SKT ERP  ERP/Tab Warehouse/STB Hasil Produksi/Input No SPK Set' is clicked on

2022-07-06 11:18:44 - [MESSAGE][PASSED] - Object: 'Object Repository/Page_SKT ERP  ERP/Tab Warehouse/STB Hasil Produksi/Input No SPK Set' is clicked on

2022-07-06 11:18:44 - [TEST_STEP][PASSED] - setText(findTestObject("Page_SKT ERP  ERP/Tab Warehouse/STB Hasil Produksi/Input No SPK Set"), noSPKSet): Text '22013628' is set on object 'Object Repository/Page_SKT ERP  ERP/Tab Warehouse/STB Hasil Produksi/Input No SPK Set'

2022-07-06 11:18:45 - [MESSAGE][PASSED] - Text '22013628' is set on object 'Object Repository/Page_SKT ERP  ERP/Tab Warehouse/STB Hasil Produksi/Input No SPK Set'

2022-07-06 11:18:45 - [TEST_STEP][PASSED] - click(findTestObject("Page_SKT ERP  ERP/Tab Warehouse/STB Hasil Produksi/button_Next")): Object: 'Object Repository/Page_SKT ERP  ERP/Tab Warehouse/STB Hasil Produksi/button_Next' is clicked on

2022-07-06 11:18:46 - [MESSAGE][PASSED] - Object: 'Object Repository/Page_SKT ERP  ERP/Tab Warehouse/STB Hasil Produksi/button_Next' is clicked on

2022-07-06 11:18:46 - [TEST_STEP][PASSED] - delay(2): Delayed 2 second(s)

2022-07-06 11:18:48 - [MESSAGE][PASSED] - Delayed 2 second(s)

2022-07-06 11:18:48 - [TEST_STEP][PASSED] - click(findTestObject("Page_SKT ERP  ERP/Tab Warehouse/STB Hasil Produksi/NO SPK (per Item)")): Object: 'Object Repository/Page_SKT ERP  ERP/Tab Warehouse/STB Hasil Produksi/NO SPK (per Item)' is clicked on

2022-07-06 11:18:48 - [MESSAGE][PASSED] - Object: 'Object Repository/Page_SKT ERP  ERP/Tab Warehouse/STB Hasil Produksi/NO SPK (per Item)' is clicked on

2022-07-06 11:18:48 - [TEST_STEP][PASSED] - delay(2): Delayed 2 second(s)

2022-07-06 11:18:50 - [MESSAGE][PASSED] - Delayed 2 second(s)

2022-07-06 11:18:50 - [TEST_STEP][PASSED] - click(findTestObject("Page_SKT ERP  ERP/Tab Production/Perpindahan WIP/SPK per Item list/Option - PARTISI - BOX USG 250CC (K0173)")): Object: 'Object Repository/Page_SKT ERP  ERP/Tab Production/Perpindahan WIP/SPK per Item list/Option - PARTISI - BOX USG 250CC (K0173)' is clicked on

2022-07-06 11:18:51 - [MESSAGE][PASSED] - Object: 'Object Repository/Page_SKT ERP  ERP/Tab Production/Perpindahan WIP/SPK per Item list/Option - PARTISI - BOX USG 250CC (K0173)' is clicked on

2022-07-06 11:18:51 - [TEST_STEP][PASSED] - setText(findTestObject("Page_SKT ERP  ERP/Tab Warehouse/STB Hasil Produksi/Jumlah Diterima"), jumlahDiterimaPartisi1): Text '200' is set on object 'Object Repository/Page_SKT ERP  ERP/Tab Warehouse/STB Hasil Produksi/Jumlah Diterima'

2022-07-06 11:18:52 - [MESSAGE][PASSED] - Text '200' is set on object 'Object Repository/Page_SKT ERP  ERP/Tab Warehouse/STB Hasil Produksi/Jumlah Diterima'

2022-07-06 11:18:52 - [TEST_STEP][PASSED] - click(findTestObject("Page_SKT ERP  ERP/Tab Warehouse/STB Hasil Produksi/Lot Tujuan")): Object: 'Object Repository/Page_SKT ERP  ERP/Tab Warehouse/STB Hasil Produksi/Lot Tujuan' is clicked on

2022-07-06 11:18:52 - [MESSAGE][PASSED] - Object: 'Object Repository/Page_SKT ERP  ERP/Tab Warehouse/STB Hasil Produksi/Lot Tujuan' is clicked on

2022-07-06 11:18:52 - [TEST_STEP][PASSED] - click(findTestObject("Page_SKT ERP  ERP/Tab Warehouse/STB Hasil Produksi/Lot Tujuan List/FG 1")): Object: 'Object Repository/Page_SKT ERP  ERP/Tab Warehouse/STB Hasil Produksi/Lot Tujuan List/FG 1' is clicked on

2022-07-06 11:18:53 - [MESSAGE][PASSED] - Object: 'Object Repository/Page_SKT ERP  ERP/Tab Warehouse/STB Hasil Produksi/Lot Tujuan List/FG 1' is clicked on

2022-07-06 11:18:53 - [TEST_STEP][PASSED] - click(findTestObject("Page_SKT ERP  ERP/Tab Warehouse/STB Hasil Produksi/Penerima")): Object: 'Object Repository/Page_SKT ERP  ERP/Tab Warehouse/STB Hasil Produksi/Penerima' is clicked on

2022-07-06 11:18:54 - [MESSAGE][PASSED] - Object: 'Object Repository/Page_SKT ERP  ERP/Tab Warehouse/STB Hasil Produksi/Penerima' is clicked on

2022-07-06 11:18:54 - [TEST_STEP][PASSED] - setText(findTestObject("Page_SKT ERP  ERP/Tab Warehouse/STB Hasil Produksi/Penerima"), "alex"): Text 'alex' is set on object 'Object Repository/Page_SKT ERP  ERP/Tab Warehouse/STB Hasil Produksi/Penerima'

2022-07-06 11:18:54 - [MESSAGE][PASSED] - Text 'alex' is set on object 'Object Repository/Page_SKT ERP  ERP/Tab Warehouse/STB Hasil Produksi/Penerima'

2022-07-06 11:18:54 - [TEST_STEP][PASSED] - click(findTestObject("Page_SKT ERP  ERP/Constant/Sales/157 - Alex Kristiyanto")): Object: 'Object Repository/Page_SKT ERP  ERP/Constant/Sales/157 - Alex Kristiyanto' is clicked on

2022-07-06 11:18:55 - [MESSAGE][PASSED] - Object: 'Object Repository/Page_SKT ERP  ERP/Constant/Sales/157 - Alex Kristiyanto' is clicked on

2022-07-06 11:18:55 - [TEST_STEP][PASSED] - setText(findTestObject("Page_SKT ERP  ERP/Tab Warehouse/STB Hasil Produksi/Penyerah"), "sujadi"): Text 'sujadi' is set on object 'Object Repository/Page_SKT ERP  ERP/Tab Warehouse/STB Hasil Produksi/Penyerah'

2022-07-06 11:18:57 - [MESSAGE][PASSED] - Text 'sujadi' is set on object 'Object Repository/Page_SKT ERP  ERP/Tab Warehouse/STB Hasil Produksi/Penyerah'

2022-07-06 11:18:57 - [TEST_STEP][PASSED] - click(findTestObject("Page_SKT ERP  ERP/Constant/Sales/303 - Sujadi")): Object: 'Object Repository/Page_SKT ERP  ERP/Constant/Sales/303 - Sujadi' is clicked on

2022-07-06 11:18:58 - [MESSAGE][PASSED] - Object: 'Object Repository/Page_SKT ERP  ERP/Constant/Sales/303 - Sujadi' is clicked on

2022-07-06 11:18:58 - [TEST_STEP][PASSED] - click(findTestObject("Page_SKT ERP  ERP/Tab Warehouse/STB Hasil Produksi/button_Save")): Object: 'Object Repository/Page_SKT ERP  ERP/Tab Warehouse/STB Hasil Produksi/button_Save' is clicked on

2022-07-06 11:18:58 - [MESSAGE][PASSED] - Object: 'Object Repository/Page_SKT ERP  ERP/Tab Warehouse/STB Hasil Produksi/button_Save' is clicked on

2022-07-06 11:18:58 - [TEST_STEP][PASSED] - click(findTestObject("Page_SKT ERP  ERP/Tab Warehouse/STB Hasil Produksi/button_Yes (Save)")): Object: 'Object Repository/Page_SKT ERP  ERP/Tab Warehouse/STB Hasil Produksi/button_Yes (Save)' is clicked on

2022-07-06 11:18:59 - [MESSAGE][PASSED] - Object: 'Object Repository/Page_SKT ERP  ERP/Tab Warehouse/STB Hasil Produksi/button_Yes (Save)' is clicked on

2022-07-06 11:18:59 - [TEST_STEP][PASSED] - click(findTestObject("Page_SKT ERP  ERP/Tab Warehouse/STB Hasil Produksi/Add STB Hasil Produksi")): Object: 'Object Repository/Page_SKT ERP  ERP/Tab Warehouse/STB Hasil Produksi/Add STB Hasil Produksi' is clicked on

2022-07-06 11:19:02 - [MESSAGE][PASSED] - Object: 'Object Repository/Page_SKT ERP  ERP/Tab Warehouse/STB Hasil Produksi/Add STB Hasil Produksi' is clicked on

2022-07-06 11:19:02 - [TEST_STEP][PASSED] - click(findTestObject("Page_SKT ERP  ERP/Tab Warehouse/STB Hasil Produksi/Input No SPK Set")): Object: 'Object Repository/Page_SKT ERP  ERP/Tab Warehouse/STB Hasil Produksi/Input No SPK Set' is clicked on

2022-07-06 11:19:03 - [MESSAGE][PASSED] - Object: 'Object Repository/Page_SKT ERP  ERP/Tab Warehouse/STB Hasil Produksi/Input No SPK Set' is clicked on

2022-07-06 11:19:03 - [TEST_STEP][PASSED] - setText(findTestObject("Page_SKT ERP  ERP/Tab Warehouse/STB Hasil Produksi/Input No SPK Set"), noSPKSet): Text '22013628' is set on object 'Object Repository/Page_SKT ERP  ERP/Tab Warehouse/STB Hasil Produksi/Input No SPK Set'

2022-07-06 11:19:04 - [MESSAGE][PASSED] - Text '22013628' is set on object 'Object Repository/Page_SKT ERP  ERP/Tab Warehouse/STB Hasil Produksi/Input No SPK Set'

2022-07-06 11:19:04 - [TEST_STEP][PASSED] - click(findTestObject("Page_SKT ERP  ERP/Tab Warehouse/STB Hasil Produksi/button_Next")): Object: 'Object Repository/Page_SKT ERP  ERP/Tab Warehouse/STB Hasil Produksi/button_Next' is clicked on

2022-07-06 11:19:04 - [MESSAGE][PASSED] - Object: 'Object Repository/Page_SKT ERP  ERP/Tab Warehouse/STB Hasil Produksi/button_Next' is clicked on

2022-07-06 11:19:04 - [TEST_STEP][PASSED] - delay(2): Delayed 2 second(s)

2022-07-06 11:19:06 - [MESSAGE][PASSED] - Delayed 2 second(s)

2022-07-06 11:19:06 - [TEST_STEP][PASSED] - click(findTestObject("Page_SKT ERP  ERP/Tab Warehouse/STB Hasil Produksi/NO SPK (per Item)")): Object: 'Object Repository/Page_SKT ERP  ERP/Tab Warehouse/STB Hasil Produksi/NO SPK (per Item)' is clicked on

2022-07-06 11:19:07 - [MESSAGE][PASSED] - Object: 'Object Repository/Page_SKT ERP  ERP/Tab Warehouse/STB Hasil Produksi/NO SPK (per Item)' is clicked on

2022-07-06 11:19:07 - [TEST_STEP][PASSED] - delay(2): Delayed 2 second(s)

2022-07-06 11:19:09 - [MESSAGE][PASSED] - Delayed 2 second(s)

2022-07-06 11:19:09 - [TEST_STEP][PASSED] - click(findTestObject("Page_SKT ERP  ERP/Tab Production/Perpindahan WIP/SPK per Item list/Option - PARTISI - BOX USG 250CC (K0173)")): Object: 'Object Repository/Page_SKT ERP  ERP/Tab Production/Perpindahan WIP/SPK per Item list/Option - PARTISI - BOX USG 250CC (K0173)' is clicked on

2022-07-06 11:19:10 - [MESSAGE][PASSED] - Object: 'Object Repository/Page_SKT ERP  ERP/Tab Production/Perpindahan WIP/SPK per Item list/Option - PARTISI - BOX USG 250CC (K0173)' is clicked on

2022-07-06 11:19:10 - [TEST_STEP][PASSED] - click(findTestObject("Page_SKT ERP  ERP/Tab Warehouse/STB Hasil Produksi/Pilih Finished Good")): Object: 'Object Repository/Page_SKT ERP  ERP/Tab Warehouse/STB Hasil Produksi/Pilih Finished Good' is clicked on

2022-07-06 11:19:10 - [MESSAGE][PASSED] - Object: 'Object Repository/Page_SKT ERP  ERP/Tab Warehouse/STB Hasil Produksi/Pilih Finished Good' is clicked on

2022-07-06 11:19:10 - [TEST_STEP][PASSED] - click(findTestObject("Page_SKT ERP  ERP/Tab Warehouse/STB Hasil Produksi/Finished Good list/PARTISI - BOX USG 250CC (K0173) - 2")): Object: 'Object Repository/Page_SKT ERP  ERP/Tab Warehouse/STB Hasil Produksi/Finished Good list/PARTISI - BOX USG 250CC (K0173) - 2' is clicked on

2022-07-06 11:19:11 - [MESSAGE][PASSED] - Object: 'Object Repository/Page_SKT ERP  ERP/Tab Warehouse/STB Hasil Produksi/Finished Good list/PARTISI - BOX USG 250CC (K0173) - 2' is clicked on

2022-07-06 11:19:11 - [TEST_STEP][PASSED] - setText(findTestObject("Page_SKT ERP  ERP/Tab Warehouse/STB Hasil Produksi/Jumlah Diterima"), jumlahDiterimaPartisi2): Text '300' is set on object 'Object Repository/Page_SKT ERP  ERP/Tab Warehouse/STB Hasil Produksi/Jumlah Diterima'

2022-07-06 11:19:12 - [MESSAGE][PASSED] - Text '300' is set on object 'Object Repository/Page_SKT ERP  ERP/Tab Warehouse/STB Hasil Produksi/Jumlah Diterima'

2022-07-06 11:19:12 - [TEST_STEP][PASSED] - click(findTestObject("Page_SKT ERP  ERP/Tab Warehouse/STB Hasil Produksi/Lot Tujuan")): Object: 'Object Repository/Page_SKT ERP  ERP/Tab Warehouse/STB Hasil Produksi/Lot Tujuan' is clicked on

2022-07-06 11:19:12 - [MESSAGE][PASSED] - Object: 'Object Repository/Page_SKT ERP  ERP/Tab Warehouse/STB Hasil Produksi/Lot Tujuan' is clicked on

2022-07-06 11:19:12 - [TEST_STEP][PASSED] - click(findTestObject("Page_SKT ERP  ERP/Tab Warehouse/STB Hasil Produksi/Lot Tujuan List/FG 1")): Object: 'Object Repository/Page_SKT ERP  ERP/Tab Warehouse/STB Hasil Produksi/Lot Tujuan List/FG 1' is clicked on

2022-07-06 11:19:13 - [MESSAGE][PASSED] - Object: 'Object Repository/Page_SKT ERP  ERP/Tab Warehouse/STB Hasil Produksi/Lot Tujuan List/FG 1' is clicked on

2022-07-06 11:19:13 - [TEST_STEP][PASSED] - click(findTestObject("Page_SKT ERP  ERP/Tab Warehouse/STB Hasil Produksi/Penerima")): Object: 'Object Repository/Page_SKT ERP  ERP/Tab Warehouse/STB Hasil Produksi/Penerima' is clicked on

2022-07-06 11:19:13 - [MESSAGE][PASSED] - Object: 'Object Repository/Page_SKT ERP  ERP/Tab Warehouse/STB Hasil Produksi/Penerima' is clicked on

2022-07-06 11:19:13 - [TEST_STEP][PASSED] - setText(findTestObject("Page_SKT ERP  ERP/Tab Warehouse/STB Hasil Produksi/Penerima"), "alex"): Text 'alex' is set on object 'Object Repository/Page_SKT ERP  ERP/Tab Warehouse/STB Hasil Produksi/Penerima'

2022-07-06 11:19:14 - [MESSAGE][PASSED] - Text 'alex' is set on object 'Object Repository/Page_SKT ERP  ERP/Tab Warehouse/STB Hasil Produksi/Penerima'

2022-07-06 11:19:14 - [TEST_STEP][PASSED] - click(findTestObject("Page_SKT ERP  ERP/Constant/Sales/157 - Alex Kristiyanto")): Object: 'Object Repository/Page_SKT ERP  ERP/Constant/Sales/157 - Alex Kristiyanto' is clicked on

2022-07-06 11:19:15 - [MESSAGE][PASSED] - Object: 'Object Repository/Page_SKT ERP  ERP/Constant/Sales/157 - Alex Kristiyanto' is clicked on

2022-07-06 11:19:15 - [TEST_STEP][PASSED] - setText(findTestObject("Page_SKT ERP  ERP/Tab Warehouse/STB Hasil Produksi/Penyerah"), "sujadi"): Text 'sujadi' is set on object 'Object Repository/Page_SKT ERP  ERP/Tab Warehouse/STB Hasil Produksi/Penyerah'

2022-07-06 11:19:16 - [MESSAGE][PASSED] - Text 'sujadi' is set on object 'Object Repository/Page_SKT ERP  ERP/Tab Warehouse/STB Hasil Produksi/Penyerah'

2022-07-06 11:19:16 - [TEST_STEP][PASSED] - click(findTestObject("Page_SKT ERP  ERP/Constant/Sales/303 - Sujadi")): Object: 'Object Repository/Page_SKT ERP  ERP/Constant/Sales/303 - Sujadi' is clicked on

2022-07-06 11:19:17 - [MESSAGE][PASSED] - Object: 'Object Repository/Page_SKT ERP  ERP/Constant/Sales/303 - Sujadi' is clicked on

2022-07-06 11:19:17 - [TEST_STEP][PASSED] - click(findTestObject("Page_SKT ERP  ERP/Tab Warehouse/STB Hasil Produksi/button_Save")): Object: 'Object Repository/Page_SKT ERP  ERP/Tab Warehouse/STB Hasil Produksi/button_Save' is clicked on

2022-07-06 11:19:18 - [MESSAGE][PASSED] - Object: 'Object Repository/Page_SKT ERP  ERP/Tab Warehouse/STB Hasil Produksi/button_Save' is clicked on

2022-07-06 11:19:18 - [TEST_STEP][PASSED] - click(findTestObject("Page_SKT ERP  ERP/Tab Warehouse/STB Hasil Produksi/button_Yes (Save)")): Object: 'Object Repository/Page_SKT ERP  ERP/Tab Warehouse/STB Hasil Produksi/button_Yes (Save)' is clicked on

2022-07-06 11:19:18 - [MESSAGE][PASSED] - Object: 'Object Repository/Page_SKT ERP  ERP/Tab Warehouse/STB Hasil Produksi/button_Yes (Save)' is clicked on

2022-07-06 11:19:18 - [TEST_STEP][PASSED] - click(findTestObject("Page_SKT ERP  ERP/Tab Warehouse/Tab Warehouse")): Object: 'Object Repository/Page_SKT ERP  ERP/Tab Warehouse/Tab Warehouse' is clicked on

2022-07-06 11:19:21 - [MESSAGE][PASSED] - Object: 'Object Repository/Page_SKT ERP  ERP/Tab Warehouse/Tab Warehouse' is clicked on

2022-07-06 11:19:21 - [TEST_STEP][PASSED] - click(findTestObject("Page_SKT ERP  ERP/Tab Warehouse/Tab Stock Balance/Tab Stock Balance")): Object: 'Object Repository/Page_SKT ERP  ERP/Tab Warehouse/Tab Stock Balance/Tab Stock Balance' is clicked on

2022-07-06 11:19:22 - [MESSAGE][PASSED] - Object: 'Object Repository/Page_SKT ERP  ERP/Tab Warehouse/Tab Stock Balance/Tab Stock Balance' is clicked on

2022-07-06 11:19:22 - [TEST_STEP][PASSED] - click(findTestObject("Page_SKT ERP  ERP/Tab Warehouse/Tab Stock Balance/Tab Finished Good")): Object: 'Object Repository/Page_SKT ERP  ERP/Tab Warehouse/Tab Stock Balance/Tab Finished Good' is clicked on

2022-07-06 11:19:23 - [MESSAGE][PASSED] - Object: 'Object Repository/Page_SKT ERP  ERP/Tab Warehouse/Tab Stock Balance/Tab Finished Good' is clicked on

2022-07-06 11:19:23 - [TEST_STEP][PASSED] - click(findTestObject("Page_SKT ERP  ERP/Tab Warehouse/Tab Stock Balance/Filters")): Object: 'Object Repository/Page_SKT ERP  ERP/Tab Warehouse/Tab Stock Balance/Filters' is clicked on

2022-07-06 11:19:24 - [MESSAGE][PASSED] - Object: 'Object Repository/Page_SKT ERP  ERP/Tab Warehouse/Tab Stock Balance/Filters' is clicked on

2022-07-06 11:19:24 - [TEST_STEP][PASSED] - click(findTestObject("Page_SKT ERP  ERP/Tab Warehouse/Tab Stock Balance/Filters by SKU")): Object: 'Object Repository/Page_SKT ERP  ERP/Tab Warehouse/Tab Stock Balance/Filters by SKU' is clicked on

2022-07-06 11:19:24 - [MESSAGE][PASSED] - Object: 'Object Repository/Page_SKT ERP  ERP/Tab Warehouse/Tab Stock Balance/Filters by SKU' is clicked on

2022-07-06 11:19:24 - [TEST_STEP][PASSED] - setText(findTestObject("Page_SKT ERP  ERP/Tab Warehouse/Tab Stock Balance/Filters by SKU"), noSPKSet): Text '22013628' is set on object 'Object Repository/Page_SKT ERP  ERP/Tab Warehouse/Tab Stock Balance/Filters by SKU'

2022-07-06 11:19:25 - [MESSAGE][PASSED] - Text '22013628' is set on object 'Object Repository/Page_SKT ERP  ERP/Tab Warehouse/Tab Stock Balance/Filters by SKU'

2022-07-06 11:19:25 - [TEST_STEP][PASSED] - click(findTestObject("Page_SKT ERP  ERP/Tab Warehouse/Tab Stock Balance/Filters By Lot")): Object: 'Object Repository/Page_SKT ERP  ERP/Tab Warehouse/Tab Stock Balance/Filters By Lot' is clicked on

2022-07-06 11:19:26 - [MESSAGE][PASSED] - Object: 'Object Repository/Page_SKT ERP  ERP/Tab Warehouse/Tab Stock Balance/Filters By Lot' is clicked on

2022-07-06 11:19:26 - [TEST_STEP][PASSED] - click(findTestObject("Page_SKT ERP  ERP/Tab Warehouse/Tab Stock Balance/Filters by Lot (FG 1)")): Object: 'Object Repository/Page_SKT ERP  ERP/Tab Warehouse/Tab Stock Balance/Filters by Lot (FG 1)' is clicked on

2022-07-06 11:19:26 - [MESSAGE][PASSED] - Object: 'Object Repository/Page_SKT ERP  ERP/Tab Warehouse/Tab Stock Balance/Filters by Lot (FG 1)' is clicked on

2022-07-06 11:19:26 - [TEST_STEP][PASSED] - click(findTestObject("Page_SKT ERP  ERP/Tab Warehouse/Tab Stock Balance/button_Search")): Object: 'Object Repository/Page_SKT ERP  ERP/Tab Warehouse/Tab Stock Balance/button_Search' is clicked on

2022-07-06 11:19:27 - [MESSAGE][PASSED] - Object: 'Object Repository/Page_SKT ERP  ERP/Tab Warehouse/Tab Stock Balance/button_Search' is clicked on

2022-07-06 11:19:27 - [TEST_STEP][PASSED] - scrollToElement(findTestObject("Page_SKT ERP  ERP/Tab Warehouse/Tab Stock Balance/button_Search"), 30): Scroll to object 'Object Repository/Page_SKT ERP  ERP/Tab Warehouse/Tab Stock Balance/button_Search' successfully

2022-07-06 11:19:28 - [MESSAGE][PASSED] - Scroll to object 'Object Repository/Page_SKT ERP  ERP/Tab Warehouse/Tab Stock Balance/button_Search' successfully

2022-07-06 11:19:28 - [TEST_STEP][PASSED] - Expected_BalanceBox = jumlahDiterimaBox: null

2022-07-06 11:19:28 - [TEST_STEP][PASSED] - Expected_BalancePartisi1 = jumlahDiterimaPartisi1: null

2022-07-06 11:19:28 - [TEST_STEP][PASSED] - Expected_BalancePartisi2 = jumlahDiterimaPartisi2: null

2022-07-06 11:19:28 - [TEST_STEP][PASSED] - Actual_BalanceBox = getText(findTestObject("Page_SKT ERP  ERP/Tab Warehouse/Tab Stock Balance/Stock Balance Pair 0")): Text of object 'Object Repository/Page_SKT ERP  ERP/Tab Warehouse/Tab Stock Balance/Stock Balance Pair 0' is: '100'

2022-07-06 11:19:28 - [MESSAGE][PASSED] - Text of object 'Object Repository/Page_SKT ERP  ERP/Tab Warehouse/Tab Stock Balance/Stock Balance Pair 0' is: '100'

2022-07-06 11:19:28 - [TEST_STEP][PASSED] - comment(Actual_BalanceBox): 100

2022-07-06 11:19:28 - [MESSAGE][INFO] - 100

2022-07-06 11:19:28 - [TEST_STEP][PASSED] - verifyMatch(Actual_BalanceBox, Expected_BalanceBox, false): Actual text '100' and expected text '100' are matched 

2022-07-06 11:19:28 - [MESSAGE][PASSED] - Actual text '100' and expected text '100' are matched 

2022-07-06 11:19:28 - [TEST_STEP][PASSED] - Actual_BalancePartisi1 = getText(findTestObject("Page_SKT ERP  ERP/Tab Warehouse/Tab Stock Balance/Stock Balance Pair 1")): Text of object 'Object Repository/Page_SKT ERP  ERP/Tab Warehouse/Tab Stock Balance/Stock Balance Pair 1' is: '200'

2022-07-06 11:19:29 - [MESSAGE][PASSED] - Text of object 'Object Repository/Page_SKT ERP  ERP/Tab Warehouse/Tab Stock Balance/Stock Balance Pair 1' is: '200'

2022-07-06 11:19:29 - [TEST_STEP][PASSED] - comment(Actual_BalancePartisi1): 200

2022-07-06 11:19:29 - [MESSAGE][INFO] - 200

2022-07-06 11:19:29 - [TEST_STEP][PASSED] - verifyMatch(Actual_BalancePartisi1, Expected_BalancePartisi1, false): Actual text '200' and expected text '200' are matched 

2022-07-06 11:19:29 - [MESSAGE][PASSED] - Actual text '200' and expected text '200' are matched 

2022-07-06 11:19:29 - [TEST_STEP][PASSED] - Actual_BalancePartisi2 = getText(findTestObject("Page_SKT ERP  ERP/Tab Warehouse/Tab Stock Balance/Stock Balance Pair 2")): Text of object 'Object Repository/Page_SKT ERP  ERP/Tab Warehouse/Tab Stock Balance/Stock Balance Pair 2' is: '300'

2022-07-06 11:19:29 - [MESSAGE][PASSED] - Text of object 'Object Repository/Page_SKT ERP  ERP/Tab Warehouse/Tab Stock Balance/Stock Balance Pair 2' is: '300'

2022-07-06 11:19:29 - [TEST_STEP][PASSED] - comment(Actual_BalancePartisi2): 300

2022-07-06 11:19:29 - [MESSAGE][INFO] - 300

2022-07-06 11:19:29 - [TEST_STEP][PASSED] - verifyMatch(Actual_BalancePartisi2, Expected_BalancePartisi2, false): Actual text '300' and expected text '300' are matched 

2022-07-06 11:19:29 - [MESSAGE][PASSED] - Actual text '300' and expected text '300' are matched 

2022-07-06 11:19:29 - [TEST_STEP][PASSED] - closeBrowser(): Browser is closed

2022-07-06 11:19:30 - [MESSAGE][PASSED] - Browser is closed]]></system-out>
         <system-err><![CDATA[]]></system-err>
      </testcase>
      <testcase name="Test Cases/SKT ERP/Surat Jalan Delivery Order/2 - 3A_Create Surat Jalan Normal (Box Partisi) - STB Full" time="65.71" classname="Test Cases/SKT ERP/Surat Jalan Delivery Order/2 - 3A_Create Surat Jalan Normal (Box Partisi) - STB Full" status="ERROR">
         <error type="ERROR" message="Test Cases/SKT ERP/Surat Jalan Delivery Order/2 - 3A_Create Surat Jalan Normal (Box Partisi) - STB Full FAILED.
Reason:
groovy.lang.MissingMethodException: No signature of method: static com.kms.katalon.core.testobject.ObjectRepository.findTestObject() is applicable for argument types: (org.openqa.selenium.By$ByXPath) values: [By.xpath: /html/body/div[1]/div/main/section/div/div[2]/form/div[4]/div[1]/div/div/div/div/div[1]/div[2]/table/tbody]
Possible solutions: findTestObject(java.lang.String), findTestObject(java.lang.String, java.util.Map)
	at 2 - 3A_Create Surat Jalan Normal (Box Partisi) - STB Full.run(2 - 3A_Create Surat Jalan Normal (Box Partisi) - STB Full:278)
	at com.kms.katalon.core.main.ScriptEngine.run(ScriptEngine.java:194)
	at com.kms.katalon.core.main.ScriptEngine.runScriptAsRawText(ScriptEngine.java:119)
	at com.kms.katalon.core.main.TestCaseExecutor.runScript(TestCaseExecutor.java:445)
	at com.kms.katalon.core.main.TestCaseExecutor.doExecute(TestCaseExecutor.java:436)
	at com.kms.katalon.core.main.TestCaseExecutor.processExecutionPhase(TestCaseExecutor.java:415)
	at com.kms.katalon.core.main.TestCaseExecutor.accessMainPhase(TestCaseExecutor.java:407)
	at com.kms.katalon.core.main.TestCaseExecutor.execute(TestCaseExecutor.java:284)
	at com.kms.katalon.core.common.CommonExecutor.accessTestCaseMainPhase(CommonExecutor.java:65)
	at com.kms.katalon.core.main.TestSuiteExecutor.accessTestSuiteMainPhase(TestSuiteExecutor.java:144)
	at com.kms.katalon.core.main.TestSuiteExecutor.execute(TestSuiteExecutor.java:106)
	at com.kms.katalon.core.main.TestCaseMain.startTestSuite(TestCaseMain.java:185)
	at com.kms.katalon.core.main.TestCaseMain$startTestSuite$0.call(Unknown Source)
	at TempTestSuite1657080848602.run(TempTestSuite1657080848602.groovy:36)
"/>
         <system-out><![CDATA[2022-07-06 11:19:30 - [TEST_CASE][ERROR] - Test Cases/SKT ERP/Surat Jalan Delivery Order/2 - 3A_Create Surat Jalan Normal (Box Partisi) - STB Full: Test Cases/SKT ERP/Surat Jalan Delivery Order/2 - 3A_Create Surat Jalan Normal (Box Partisi) - STB Full FAILED.
Reason:
groovy.lang.MissingMethodException: No signature of method: static com.kms.katalon.core.testobject.ObjectRepository.findTestObject() is applicable for argument types: (org.openqa.selenium.By$ByXPath) values: [By.xpath: /html/body/div[1]/div/main/section/div/div[2]/form/div[4]/div[1]/div/div/div/div/div[1]/div[2]/table/tbody]
Possible solutions: findTestObject(java.lang.String), findTestObject(java.lang.String, java.util.Map)
	at 2 - 3A_Create Surat Jalan Normal (Box Partisi) - STB Full.run(2 - 3A_Create Surat Jalan Normal (Box Partisi) - STB Full:278)
	at com.kms.katalon.core.main.ScriptEngine.run(ScriptEngine.java:194)
	at com.kms.katalon.core.main.ScriptEngine.runScriptAsRawText(ScriptEngine.java:119)
	at com.kms.katalon.core.main.TestCaseExecutor.runScript(TestCaseExecutor.java:445)
	at com.kms.katalon.core.main.TestCaseExecutor.doExecute(TestCaseExecutor.java:436)
	at com.kms.katalon.core.main.TestCaseExecutor.processExecutionPhase(TestCaseExecutor.java:415)
	at com.kms.katalon.core.main.TestCaseExecutor.accessMainPhase(TestCaseExecutor.java:407)
	at com.kms.katalon.core.main.TestCaseExecutor.execute(TestCaseExecutor.java:284)
	at com.kms.katalon.core.common.CommonExecutor.accessTestCaseMainPhase(CommonExecutor.java:65)
	at com.kms.katalon.core.main.TestSuiteExecutor.accessTestSuiteMainPhase(TestSuiteExecutor.java:144)
	at com.kms.katalon.core.main.TestSuiteExecutor.execute(TestSuiteExecutor.java:106)
	at com.kms.katalon.core.main.TestCaseMain.startTestSuite(TestCaseMain.java:185)
	at com.kms.katalon.core.main.TestCaseMain$startTestSuite$0.call(Unknown Source)
	at TempTestSuite1657080848602.run(TempTestSuite1657080848602.groovy:36)


2022-07-06 11:19:30 - [TEST_STEP][PASSED] - openBrowser(""): Browser is opened with url: ''

2022-07-06 11:19:30 - [MESSAGE][INFO] - Starting 'Chrome' driver

2022-07-06 11:19:30 - [MESSAGE][INFO] - Action delay is set to 0 milliseconds

2022-07-06 11:19:32 - [MESSAGE][PASSED] - Browser is opened with url: ''

2022-07-06 11:19:32 - [TEST_STEP][PASSED] - navigateToUrl("http://localhost:3001/login"): Navigate to 'http://localhost:3001/login' successfully

2022-07-06 11:19:33 - [MESSAGE][PASSED] - Navigate to 'http://localhost:3001/login' successfully

2022-07-06 11:19:33 - [TEST_STEP][PASSED] - setText(findTestObject("Object Repository/Page_SKT ERP  ERP/Login/input_login_username"), "devshelly"): Text 'devshelly' is set on object 'Object Repository/Page_SKT ERP  ERP/Login/input_login_username'

2022-07-06 11:19:34 - [MESSAGE][PASSED] - Text 'devshelly' is set on object 'Object Repository/Page_SKT ERP  ERP/Login/input_login_username'

2022-07-06 11:19:34 - [TEST_STEP][PASSED] - setEncryptedText(findTestObject("Object Repository/Page_SKT ERP  ERP/Login/input_login_password"), "bD8Rq1FIAurX2vfab/lFTQ=="): Text ****** has been set on object 'Object Repository/Page_SKT ERP  ERP/Login/input_login_password'

2022-07-06 11:19:35 - [MESSAGE][PASSED] - Text ****** has been set on object 'Object Repository/Page_SKT ERP  ERP/Login/input_login_password'

2022-07-06 11:19:35 - [TEST_STEP][PASSED] - maximizeWindow(): Current window maximized

2022-07-06 11:19:35 - [MESSAGE][PASSED] - Current window maximized

2022-07-06 11:19:35 - [TEST_STEP][PASSED] - click(findTestObject("Object Repository/Page_SKT ERP  ERP/Login/button_login")): Object: 'Object Repository/Page_SKT ERP  ERP/Login/button_login' is clicked on

2022-07-06 11:19:35 - [MESSAGE][PASSED] - Object: 'Object Repository/Page_SKT ERP  ERP/Login/button_login' is clicked on

2022-07-06 11:19:35 - [TEST_STEP][PASSED] - click(findTestObject("Page_SKT ERP  ERP/Tab Freight/Tab Freight")): Object: 'Object Repository/Page_SKT ERP  ERP/Tab Freight/Tab Freight' is clicked on

2022-07-06 11:19:37 - [MESSAGE][PASSED] - Object: 'Object Repository/Page_SKT ERP  ERP/Tab Freight/Tab Freight' is clicked on

2022-07-06 11:19:37 - [TEST_STEP][PASSED] - click(findTestObject("Page_SKT ERP  ERP/Tab Freight/Tab Surat Jalan Delivery Order/Tab Surat Jalan Delivery Order")): Object: 'Object Repository/Page_SKT ERP  ERP/Tab Freight/Tab Surat Jalan Delivery Order/Tab Surat Jalan Delivery Order' is clicked on

2022-07-06 11:19:38 - [MESSAGE][PASSED] - Object: 'Object Repository/Page_SKT ERP  ERP/Tab Freight/Tab Surat Jalan Delivery Order/Tab Surat Jalan Delivery Order' is clicked on

2022-07-06 11:19:38 - [TEST_STEP][PASSED] - click(findTestObject("Page_SKT ERP  ERP/Tab Freight/Tab Surat Jalan Delivery Order/Add Surat Jalan")): Object: 'Object Repository/Page_SKT ERP  ERP/Tab Freight/Tab Surat Jalan Delivery Order/Add Surat Jalan' is clicked on

2022-07-06 11:19:41 - [MESSAGE][PASSED] - Object: 'Object Repository/Page_SKT ERP  ERP/Tab Freight/Tab Surat Jalan Delivery Order/Add Surat Jalan' is clicked on

2022-07-06 11:19:41 - [TEST_STEP][PASSED] - click(findTestObject("Page_SKT ERP  ERP/Tab Freight/Tab Surat Jalan Delivery Order/Input Tipe")): Object: 'Object Repository/Page_SKT ERP  ERP/Tab Freight/Tab Surat Jalan Delivery Order/Input Tipe' is clicked on

2022-07-06 11:19:41 - [MESSAGE][PASSED] - Object: 'Object Repository/Page_SKT ERP  ERP/Tab Freight/Tab Surat Jalan Delivery Order/Input Tipe' is clicked on

2022-07-06 11:19:41 - [TEST_STEP][PASSED] - click(findTestObject("Page_SKT ERP  ERP/Tab Freight/Tab Surat Jalan Delivery Order/Tipe Normal")): Object: 'Object Repository/Page_SKT ERP  ERP/Tab Freight/Tab Surat Jalan Delivery Order/Tipe Normal' is clicked on

2022-07-06 11:19:42 - [MESSAGE][PASSED] - Object: 'Object Repository/Page_SKT ERP  ERP/Tab Freight/Tab Surat Jalan Delivery Order/Tipe Normal' is clicked on

2022-07-06 11:19:42 - [TEST_STEP][PASSED] - click(findTestObject("Page_SKT ERP  ERP/Tab Freight/Tab Surat Jalan Delivery Order/Input No SPK Set")): Object: 'Object Repository/Page_SKT ERP  ERP/Tab Freight/Tab Surat Jalan Delivery Order/Input No SPK Set' is clicked on

2022-07-06 11:19:42 - [MESSAGE][PASSED] - Object: 'Object Repository/Page_SKT ERP  ERP/Tab Freight/Tab Surat Jalan Delivery Order/Input No SPK Set' is clicked on

2022-07-06 11:19:42 - [TEST_STEP][PASSED] - noSPKSet = noSPKSetBoxPartisi: null

2022-07-06 11:19:42 - [TEST_STEP][PASSED] - noSalesOrder = noSalesOrderBoxPartisi: null

2022-07-06 11:19:42 - [TEST_STEP][PASSED] - qtySJN = 90: null

2022-07-06 11:19:42 - [TEST_STEP][PASSED] - qtySJ = qtySJN: null

2022-07-06 11:19:42 - [TEST_STEP][PASSED] - qtySJNBoxPartisi = qtySJ: null

2022-07-06 11:19:42 - [TEST_STEP][PASSED] - qtySTBHasilBox = qtySTBHasilBox: null

2022-07-06 11:19:42 - [TEST_STEP][PASSED] - expected_qtySTBHasilBox = Integer.parseInt(qtySTBHasilBox): null

2022-07-06 11:19:42 - [TEST_STEP][PASSED] - qtySTBHasilPartisi1 = qtySTBHasilPartisi1: null

2022-07-06 11:19:42 - [TEST_STEP][PASSED] - expected_qtySTBHasilPartisi1 = Integer.parseInt(qtySTBHasilPartisi1): null

2022-07-06 11:19:42 - [TEST_STEP][PASSED] - qtySTBHasilPartisi2 = qtySTBHasilPartisi2: null

2022-07-06 11:19:42 - [TEST_STEP][PASSED] - expected_qtySTBHasilPartisi2 = Integer.parseInt(qtySTBHasilPartisi2): null

2022-07-06 11:19:42 - [TEST_STEP][PASSED] - expected_BalanceBox = expected_qtySTBHasilBox - qtySJN: null

2022-07-06 11:19:42 - [TEST_STEP][PASSED] - expected_BalancePartisi1 = expected_qtySTBHasilPartisi1 - qtySJN * 2: null

2022-07-06 11:19:42 - [TEST_STEP][PASSED] - expected_BalancePartisi2 = expected_qtySTBHasilPartisi2 - qtySJN * 3: null

2022-07-06 11:19:42 - [TEST_STEP][PASSED] - setText(findTestObject("Page_SKT ERP  ERP/Tab Freight/Tab Surat Jalan Delivery Order/Input No SPK Set"), noSPKSet): Text '22013628' is set on object 'Object Repository/Page_SKT ERP  ERP/Tab Freight/Tab Surat Jalan Delivery Order/Input No SPK Set'

2022-07-06 11:19:44 - [MESSAGE][PASSED] - Text '22013628' is set on object 'Object Repository/Page_SKT ERP  ERP/Tab Freight/Tab Surat Jalan Delivery Order/Input No SPK Set'

2022-07-06 11:19:44 - [TEST_STEP][PASSED] - delay(2): Delayed 2 second(s)

2022-07-06 11:19:46 - [MESSAGE][PASSED] - Delayed 2 second(s)

2022-07-06 11:19:46 - [TEST_STEP][PASSED] - dynamicId = noSPKSet: null

2022-07-06 11:19:46 - [TEST_STEP][PASSED] - xpath = "//li[contains(text(),"" + dynamicId + "")]": null

2022-07-06 11:19:46 - [TEST_STEP][PASSED] - to = new com.kms.katalon.core.testobject.TestObject(Page_SKT ERP  ERP/Tab Freight/Tab Surat Jalan Delivery Order/No SPK Set): null

2022-07-06 11:19:46 - [TEST_STEP][PASSED] - to.addProperty("xpath", EQUALS, xpath): null

2022-07-06 11:19:46 - [TEST_STEP][PASSED] - click(to): Object: 'Page_SKT ERP  ERP/Tab Freight/Tab Surat Jalan Delivery Order/No SPK Set' is clicked on

2022-07-06 11:19:46 - [MESSAGE][PASSED] - Object: 'Page_SKT ERP  ERP/Tab Freight/Tab Surat Jalan Delivery Order/No SPK Set' is clicked on

2022-07-06 11:19:46 - [TEST_STEP][PASSED] - click(findTestObject("Page_SKT ERP  ERP/Tab Freight/Tab Surat Jalan Delivery Order/Angkutan")): Object: 'Object Repository/Page_SKT ERP  ERP/Tab Freight/Tab Surat Jalan Delivery Order/Angkutan' is clicked on

2022-07-06 11:19:47 - [MESSAGE][PASSED] - Object: 'Object Repository/Page_SKT ERP  ERP/Tab Freight/Tab Surat Jalan Delivery Order/Angkutan' is clicked on

2022-07-06 11:19:47 - [TEST_STEP][PASSED] - click(findTestObject("Page_SKT ERP  ERP/Constant/Angkutan/Fuso - Irvan - B 9595 EE")): Object: 'Object Repository/Page_SKT ERP  ERP/Constant/Angkutan/Fuso - Irvan - B 9595 EE' is clicked on

2022-07-06 11:19:48 - [MESSAGE][PASSED] - Object: 'Object Repository/Page_SKT ERP  ERP/Constant/Angkutan/Fuso - Irvan - B 9595 EE' is clicked on

2022-07-06 11:19:48 - [TEST_STEP][PASSED] - click(findTestObject("Page_SKT ERP  ERP/Tab Freight/Tab Surat Jalan Delivery Order/Sales Order Line 1")): Object: 'Object Repository/Page_SKT ERP  ERP/Tab Freight/Tab Surat Jalan Delivery Order/Sales Order Line 1' is clicked on

2022-07-06 11:19:49 - [MESSAGE][PASSED] - Object: 'Object Repository/Page_SKT ERP  ERP/Tab Freight/Tab Surat Jalan Delivery Order/Sales Order Line 1' is clicked on

2022-07-06 11:19:49 - [TEST_STEP][PASSED] - click(findTestObject("Page_SKT ERP  ERP/Tab Freight/Tab Surat Jalan Delivery Order/Add Sales Order Line")): Object: 'Object Repository/Page_SKT ERP  ERP/Tab Freight/Tab Surat Jalan Delivery Order/Add Sales Order Line' is clicked on

2022-07-06 11:19:49 - [MESSAGE][PASSED] - Object: 'Object Repository/Page_SKT ERP  ERP/Tab Freight/Tab Surat Jalan Delivery Order/Add Sales Order Line' is clicked on

2022-07-06 11:19:49 - [TEST_STEP][PASSED] - click(findTestObject("Page_SKT ERP  ERP/Tab Freight/Tab Surat Jalan Delivery Order/Quantity")): Object: 'Object Repository/Page_SKT ERP  ERP/Tab Freight/Tab Surat Jalan Delivery Order/Quantity' is clicked on

2022-07-06 11:19:50 - [MESSAGE][PASSED] - Object: 'Object Repository/Page_SKT ERP  ERP/Tab Freight/Tab Surat Jalan Delivery Order/Quantity' is clicked on

2022-07-06 11:19:50 - [TEST_STEP][PASSED] - sendKeys(findTestObject("Page_SKT ERP  ERP/Tab Freight/Tab Surat Jalan Delivery Order/Quantity"), Keys.chord(CONTROL, "a")): Keys 'CONTROL + a' sent to object: 'Object Repository/Page_SKT ERP  ERP/Tab Freight/Tab Surat Jalan Delivery Order/Quantity'

2022-07-06 11:19:50 - [MESSAGE][PASSED] - Keys 'CONTROL + a' sent to object: 'Object Repository/Page_SKT ERP  ERP/Tab Freight/Tab Surat Jalan Delivery Order/Quantity'

2022-07-06 11:19:50 - [TEST_STEP][PASSED] - sendKeys(findTestObject("Page_SKT ERP  ERP/Tab Freight/Tab Surat Jalan Delivery Order/Quantity"), Keys.chord(BACK_SPACE)): Keys 'BACK_SPACE + ' sent to object: 'Object Repository/Page_SKT ERP  ERP/Tab Freight/Tab Surat Jalan Delivery Order/Quantity'

2022-07-06 11:19:51 - [MESSAGE][PASSED] - Keys 'BACK_SPACE + ' sent to object: 'Object Repository/Page_SKT ERP  ERP/Tab Freight/Tab Surat Jalan Delivery Order/Quantity'

2022-07-06 11:19:51 - [TEST_STEP][PASSED] - setText(findTestObject("Page_SKT ERP  ERP/Tab Freight/Tab Surat Jalan Delivery Order/Quantity"), qtySJ): Text '90' is set on object 'Object Repository/Page_SKT ERP  ERP/Tab Freight/Tab Surat Jalan Delivery Order/Quantity'

2022-07-06 11:19:52 - [MESSAGE][PASSED] - Text '90' is set on object 'Object Repository/Page_SKT ERP  ERP/Tab Freight/Tab Surat Jalan Delivery Order/Quantity'

2022-07-06 11:19:52 - [TEST_STEP][PASSED] - click(findTestObject("Page_SKT ERP  ERP/Tab Freight/Tab Surat Jalan Delivery Order/Save (Edit Jumlah Pengiriman)")): Object: 'Object Repository/Page_SKT ERP  ERP/Tab Freight/Tab Surat Jalan Delivery Order/Save (Edit Jumlah Pengiriman)' is clicked on

2022-07-06 11:19:53 - [MESSAGE][PASSED] - Object: 'Object Repository/Page_SKT ERP  ERP/Tab Freight/Tab Surat Jalan Delivery Order/Save (Edit Jumlah Pengiriman)' is clicked on

2022-07-06 11:19:53 - [TEST_STEP][PASSED] - click(findTestObject("Page_SKT ERP  ERP/Tab Freight/Tab Surat Jalan Delivery Order/Pilih Stock Balance 1")): Object: 'Object Repository/Page_SKT ERP  ERP/Tab Freight/Tab Surat Jalan Delivery Order/Pilih Stock Balance 1' is clicked on

2022-07-06 11:19:53 - [MESSAGE][PASSED] - Object: 'Object Repository/Page_SKT ERP  ERP/Tab Freight/Tab Surat Jalan Delivery Order/Pilih Stock Balance 1' is clicked on

2022-07-06 11:19:53 - [TEST_STEP][PASSED] - click(findTestObject("Page_SKT ERP  ERP/Tab Freight/Tab Surat Jalan Delivery Order/Save (Pilih Stock Balance)")): Object: 'Object Repository/Page_SKT ERP  ERP/Tab Freight/Tab Surat Jalan Delivery Order/Save (Pilih Stock Balance)' is clicked on

2022-07-06 11:19:54 - [MESSAGE][PASSED] - Object: 'Object Repository/Page_SKT ERP  ERP/Tab Freight/Tab Surat Jalan Delivery Order/Save (Pilih Stock Balance)' is clicked on

2022-07-06 11:19:54 - [TEST_STEP][PASSED] - theoriticalWeight = getAttribute(findTestObject("Page_SKT ERP  ERP/Tab Freight/Tab Surat Jalan Delivery Order/Theoritical Weight"), "value"): Attribute 'value' of object 'Object Repository/Page_SKT ERP  ERP/Tab Freight/Tab Surat Jalan Delivery Order/Theoritical Weight' is: '11.98'

2022-07-06 11:19:55 - [MESSAGE][PASSED] - Attribute 'value' of object 'Object Repository/Page_SKT ERP  ERP/Tab Freight/Tab Surat Jalan Delivery Order/Theoritical Weight' is: '11.98'

2022-07-06 11:19:55 - [TEST_STEP][PASSED] - comment(theoriticalWeight): 11.98

2022-07-06 11:19:55 - [MESSAGE][INFO] - 11.98

2022-07-06 11:19:55 - [TEST_STEP][PASSED] - actual_theoriticalWeight = Float.parseFloat(theoriticalWeight): null

2022-07-06 11:19:55 - [TEST_STEP][PASSED] - click(findTestObject("Page_SKT ERP  ERP/Tab Freight/Tab Surat Jalan Delivery Order/Actual Weight")): Object: 'Object Repository/Page_SKT ERP  ERP/Tab Freight/Tab Surat Jalan Delivery Order/Actual Weight' is clicked on

2022-07-06 11:19:55 - [MESSAGE][PASSED] - Object: 'Object Repository/Page_SKT ERP  ERP/Tab Freight/Tab Surat Jalan Delivery Order/Actual Weight' is clicked on

2022-07-06 11:19:55 - [TEST_STEP][PASSED] - setText(findTestObject("Page_SKT ERP  ERP/Tab Freight/Tab Surat Jalan Delivery Order/Actual Weight"), theoriticalWeight): Text '11.98' is set on object 'Object Repository/Page_SKT ERP  ERP/Tab Freight/Tab Surat Jalan Delivery Order/Actual Weight'

2022-07-06 11:19:56 - [MESSAGE][PASSED] - Text '11.98' is set on object 'Object Repository/Page_SKT ERP  ERP/Tab Freight/Tab Surat Jalan Delivery Order/Actual Weight'

2022-07-06 11:19:56 - [TEST_STEP][PASSED] - click(findTestObject("Page_SKT ERP  ERP/Tab Freight/Tab Surat Jalan Delivery Order/Save (Edit Berat Teoritis)")): Object: 'Object Repository/Page_SKT ERP  ERP/Tab Freight/Tab Surat Jalan Delivery Order/Save (Edit Berat Teoritis)' is clicked on

2022-07-06 11:19:57 - [MESSAGE][PASSED] - Object: 'Object Repository/Page_SKT ERP  ERP/Tab Freight/Tab Surat Jalan Delivery Order/Save (Edit Berat Teoritis)' is clicked on

2022-07-06 11:19:57 - [TEST_STEP][PASSED] - click(findTestObject("Page_SKT ERP  ERP/Tab Freight/Tab Surat Jalan Delivery Order/Sales Order Line 2")): Object: 'Object Repository/Page_SKT ERP  ERP/Tab Freight/Tab Surat Jalan Delivery Order/Sales Order Line 2' is clicked on

2022-07-06 11:19:58 - [MESSAGE][PASSED] - Object: 'Object Repository/Page_SKT ERP  ERP/Tab Freight/Tab Surat Jalan Delivery Order/Sales Order Line 2' is clicked on

2022-07-06 11:19:58 - [TEST_STEP][PASSED] - click(findTestObject("Page_SKT ERP  ERP/Tab Freight/Tab Surat Jalan Delivery Order/Add Sales Order Line")): Object: 'Object Repository/Page_SKT ERP  ERP/Tab Freight/Tab Surat Jalan Delivery Order/Add Sales Order Line' is clicked on

2022-07-06 11:19:58 - [MESSAGE][PASSED] - Object: 'Object Repository/Page_SKT ERP  ERP/Tab Freight/Tab Surat Jalan Delivery Order/Add Sales Order Line' is clicked on

2022-07-06 11:19:58 - [TEST_STEP][PASSED] - click(findTestObject("Page_SKT ERP  ERP/Tab Freight/Tab Surat Jalan Delivery Order/Quantity")): Object: 'Object Repository/Page_SKT ERP  ERP/Tab Freight/Tab Surat Jalan Delivery Order/Quantity' is clicked on

2022-07-06 11:20:01 - [MESSAGE][PASSED] - Object: 'Object Repository/Page_SKT ERP  ERP/Tab Freight/Tab Surat Jalan Delivery Order/Quantity' is clicked on

2022-07-06 11:20:01 - [TEST_STEP][PASSED] - sendKeys(findTestObject("Page_SKT ERP  ERP/Tab Freight/Tab Surat Jalan Delivery Order/Quantity"), Keys.chord(CONTROL, "a")): Keys 'CONTROL + a' sent to object: 'Object Repository/Page_SKT ERP  ERP/Tab Freight/Tab Surat Jalan Delivery Order/Quantity'

2022-07-06 11:20:02 - [MESSAGE][PASSED] - Keys 'CONTROL + a' sent to object: 'Object Repository/Page_SKT ERP  ERP/Tab Freight/Tab Surat Jalan Delivery Order/Quantity'

2022-07-06 11:20:02 - [TEST_STEP][PASSED] - sendKeys(findTestObject("Page_SKT ERP  ERP/Tab Freight/Tab Surat Jalan Delivery Order/Quantity"), Keys.chord(BACK_SPACE)): Keys 'BACK_SPACE + ' sent to object: 'Object Repository/Page_SKT ERP  ERP/Tab Freight/Tab Surat Jalan Delivery Order/Quantity'

2022-07-06 11:20:02 - [MESSAGE][PASSED] - Keys 'BACK_SPACE + ' sent to object: 'Object Repository/Page_SKT ERP  ERP/Tab Freight/Tab Surat Jalan Delivery Order/Quantity'

2022-07-06 11:20:02 - [TEST_STEP][PASSED] - setText(findTestObject("Page_SKT ERP  ERP/Tab Freight/Tab Surat Jalan Delivery Order/Quantity"), qtySJ): Text '90' is set on object 'Object Repository/Page_SKT ERP  ERP/Tab Freight/Tab Surat Jalan Delivery Order/Quantity'

2022-07-06 11:20:03 - [MESSAGE][PASSED] - Text '90' is set on object 'Object Repository/Page_SKT ERP  ERP/Tab Freight/Tab Surat Jalan Delivery Order/Quantity'

2022-07-06 11:20:03 - [TEST_STEP][PASSED] - click(findTestObject("Page_SKT ERP  ERP/Tab Freight/Tab Surat Jalan Delivery Order/Save (Edit Jumlah Pengiriman)")): Object: 'Object Repository/Page_SKT ERP  ERP/Tab Freight/Tab Surat Jalan Delivery Order/Save (Edit Jumlah Pengiriman)' is clicked on

2022-07-06 11:20:04 - [MESSAGE][PASSED] - Object: 'Object Repository/Page_SKT ERP  ERP/Tab Freight/Tab Surat Jalan Delivery Order/Save (Edit Jumlah Pengiriman)' is clicked on

2022-07-06 11:20:04 - [TEST_STEP][PASSED] - click(findTestObject("Page_SKT ERP  ERP/Tab Freight/Tab Surat Jalan Delivery Order/Pilih Stock Balance 1")): Object: 'Object Repository/Page_SKT ERP  ERP/Tab Freight/Tab Surat Jalan Delivery Order/Pilih Stock Balance 1' is clicked on

2022-07-06 11:20:05 - [MESSAGE][PASSED] - Object: 'Object Repository/Page_SKT ERP  ERP/Tab Freight/Tab Surat Jalan Delivery Order/Pilih Stock Balance 1' is clicked on

2022-07-06 11:20:05 - [TEST_STEP][PASSED] - click(findTestObject("Page_SKT ERP  ERP/Tab Freight/Tab Surat Jalan Delivery Order/Save (Pilih Stock Balance)")): Object: 'Object Repository/Page_SKT ERP  ERP/Tab Freight/Tab Surat Jalan Delivery Order/Save (Pilih Stock Balance)' is clicked on

2022-07-06 11:20:05 - [MESSAGE][PASSED] - Object: 'Object Repository/Page_SKT ERP  ERP/Tab Freight/Tab Surat Jalan Delivery Order/Save (Pilih Stock Balance)' is clicked on

2022-07-06 11:20:05 - [TEST_STEP][PASSED] - click(findTestObject("Page_SKT ERP  ERP/Tab Freight/Tab Surat Jalan Delivery Order/Pilih Stock Balance 2")): Object: 'Object Repository/Page_SKT ERP  ERP/Tab Freight/Tab Surat Jalan Delivery Order/Pilih Stock Balance 2' is clicked on

2022-07-06 11:20:06 - [MESSAGE][PASSED] - Object: 'Object Repository/Page_SKT ERP  ERP/Tab Freight/Tab Surat Jalan Delivery Order/Pilih Stock Balance 2' is clicked on

2022-07-06 11:20:06 - [TEST_STEP][PASSED] - click(findTestObject("Page_SKT ERP  ERP/Tab Freight/Tab Surat Jalan Delivery Order/Save (Pilih Stock Balance)")): Object: 'Object Repository/Page_SKT ERP  ERP/Tab Freight/Tab Surat Jalan Delivery Order/Save (Pilih Stock Balance)' is clicked on

2022-07-06 11:20:07 - [MESSAGE][PASSED] - Object: 'Object Repository/Page_SKT ERP  ERP/Tab Freight/Tab Surat Jalan Delivery Order/Save (Pilih Stock Balance)' is clicked on

2022-07-06 11:20:07 - [TEST_STEP][PASSED] - theoriticalWeight2 = getAttribute(findTestObject("Page_SKT ERP  ERP/Tab Freight/Tab Surat Jalan Delivery Order/Theoritical Weight"), "value"): Attribute 'value' of object 'Object Repository/Page_SKT ERP  ERP/Tab Freight/Tab Surat Jalan Delivery Order/Theoritical Weight' is: '4.81'

2022-07-06 11:20:08 - [MESSAGE][PASSED] - Attribute 'value' of object 'Object Repository/Page_SKT ERP  ERP/Tab Freight/Tab Surat Jalan Delivery Order/Theoritical Weight' is: '4.81'

2022-07-06 11:20:08 - [TEST_STEP][PASSED] - comment(theoriticalWeight2): 4.81

2022-07-06 11:20:08 - [MESSAGE][INFO] - 4.81

2022-07-06 11:20:08 - [TEST_STEP][PASSED] - actual_theoriticalWeight2 = Float.parseFloat(theoriticalWeight2): null

2022-07-06 11:20:08 - [TEST_STEP][PASSED] - click(findTestObject("Page_SKT ERP  ERP/Tab Freight/Tab Surat Jalan Delivery Order/Actual Weight")): Object: 'Object Repository/Page_SKT ERP  ERP/Tab Freight/Tab Surat Jalan Delivery Order/Actual Weight' is clicked on

2022-07-06 11:20:08 - [MESSAGE][PASSED] - Object: 'Object Repository/Page_SKT ERP  ERP/Tab Freight/Tab Surat Jalan Delivery Order/Actual Weight' is clicked on

2022-07-06 11:20:08 - [TEST_STEP][PASSED] - setText(findTestObject("Page_SKT ERP  ERP/Tab Freight/Tab Surat Jalan Delivery Order/Actual Weight"), theoriticalWeight2): Text '4.81' is set on object 'Object Repository/Page_SKT ERP  ERP/Tab Freight/Tab Surat Jalan Delivery Order/Actual Weight'

2022-07-06 11:20:09 - [MESSAGE][PASSED] - Text '4.81' is set on object 'Object Repository/Page_SKT ERP  ERP/Tab Freight/Tab Surat Jalan Delivery Order/Actual Weight'

2022-07-06 11:20:09 - [TEST_STEP][PASSED] - click(findTestObject("Page_SKT ERP  ERP/Tab Freight/Tab Surat Jalan Delivery Order/Save (Edit Berat Teoritis)")): Object: 'Object Repository/Page_SKT ERP  ERP/Tab Freight/Tab Surat Jalan Delivery Order/Save (Edit Berat Teoritis)' is clicked on

2022-07-06 11:20:10 - [MESSAGE][PASSED] - Object: 'Object Repository/Page_SKT ERP  ERP/Tab Freight/Tab Surat Jalan Delivery Order/Save (Edit Berat Teoritis)' is clicked on

2022-07-06 11:20:10 - [TEST_STEP][PASSED] - click(findTestObject("Page_SKT ERP  ERP/Tab Freight/Tab Surat Jalan Delivery Order/Next")): Object: 'Object Repository/Page_SKT ERP  ERP/Tab Freight/Tab Surat Jalan Delivery Order/Next' is clicked on

2022-07-06 11:20:10 - [MESSAGE][PASSED] - Object: 'Object Repository/Page_SKT ERP  ERP/Tab Freight/Tab Surat Jalan Delivery Order/Next' is clicked on

2022-07-06 11:20:10 - [TEST_STEP][PASSED] - BeratPerKg = getAttribute(findTestObject("Page_SKT ERP  ERP/Tab Freight/Tab Surat Jalan Delivery Order/Berat per Kg"), "value"): Attribute 'value' of object 'Object Repository/Page_SKT ERP  ERP/Tab Freight/Tab Surat Jalan Delivery Order/Berat per Kg' is: '16.79'

2022-07-06 11:20:11 - [MESSAGE][PASSED] - Attribute 'value' of object 'Object Repository/Page_SKT ERP  ERP/Tab Freight/Tab Surat Jalan Delivery Order/Berat per Kg' is: '16.79'

2022-07-06 11:20:11 - [TEST_STEP][PASSED] - comment(BeratPerKg): 16.79

2022-07-06 11:20:11 - [MESSAGE][INFO] - 16.79

2022-07-06 11:20:11 - [TEST_STEP][PASSED] - actual_beratperkg = Float.parseFloat(BeratPerKg): null

2022-07-06 11:20:11 - [TEST_STEP][PASSED] - TarifPerKg = getAttribute(findTestObject("Page_SKT ERP  ERP/Tab Freight/Tab Surat Jalan Delivery Order/Tarif per Kg"), "value"): Attribute 'value' of object 'Object Repository/Page_SKT ERP  ERP/Tab Freight/Tab Surat Jalan Delivery Order/Tarif per Kg' is: '125'

2022-07-06 11:20:12 - [MESSAGE][PASSED] - Attribute 'value' of object 'Object Repository/Page_SKT ERP  ERP/Tab Freight/Tab Surat Jalan Delivery Order/Tarif per Kg' is: '125'

2022-07-06 11:20:12 - [TEST_STEP][PASSED] - comment(TarifPerKg): 125

2022-07-06 11:20:12 - [MESSAGE][INFO] - 125

2022-07-06 11:20:12 - [TEST_STEP][PASSED] - actual_tarifperkg = Float.parseFloat(TarifPerKg): null

2022-07-06 11:20:12 - [TEST_STEP][PASSED] - Subtotal = getAttribute(findTestObject("Page_SKT ERP  ERP/Tab Freight/Tab Surat Jalan Delivery Order/Subtotal"), "value"): Attribute 'value' of object 'Object Repository/Page_SKT ERP  ERP/Tab Freight/Tab Surat Jalan Delivery Order/Subtotal' is: '2098.75'

2022-07-06 11:20:12 - [MESSAGE][PASSED] - Attribute 'value' of object 'Object Repository/Page_SKT ERP  ERP/Tab Freight/Tab Surat Jalan Delivery Order/Subtotal' is: '2098.75'

2022-07-06 11:20:12 - [TEST_STEP][PASSED] - comment(Subtotal): 2098.75

2022-07-06 11:20:12 - [MESSAGE][INFO] - 2098.75

2022-07-06 11:20:12 - [TEST_STEP][PASSED] - actual_subtotal = Float.parseFloat(Subtotal): null

2022-07-06 11:20:12 - [TEST_STEP][PASSED] - expected_beratperkg = actual_theoriticalWeight + actual_theoriticalWeight2.round(3): null

2022-07-06 11:20:12 - [TEST_STEP][PASSED] - expectedBeratPerKg = expected_beratperkg: null

2022-07-06 11:20:12 - [TEST_STEP][PASSED] - comment(expectedBeratPerKg): 16.79

2022-07-06 11:20:12 - [MESSAGE][INFO] - 16.79

2022-07-06 11:20:12 - [TEST_STEP][PASSED] - expected_subtotal = expected_beratperkg * actual_tarifperkg.round(2): null

2022-07-06 11:20:12 - [TEST_STEP][PASSED] - expectedSubtotal = expected_subtotal: null

2022-07-06 11:20:12 - [TEST_STEP][PASSED] - comment(expectedSubtotal): 2098.75

2022-07-06 11:20:12 - [MESSAGE][INFO] - 2098.75

2022-07-06 11:20:12 - [TEST_STEP][PASSED] - verifyMatch(expectedBeratPerKg, BeratPerKg, false): Actual text '16.79' and expected text '16.79' are matched 

2022-07-06 11:20:12 - [MESSAGE][PASSED] - Actual text '16.79' and expected text '16.79' are matched 

2022-07-06 11:20:12 - [TEST_STEP][PASSED] - verifyMatch(expectedSubtotal, Subtotal, false): Actual text '2098.75' and expected text '2098.75' are matched 

2022-07-06 11:20:12 - [MESSAGE][PASSED] - Actual text '2098.75' and expected text '2098.75' are matched 

2022-07-06 11:20:12 - [TEST_STEP][PASSED] - click(findTestObject("Page_SKT ERP  ERP/Tab Freight/Tab Surat Jalan Delivery Order/Save (Save Surat Jalan)")): Object: 'Object Repository/Page_SKT ERP  ERP/Tab Freight/Tab Surat Jalan Delivery Order/Save (Save Surat Jalan)' is clicked on

2022-07-06 11:20:13 - [MESSAGE][PASSED] - Object: 'Object Repository/Page_SKT ERP  ERP/Tab Freight/Tab Surat Jalan Delivery Order/Save (Save Surat Jalan)' is clicked on

2022-07-06 11:20:13 - [TEST_STEP][PASSED] - delay(3): Delayed 3 second(s)

2022-07-06 11:20:16 - [MESSAGE][PASSED] - Delayed 3 second(s)

2022-07-06 11:20:16 - [TEST_STEP][PASSED] - click(findTestObject("Page_SKT ERP  ERP/Tab Production/Tab Production")): Object: 'Object Repository/Page_SKT ERP  ERP/Tab Production/Tab Production' is clicked on

2022-07-06 11:20:16 - [MESSAGE][PASSED] - Object: 'Object Repository/Page_SKT ERP  ERP/Tab Production/Tab Production' is clicked on

2022-07-06 11:20:16 - [TEST_STEP][PASSED] - click(findTestObject("Page_SKT ERP  ERP/Tab Production/Work Order (SPK)/Tab Work Order (SPK)")): Object: 'Object Repository/Page_SKT ERP  ERP/Tab Production/Work Order (SPK)/Tab Work Order (SPK)' is clicked on

2022-07-06 11:20:17 - [MESSAGE][PASSED] - Object: 'Object Repository/Page_SKT ERP  ERP/Tab Production/Work Order (SPK)/Tab Work Order (SPK)' is clicked on

2022-07-06 11:20:17 - [TEST_STEP][PASSED] - click(findTestObject("Page_SKT ERP  ERP/Tab Production/Work Order (SPK)/button Filters")): Object: 'Object Repository/Page_SKT ERP  ERP/Tab Production/Work Order (SPK)/button Filters' is clicked on

2022-07-06 11:20:24 - [MESSAGE][PASSED] - Object: 'Object Repository/Page_SKT ERP  ERP/Tab Production/Work Order (SPK)/button Filters' is clicked on

2022-07-06 11:20:24 - [TEST_STEP][PASSED] - click(findTestObject("Page_SKT ERP  ERP/Tab Production/Work Order (SPK)/Filters by No SPK Set")): Object: 'Object Repository/Page_SKT ERP  ERP/Tab Production/Work Order (SPK)/Filters by No SPK Set' is clicked on

2022-07-06 11:20:25 - [MESSAGE][PASSED] - Object: 'Object Repository/Page_SKT ERP  ERP/Tab Production/Work Order (SPK)/Filters by No SPK Set' is clicked on

2022-07-06 11:20:25 - [TEST_STEP][PASSED] - setText(findTestObject("Page_SKT ERP  ERP/Tab Production/Work Order (SPK)/Filters by No SPK Set"), noSPKSet): Text '22013628' is set on object 'Object Repository/Page_SKT ERP  ERP/Tab Production/Work Order (SPK)/Filters by No SPK Set'

2022-07-06 11:20:26 - [MESSAGE][PASSED] - Text '22013628' is set on object 'Object Repository/Page_SKT ERP  ERP/Tab Production/Work Order (SPK)/Filters by No SPK Set'

2022-07-06 11:20:26 - [TEST_STEP][PASSED] - click(findTestObject("Page_SKT ERP  ERP/Tab Production/Work Order (SPK)/button Search in Filters")): Object: 'Object Repository/Page_SKT ERP  ERP/Tab Production/Work Order (SPK)/button Search in Filters' is clicked on

2022-07-06 11:20:26 - [MESSAGE][PASSED] - Object: 'Object Repository/Page_SKT ERP  ERP/Tab Production/Work Order (SPK)/button Search in Filters' is clicked on

2022-07-06 11:20:26 - [TEST_STEP][PASSED] - scrollToElement(findTestObject("Page_SKT ERP  ERP/Tab Production/Work Order (SPK)/button Search in Filters"), 30): Scroll to object 'Object Repository/Page_SKT ERP  ERP/Tab Production/Work Order (SPK)/button Search in Filters' successfully

2022-07-06 11:20:27 - [MESSAGE][PASSED] - Scroll to object 'Object Repository/Page_SKT ERP  ERP/Tab Production/Work Order (SPK)/button Search in Filters' successfully

2022-07-06 11:20:27 - [TEST_STEP][PASSED] - driver = getWebDriver(): null

2022-07-06 11:20:27 - [TEST_STEP][PASSED] - Table = driver.findElement(By.xpath("/html/body/div[1]/div/main/section/div/div[2]/div[2]/div[4]/div/div/div/div/div[1]/div[2]/table")): null

2022-07-06 11:20:28 - [TEST_STEP][PASSED] - rows_table = Table.findElements(By.tagName("tr")): null

2022-07-06 11:20:28 - [TEST_STEP][PASSED] - rows_count = rows_table.size(): null

2022-07-06 11:20:28 - [TEST_STEP][PASSED] - actual_status_wo = <not implemented yet for class: org.codehaus.groovy.ast.expr.EmptyExpression>: null

2022-07-06 11:20:28 - [TEST_STEP][PASSED] - statusworkorder = new java.util.ArrayList(): null

2022-07-06 11:20:28 - [TEST_STEP][PASSED] - for ([row = 0, row < rows_count, (row++)]): null

2022-07-06 11:20:28 - [TEST_STEP][PASSED] - Columns_row = get(row).findElements(By.tagName("td")): null

2022-07-06 11:20:28 - [TEST_STEP][PASSED] - column_status = 9: null

2022-07-06 11:20:28 - [TEST_STEP][PASSED] - actual_status_wo = get(column_status).getText(): null

2022-07-06 11:20:28 - [TEST_STEP][PASSED] - comment(actual_status_wo): completed

2022-07-06 11:20:28 - [MESSAGE][INFO] - completed

2022-07-06 11:20:28 - [TEST_STEP][PASSED] - statusworkorder.add(actual_status_wo): null

2022-07-06 11:20:28 - [TEST_STEP][PASSED] - Columns_row = get(row).findElements(By.tagName("td")): null

2022-07-06 11:20:28 - [TEST_STEP][PASSED] - column_status = 9: null

2022-07-06 11:20:28 - [TEST_STEP][PASSED] - actual_status_wo = get(column_status).getText(): null

2022-07-06 11:20:28 - [TEST_STEP][PASSED] - comment(actual_status_wo): completed

2022-07-06 11:20:28 - [MESSAGE][INFO] - completed

2022-07-06 11:20:28 - [TEST_STEP][PASSED] - statusworkorder.add(actual_status_wo): null

2022-07-06 11:20:28 - [TEST_STEP][PASSED] - array_count = statusworkorder.size(): null

2022-07-06 11:20:28 - [TEST_STEP][PASSED] - expected_status_wo = "completed": null

2022-07-06 11:20:28 - [TEST_STEP][PASSED] - for ([arr = 0, arr < array_count, (arr++)]): completed

2022-07-06 11:20:28 - [TEST_STEP][PASSED] - verifyMatch(actual_status_wo, expected_status_wo, false): Actual text 'completed' and expected text 'completed' are matched 

2022-07-06 11:20:28 - [MESSAGE][PASSED] - Actual text 'completed' and expected text 'completed' are matched 

2022-07-06 11:20:28 - [TEST_STEP][PASSED] - comment(actual_status_wo): completed

2022-07-06 11:20:28 - [MESSAGE][INFO] - completed

2022-07-06 11:20:28 - [TEST_STEP][PASSED] - comment(expected_status_wo): completed

2022-07-06 11:20:28 - [MESSAGE][INFO] - completed

2022-07-06 11:20:28 - [TEST_STEP][PASSED] - verifyMatch(actual_status_wo, expected_status_wo, false): Actual text 'completed' and expected text 'completed' are matched 

2022-07-06 11:20:28 - [MESSAGE][PASSED] - Actual text 'completed' and expected text 'completed' are matched 

2022-07-06 11:20:28 - [TEST_STEP][PASSED] - comment(actual_status_wo): completed

2022-07-06 11:20:28 - [MESSAGE][INFO] - completed

2022-07-06 11:20:28 - [TEST_STEP][PASSED] - comment(expected_status_wo): completed

2022-07-06 11:20:28 - [MESSAGE][INFO] - completed

2022-07-06 11:20:28 - [TEST_STEP][PASSED] - click(findTestObject("Object Repository/Page_SKT ERP  ERP/Tab Sales/Tab Sales")): Object: 'Object Repository/Page_SKT ERP  ERP/Tab Sales/Tab Sales' is clicked on

2022-07-06 11:20:29 - [MESSAGE][PASSED] - Object: 'Object Repository/Page_SKT ERP  ERP/Tab Sales/Tab Sales' is clicked on

2022-07-06 11:20:29 - [TEST_STEP][PASSED] - click(findTestObject("Object Repository/Page_SKT ERP  ERP/Tab Sales/Sales Order/Tab Sales Order")): Object: 'Object Repository/Page_SKT ERP  ERP/Tab Sales/Sales Order/Tab Sales Order' is clicked on

2022-07-06 11:20:30 - [MESSAGE][PASSED] - Object: 'Object Repository/Page_SKT ERP  ERP/Tab Sales/Sales Order/Tab Sales Order' is clicked on

2022-07-06 11:20:30 - [TEST_STEP][PASSED] - click(findTestObject("Page_SKT ERP  ERP/Tab Sales/Sales Order/Filters")): Object: 'Object Repository/Page_SKT ERP  ERP/Tab Sales/Sales Order/Filters' is clicked on

2022-07-06 11:20:32 - [MESSAGE][PASSED] - Object: 'Object Repository/Page_SKT ERP  ERP/Tab Sales/Sales Order/Filters' is clicked on

2022-07-06 11:20:32 - [TEST_STEP][PASSED] - click(findTestObject("Page_SKT ERP  ERP/Tab Sales/Sales Order/Filters by No Sales Order")): Object: 'Object Repository/Page_SKT ERP  ERP/Tab Sales/Sales Order/Filters by No Sales Order' is clicked on

2022-07-06 11:20:33 - [MESSAGE][PASSED] - Object: 'Object Repository/Page_SKT ERP  ERP/Tab Sales/Sales Order/Filters by No Sales Order' is clicked on

2022-07-06 11:20:33 - [TEST_STEP][PASSED] - setText(findTestObject("Page_SKT ERP  ERP/Tab Sales/Sales Order/Filters by No Sales Order"), noSalesOrder): Text 'git4box4prts' is set on object 'Object Repository/Page_SKT ERP  ERP/Tab Sales/Sales Order/Filters by No Sales Order'

2022-07-06 11:20:34 - [MESSAGE][PASSED] - Text 'git4box4prts' is set on object 'Object Repository/Page_SKT ERP  ERP/Tab Sales/Sales Order/Filters by No Sales Order'

2022-07-06 11:20:34 - [TEST_STEP][PASSED] - click(findTestObject("Page_SKT ERP  ERP/Tab Sales/Sales Order/button_Search")): Object: 'Object Repository/Page_SKT ERP  ERP/Tab Sales/Sales Order/button_Search' is clicked on

2022-07-06 11:20:34 - [MESSAGE][PASSED] - Object: 'Object Repository/Page_SKT ERP  ERP/Tab Sales/Sales Order/button_Search' is clicked on

2022-07-06 11:20:34 - [TEST_STEP][PASSED] - click(findTestObject("Page_SKT ERP  ERP/Tab Sales/Sales Order/a_View")): Object: 'Object Repository/Page_SKT ERP  ERP/Tab Sales/Sales Order/a_View' is clicked on

2022-07-06 11:20:35 - [MESSAGE][PASSED] - Object: 'Object Repository/Page_SKT ERP  ERP/Tab Sales/Sales Order/a_View' is clicked on

2022-07-06 11:20:35 - [TEST_STEP][ERROR] - scrollToElement(findTestObject(By.xpath("/html/body/div[1]/div/main/section/div/div[2]/form/div[4]/div[1]/div/div/div/div/div[1]/div[2]/table/tbody")), 30): Test Cases/SKT ERP/Surat Jalan Delivery Order/2 - 3A_Create Surat Jalan Normal (Box Partisi) - STB Full FAILED.
Reason:
groovy.lang.MissingMethodException: No signature of method: static com.kms.katalon.core.testobject.ObjectRepository.findTestObject() is applicable for argument types: (org.openqa.selenium.By$ByXPath) values: [By.xpath: /html/body/div[1]/div/main/section/div/div[2]/form/div[4]/div[1]/div/div/div/div/div[1]/div[2]/table/tbody]
Possible solutions: findTestObject(java.lang.String), findTestObject(java.lang.String, java.util.Map)
	at 2 - 3A_Create Surat Jalan Normal (Box Partisi) - STB Full.run(2 - 3A_Create Surat Jalan Normal (Box Partisi) - STB Full:278)
	at com.kms.katalon.core.main.ScriptEngine.run(ScriptEngine.java:194)
	at com.kms.katalon.core.main.ScriptEngine.runScriptAsRawText(ScriptEngine.java:119)
	at com.kms.katalon.core.main.TestCaseExecutor.runScript(TestCaseExecutor.java:445)
	at com.kms.katalon.core.main.TestCaseExecutor.doExecute(TestCaseExecutor.java:436)
	at com.kms.katalon.core.main.TestCaseExecutor.processExecutionPhase(TestCaseExecutor.java:415)
	at com.kms.katalon.core.main.TestCaseExecutor.accessMainPhase(TestCaseExecutor.java:407)
	at com.kms.katalon.core.main.TestCaseExecutor.execute(TestCaseExecutor.java:284)
	at com.kms.katalon.core.common.CommonExecutor.accessTestCaseMainPhase(CommonExecutor.java:65)
	at com.kms.katalon.core.main.TestSuiteExecutor.accessTestSuiteMainPhase(TestSuiteExecutor.java:144)
	at com.kms.katalon.core.main.TestSuiteExecutor.execute(TestSuiteExecutor.java:106)
	at com.kms.katalon.core.main.TestCaseMain.startTestSuite(TestCaseMain.java:185)
	at com.kms.katalon.core.main.TestCaseMain$startTestSuite$0.call(Unknown Source)
	at TempTestSuite1657080848602.run(TempTestSuite1657080848602.groovy:36)


2022-07-06 11:20:35 - [MESSAGE][ERROR] - Test Cases/SKT ERP/Surat Jalan Delivery Order/2 - 3A_Create Surat Jalan Normal (Box Partisi) - STB Full FAILED.
Reason:
groovy.lang.MissingMethodException: No signature of method: static com.kms.katalon.core.testobject.ObjectRepository.findTestObject() is applicable for argument types: (org.openqa.selenium.By$ByXPath) values: [By.xpath: /html/body/div[1]/div/main/section/div/div[2]/form/div[4]/div[1]/div/div/div/div/div[1]/div[2]/table/tbody]
Possible solutions: findTestObject(java.lang.String), findTestObject(java.lang.String, java.util.Map)
	at 2 - 3A_Create Surat Jalan Normal (Box Partisi) - STB Full.run(2 - 3A_Create Surat Jalan Normal (Box Partisi) - STB Full:278)
	at com.kms.katalon.core.main.ScriptEngine.run(ScriptEngine.java:194)
	at com.kms.katalon.core.main.ScriptEngine.runScriptAsRawText(ScriptEngine.java:119)
	at com.kms.katalon.core.main.TestCaseExecutor.runScript(TestCaseExecutor.java:445)
	at com.kms.katalon.core.main.TestCaseExecutor.doExecute(TestCaseExecutor.java:436)
	at com.kms.katalon.core.main.TestCaseExecutor.processExecutionPhase(TestCaseExecutor.java:415)
	at com.kms.katalon.core.main.TestCaseExecutor.accessMainPhase(TestCaseExecutor.java:407)
	at com.kms.katalon.core.main.TestCaseExecutor.execute(TestCaseExecutor.java:284)
	at com.kms.katalon.core.common.CommonExecutor.accessTestCaseMainPhase(CommonExecutor.java:65)
	at com.kms.katalon.core.main.TestSuiteExecutor.accessTestSuiteMainPhase(TestSuiteExecutor.java:144)
	at com.kms.katalon.core.main.TestSuiteExecutor.execute(TestSuiteExecutor.java:106)
	at com.kms.katalon.core.main.TestCaseMain.startTestSuite(TestCaseMain.java:185)
	at com.kms.katalon.core.main.TestCaseMain$startTestSuite$0.call(Unknown Source)
	at TempTestSuite1657080848602.run(TempTestSuite1657080848602.groovy:36)]]></system-out>
         <system-err><![CDATA[2022-07-06 11:19:30 - [TEST_CASE][ERROR] - Test Cases/SKT ERP/Surat Jalan Delivery Order/2 - 3A_Create Surat Jalan Normal (Box Partisi) - STB Full: Test Cases/SKT ERP/Surat Jalan Delivery Order/2 - 3A_Create Surat Jalan Normal (Box Partisi) - STB Full FAILED.
Reason:
groovy.lang.MissingMethodException: No signature of method: static com.kms.katalon.core.testobject.ObjectRepository.findTestObject() is applicable for argument types: (org.openqa.selenium.By$ByXPath) values: [By.xpath: /html/body/div[1]/div/main/section/div/div[2]/form/div[4]/div[1]/div/div/div/div/div[1]/div[2]/table/tbody]
Possible solutions: findTestObject(java.lang.String), findTestObject(java.lang.String, java.util.Map)
	at 2 - 3A_Create Surat Jalan Normal (Box Partisi) - STB Full.run(2 - 3A_Create Surat Jalan Normal (Box Partisi) - STB Full:278)
	at com.kms.katalon.core.main.ScriptEngine.run(ScriptEngine.java:194)
	at com.kms.katalon.core.main.ScriptEngine.runScriptAsRawText(ScriptEngine.java:119)
	at com.kms.katalon.core.main.TestCaseExecutor.runScript(TestCaseExecutor.java:445)
	at com.kms.katalon.core.main.TestCaseExecutor.doExecute(TestCaseExecutor.java:436)
	at com.kms.katalon.core.main.TestCaseExecutor.processExecutionPhase(TestCaseExecutor.java:415)
	at com.kms.katalon.core.main.TestCaseExecutor.accessMainPhase(TestCaseExecutor.java:407)
	at com.kms.katalon.core.main.TestCaseExecutor.execute(TestCaseExecutor.java:284)
	at com.kms.katalon.core.common.CommonExecutor.accessTestCaseMainPhase(CommonExecutor.java:65)
	at com.kms.katalon.core.main.TestSuiteExecutor.accessTestSuiteMainPhase(TestSuiteExecutor.java:144)
	at com.kms.katalon.core.main.TestSuiteExecutor.execute(TestSuiteExecutor.java:106)
	at com.kms.katalon.core.main.TestCaseMain.startTestSuite(TestCaseMain.java:185)
	at com.kms.katalon.core.main.TestCaseMain$startTestSuite$0.call(Unknown Source)
	at TempTestSuite1657080848602.run(TempTestSuite1657080848602.groovy:36)]]></system-err>
      </testcase>
      <testcase name="Test Cases/SKT ERP/Surat Jalan Delivery Order/2 - 3B_Create Surat Jalan Retur Susulan - Box Partisi" time="113.459" classname="Test Cases/SKT ERP/Surat Jalan Delivery Order/2 - 3B_Create Surat Jalan Retur Susulan - Box Partisi" status="PASSED">
         <system-out><![CDATA[2022-07-06 11:20:35 - [TEST_CASE][PASSED] - Test Cases/SKT ERP/Surat Jalan Delivery Order/2 - 3B_Create Surat Jalan Retur Susulan - Box Partisi: Test Cases/SKT ERP/Surat Jalan Delivery Order/2 - 3B_Create Surat Jalan Retur Susulan - Box Partisi

2022-07-06 11:20:36 - [TEST_STEP][PASSED] - openBrowser(""): Browser is opened with url: ''

2022-07-06 11:20:36 - [MESSAGE][WARNING] - A browser is already opened. Closing browser and opening a new one

2022-07-06 11:20:37 - [MESSAGE][INFO] - Starting 'Chrome' driver

2022-07-06 11:20:37 - [MESSAGE][INFO] - Action delay is set to 0 milliseconds

2022-07-06 11:20:38 - [MESSAGE][PASSED] - Browser is opened with url: ''

2022-07-06 11:20:38 - [TEST_STEP][PASSED] - navigateToUrl("http://localhost:3001/login"): Navigate to 'http://localhost:3001/login' successfully

2022-07-06 11:20:40 - [MESSAGE][PASSED] - Navigate to 'http://localhost:3001/login' successfully

2022-07-06 11:20:40 - [TEST_STEP][PASSED] - setText(findTestObject("Object Repository/Page_SKT ERP  ERP/Login/input_login_username"), "devshelly"): Text 'devshelly' is set on object 'Object Repository/Page_SKT ERP  ERP/Login/input_login_username'

2022-07-06 11:20:41 - [MESSAGE][PASSED] - Text 'devshelly' is set on object 'Object Repository/Page_SKT ERP  ERP/Login/input_login_username'

2022-07-06 11:20:41 - [TEST_STEP][PASSED] - setEncryptedText(findTestObject("Object Repository/Page_SKT ERP  ERP/Login/input_login_password"), "bD8Rq1FIAurX2vfab/lFTQ=="): Text ****** has been set on object 'Object Repository/Page_SKT ERP  ERP/Login/input_login_password'

2022-07-06 11:20:41 - [MESSAGE][PASSED] - Text ****** has been set on object 'Object Repository/Page_SKT ERP  ERP/Login/input_login_password'

2022-07-06 11:20:41 - [TEST_STEP][PASSED] - maximizeWindow(): Current window maximized

2022-07-06 11:20:41 - [MESSAGE][PASSED] - Current window maximized

2022-07-06 11:20:41 - [TEST_STEP][PASSED] - click(findTestObject("Object Repository/Page_SKT ERP  ERP/Login/button_login")): Object: 'Object Repository/Page_SKT ERP  ERP/Login/button_login' is clicked on

2022-07-06 11:20:42 - [MESSAGE][PASSED] - Object: 'Object Repository/Page_SKT ERP  ERP/Login/button_login' is clicked on

2022-07-06 11:20:42 - [TEST_STEP][PASSED] - noSPKSet = noSPKSetBoxPartisi: null

2022-07-06 11:20:42 - [TEST_STEP][PASSED] - noSalesOrder = noSalesOrderBoxPartisi: null

2022-07-06 11:20:42 - [TEST_STEP][PASSED] - qtySJ = qtySJNBoxPartisi: null

2022-07-06 11:20:42 - [TEST_STEP][PASSED] - qtySJN = Integer.parseInt(qtySJ): null

2022-07-06 11:20:42 - [TEST_STEP][PASSED] - qtySO = qtySalesOrderBoxPartisi: null

2022-07-06 11:20:42 - [TEST_STEP][PASSED] - qtySalesOrder = Integer.parseInt(qtySO): null

2022-07-06 11:20:42 - [TEST_STEP][PASSED] - qtyRetur = "51": null

2022-07-06 11:20:42 - [TEST_STEP][PASSED] - qtySJR = Integer.parseInt(qtyRetur): null

2022-07-06 11:20:42 - [TEST_STEP][PASSED] - qtySJRBoxPartisi = qtyRetur: null

2022-07-06 11:20:42 - [TEST_STEP][PASSED] - expected_BalanceBox = qtySJR: null

2022-07-06 11:20:42 - [TEST_STEP][PASSED] - expected_BalancePartisi1 = qtySJR * 2: null

2022-07-06 11:20:42 - [TEST_STEP][PASSED] - expected_BalancePartisi2 = qtySJR * 3: null

2022-07-06 11:20:42 - [TEST_STEP][PASSED] - click(findTestObject("Page_SKT ERP  ERP/Tab Freight/Tab Freight")): Object: 'Object Repository/Page_SKT ERP  ERP/Tab Freight/Tab Freight' is clicked on

2022-07-06 11:20:44 - [MESSAGE][PASSED] - Object: 'Object Repository/Page_SKT ERP  ERP/Tab Freight/Tab Freight' is clicked on

2022-07-06 11:20:44 - [TEST_STEP][PASSED] - click(findTestObject("Page_SKT ERP  ERP/Tab Freight/Tab Surat Jalan Delivery Order/Tab Surat Jalan Delivery Order")): Object: 'Object Repository/Page_SKT ERP  ERP/Tab Freight/Tab Surat Jalan Delivery Order/Tab Surat Jalan Delivery Order' is clicked on

2022-07-06 11:20:45 - [MESSAGE][PASSED] - Object: 'Object Repository/Page_SKT ERP  ERP/Tab Freight/Tab Surat Jalan Delivery Order/Tab Surat Jalan Delivery Order' is clicked on

2022-07-06 11:20:45 - [TEST_STEP][PASSED] - click(findTestObject("Page_SKT ERP  ERP/Tab Freight/Tab Surat Jalan Delivery Order/Filters")): Object: 'Object Repository/Page_SKT ERP  ERP/Tab Freight/Tab Surat Jalan Delivery Order/Filters' is clicked on

2022-07-06 11:20:47 - [MESSAGE][PASSED] - Object: 'Object Repository/Page_SKT ERP  ERP/Tab Freight/Tab Surat Jalan Delivery Order/Filters' is clicked on

2022-07-06 11:20:47 - [TEST_STEP][PASSED] - click(findTestObject("Page_SKT ERP  ERP/Tab Freight/Tab Surat Jalan Delivery Order/Filters by No SPK Set")): Object: 'Object Repository/Page_SKT ERP  ERP/Tab Freight/Tab Surat Jalan Delivery Order/Filters by No SPK Set' is clicked on

2022-07-06 11:20:48 - [MESSAGE][PASSED] - Object: 'Object Repository/Page_SKT ERP  ERP/Tab Freight/Tab Surat Jalan Delivery Order/Filters by No SPK Set' is clicked on

2022-07-06 11:20:48 - [TEST_STEP][PASSED] - setText(findTestObject("Page_SKT ERP  ERP/Tab Freight/Tab Surat Jalan Delivery Order/Filters by No SPK Set"), noSPKSet): Text '22013628' is set on object 'Object Repository/Page_SKT ERP  ERP/Tab Freight/Tab Surat Jalan Delivery Order/Filters by No SPK Set'

2022-07-06 11:20:49 - [MESSAGE][PASSED] - Text '22013628' is set on object 'Object Repository/Page_SKT ERP  ERP/Tab Freight/Tab Surat Jalan Delivery Order/Filters by No SPK Set'

2022-07-06 11:20:49 - [TEST_STEP][PASSED] - click(findTestObject("Page_SKT ERP  ERP/Tab Freight/Tab Surat Jalan Delivery Order/Search (Filters)")): Object: 'Object Repository/Page_SKT ERP  ERP/Tab Freight/Tab Surat Jalan Delivery Order/Search (Filters)' is clicked on

2022-07-06 11:20:49 - [MESSAGE][PASSED] - Object: 'Object Repository/Page_SKT ERP  ERP/Tab Freight/Tab Surat Jalan Delivery Order/Search (Filters)' is clicked on

2022-07-06 11:20:49 - [TEST_STEP][PASSED] - noSJ = getText(findTestObject("Page_SKT ERP  ERP/Tab Freight/Tab Surat Jalan Delivery Order/No SJ")): Text of object 'Object Repository/Page_SKT ERP  ERP/Tab Freight/Tab Surat Jalan Delivery Order/No SJ' is: '2207.0014.SJN'

2022-07-06 11:20:51 - [MESSAGE][PASSED] - Text of object 'Object Repository/Page_SKT ERP  ERP/Tab Freight/Tab Surat Jalan Delivery Order/No SJ' is: '2207.0014.SJN'

2022-07-06 11:20:51 - [TEST_STEP][PASSED] - comment(noSJ): 2207.0014.SJN

2022-07-06 11:20:51 - [MESSAGE][INFO] - 2207.0014.SJN

2022-07-06 11:20:51 - [TEST_STEP][PASSED] - click(findTestObject("Page_SKT ERP  ERP/Tab Freight/Tab Surat Jalan Delivery Order/Filters")): Object: 'Object Repository/Page_SKT ERP  ERP/Tab Freight/Tab Surat Jalan Delivery Order/Filters' is clicked on

2022-07-06 11:20:51 - [MESSAGE][PASSED] - Object: 'Object Repository/Page_SKT ERP  ERP/Tab Freight/Tab Surat Jalan Delivery Order/Filters' is clicked on

2022-07-06 11:20:51 - [TEST_STEP][PASSED] - delay(3): Delayed 3 second(s)

2022-07-06 11:20:54 - [MESSAGE][PASSED] - Delayed 3 second(s)

2022-07-06 11:20:54 - [TEST_STEP][PASSED] - click(findTestObject("Page_SKT ERP  ERP/Tab Freight/Tab Surat Jalan Delivery Order/checkbox for SJ")): Object: 'Object Repository/Page_SKT ERP  ERP/Tab Freight/Tab Surat Jalan Delivery Order/checkbox for SJ' is clicked on

2022-07-06 11:20:55 - [MESSAGE][PASSED] - Object: 'Object Repository/Page_SKT ERP  ERP/Tab Freight/Tab Surat Jalan Delivery Order/checkbox for SJ' is clicked on

2022-07-06 11:20:55 - [TEST_STEP][PASSED] - click(findTestObject("Page_SKT ERP  ERP/Tab Freight/Tab Surat Jalan Delivery Order/button Update (for update status SJ)")): Object: 'Object Repository/Page_SKT ERP  ERP/Tab Freight/Tab Surat Jalan Delivery Order/button Update (for update status SJ)' is clicked on

2022-07-06 11:20:55 - [MESSAGE][PASSED] - Object: 'Object Repository/Page_SKT ERP  ERP/Tab Freight/Tab Surat Jalan Delivery Order/button Update (for update status SJ)' is clicked on

2022-07-06 11:20:55 - [TEST_STEP][PASSED] - click(findTestObject("Page_SKT ERP  ERP/Tab Freight/Tab Surat Jalan Delivery Order/Choose Status SJ")): Object: 'Object Repository/Page_SKT ERP  ERP/Tab Freight/Tab Surat Jalan Delivery Order/Choose Status SJ' is clicked on

2022-07-06 11:20:56 - [MESSAGE][PASSED] - Object: 'Object Repository/Page_SKT ERP  ERP/Tab Freight/Tab Surat Jalan Delivery Order/Choose Status SJ' is clicked on

2022-07-06 11:20:56 - [TEST_STEP][PASSED] - click(findTestObject("Page_SKT ERP  ERP/Tab Freight/Tab Surat Jalan Delivery Order/Edit Status SJ to Completed")): Object: 'Object Repository/Page_SKT ERP  ERP/Tab Freight/Tab Surat Jalan Delivery Order/Edit Status SJ to Completed' is clicked on

2022-07-06 11:20:56 - [MESSAGE][PASSED] - Object: 'Object Repository/Page_SKT ERP  ERP/Tab Freight/Tab Surat Jalan Delivery Order/Edit Status SJ to Completed' is clicked on

2022-07-06 11:20:56 - [TEST_STEP][PASSED] - click(findTestObject("Page_SKT ERP  ERP/Tab Freight/Tab Surat Jalan Delivery Order/button Ya (for change status SJ)")): Object: 'Object Repository/Page_SKT ERP  ERP/Tab Freight/Tab Surat Jalan Delivery Order/button Ya (for change status SJ)' is clicked on

2022-07-06 11:20:57 - [MESSAGE][PASSED] - Object: 'Object Repository/Page_SKT ERP  ERP/Tab Freight/Tab Surat Jalan Delivery Order/button Ya (for change status SJ)' is clicked on

2022-07-06 11:20:57 - [TEST_STEP][PASSED] - click(findTestObject("Page_SKT ERP  ERP/Tab Freight/Tab Surat Jalan Delivery Order/Add Surat Jalan")): Object: 'Object Repository/Page_SKT ERP  ERP/Tab Freight/Tab Surat Jalan Delivery Order/Add Surat Jalan' is clicked on

2022-07-06 11:21:04 - [MESSAGE][PASSED] - Object: 'Object Repository/Page_SKT ERP  ERP/Tab Freight/Tab Surat Jalan Delivery Order/Add Surat Jalan' is clicked on

2022-07-06 11:21:04 - [TEST_STEP][PASSED] - click(findTestObject("Page_SKT ERP  ERP/Tab Freight/Tab Surat Jalan Delivery Order/Input Tipe")): Object: 'Object Repository/Page_SKT ERP  ERP/Tab Freight/Tab Surat Jalan Delivery Order/Input Tipe' is clicked on

2022-07-06 11:21:17 - [MESSAGE][PASSED] - Object: 'Object Repository/Page_SKT ERP  ERP/Tab Freight/Tab Surat Jalan Delivery Order/Input Tipe' is clicked on

2022-07-06 11:21:17 - [TEST_STEP][PASSED] - click(findTestObject("Page_SKT ERP  ERP/Tab Freight/Tab Surat Jalan Delivery Order/Tipe Retur Susulan")): Object: 'Object Repository/Page_SKT ERP  ERP/Tab Freight/Tab Surat Jalan Delivery Order/Tipe Retur Susulan' is clicked on

2022-07-06 11:21:18 - [MESSAGE][PASSED] - Object: 'Object Repository/Page_SKT ERP  ERP/Tab Freight/Tab Surat Jalan Delivery Order/Tipe Retur Susulan' is clicked on

2022-07-06 11:21:18 - [TEST_STEP][PASSED] - setText(findTestObject("Page_SKT ERP  ERP/Tab Freight/Tab Surat Jalan Delivery Order/Input No SJ Normal"), noSJ): Text '2207.0014.SJN' is set on object 'Object Repository/Page_SKT ERP  ERP/Tab Freight/Tab Surat Jalan Delivery Order/Input No SJ Normal'

2022-07-06 11:21:24 - [MESSAGE][PASSED] - Text '2207.0014.SJN' is set on object 'Object Repository/Page_SKT ERP  ERP/Tab Freight/Tab Surat Jalan Delivery Order/Input No SJ Normal'

2022-07-06 11:21:24 - [TEST_STEP][PASSED] - delay(2): Delayed 2 second(s)

2022-07-06 11:21:26 - [MESSAGE][PASSED] - Delayed 2 second(s)

2022-07-06 11:21:26 - [TEST_STEP][PASSED] - dynamicId = noSJ: null

2022-07-06 11:21:26 - [TEST_STEP][PASSED] - xpath = "//li[contains(text(),"" + dynamicId + "")]": null

2022-07-06 11:21:26 - [TEST_STEP][PASSED] - to = new com.kms.katalon.core.testobject.TestObject(Page_SKT ERP  ERP/Tab Freight/Tab Surat Jalan Delivery Order/Choose No SJ Normal): null

2022-07-06 11:21:26 - [TEST_STEP][PASSED] - to.addProperty("xpath", EQUALS, xpath): null

2022-07-06 11:21:26 - [TEST_STEP][PASSED] - click(to): Object: 'Page_SKT ERP  ERP/Tab Freight/Tab Surat Jalan Delivery Order/Choose No SJ Normal' is clicked on

2022-07-06 11:21:26 - [MESSAGE][PASSED] - Object: 'Page_SKT ERP  ERP/Tab Freight/Tab Surat Jalan Delivery Order/Choose No SJ Normal' is clicked on

2022-07-06 11:21:26 - [TEST_STEP][PASSED] - click(findTestObject("Page_SKT ERP  ERP/Tab Freight/Tab Surat Jalan Delivery Order/Sales Order Line 1")): Object: 'Object Repository/Page_SKT ERP  ERP/Tab Freight/Tab Surat Jalan Delivery Order/Sales Order Line 1' is clicked on

2022-07-06 11:21:27 - [MESSAGE][PASSED] - Object: 'Object Repository/Page_SKT ERP  ERP/Tab Freight/Tab Surat Jalan Delivery Order/Sales Order Line 1' is clicked on

2022-07-06 11:21:27 - [TEST_STEP][PASSED] - click(findTestObject("Page_SKT ERP  ERP/Tab Freight/Tab Surat Jalan Delivery Order/Add Sales Order Line")): Object: 'Object Repository/Page_SKT ERP  ERP/Tab Freight/Tab Surat Jalan Delivery Order/Add Sales Order Line' is clicked on

2022-07-06 11:21:28 - [MESSAGE][PASSED] - Object: 'Object Repository/Page_SKT ERP  ERP/Tab Freight/Tab Surat Jalan Delivery Order/Add Sales Order Line' is clicked on

2022-07-06 11:21:28 - [TEST_STEP][PASSED] - click(findTestObject("Page_SKT ERP  ERP/Tab Freight/Tab Surat Jalan Delivery Order/Quantity")): Object: 'Object Repository/Page_SKT ERP  ERP/Tab Freight/Tab Surat Jalan Delivery Order/Quantity' is clicked on

2022-07-06 11:21:29 - [MESSAGE][PASSED] - Object: 'Object Repository/Page_SKT ERP  ERP/Tab Freight/Tab Surat Jalan Delivery Order/Quantity' is clicked on

2022-07-06 11:21:29 - [TEST_STEP][PASSED] - sendKeys(findTestObject("Page_SKT ERP  ERP/Tab Freight/Tab Surat Jalan Delivery Order/Quantity"), Keys.chord(CONTROL, "a")): Keys 'CONTROL + a' sent to object: 'Object Repository/Page_SKT ERP  ERP/Tab Freight/Tab Surat Jalan Delivery Order/Quantity'

2022-07-06 11:21:29 - [MESSAGE][PASSED] - Keys 'CONTROL + a' sent to object: 'Object Repository/Page_SKT ERP  ERP/Tab Freight/Tab Surat Jalan Delivery Order/Quantity'

2022-07-06 11:21:29 - [TEST_STEP][PASSED] - sendKeys(findTestObject("Page_SKT ERP  ERP/Tab Freight/Tab Surat Jalan Delivery Order/Quantity"), Keys.chord(BACK_SPACE)): Keys 'BACK_SPACE + ' sent to object: 'Object Repository/Page_SKT ERP  ERP/Tab Freight/Tab Surat Jalan Delivery Order/Quantity'

2022-07-06 11:21:29 - [MESSAGE][PASSED] - Keys 'BACK_SPACE + ' sent to object: 'Object Repository/Page_SKT ERP  ERP/Tab Freight/Tab Surat Jalan Delivery Order/Quantity'

2022-07-06 11:21:29 - [TEST_STEP][PASSED] - setText(findTestObject("Page_SKT ERP  ERP/Tab Freight/Tab Surat Jalan Delivery Order/Quantity"), qtyRetur): Text '51' is set on object 'Object Repository/Page_SKT ERP  ERP/Tab Freight/Tab Surat Jalan Delivery Order/Quantity'

2022-07-06 11:21:31 - [MESSAGE][PASSED] - Text '51' is set on object 'Object Repository/Page_SKT ERP  ERP/Tab Freight/Tab Surat Jalan Delivery Order/Quantity'

2022-07-06 11:21:31 - [TEST_STEP][PASSED] - click(findTestObject("Page_SKT ERP  ERP/Tab Freight/Tab Surat Jalan Delivery Order/Save (Edit Jumlah Pengiriman)")): Object: 'Object Repository/Page_SKT ERP  ERP/Tab Freight/Tab Surat Jalan Delivery Order/Save (Edit Jumlah Pengiriman)' is clicked on

2022-07-06 11:21:31 - [MESSAGE][PASSED] - Object: 'Object Repository/Page_SKT ERP  ERP/Tab Freight/Tab Surat Jalan Delivery Order/Save (Edit Jumlah Pengiriman)' is clicked on

2022-07-06 11:21:31 - [TEST_STEP][PASSED] - click(findTestObject("Page_SKT ERP  ERP/Tab Freight/Tab Surat Jalan Delivery Order/Save (Edit Berat Teoritis retur)")): Object: 'Object Repository/Page_SKT ERP  ERP/Tab Freight/Tab Surat Jalan Delivery Order/Save (Edit Berat Teoritis retur)' is clicked on

2022-07-06 11:21:32 - [MESSAGE][PASSED] - Object: 'Object Repository/Page_SKT ERP  ERP/Tab Freight/Tab Surat Jalan Delivery Order/Save (Edit Berat Teoritis retur)' is clicked on

2022-07-06 11:21:32 - [TEST_STEP][PASSED] - click(findTestObject("Page_SKT ERP  ERP/Tab Freight/Tab Surat Jalan Delivery Order/Sales Order Line 2")): Object: 'Object Repository/Page_SKT ERP  ERP/Tab Freight/Tab Surat Jalan Delivery Order/Sales Order Line 2' is clicked on

2022-07-06 11:21:33 - [MESSAGE][PASSED] - Object: 'Object Repository/Page_SKT ERP  ERP/Tab Freight/Tab Surat Jalan Delivery Order/Sales Order Line 2' is clicked on

2022-07-06 11:21:33 - [TEST_STEP][PASSED] - click(findTestObject("Page_SKT ERP  ERP/Tab Freight/Tab Surat Jalan Delivery Order/Add Sales Order Line")): Object: 'Object Repository/Page_SKT ERP  ERP/Tab Freight/Tab Surat Jalan Delivery Order/Add Sales Order Line' is clicked on

2022-07-06 11:21:34 - [MESSAGE][PASSED] - Object: 'Object Repository/Page_SKT ERP  ERP/Tab Freight/Tab Surat Jalan Delivery Order/Add Sales Order Line' is clicked on

2022-07-06 11:21:34 - [TEST_STEP][PASSED] - click(findTestObject("Page_SKT ERP  ERP/Tab Freight/Tab Surat Jalan Delivery Order/Quantity")): Object: 'Object Repository/Page_SKT ERP  ERP/Tab Freight/Tab Surat Jalan Delivery Order/Quantity' is clicked on

2022-07-06 11:21:34 - [MESSAGE][PASSED] - Object: 'Object Repository/Page_SKT ERP  ERP/Tab Freight/Tab Surat Jalan Delivery Order/Quantity' is clicked on

2022-07-06 11:21:34 - [TEST_STEP][PASSED] - sendKeys(findTestObject("Page_SKT ERP  ERP/Tab Freight/Tab Surat Jalan Delivery Order/Quantity"), Keys.chord(CONTROL, "a")): Keys 'CONTROL + a' sent to object: 'Object Repository/Page_SKT ERP  ERP/Tab Freight/Tab Surat Jalan Delivery Order/Quantity'

2022-07-06 11:21:35 - [MESSAGE][PASSED] - Keys 'CONTROL + a' sent to object: 'Object Repository/Page_SKT ERP  ERP/Tab Freight/Tab Surat Jalan Delivery Order/Quantity'

2022-07-06 11:21:35 - [TEST_STEP][PASSED] - sendKeys(findTestObject("Page_SKT ERP  ERP/Tab Freight/Tab Surat Jalan Delivery Order/Quantity"), Keys.chord(BACK_SPACE)): Keys 'BACK_SPACE + ' sent to object: 'Object Repository/Page_SKT ERP  ERP/Tab Freight/Tab Surat Jalan Delivery Order/Quantity'

2022-07-06 11:21:35 - [MESSAGE][PASSED] - Keys 'BACK_SPACE + ' sent to object: 'Object Repository/Page_SKT ERP  ERP/Tab Freight/Tab Surat Jalan Delivery Order/Quantity'

2022-07-06 11:21:35 - [TEST_STEP][PASSED] - setText(findTestObject("Page_SKT ERP  ERP/Tab Freight/Tab Surat Jalan Delivery Order/Quantity"), qtyRetur): Text '51' is set on object 'Object Repository/Page_SKT ERP  ERP/Tab Freight/Tab Surat Jalan Delivery Order/Quantity'

2022-07-06 11:21:37 - [MESSAGE][PASSED] - Text '51' is set on object 'Object Repository/Page_SKT ERP  ERP/Tab Freight/Tab Surat Jalan Delivery Order/Quantity'

2022-07-06 11:21:37 - [TEST_STEP][PASSED] - click(findTestObject("Page_SKT ERP  ERP/Tab Freight/Tab Surat Jalan Delivery Order/Save (Edit Jumlah Pengiriman)")): Object: 'Object Repository/Page_SKT ERP  ERP/Tab Freight/Tab Surat Jalan Delivery Order/Save (Edit Jumlah Pengiriman)' is clicked on

2022-07-06 11:21:37 - [MESSAGE][PASSED] - Object: 'Object Repository/Page_SKT ERP  ERP/Tab Freight/Tab Surat Jalan Delivery Order/Save (Edit Jumlah Pengiriman)' is clicked on

2022-07-06 11:21:37 - [TEST_STEP][PASSED] - click(findTestObject("Page_SKT ERP  ERP/Tab Freight/Tab Surat Jalan Delivery Order/Save (Edit Berat Teoritis retur)")): Object: 'Object Repository/Page_SKT ERP  ERP/Tab Freight/Tab Surat Jalan Delivery Order/Save (Edit Berat Teoritis retur)' is clicked on

2022-07-06 11:21:38 - [MESSAGE][PASSED] - Object: 'Object Repository/Page_SKT ERP  ERP/Tab Freight/Tab Surat Jalan Delivery Order/Save (Edit Berat Teoritis retur)' is clicked on

2022-07-06 11:21:38 - [TEST_STEP][PASSED] - click(findTestObject("Page_SKT ERP  ERP/Tab Freight/Tab Surat Jalan Delivery Order/Next")): Object: 'Object Repository/Page_SKT ERP  ERP/Tab Freight/Tab Surat Jalan Delivery Order/Next' is clicked on

2022-07-06 11:21:39 - [MESSAGE][PASSED] - Object: 'Object Repository/Page_SKT ERP  ERP/Tab Freight/Tab Surat Jalan Delivery Order/Next' is clicked on

2022-07-06 11:21:39 - [TEST_STEP][PASSED] - BeratPerKg = getAttribute(findTestObject("Page_SKT ERP  ERP/Tab Freight/Tab Surat Jalan Delivery Order/Berat per Kg"), "value"): Attribute 'value' of object 'Object Repository/Page_SKT ERP  ERP/Tab Freight/Tab Surat Jalan Delivery Order/Berat per Kg' is: '9.52'

2022-07-06 11:21:40 - [MESSAGE][PASSED] - Attribute 'value' of object 'Object Repository/Page_SKT ERP  ERP/Tab Freight/Tab Surat Jalan Delivery Order/Berat per Kg' is: '9.52'

2022-07-06 11:21:40 - [TEST_STEP][PASSED] - comment(BeratPerKg): 9.52

2022-07-06 11:21:40 - [MESSAGE][INFO] - 9.52

2022-07-06 11:21:40 - [TEST_STEP][PASSED] - actual_beratperkg = Float.parseFloat(BeratPerKg): null

2022-07-06 11:21:40 - [TEST_STEP][PASSED] - TarifPerKg = getAttribute(findTestObject("Page_SKT ERP  ERP/Tab Freight/Tab Surat Jalan Delivery Order/Tarif per Kg"), "value"): Attribute 'value' of object 'Object Repository/Page_SKT ERP  ERP/Tab Freight/Tab Surat Jalan Delivery Order/Tarif per Kg' is: '62'

2022-07-06 11:21:40 - [MESSAGE][PASSED] - Attribute 'value' of object 'Object Repository/Page_SKT ERP  ERP/Tab Freight/Tab Surat Jalan Delivery Order/Tarif per Kg' is: '62'

2022-07-06 11:21:40 - [TEST_STEP][PASSED] - comment(TarifPerKg): 62

2022-07-06 11:21:40 - [MESSAGE][INFO] - 62

2022-07-06 11:21:40 - [TEST_STEP][PASSED] - actual_tarifperkg = Float.parseFloat(TarifPerKg): null

2022-07-06 11:21:40 - [TEST_STEP][PASSED] - Subtotal = getAttribute(findTestObject("Page_SKT ERP  ERP/Tab Freight/Tab Surat Jalan Delivery Order/Subtotal"), "value"): Attribute 'value' of object 'Object Repository/Page_SKT ERP  ERP/Tab Freight/Tab Surat Jalan Delivery Order/Subtotal' is: '590.24'

2022-07-06 11:21:41 - [MESSAGE][PASSED] - Attribute 'value' of object 'Object Repository/Page_SKT ERP  ERP/Tab Freight/Tab Surat Jalan Delivery Order/Subtotal' is: '590.24'

2022-07-06 11:21:41 - [TEST_STEP][PASSED] - comment(Subtotal): 590.24

2022-07-06 11:21:41 - [MESSAGE][INFO] - 590.24

2022-07-06 11:21:41 - [TEST_STEP][PASSED] - actual_subtotal = Float.parseFloat(Subtotal): null

2022-07-06 11:21:41 - [TEST_STEP][PASSED] - expected_subtotal = actual_beratperkg * actual_tarifperkg.round(2): null

2022-07-06 11:21:41 - [TEST_STEP][PASSED] - expectedSubtotal = expected_subtotal: null

2022-07-06 11:21:41 - [TEST_STEP][PASSED] - comment(expectedSubtotal): 590.24

2022-07-06 11:21:41 - [MESSAGE][INFO] - 590.24

2022-07-06 11:21:41 - [TEST_STEP][PASSED] - verifyMatch(expectedSubtotal, Subtotal, false): Actual text '590.24' and expected text '590.24' are matched 

2022-07-06 11:21:41 - [MESSAGE][PASSED] - Actual text '590.24' and expected text '590.24' are matched 

2022-07-06 11:21:41 - [TEST_STEP][PASSED] - click(findTestObject("Page_SKT ERP  ERP/Tab Freight/Tab Surat Jalan Delivery Order/Save (Save Surat Jalan)")): Object: 'Object Repository/Page_SKT ERP  ERP/Tab Freight/Tab Surat Jalan Delivery Order/Save (Save Surat Jalan)' is clicked on

2022-07-06 11:21:41 - [MESSAGE][PASSED] - Object: 'Object Repository/Page_SKT ERP  ERP/Tab Freight/Tab Surat Jalan Delivery Order/Save (Save Surat Jalan)' is clicked on

2022-07-06 11:21:41 - [TEST_STEP][PASSED] - click(findTestObject("Page_SKT ERP  ERP/Tab Freight/Tab Freight")): Object: 'Object Repository/Page_SKT ERP  ERP/Tab Freight/Tab Freight' is clicked on

2022-07-06 11:21:46 - [MESSAGE][PASSED] - Object: 'Object Repository/Page_SKT ERP  ERP/Tab Freight/Tab Freight' is clicked on

2022-07-06 11:21:46 - [TEST_STEP][PASSED] - click(findTestObject("Page_SKT ERP  ERP/Tab Freight/Tab Surat Jalan Delivery Order Retur Approval/Tab Surat Jalan Delivery Order Retur Approval")): Object: 'Object Repository/Page_SKT ERP  ERP/Tab Freight/Tab Surat Jalan Delivery Order Retur Approval/Tab Surat Jalan Delivery Order Retur Approval' is clicked on

2022-07-06 11:21:47 - [MESSAGE][PASSED] - Object: 'Object Repository/Page_SKT ERP  ERP/Tab Freight/Tab Surat Jalan Delivery Order Retur Approval/Tab Surat Jalan Delivery Order Retur Approval' is clicked on

2022-07-06 11:21:47 - [TEST_STEP][PASSED] - click(findTestObject("Page_SKT ERP  ERP/Tab Freight/Tab Surat Jalan Delivery Order Retur Approval/Approve button")): Object: 'Object Repository/Page_SKT ERP  ERP/Tab Freight/Tab Surat Jalan Delivery Order Retur Approval/Approve button' is clicked on

2022-07-06 11:21:48 - [MESSAGE][PASSED] - Object: 'Object Repository/Page_SKT ERP  ERP/Tab Freight/Tab Surat Jalan Delivery Order Retur Approval/Approve button' is clicked on

2022-07-06 11:21:48 - [TEST_STEP][PASSED] - click(findTestObject("Page_SKT ERP  ERP/Tab Freight/Tab Surat Jalan Delivery Order Retur Approval/Approve DO Retur")): Object: 'Object Repository/Page_SKT ERP  ERP/Tab Freight/Tab Surat Jalan Delivery Order Retur Approval/Approve DO Retur' is clicked on

2022-07-06 11:21:49 - [MESSAGE][PASSED] - Object: 'Object Repository/Page_SKT ERP  ERP/Tab Freight/Tab Surat Jalan Delivery Order Retur Approval/Approve DO Retur' is clicked on

2022-07-06 11:21:49 - [TEST_STEP][PASSED] - click(findTestObject("Page_SKT ERP  ERP/Tab Production/Tab Production")): Object: 'Object Repository/Page_SKT ERP  ERP/Tab Production/Tab Production' is clicked on

2022-07-06 11:21:52 - [MESSAGE][PASSED] - Object: 'Object Repository/Page_SKT ERP  ERP/Tab Production/Tab Production' is clicked on

2022-07-06 11:21:52 - [TEST_STEP][PASSED] - click(findTestObject("Page_SKT ERP  ERP/Tab Production/Work Order (SPK)/Tab Work Order (SPK)")): Object: 'Object Repository/Page_SKT ERP  ERP/Tab Production/Work Order (SPK)/Tab Work Order (SPK)' is clicked on

2022-07-06 11:21:53 - [MESSAGE][PASSED] - Object: 'Object Repository/Page_SKT ERP  ERP/Tab Production/Work Order (SPK)/Tab Work Order (SPK)' is clicked on

2022-07-06 11:21:53 - [TEST_STEP][PASSED] - click(findTestObject("Page_SKT ERP  ERP/Tab Production/Work Order (SPK)/button Filters")): Object: 'Object Repository/Page_SKT ERP  ERP/Tab Production/Work Order (SPK)/button Filters' is clicked on

2022-07-06 11:21:56 - [MESSAGE][PASSED] - Object: 'Object Repository/Page_SKT ERP  ERP/Tab Production/Work Order (SPK)/button Filters' is clicked on

2022-07-06 11:21:56 - [TEST_STEP][PASSED] - click(findTestObject("Page_SKT ERP  ERP/Tab Production/Work Order (SPK)/Filters by No SPK Set")): Object: 'Object Repository/Page_SKT ERP  ERP/Tab Production/Work Order (SPK)/Filters by No SPK Set' is clicked on

2022-07-06 11:21:56 - [MESSAGE][PASSED] - Object: 'Object Repository/Page_SKT ERP  ERP/Tab Production/Work Order (SPK)/Filters by No SPK Set' is clicked on

2022-07-06 11:21:56 - [TEST_STEP][PASSED] - setText(findTestObject("Page_SKT ERP  ERP/Tab Production/Work Order (SPK)/Filters by No SPK Set"), noSPKSet): Text '22013628' is set on object 'Object Repository/Page_SKT ERP  ERP/Tab Production/Work Order (SPK)/Filters by No SPK Set'

2022-07-06 11:21:57 - [MESSAGE][PASSED] - Text '22013628' is set on object 'Object Repository/Page_SKT ERP  ERP/Tab Production/Work Order (SPK)/Filters by No SPK Set'

2022-07-06 11:21:57 - [TEST_STEP][PASSED] - click(findTestObject("Page_SKT ERP  ERP/Tab Production/Work Order (SPK)/button Search in Filters")): Object: 'Object Repository/Page_SKT ERP  ERP/Tab Production/Work Order (SPK)/button Search in Filters' is clicked on

2022-07-06 11:21:58 - [MESSAGE][PASSED] - Object: 'Object Repository/Page_SKT ERP  ERP/Tab Production/Work Order (SPK)/button Search in Filters' is clicked on

2022-07-06 11:21:58 - [TEST_STEP][PASSED] - scrollToElement(findTestObject("Page_SKT ERP  ERP/Tab Production/Work Order (SPK)/button Search in Filters"), 30): Scroll to object 'Object Repository/Page_SKT ERP  ERP/Tab Production/Work Order (SPK)/button Search in Filters' successfully

2022-07-06 11:21:59 - [MESSAGE][PASSED] - Scroll to object 'Object Repository/Page_SKT ERP  ERP/Tab Production/Work Order (SPK)/button Search in Filters' successfully

2022-07-06 11:21:59 - [TEST_STEP][PASSED] - driver = getWebDriver(): null

2022-07-06 11:21:59 - [TEST_STEP][PASSED] - Table = driver.findElement(By.xpath("/html/body/div[1]/div/main/section/div/div[2]/div[2]/div[4]/div/div/div/div/div[1]/div[2]/table")): null

2022-07-06 11:21:59 - [TEST_STEP][PASSED] - rows_table = Table.findElements(By.tagName("tr")): null

2022-07-06 11:22:00 - [TEST_STEP][PASSED] - rows_count = rows_table.size(): null

2022-07-06 11:22:00 - [TEST_STEP][PASSED] - actual_status_wo = <not implemented yet for class: org.codehaus.groovy.ast.expr.EmptyExpression>: null

2022-07-06 11:22:00 - [TEST_STEP][PASSED] - statusworkorder = new java.util.ArrayList(): null

2022-07-06 11:22:00 - [TEST_STEP][PASSED] - for ([row = 0, row < rows_count, (row++)]): null

2022-07-06 11:22:00 - [TEST_STEP][PASSED] - Columns_row = get(row).findElements(By.tagName("td")): null

2022-07-06 11:22:00 - [TEST_STEP][PASSED] - column_status = 9: null

2022-07-06 11:22:00 - [TEST_STEP][PASSED] - actual_status_wo = get(column_status).getText(): null

2022-07-06 11:22:00 - [TEST_STEP][PASSED] - comment(actual_status_wo): completed

2022-07-06 11:22:00 - [MESSAGE][INFO] - completed

2022-07-06 11:22:00 - [TEST_STEP][PASSED] - statusworkorder.add(actual_status_wo): null

2022-07-06 11:22:00 - [TEST_STEP][PASSED] - Columns_row = get(row).findElements(By.tagName("td")): null

2022-07-06 11:22:00 - [TEST_STEP][PASSED] - column_status = 9: null

2022-07-06 11:22:00 - [TEST_STEP][PASSED] - actual_status_wo = get(column_status).getText(): null

2022-07-06 11:22:00 - [TEST_STEP][PASSED] - comment(actual_status_wo): completed

2022-07-06 11:22:00 - [MESSAGE][INFO] - completed

2022-07-06 11:22:00 - [TEST_STEP][PASSED] - statusworkorder.add(actual_status_wo): null

2022-07-06 11:22:00 - [TEST_STEP][PASSED] - array_count = statusworkorder.size(): null

2022-07-06 11:22:00 - [TEST_STEP][PASSED] - expected_status_wo = "completed": null

2022-07-06 11:22:00 - [TEST_STEP][PASSED] - for ([arr = 0, arr < array_count, (arr++)]): completed

2022-07-06 11:22:00 - [TEST_STEP][PASSED] - verifyMatch(actual_status_wo, expected_status_wo, false): Actual text 'completed' and expected text 'completed' are matched 

2022-07-06 11:22:00 - [MESSAGE][PASSED] - Actual text 'completed' and expected text 'completed' are matched 

2022-07-06 11:22:00 - [TEST_STEP][PASSED] - comment(actual_status_wo): completed

2022-07-06 11:22:00 - [MESSAGE][INFO] - completed

2022-07-06 11:22:00 - [TEST_STEP][PASSED] - comment(expected_status_wo): completed

2022-07-06 11:22:00 - [MESSAGE][INFO] - completed

2022-07-06 11:22:00 - [TEST_STEP][PASSED] - verifyMatch(actual_status_wo, expected_status_wo, false): Actual text 'completed' and expected text 'completed' are matched 

2022-07-06 11:22:00 - [MESSAGE][PASSED] - Actual text 'completed' and expected text 'completed' are matched 

2022-07-06 11:22:00 - [TEST_STEP][PASSED] - comment(actual_status_wo): completed

2022-07-06 11:22:00 - [MESSAGE][INFO] - completed

2022-07-06 11:22:00 - [TEST_STEP][PASSED] - comment(expected_status_wo): completed

2022-07-06 11:22:00 - [MESSAGE][INFO] - completed

2022-07-06 11:22:00 - [TEST_STEP][PASSED] - click(findTestObject("Object Repository/Page_SKT ERP  ERP/Tab Sales/Tab Sales")): Object: 'Object Repository/Page_SKT ERP  ERP/Tab Sales/Tab Sales' is clicked on

2022-07-06 11:22:01 - [MESSAGE][PASSED] - Object: 'Object Repository/Page_SKT ERP  ERP/Tab Sales/Tab Sales' is clicked on

2022-07-06 11:22:01 - [TEST_STEP][PASSED] - click(findTestObject("Object Repository/Page_SKT ERP  ERP/Tab Sales/Sales Order/Tab Sales Order")): Object: 'Object Repository/Page_SKT ERP  ERP/Tab Sales/Sales Order/Tab Sales Order' is clicked on

2022-07-06 11:22:02 - [MESSAGE][PASSED] - Object: 'Object Repository/Page_SKT ERP  ERP/Tab Sales/Sales Order/Tab Sales Order' is clicked on

2022-07-06 11:22:02 - [TEST_STEP][PASSED] - click(findTestObject("Page_SKT ERP  ERP/Tab Sales/Sales Order/Filters")): Object: 'Object Repository/Page_SKT ERP  ERP/Tab Sales/Sales Order/Filters' is clicked on

2022-07-06 11:22:04 - [MESSAGE][PASSED] - Object: 'Object Repository/Page_SKT ERP  ERP/Tab Sales/Sales Order/Filters' is clicked on

2022-07-06 11:22:04 - [TEST_STEP][PASSED] - click(findTestObject("Page_SKT ERP  ERP/Tab Sales/Sales Order/Filters by No Sales Order")): Object: 'Object Repository/Page_SKT ERP  ERP/Tab Sales/Sales Order/Filters by No Sales Order' is clicked on

2022-07-06 11:22:04 - [MESSAGE][PASSED] - Object: 'Object Repository/Page_SKT ERP  ERP/Tab Sales/Sales Order/Filters by No Sales Order' is clicked on

2022-07-06 11:22:04 - [TEST_STEP][PASSED] - setText(findTestObject("Page_SKT ERP  ERP/Tab Sales/Sales Order/Filters by No Sales Order"), noSalesOrder): Text 'git4box4prts' is set on object 'Object Repository/Page_SKT ERP  ERP/Tab Sales/Sales Order/Filters by No Sales Order'

2022-07-06 11:22:05 - [MESSAGE][PASSED] - Text 'git4box4prts' is set on object 'Object Repository/Page_SKT ERP  ERP/Tab Sales/Sales Order/Filters by No Sales Order'

2022-07-06 11:22:05 - [TEST_STEP][PASSED] - click(findTestObject("Page_SKT ERP  ERP/Tab Sales/Sales Order/button_Search")): Object: 'Object Repository/Page_SKT ERP  ERP/Tab Sales/Sales Order/button_Search' is clicked on

2022-07-06 11:22:06 - [MESSAGE][PASSED] - Object: 'Object Repository/Page_SKT ERP  ERP/Tab Sales/Sales Order/button_Search' is clicked on

2022-07-06 11:22:06 - [TEST_STEP][PASSED] - click(findTestObject("Page_SKT ERP  ERP/Tab Sales/Sales Order/a_View")): Object: 'Object Repository/Page_SKT ERP  ERP/Tab Sales/Sales Order/a_View' is clicked on

2022-07-06 11:22:07 - [MESSAGE][PASSED] - Object: 'Object Repository/Page_SKT ERP  ERP/Tab Sales/Sales Order/a_View' is clicked on

2022-07-06 11:22:07 - [TEST_STEP][PASSED] - Table1 = driver.findElement(By.xpath("/html/body/div[1]/div/main/section/div/div[2]/form/div[4]/div[1]/div/div/div/div/div[1]/div[2]/table/tbody")): null

2022-07-06 11:22:08 - [TEST_STEP][PASSED] - rows_table1 = Table1.findElements(By.tagName("tr")): null

2022-07-06 11:22:08 - [TEST_STEP][PASSED] - rows_count1 = rows_table1.size(): null

2022-07-06 11:22:08 - [TEST_STEP][PASSED] - actual_status_sol = <not implemented yet for class: org.codehaus.groovy.ast.expr.EmptyExpression>: null

2022-07-06 11:22:08 - [TEST_STEP][PASSED] - actual_outstanding_delivery = <not implemented yet for class: org.codehaus.groovy.ast.expr.EmptyExpression>: null

2022-07-06 11:22:08 - [TEST_STEP][PASSED] - statussalesorderline = new java.util.ArrayList(): null

2022-07-06 11:22:08 - [TEST_STEP][PASSED] - outstandingdeliveryqty = new java.util.ArrayList(): null

2022-07-06 11:22:08 - [TEST_STEP][PASSED] - for ([row1 = 0, row1 < rows_count1, (row1++)]): null

2022-07-06 11:22:08 - [TEST_STEP][PASSED] - Columns_row1 = get(row1).findElements(By.tagName("td")): null

2022-07-06 11:22:09 - [TEST_STEP][PASSED] - column_status1 = 1: null

2022-07-06 11:22:09 - [TEST_STEP][PASSED] - actual_status_sol = get(column_status1).getText(): null

2022-07-06 11:22:09 - [TEST_STEP][PASSED] - comment(actual_status_sol): partial-delivery

2022-07-06 11:22:09 - [MESSAGE][INFO] - partial-delivery

2022-07-06 11:22:09 - [TEST_STEP][PASSED] - statussalesorderline.add(actual_status_sol): null

2022-07-06 11:22:09 - [TEST_STEP][PASSED] - colomn_outstandingDelivery = 24: null

2022-07-06 11:22:09 - [TEST_STEP][PASSED] - actual_outstanding_delivery = get(colomn_outstandingDelivery).getText(): null

2022-07-06 11:22:09 - [TEST_STEP][PASSED] - comment(actual_outstanding_delivery): 61

2022-07-06 11:22:09 - [MESSAGE][INFO] - 61

2022-07-06 11:22:09 - [TEST_STEP][PASSED] - outstandingdeliveryqty.add(actual_outstanding_delivery): null

2022-07-06 11:22:09 - [TEST_STEP][PASSED] - Columns_row1 = get(row1).findElements(By.tagName("td")): null

2022-07-06 11:22:09 - [TEST_STEP][PASSED] - column_status1 = 1: null

2022-07-06 11:22:09 - [TEST_STEP][PASSED] - actual_status_sol = get(column_status1).getText(): null

2022-07-06 11:22:09 - [TEST_STEP][PASSED] - comment(actual_status_sol): partial-delivery

2022-07-06 11:22:09 - [MESSAGE][INFO] - partial-delivery

2022-07-06 11:22:09 - [TEST_STEP][PASSED] - statussalesorderline.add(actual_status_sol): null

2022-07-06 11:22:09 - [TEST_STEP][PASSED] - colomn_outstandingDelivery = 24: null

2022-07-06 11:22:09 - [TEST_STEP][PASSED] - actual_outstanding_delivery = get(colomn_outstandingDelivery).getText(): null

2022-07-06 11:22:09 - [TEST_STEP][PASSED] - comment(actual_outstanding_delivery): 61

2022-07-06 11:22:09 - [MESSAGE][INFO] - 61

2022-07-06 11:22:09 - [TEST_STEP][PASSED] - outstandingdeliveryqty.add(actual_outstanding_delivery): null

2022-07-06 11:22:09 - [TEST_STEP][PASSED] - array_count1 = statussalesorderline.size(): null

2022-07-06 11:22:09 - [TEST_STEP][PASSED] - expected_status_sol = "partial-delivery": null

2022-07-06 11:22:09 - [TEST_STEP][PASSED] - expectedOutstandingDelivery = qtySalesOrder - qtySJN + qtySJR: null

2022-07-06 11:22:09 - [TEST_STEP][PASSED] - expected_outstandingDelivery = expectedOutstandingDelivery: null

2022-07-06 11:22:09 - [TEST_STEP][PASSED] - for ([arr1 = 0, arr1 < array_count1, (arr1++)]): 61

2022-07-06 11:22:09 - [TEST_STEP][PASSED] - verifyMatch(actual_status_sol, expected_status_sol, false): Actual text 'partial-delivery' and expected text 'partial-delivery' are matched 

2022-07-06 11:22:09 - [MESSAGE][PASSED] - Actual text 'partial-delivery' and expected text 'partial-delivery' are matched 

2022-07-06 11:22:09 - [TEST_STEP][PASSED] - comment(actual_status_sol): partial-delivery

2022-07-06 11:22:09 - [MESSAGE][INFO] - partial-delivery

2022-07-06 11:22:09 - [TEST_STEP][PASSED] - comment(expected_status_sol): partial-delivery

2022-07-06 11:22:09 - [MESSAGE][INFO] - partial-delivery

2022-07-06 11:22:09 - [TEST_STEP][PASSED] - verifyMatch(actual_outstanding_delivery, expected_outstandingDelivery, false): Actual text '61' and expected text '61' are matched 

2022-07-06 11:22:09 - [MESSAGE][PASSED] - Actual text '61' and expected text '61' are matched 

2022-07-06 11:22:09 - [TEST_STEP][PASSED] - comment(actual_outstanding_delivery): 61

2022-07-06 11:22:09 - [MESSAGE][INFO] - 61

2022-07-06 11:22:09 - [TEST_STEP][PASSED] - comment(expected_outstandingDelivery): 61

2022-07-06 11:22:09 - [MESSAGE][INFO] - 61

2022-07-06 11:22:09 - [TEST_STEP][PASSED] - verifyMatch(actual_status_sol, expected_status_sol, false): Actual text 'partial-delivery' and expected text 'partial-delivery' are matched 

2022-07-06 11:22:09 - [MESSAGE][PASSED] - Actual text 'partial-delivery' and expected text 'partial-delivery' are matched 

2022-07-06 11:22:09 - [TEST_STEP][PASSED] - comment(actual_status_sol): partial-delivery

2022-07-06 11:22:09 - [MESSAGE][INFO] - partial-delivery

2022-07-06 11:22:09 - [TEST_STEP][PASSED] - comment(expected_status_sol): partial-delivery

2022-07-06 11:22:09 - [MESSAGE][INFO] - partial-delivery

2022-07-06 11:22:09 - [TEST_STEP][PASSED] - verifyMatch(actual_outstanding_delivery, expected_outstandingDelivery, false): Actual text '61' and expected text '61' are matched 

2022-07-06 11:22:09 - [MESSAGE][PASSED] - Actual text '61' and expected text '61' are matched 

2022-07-06 11:22:09 - [TEST_STEP][PASSED] - comment(actual_outstanding_delivery): 61

2022-07-06 11:22:09 - [MESSAGE][INFO] - 61

2022-07-06 11:22:09 - [TEST_STEP][PASSED] - comment(expected_outstandingDelivery): 61

2022-07-06 11:22:09 - [MESSAGE][INFO] - 61

2022-07-06 11:22:09 - [TEST_STEP][PASSED] - click(findTestObject("Page_SKT ERP  ERP/Tab Freight/Tab Freight")): Object: 'Object Repository/Page_SKT ERP  ERP/Tab Freight/Tab Freight' is clicked on

2022-07-06 11:22:10 - [MESSAGE][PASSED] - Object: 'Object Repository/Page_SKT ERP  ERP/Tab Freight/Tab Freight' is clicked on

2022-07-06 11:22:10 - [TEST_STEP][PASSED] - click(findTestObject("Page_SKT ERP  ERP/Tab Freight/Tab Surat Jalan Delivery Order/Tab Surat Jalan Delivery Order")): Object: 'Object Repository/Page_SKT ERP  ERP/Tab Freight/Tab Surat Jalan Delivery Order/Tab Surat Jalan Delivery Order' is clicked on

2022-07-06 11:22:10 - [MESSAGE][PASSED] - Object: 'Object Repository/Page_SKT ERP  ERP/Tab Freight/Tab Surat Jalan Delivery Order/Tab Surat Jalan Delivery Order' is clicked on

2022-07-06 11:22:10 - [TEST_STEP][PASSED] - click(findTestObject("Page_SKT ERP  ERP/Tab Freight/Tab Surat Jalan Delivery Order/Filters")): Object: 'Object Repository/Page_SKT ERP  ERP/Tab Freight/Tab Surat Jalan Delivery Order/Filters' is clicked on

2022-07-06 11:22:13 - [MESSAGE][PASSED] - Object: 'Object Repository/Page_SKT ERP  ERP/Tab Freight/Tab Surat Jalan Delivery Order/Filters' is clicked on

2022-07-06 11:22:13 - [TEST_STEP][PASSED] - click(findTestObject("Page_SKT ERP  ERP/Tab Freight/Tab Surat Jalan Delivery Order/Filters by No SPK Set")): Object: 'Object Repository/Page_SKT ERP  ERP/Tab Freight/Tab Surat Jalan Delivery Order/Filters by No SPK Set' is clicked on

2022-07-06 11:22:13 - [MESSAGE][PASSED] - Object: 'Object Repository/Page_SKT ERP  ERP/Tab Freight/Tab Surat Jalan Delivery Order/Filters by No SPK Set' is clicked on

2022-07-06 11:22:13 - [TEST_STEP][PASSED] - setText(findTestObject("Page_SKT ERP  ERP/Tab Freight/Tab Surat Jalan Delivery Order/Filters by No SPK Set"), noSPKSet): Text '22013628' is set on object 'Object Repository/Page_SKT ERP  ERP/Tab Freight/Tab Surat Jalan Delivery Order/Filters by No SPK Set'

2022-07-06 11:22:14 - [MESSAGE][PASSED] - Text '22013628' is set on object 'Object Repository/Page_SKT ERP  ERP/Tab Freight/Tab Surat Jalan Delivery Order/Filters by No SPK Set'

2022-07-06 11:22:14 - [TEST_STEP][PASSED] - click(findTestObject("Page_SKT ERP  ERP/Tab Freight/Tab Surat Jalan Delivery Order/Search (Filters)")): Object: 'Object Repository/Page_SKT ERP  ERP/Tab Freight/Tab Surat Jalan Delivery Order/Search (Filters)' is clicked on

2022-07-06 11:22:15 - [MESSAGE][PASSED] - Object: 'Object Repository/Page_SKT ERP  ERP/Tab Freight/Tab Surat Jalan Delivery Order/Search (Filters)' is clicked on

2022-07-06 11:22:15 - [TEST_STEP][PASSED] - noSJR = getText(findTestObject("Page_SKT ERP  ERP/Tab Freight/Tab Surat Jalan Delivery Order/No SJ")): Text of object 'Object Repository/Page_SKT ERP  ERP/Tab Freight/Tab Surat Jalan Delivery Order/No SJ' is: '2207.0008.SJR'

2022-07-06 11:22:16 - [MESSAGE][PASSED] - Text of object 'Object Repository/Page_SKT ERP  ERP/Tab Freight/Tab Surat Jalan Delivery Order/No SJ' is: '2207.0008.SJR'

2022-07-06 11:22:16 - [TEST_STEP][PASSED] - comment(noSJR): 2207.0008.SJR

2022-07-06 11:22:16 - [MESSAGE][INFO] - 2207.0008.SJR

2022-07-06 11:22:16 - [TEST_STEP][PASSED] - click(findTestObject("Page_SKT ERP  ERP/Tab Sales/Tab Sales")): Object: 'Object Repository/Page_SKT ERP  ERP/Tab Sales/Tab Sales' is clicked on

2022-07-06 11:22:16 - [MESSAGE][PASSED] - Object: 'Object Repository/Page_SKT ERP  ERP/Tab Sales/Tab Sales' is clicked on

2022-07-06 11:22:16 - [TEST_STEP][PASSED] - scrollToElement(findTestObject("Page_SKT ERP  ERP/Tab Sales/Tab Nota Penjualan/Tab Nota Penjualan"), 30): Scroll to object 'Object Repository/Page_SKT ERP  ERP/Tab Sales/Tab Nota Penjualan/Tab Nota Penjualan' successfully

2022-07-06 11:22:17 - [MESSAGE][PASSED] - Scroll to object 'Object Repository/Page_SKT ERP  ERP/Tab Sales/Tab Nota Penjualan/Tab Nota Penjualan' successfully

2022-07-06 11:22:17 - [TEST_STEP][PASSED] - click(findTestObject("Page_SKT ERP  ERP/Tab Sales/Tab Nota Retur Penjualan/Tab Retur")): Object: 'Object Repository/Page_SKT ERP  ERP/Tab Sales/Tab Nota Retur Penjualan/Tab Retur' is clicked on

2022-07-06 11:22:17 - [MESSAGE][PASSED] - Object: 'Object Repository/Page_SKT ERP  ERP/Tab Sales/Tab Nota Retur Penjualan/Tab Retur' is clicked on

2022-07-06 11:22:17 - [TEST_STEP][PASSED] - click(findTestObject("Page_SKT ERP  ERP/Tab Sales/Tab Nota Retur Penjualan/Tab Nota Retur Penjualan")): Object: 'Object Repository/Page_SKT ERP  ERP/Tab Sales/Tab Nota Retur Penjualan/Tab Nota Retur Penjualan' is clicked on

2022-07-06 11:22:18 - [MESSAGE][PASSED] - Object: 'Object Repository/Page_SKT ERP  ERP/Tab Sales/Tab Nota Retur Penjualan/Tab Nota Retur Penjualan' is clicked on

2022-07-06 11:22:18 - [TEST_STEP][PASSED] - verifyTextPresent(noSJR, false): Text '2207.0008.SJR' is present on page 

2022-07-06 11:22:20 - [MESSAGE][PASSED] - Text '2207.0008.SJR' is present on page 

2022-07-06 11:22:20 - [TEST_STEP][PASSED] - click(findTestObject("Page_SKT ERP  ERP/Tab Warehouse/Tab Warehouse")): Object: 'Object Repository/Page_SKT ERP  ERP/Tab Warehouse/Tab Warehouse' is clicked on

2022-07-06 11:22:20 - [MESSAGE][PASSED] - Object: 'Object Repository/Page_SKT ERP  ERP/Tab Warehouse/Tab Warehouse' is clicked on

2022-07-06 11:22:20 - [TEST_STEP][PASSED] - click(findTestObject("Page_SKT ERP  ERP/Tab Warehouse/Tab Stock Balance/Tab Stock Balance")): Object: 'Object Repository/Page_SKT ERP  ERP/Tab Warehouse/Tab Stock Balance/Tab Stock Balance' is clicked on

2022-07-06 11:22:21 - [MESSAGE][PASSED] - Object: 'Object Repository/Page_SKT ERP  ERP/Tab Warehouse/Tab Stock Balance/Tab Stock Balance' is clicked on

2022-07-06 11:22:21 - [TEST_STEP][PASSED] - click(findTestObject("Page_SKT ERP  ERP/Tab Warehouse/Tab Stock Balance/Tab Finished Good")): Object: 'Object Repository/Page_SKT ERP  ERP/Tab Warehouse/Tab Stock Balance/Tab Finished Good' is clicked on

2022-07-06 11:22:22 - [MESSAGE][PASSED] - Object: 'Object Repository/Page_SKT ERP  ERP/Tab Warehouse/Tab Stock Balance/Tab Finished Good' is clicked on

2022-07-06 11:22:22 - [TEST_STEP][PASSED] - click(findTestObject("Page_SKT ERP  ERP/Tab Warehouse/Tab Stock Balance/Filters")): Object: 'Object Repository/Page_SKT ERP  ERP/Tab Warehouse/Tab Stock Balance/Filters' is clicked on

2022-07-06 11:22:23 - [MESSAGE][PASSED] - Object: 'Object Repository/Page_SKT ERP  ERP/Tab Warehouse/Tab Stock Balance/Filters' is clicked on

2022-07-06 11:22:23 - [TEST_STEP][PASSED] - click(findTestObject("Page_SKT ERP  ERP/Tab Warehouse/Tab Stock Balance/Filters by SKU")): Object: 'Object Repository/Page_SKT ERP  ERP/Tab Warehouse/Tab Stock Balance/Filters by SKU' is clicked on

2022-07-06 11:22:24 - [MESSAGE][PASSED] - Object: 'Object Repository/Page_SKT ERP  ERP/Tab Warehouse/Tab Stock Balance/Filters by SKU' is clicked on

2022-07-06 11:22:24 - [TEST_STEP][PASSED] - setText(findTestObject("Page_SKT ERP  ERP/Tab Warehouse/Tab Stock Balance/Filters by SKU"), noSPKSet): Text '22013628' is set on object 'Object Repository/Page_SKT ERP  ERP/Tab Warehouse/Tab Stock Balance/Filters by SKU'

2022-07-06 11:22:25 - [MESSAGE][PASSED] - Text '22013628' is set on object 'Object Repository/Page_SKT ERP  ERP/Tab Warehouse/Tab Stock Balance/Filters by SKU'

2022-07-06 11:22:25 - [TEST_STEP][PASSED] - click(findTestObject("Page_SKT ERP  ERP/Tab Warehouse/Tab Stock Balance/Filters By Lot")): Object: 'Object Repository/Page_SKT ERP  ERP/Tab Warehouse/Tab Stock Balance/Filters By Lot' is clicked on

2022-07-06 11:22:25 - [MESSAGE][PASSED] - Object: 'Object Repository/Page_SKT ERP  ERP/Tab Warehouse/Tab Stock Balance/Filters By Lot' is clicked on

2022-07-06 11:22:25 - [TEST_STEP][PASSED] - click(findTestObject("Page_SKT ERP  ERP/Tab Warehouse/Tab Stock Balance/Filters by Lot (Retur Barang Jadi)")): Object: 'Object Repository/Page_SKT ERP  ERP/Tab Warehouse/Tab Stock Balance/Filters by Lot (Retur Barang Jadi)' is clicked on

2022-07-06 11:22:26 - [MESSAGE][PASSED] - Object: 'Object Repository/Page_SKT ERP  ERP/Tab Warehouse/Tab Stock Balance/Filters by Lot (Retur Barang Jadi)' is clicked on

2022-07-06 11:22:26 - [TEST_STEP][PASSED] - click(findTestObject("Page_SKT ERP  ERP/Tab Warehouse/Tab Stock Balance/button_Search")): Object: 'Object Repository/Page_SKT ERP  ERP/Tab Warehouse/Tab Stock Balance/button_Search' is clicked on

2022-07-06 11:22:26 - [MESSAGE][PASSED] - Object: 'Object Repository/Page_SKT ERP  ERP/Tab Warehouse/Tab Stock Balance/button_Search' is clicked on

2022-07-06 11:22:26 - [TEST_STEP][PASSED] - scrollToElement(findTestObject("Page_SKT ERP  ERP/Tab Warehouse/Tab Stock Balance/button_Search"), 30): Scroll to object 'Object Repository/Page_SKT ERP  ERP/Tab Warehouse/Tab Stock Balance/button_Search' successfully

2022-07-06 11:22:27 - [MESSAGE][PASSED] - Scroll to object 'Object Repository/Page_SKT ERP  ERP/Tab Warehouse/Tab Stock Balance/button_Search' successfully

2022-07-06 11:22:27 - [TEST_STEP][PASSED] - Expected_BalanceBox = expected_BalanceBox: null

2022-07-06 11:22:27 - [TEST_STEP][PASSED] - Expected_BalancePartisi1 = expected_BalancePartisi1: null

2022-07-06 11:22:27 - [TEST_STEP][PASSED] - Expected_BalancePartisi2 = expected_BalancePartisi2: null

2022-07-06 11:22:27 - [TEST_STEP][PASSED] - Actual_BalanceBox = getText(findTestObject("Page_SKT ERP  ERP/Tab Warehouse/Tab Stock Balance/Stock Balance Pair 0")): Text of object 'Object Repository/Page_SKT ERP  ERP/Tab Warehouse/Tab Stock Balance/Stock Balance Pair 0' is: '51'

2022-07-06 11:22:27 - [MESSAGE][PASSED] - Text of object 'Object Repository/Page_SKT ERP  ERP/Tab Warehouse/Tab Stock Balance/Stock Balance Pair 0' is: '51'

2022-07-06 11:22:27 - [TEST_STEP][PASSED] - comment(Actual_BalanceBox): 51

2022-07-06 11:22:27 - [MESSAGE][INFO] - 51

2022-07-06 11:22:27 - [TEST_STEP][PASSED] - verifyMatch(Actual_BalanceBox, Expected_BalanceBox, false): Actual text '51' and expected text '51' are matched 

2022-07-06 11:22:27 - [MESSAGE][PASSED] - Actual text '51' and expected text '51' are matched 

2022-07-06 11:22:27 - [TEST_STEP][PASSED] - Actual_BalancePartisi1 = getText(findTestObject("Page_SKT ERP  ERP/Tab Warehouse/Tab Stock Balance/Stock Balance Pair 1")): Text of object 'Object Repository/Page_SKT ERP  ERP/Tab Warehouse/Tab Stock Balance/Stock Balance Pair 1' is: '102'

2022-07-06 11:22:28 - [MESSAGE][PASSED] - Text of object 'Object Repository/Page_SKT ERP  ERP/Tab Warehouse/Tab Stock Balance/Stock Balance Pair 1' is: '102'

2022-07-06 11:22:28 - [TEST_STEP][PASSED] - comment(Actual_BalancePartisi1): 102

2022-07-06 11:22:28 - [MESSAGE][INFO] - 102

2022-07-06 11:22:28 - [TEST_STEP][PASSED] - verifyMatch(Actual_BalancePartisi1, Expected_BalancePartisi1, false): Actual text '102' and expected text '102' are matched 

2022-07-06 11:22:28 - [MESSAGE][PASSED] - Actual text '102' and expected text '102' are matched 

2022-07-06 11:22:28 - [TEST_STEP][PASSED] - Actual_BalancePartisi2 = getText(findTestObject("Page_SKT ERP  ERP/Tab Warehouse/Tab Stock Balance/Stock Balance Pair 2")): Text of object 'Object Repository/Page_SKT ERP  ERP/Tab Warehouse/Tab Stock Balance/Stock Balance Pair 2' is: '153'

2022-07-06 11:22:28 - [MESSAGE][PASSED] - Text of object 'Object Repository/Page_SKT ERP  ERP/Tab Warehouse/Tab Stock Balance/Stock Balance Pair 2' is: '153'

2022-07-06 11:22:28 - [TEST_STEP][PASSED] - comment(Actual_BalancePartisi2): 153

2022-07-06 11:22:28 - [MESSAGE][INFO] - 153

2022-07-06 11:22:28 - [TEST_STEP][PASSED] - verifyMatch(Actual_BalancePartisi2, Expected_BalancePartisi2, false): Actual text '153' and expected text '153' are matched 

2022-07-06 11:22:28 - [MESSAGE][PASSED] - Actual text '153' and expected text '153' are matched 

2022-07-06 11:22:28 - [TEST_STEP][PASSED] - closeBrowser(): Browser is closed

2022-07-06 11:22:29 - [MESSAGE][PASSED] - Browser is closed]]></system-out>
         <system-err><![CDATA[]]></system-err>
      </testcase>
      <system-out><![CDATA[2022-07-06 11:14:16 - [TEST_SUITE][FAILED] - Demo Juli 2022: Test Cases/SKT ERP/Production/2 - 2A_ Verify Calculated Values in Work Order (box partisi1 partisi2) FAILED.
Reason:
com.kms.katalon.core.exception.StepFailedException: Unable to verify match between actual text '4.63' and expected text '4.64' (Root cause: com.kms.katalon.core.exception.StepFailedException: Actual text '4.63' and expected text '4.64' are not matched
	at com.kms.katalon.core.keyword.builtin.VerifyMatchKeyword$_verifyMatch_closure1.doCall(VerifyMatchKeyword.groovy:57)
	at com.kms.katalon.core.keyword.builtin.VerifyMatchKeyword$_verifyMatch_closure1.call(VerifyMatchKeyword.groovy)
	at com.kms.katalon.core.keyword.internal.KeywordMain.runKeyword(KeywordMain.groovy:74)
	at com.kms.katalon.core.keyword.builtin.VerifyMatchKeyword.verifyMatch(VerifyMatchKeyword.groovy:60)
	at com.kms.katalon.core.keyword.builtin.VerifyMatchKeyword.execute(VerifyMatchKeyword.groovy:45)
	at com.kms.katalon.core.keyword.internal.KeywordExecutor.executeKeywordForPlatform(KeywordExecutor.groovy:74)
	at com.kms.katalon.core.keyword.BuiltinKeywords.verifyMatch(BuiltinKeywords.groovy:73)
	at 2 - 2A_ Verify Calculated Values in Work Order (box partisi1 partisi2).run(2 - 2A_ Verify Calculated Values in Work Order (box partisi1 partisi2):322)
	at com.kms.katalon.core.main.ScriptEngine.run(ScriptEngine.java:194)
	at com.kms.katalon.core.main.ScriptEngine.runScriptAsRawText(ScriptEngine.java:119)
	at com.kms.katalon.core.main.TestCaseExecutor.runScript(TestCaseExecutor.java:445)
	at com.kms.katalon.core.main.TestCaseExecutor.doExecute(TestCaseExecutor.java:436)
	at com.kms.katalon.core.main.TestCaseExecutor.processExecutionPhase(TestCaseExecutor.java:415)
	at com.kms.katalon.core.main.TestCaseExecutor.accessMainPhase(TestCaseExecutor.java:407)
	at com.kms.katalon.core.main.TestCaseExecutor.execute(TestCaseExecutor.java:284)
	at com.kms.katalon.core.common.CommonExecutor.accessTestCaseMainPhase(CommonExecutor.java:65)
	at com.kms.katalon.core.main.TestSuiteExecutor.accessTestSuiteMainPhase(TestSuiteExecutor.java:144)
	at com.kms.katalon.core.main.TestSuiteExecutor.execute(TestSuiteExecutor.java:106)
	at com.kms.katalon.core.main.TestCaseMain.startTestSuite(TestCaseMain.java:185)
	at com.kms.katalon.core.main.TestCaseMain$startTestSuite$0.call(Unknown Source)
	at TempTestSuite1657080848602.run(TempTestSuite1657080848602.groovy:36)
)
	at com.kms.katalon.core.keyword.internal.KeywordMain.stepFailed(KeywordMain.groovy:39)
	at com.kms.katalon.core.keyword.internal.KeywordMain.stepFailed(KeywordMain.groovy)
	at com.kms.katalon.core.keyword.internal.KeywordMain.runKeyword(KeywordMain.groovy:76)
	at com.kms.katalon.core.keyword.builtin.VerifyMatchKeyword.verifyMatch(VerifyMatchKeyword.groovy:60)
	at com.kms.katalon.core.keyword.builtin.VerifyMatchKeyword.execute(VerifyMatchKeyword.groovy:45)
	at com.kms.katalon.core.keyword.internal.KeywordExecutor.executeKeywordForPlatform(KeywordExecutor.groovy:74)
	at com.kms.katalon.core.keyword.BuiltinKeywords.verifyMatch(BuiltinKeywords.groovy:73)
	at 2 - 2A_ Verify Calculated Values in Work Order (box partisi1 partisi2).run(2 - 2A_ Verify Calculated Values in Work Order (box partisi1 partisi2):322)
	at com.kms.katalon.core.main.ScriptEngine.run(ScriptEngine.java:194)
	at com.kms.katalon.core.main.ScriptEngine.runScriptAsRawText(ScriptEngine.java:119)
	at com.kms.katalon.core.main.TestCaseExecutor.runScript(TestCaseExecutor.java:445)
	at com.kms.katalon.core.main.TestCaseExecutor.doExecute(TestCaseExecutor.java:436)
	at com.kms.katalon.core.main.TestCaseExecutor.processExecutionPhase(TestCaseExecutor.java:415)
	at com.kms.katalon.core.main.TestCaseExecutor.accessMainPhase(TestCaseExecutor.java:407)
	at com.kms.katalon.core.main.TestCaseExecutor.execute(TestCaseExecutor.java:284)
	at com.kms.katalon.core.common.CommonExecutor.accessTestCaseMainPhase(CommonExecutor.java:65)
	at com.kms.katalon.core.main.TestSuiteExecutor.accessTestSuiteMainPhase(TestSuiteExecutor.java:144)
	at com.kms.katalon.core.main.TestSuiteExecutor.execute(TestSuiteExecutor.java:106)
	at com.kms.katalon.core.main.TestCaseMain.startTestSuite(TestCaseMain.java:185)
	at com.kms.katalon.core.main.TestCaseMain$startTestSuite$0.call(Unknown Source)
	at TempTestSuite1657080848602.run(TempTestSuite1657080848602.groovy:36)
Caused by: com.kms.katalon.core.exception.StepFailedException: Actual text '4.63' and expected text '4.64' are not matched
	at com.kms.katalon.core.keyword.builtin.VerifyMatchKeyword$_verifyMatch_closure1.doCall(VerifyMatchKeyword.groovy:57)
	at com.kms.katalon.core.keyword.builtin.VerifyMatchKeyword$_verifyMatch_closure1.call(VerifyMatchKeyword.groovy)
	at com.kms.katalon.core.keyword.internal.KeywordMain.runKeyword(KeywordMain.groovy:74)
	... 18 more]]></system-out>
      <system-err><![CDATA[2022-07-06 11:14:16 - [TEST_SUITE][FAILED] - Demo Juli 2022: Test Cases/SKT ERP/Production/2 - 2A_ Verify Calculated Values in Work Order (box partisi1 partisi2) FAILED.
Reason:
com.kms.katalon.core.exception.StepFailedException: Unable to verify match between actual text '4.63' and expected text '4.64' (Root cause: com.kms.katalon.core.exception.StepFailedException: Actual text '4.63' and expected text '4.64' are not matched
	at com.kms.katalon.core.keyword.builtin.VerifyMatchKeyword$_verifyMatch_closure1.doCall(VerifyMatchKeyword.groovy:57)
	at com.kms.katalon.core.keyword.builtin.VerifyMatchKeyword$_verifyMatch_closure1.call(VerifyMatchKeyword.groovy)
	at com.kms.katalon.core.keyword.internal.KeywordMain.runKeyword(KeywordMain.groovy:74)
	at com.kms.katalon.core.keyword.builtin.VerifyMatchKeyword.verifyMatch(VerifyMatchKeyword.groovy:60)
	at com.kms.katalon.core.keyword.builtin.VerifyMatchKeyword.execute(VerifyMatchKeyword.groovy:45)
	at com.kms.katalon.core.keyword.internal.KeywordExecutor.executeKeywordForPlatform(KeywordExecutor.groovy:74)
	at com.kms.katalon.core.keyword.BuiltinKeywords.verifyMatch(BuiltinKeywords.groovy:73)
	at 2 - 2A_ Verify Calculated Values in Work Order (box partisi1 partisi2).run(2 - 2A_ Verify Calculated Values in Work Order (box partisi1 partisi2):322)
	at com.kms.katalon.core.main.ScriptEngine.run(ScriptEngine.java:194)
	at com.kms.katalon.core.main.ScriptEngine.runScriptAsRawText(ScriptEngine.java:119)
	at com.kms.katalon.core.main.TestCaseExecutor.runScript(TestCaseExecutor.java:445)
	at com.kms.katalon.core.main.TestCaseExecutor.doExecute(TestCaseExecutor.java:436)
	at com.kms.katalon.core.main.TestCaseExecutor.processExecutionPhase(TestCaseExecutor.java:415)
	at com.kms.katalon.core.main.TestCaseExecutor.accessMainPhase(TestCaseExecutor.java:407)
	at com.kms.katalon.core.main.TestCaseExecutor.execute(TestCaseExecutor.java:284)
	at com.kms.katalon.core.common.CommonExecutor.accessTestCaseMainPhase(CommonExecutor.java:65)
	at com.kms.katalon.core.main.TestSuiteExecutor.accessTestSuiteMainPhase(TestSuiteExecutor.java:144)
	at com.kms.katalon.core.main.TestSuiteExecutor.execute(TestSuiteExecutor.java:106)
	at com.kms.katalon.core.main.TestCaseMain.startTestSuite(TestCaseMain.java:185)
	at com.kms.katalon.core.main.TestCaseMain$startTestSuite$0.call(Unknown Source)
	at TempTestSuite1657080848602.run(TempTestSuite1657080848602.groovy:36)
)
	at com.kms.katalon.core.keyword.internal.KeywordMain.stepFailed(KeywordMain.groovy:39)
	at com.kms.katalon.core.keyword.internal.KeywordMain.stepFailed(KeywordMain.groovy)
	at com.kms.katalon.core.keyword.internal.KeywordMain.runKeyword(KeywordMain.groovy:76)
	at com.kms.katalon.core.keyword.builtin.VerifyMatchKeyword.verifyMatch(VerifyMatchKeyword.groovy:60)
	at com.kms.katalon.core.keyword.builtin.VerifyMatchKeyword.execute(VerifyMatchKeyword.groovy:45)
	at com.kms.katalon.core.keyword.internal.KeywordExecutor.executeKeywordForPlatform(KeywordExecutor.groovy:74)
	at com.kms.katalon.core.keyword.BuiltinKeywords.verifyMatch(BuiltinKeywords.groovy:73)
	at 2 - 2A_ Verify Calculated Values in Work Order (box partisi1 partisi2).run(2 - 2A_ Verify Calculated Values in Work Order (box partisi1 partisi2):322)
	at com.kms.katalon.core.main.ScriptEngine.run(ScriptEngine.java:194)
	at com.kms.katalon.core.main.ScriptEngine.runScriptAsRawText(ScriptEngine.java:119)
	at com.kms.katalon.core.main.TestCaseExecutor.runScript(TestCaseExecutor.java:445)
	at com.kms.katalon.core.main.TestCaseExecutor.doExecute(TestCaseExecutor.java:436)
	at com.kms.katalon.core.main.TestCaseExecutor.processExecutionPhase(TestCaseExecutor.java:415)
	at com.kms.katalon.core.main.TestCaseExecutor.accessMainPhase(TestCaseExecutor.java:407)
	at com.kms.katalon.core.main.TestCaseExecutor.execute(TestCaseExecutor.java:284)
	at com.kms.katalon.core.common.CommonExecutor.accessTestCaseMainPhase(CommonExecutor.java:65)
	at com.kms.katalon.core.main.TestSuiteExecutor.accessTestSuiteMainPhase(TestSuiteExecutor.java:144)
	at com.kms.katalon.core.main.TestSuiteExecutor.execute(TestSuiteExecutor.java:106)
	at com.kms.katalon.core.main.TestCaseMain.startTestSuite(TestCaseMain.java:185)
	at com.kms.katalon.core.main.TestCaseMain$startTestSuite$0.call(Unknown Source)
	at TempTestSuite1657080848602.run(TempTestSuite1657080848602.groovy:36)
Caused by: com.kms.katalon.core.exception.StepFailedException: Actual text '4.63' and expected text '4.64' are not matched
	at com.kms.katalon.core.keyword.builtin.VerifyMatchKeyword$_verifyMatch_closure1.doCall(VerifyMatchKeyword.groovy:57)
	at com.kms.katalon.core.keyword.builtin.VerifyMatchKeyword$_verifyMatch_closure1.call(VerifyMatchKeyword.groovy)
	at com.kms.katalon.core.keyword.internal.KeywordMain.runKeyword(KeywordMain.groovy:74)
	... 18 more]]></system-err>
   </testsuite>
</testsuites>
